ARM GAS  C:\Users\Susanna\AppData\Local\Temp\cckYCaUG.s 			page 1


   1              		.syntax unified
   2              		.cpu cortex-m3
   3              		.fpu softvfp
   4              		.eabi_attribute 20, 1
   5              		.eabi_attribute 21, 1
   6              		.eabi_attribute 23, 3
   7              		.eabi_attribute 24, 1
   8              		.eabi_attribute 25, 1
   9              		.eabi_attribute 26, 1
  10              		.eabi_attribute 30, 1
  11              		.eabi_attribute 34, 1
  12              		.eabi_attribute 18, 4
  13              		.thumb
  14              		.syntax unified
  15              		.file	"25LC256.c"
  16              		.text
  17              	.Ltext0:
  18              		.cfi_sections	.debug_frame
  19              		.section	.text.EEPROM_readStatus,"ax",%progbits
  20              		.align	2
  21              		.global	EEPROM_readStatus
  22              		.thumb
  23              		.thumb_func
  24              		.type	EEPROM_readStatus, %function
  25              	EEPROM_readStatus:
  26              	.LFB0:
  27              		.file 1 "25LC256.c"
   1:25LC256.c     **** /**
   2:25LC256.c     ****  * @file 25LC256.c
   3:25LC256.c     ****  * @brief Functions required to interface with the SPI EEPROM 25LC256.
   4:25LC256.c     ****  * 
   5:25LC256.c     ****  * This c file contains the API functions to interface
   6:25LC256.c     ****  * with the SPI EEPROM 25LC256.
   7:25LC256.c     ****  *
   8:25LC256.c     ****  * @author Mattia Pesenti
   9:25LC256.c     ****  * @date 24 March, 2020
  10:25LC256.c     **** */
  11:25LC256.c     **** 
  12:25LC256.c     **** #include "25LC256.h"
  13:25LC256.c     **** 
  14:25LC256.c     **** uint8_t eeprom_Status;
  15:25LC256.c     **** 
  16:25LC256.c     **** /** ====== Helper Functions ====== **/
  17:25LC256.c     **** 
  18:25LC256.c     **** uint8_t EEPROM_readStatus() {
  28              		.loc 1 18 0
  29              		.cfi_startproc
  30              		@ args = 0, pretend = 0, frame = 0
  31              		@ frame_needed = 0, uses_anonymous_args = 0
  32 0000 08B5     		push	{r3, lr}
  33              		.cfi_def_cfa_offset 8
  34              		.cfi_offset 3, -8
  35              		.cfi_offset 14, -4
  19:25LC256.c     ****     
  20:25LC256.c     **** 	return SPI_Interface_ReadByte(SPI_EEPROM_RDSR);
  36              		.loc 1 20 0
  37 0002 0520     		movs	r0, #5
ARM GAS  C:\Users\Susanna\AppData\Local\Temp\cckYCaUG.s 			page 2


  38 0004 FFF7FEFF 		bl	SPI_Interface_ReadByte
  39              	.LVL0:
  21:25LC256.c     ****     
  22:25LC256.c     **** }
  40              		.loc 1 22 0
  41 0008 08BD     		pop	{r3, pc}
  42              		.cfi_endproc
  43              	.LFE0:
  44              		.size	EEPROM_readStatus, .-EEPROM_readStatus
  45 000a 00BF     		.section	.text.EEPROM_writeEnable,"ax",%progbits
  46              		.align	2
  47              		.global	EEPROM_writeEnable
  48              		.thumb
  49              		.thumb_func
  50              		.type	EEPROM_writeEnable, %function
  51              	EEPROM_writeEnable:
  52              	.LFB1:
  23:25LC256.c     **** 
  24:25LC256.c     **** void EEPROM_writeEnable() {
  53              		.loc 1 24 0
  54              		.cfi_startproc
  55              		@ args = 0, pretend = 0, frame = 0
  56              		@ frame_needed = 0, uses_anonymous_args = 0
  57 0000 08B5     		push	{r3, lr}
  58              		.cfi_def_cfa_offset 8
  59              		.cfi_offset 3, -8
  60              		.cfi_offset 14, -4
  25:25LC256.c     ****     
  26:25LC256.c     **** 	/* Send 1-byte Instruction */
  27:25LC256.c     **** 	SPI_Interface_tradeByte(SPI_EEPROM_WREN);
  61              		.loc 1 27 0
  62 0002 0620     		movs	r0, #6
  63 0004 FFF7FEFF 		bl	SPI_Interface_tradeByte
  64              	.LVL1:
  65 0008 08BD     		pop	{r3, pc}
  66              		.cfi_endproc
  67              	.LFE1:
  68              		.size	EEPROM_writeEnable, .-EEPROM_writeEnable
  69 000a 00BF     		.section	.text.EEPROM_readByte,"ax",%progbits
  70              		.align	2
  71              		.global	EEPROM_readByte
  72              		.thumb
  73              		.thumb_func
  74              		.type	EEPROM_readByte, %function
  75              	EEPROM_readByte:
  76              	.LFB2:
  28:25LC256.c     ****     
  29:25LC256.c     **** }
  30:25LC256.c     **** 
  31:25LC256.c     **** /** ====== User-level Functions ====== **/
  32:25LC256.c     **** 
  33:25LC256.c     **** uint8_t EEPROM_readByte(uint16_t addr) {
  77              		.loc 1 33 0
  78              		.cfi_startproc
  79              		@ args = 0, pretend = 0, frame = 8
  80              		@ frame_needed = 0, uses_anonymous_args = 0
  81              	.LVL2:
ARM GAS  C:\Users\Susanna\AppData\Local\Temp\cckYCaUG.s 			page 3


  82 0000 00B5     		push	{lr}
  83              		.cfi_def_cfa_offset 4
  84              		.cfi_offset 14, -4
  85 0002 83B0     		sub	sp, sp, #12
  86              		.cfi_def_cfa_offset 16
  34:25LC256.c     **** 
  35:25LC256.c     **** 	/* Prepare the TX data packet: instruction + address */
  36:25LC256.c     **** 	uint8_t dataTX[3] = {SPI_EEPROM_READ, ((addr & 0xFF00) >> 8), (addr & 0x00FF)};
  87              		.loc 1 36 0
  88 0004 0321     		movs	r1, #3
  89 0006 8DF80410 		strb	r1, [sp, #4]
  90 000a 030A     		lsrs	r3, r0, #8
  91 000c 8DF80530 		strb	r3, [sp, #5]
  92 0010 8DF80600 		strb	r0, [sp, #6]
  37:25LC256.c     **** 	
  38:25LC256.c     **** 	/* Prepare the RX byte */
  39:25LC256.c     **** 	uint8_t dataRX;
  40:25LC256.c     **** 	
  41:25LC256.c     **** 	/* Read 1 byte from addr */
  42:25LC256.c     ****     SPI_Interface_Multi_RW(dataTX,3, &dataRX,1);
  93              		.loc 1 42 0
  94 0014 0123     		movs	r3, #1
  95 0016 0DEB0102 		add	r2, sp, r1
  96 001a 01A8     		add	r0, sp, #4
  97              	.LVL3:
  98 001c FFF7FEFF 		bl	SPI_Interface_Multi_RW
  99              	.LVL4:
  43:25LC256.c     **** 	
  44:25LC256.c     **** 	return dataRX;   
  45:25LC256.c     **** }
 100              		.loc 1 45 0
 101 0020 9DF80300 		ldrb	r0, [sp, #3]	@ zero_extendqisi2
 102 0024 03B0     		add	sp, sp, #12
 103              		.cfi_def_cfa_offset 4
 104              		@ sp needed
 105 0026 5DF804FB 		ldr	pc, [sp], #4
 106              		.cfi_endproc
 107              	.LFE2:
 108              		.size	EEPROM_readByte, .-EEPROM_readByte
 109 002a 00BF     		.section	.text.EEPROM_writeByte,"ax",%progbits
 110              		.align	2
 111              		.global	EEPROM_writeByte
 112              		.thumb
 113              		.thumb_func
 114              		.type	EEPROM_writeByte, %function
 115              	EEPROM_writeByte:
 116              	.LFB3:
  46:25LC256.c     **** 
  47:25LC256.c     **** void EEPROM_writeByte(uint16_t addr, uint8_t dataByte) {
 117              		.loc 1 47 0
 118              		.cfi_startproc
 119              		@ args = 0, pretend = 0, frame = 8
 120              		@ frame_needed = 0, uses_anonymous_args = 0
 121              	.LVL5:
 122 0000 30B5     		push	{r4, r5, lr}
 123              		.cfi_def_cfa_offset 12
 124              		.cfi_offset 4, -12
ARM GAS  C:\Users\Susanna\AppData\Local\Temp\cckYCaUG.s 			page 4


 125              		.cfi_offset 5, -8
 126              		.cfi_offset 14, -4
 127 0002 83B0     		sub	sp, sp, #12
 128              		.cfi_def_cfa_offset 24
 129 0004 0446     		mov	r4, r0
 130 0006 0D46     		mov	r5, r1
  48:25LC256.c     ****     
  49:25LC256.c     ****     /* Enable WRITE operations */
  50:25LC256.c     ****     EEPROM_writeEnable();
 131              		.loc 1 50 0
 132 0008 FFF7FEFF 		bl	EEPROM_writeEnable
 133              	.LVL6:
  51:25LC256.c     **** 	
  52:25LC256.c     **** 	/* Prepare the TX packet */
  53:25LC256.c     ****     uint8_t dataTX[4] = {SPI_EEPROM_WRITE, ((addr & 0xFF00) >> 8), (addr & 0x00FF), dataByte};
 134              		.loc 1 53 0
 135 000c 0223     		movs	r3, #2
 136 000e 8DF80430 		strb	r3, [sp, #4]
 137 0012 230A     		lsrs	r3, r4, #8
 138 0014 8DF80530 		strb	r3, [sp, #5]
 139 0018 8DF80640 		strb	r4, [sp, #6]
 140 001c 8DF80750 		strb	r5, [sp, #7]
  54:25LC256.c     **** 	/* Nothing to RX... */
  55:25LC256.c     **** 	uint8_t temp = 0;
 141              		.loc 1 55 0
 142 0020 0023     		movs	r3, #0
 143 0022 02AA     		add	r2, sp, #8
 144 0024 02F8053D 		strb	r3, [r2, #-5]!
  56:25LC256.c     **** 	
  57:25LC256.c     **** 	/* Write 1 byte to addr */
  58:25LC256.c     **** 	SPI_Interface_Multi_RW(dataTX, 4, &temp, 0);
 145              		.loc 1 58 0
 146 0028 0421     		movs	r1, #4
 147 002a 0DEB0100 		add	r0, sp, r1
 148 002e FFF7FEFF 		bl	SPI_Interface_Multi_RW
 149              	.LVL7:
  59:25LC256.c     **** 	    
  60:25LC256.c     **** }
 150              		.loc 1 60 0
 151 0032 03B0     		add	sp, sp, #12
 152              		.cfi_def_cfa_offset 12
 153              		@ sp needed
 154 0034 30BD     		pop	{r4, r5, pc}
 155              		.cfi_endproc
 156              	.LFE3:
 157              		.size	EEPROM_writeByte, .-EEPROM_writeByte
 158 0036 00BF     		.section	.text.EEPROM_readPage,"ax",%progbits
 159              		.align	2
 160              		.global	EEPROM_readPage
 161              		.thumb
 162              		.thumb_func
 163              		.type	EEPROM_readPage, %function
 164              	EEPROM_readPage:
 165              	.LFB4:
  61:25LC256.c     **** 
  62:25LC256.c     **** void EEPROM_readPage(uint16_t addr, uint8_t* dataRX, uint8_t nBytes) {
 166              		.loc 1 62 0
ARM GAS  C:\Users\Susanna\AppData\Local\Temp\cckYCaUG.s 			page 5


 167              		.cfi_startproc
 168              		@ args = 0, pretend = 0, frame = 8
 169              		@ frame_needed = 0, uses_anonymous_args = 0
 170              	.LVL8:
 171 0000 10B5     		push	{r4, lr}
 172              		.cfi_def_cfa_offset 8
 173              		.cfi_offset 4, -8
 174              		.cfi_offset 14, -4
 175 0002 82B0     		sub	sp, sp, #8
 176              		.cfi_def_cfa_offset 16
  63:25LC256.c     ****     
  64:25LC256.c     **** 	/* Prepare the TX data packet: instruction + address */
  65:25LC256.c     **** 	uint8_t dataTX[3] = {SPI_EEPROM_READ, ((addr & 0xFF00) >> 8), (addr & 0x00FF)};
 177              		.loc 1 65 0
 178 0004 0324     		movs	r4, #3
 179 0006 8DF80440 		strb	r4, [sp, #4]
 180 000a 030A     		lsrs	r3, r0, #8
 181 000c 8DF80530 		strb	r3, [sp, #5]
 182 0010 8DF80600 		strb	r0, [sp, #6]
  66:25LC256.c     **** 	
  67:25LC256.c     **** 	/* Read the nBytes */
  68:25LC256.c     **** 	SPI_Interface_Multi_RW(dataTX, 3, dataRX, nBytes);
 183              		.loc 1 68 0
 184 0014 1346     		mov	r3, r2
 185 0016 0A46     		mov	r2, r1
 186              	.LVL9:
 187 0018 2146     		mov	r1, r4
 188              	.LVL10:
 189 001a 01A8     		add	r0, sp, #4
 190              	.LVL11:
 191 001c FFF7FEFF 		bl	SPI_Interface_Multi_RW
 192              	.LVL12:
  69:25LC256.c     **** 		
  70:25LC256.c     **** }
 193              		.loc 1 70 0
 194 0020 02B0     		add	sp, sp, #8
 195              		.cfi_def_cfa_offset 8
 196              		@ sp needed
 197 0022 10BD     		pop	{r4, pc}
 198              		.cfi_endproc
 199              	.LFE4:
 200              		.size	EEPROM_readPage, .-EEPROM_readPage
 201              		.section	.text.EEPROM_writePage,"ax",%progbits
 202              		.align	2
 203              		.global	EEPROM_writePage
 204              		.thumb
 205              		.thumb_func
 206              		.type	EEPROM_writePage, %function
 207              	EEPROM_writePage:
 208              	.LFB5:
  71:25LC256.c     **** 
  72:25LC256.c     **** void EEPROM_writePage(uint16_t addr, uint8_t* data, uint8_t nBytes) {
 209              		.loc 1 72 0
 210              		.cfi_startproc
 211              		@ args = 0, pretend = 0, frame = 8
 212              		@ frame_needed = 1, uses_anonymous_args = 0
 213              	.LVL13:
ARM GAS  C:\Users\Susanna\AppData\Local\Temp\cckYCaUG.s 			page 6


 214 0000 2DE9F041 		push	{r4, r5, r6, r7, r8, lr}
 215              		.cfi_def_cfa_offset 24
 216              		.cfi_offset 4, -24
 217              		.cfi_offset 5, -20
 218              		.cfi_offset 6, -16
 219              		.cfi_offset 7, -12
 220              		.cfi_offset 8, -8
 221              		.cfi_offset 14, -4
 222 0004 82B0     		sub	sp, sp, #8
 223              		.cfi_def_cfa_offset 32
 224 0006 00AF     		add	r7, sp, #0
 225              		.cfi_def_cfa_register 7
 226 0008 0546     		mov	r5, r0
 227 000a 8846     		mov	r8, r1
 228 000c 1446     		mov	r4, r2
  73:25LC256.c     **** 	    
  74:25LC256.c     ****     /* Enable WRITE operations */
  75:25LC256.c     ****     EEPROM_writeEnable();
 229              		.loc 1 75 0
 230 000e FFF7FEFF 		bl	EEPROM_writeEnable
 231              	.LVL14:
  76:25LC256.c     **** 	
  77:25LC256.c     ****     CyDelayUs(1);
 232              		.loc 1 77 0
 233 0012 0120     		movs	r0, #1
 234 0014 FFF7FEFF 		bl	CyDelayUs
 235              	.LVL15:
  78:25LC256.c     ****     
  79:25LC256.c     **** 	/* Prepare the TX packet of size nBytes+3 
  80:25LC256.c     ****        [ Write Instruction - Address MSB - Address LSB - +++data+++ ]
  81:25LC256.c     ****     */
  82:25LC256.c     **** 	uint8_t dataTX[3+nBytes];
 236              		.loc 1 82 0
 237 0018 E61C     		adds	r6, r4, #3
 238              	.LVL16:
 239 001a 04F10A03 		add	r3, r4, #10
 240 001e 23F00703 		bic	r3, r3, #7
 241 0022 ADEB030D 		sub	sp, sp, r3
 242              	.LVL17:
  83:25LC256.c     ****     dataTX[0] = SPI_EEPROM_WRITE;
 243              		.loc 1 83 0
 244 0026 0223     		movs	r3, #2
 245 0028 8DF80030 		strb	r3, [sp]
  84:25LC256.c     ****     dataTX[1] = (addr & 0xFF00) >> 8;
 246              		.loc 1 84 0
 247 002c 2B0A     		lsrs	r3, r5, #8
 248 002e 8DF80130 		strb	r3, [sp, #1]
  85:25LC256.c     ****     dataTX[2] = addr & 0x00FF;
 249              		.loc 1 85 0
 250 0032 8DF80250 		strb	r5, [sp, #2]
  86:25LC256.c     ****     /* Copy the input data in the memory */
  87:25LC256.c     **** 	memcpy(&dataTX[3], data, nBytes);
 251              		.loc 1 87 0
 252 0036 2246     		mov	r2, r4
 253 0038 4146     		mov	r1, r8
 254 003a 0DF10300 		add	r0, sp, #3
 255 003e FFF7FEFF 		bl	memcpy
ARM GAS  C:\Users\Susanna\AppData\Local\Temp\cckYCaUG.s 			page 7


 256              	.LVL18:
  88:25LC256.c     **** 	
  89:25LC256.c     **** 	/* Nothing to RX: point to a dummy variable */
  90:25LC256.c     **** 	uint8_t temp = 0;
 257              		.loc 1 90 0
 258 0042 0023     		movs	r3, #0
 259 0044 07F10802 		add	r2, r7, #8
 260 0048 02F8013D 		strb	r3, [r2, #-1]!
  91:25LC256.c     **** 	
  92:25LC256.c     **** 	SPI_Interface_Multi_RW(dataTX, 3+nBytes, &temp, 0);
 261              		.loc 1 92 0
 262 004c F1B2     		uxtb	r1, r6
 263 004e 6846     		mov	r0, sp
 264 0050 FFF7FEFF 		bl	SPI_Interface_Multi_RW
 265              	.LVL19:
  93:25LC256.c     **** }
 266              		.loc 1 93 0
 267 0054 0837     		adds	r7, r7, #8
 268              		.cfi_def_cfa_offset 24
 269 0056 BD46     		mov	sp, r7
 270              		.cfi_def_cfa_register 13
 271              	.LVL20:
 272              		@ sp needed
 273 0058 BDE8F081 		pop	{r4, r5, r6, r7, r8, pc}
 274              		.cfi_endproc
 275              	.LFE5:
 276              		.size	EEPROM_writePage, .-EEPROM_writePage
 277              		.section	.text.EEPROM_waitForWriteComplete,"ax",%progbits
 278              		.align	2
 279              		.global	EEPROM_waitForWriteComplete
 280              		.thumb
 281              		.thumb_func
 282              		.type	EEPROM_waitForWriteComplete, %function
 283              	EEPROM_waitForWriteComplete:
 284              	.LFB6:
  94:25LC256.c     **** 
  95:25LC256.c     **** void EEPROM_waitForWriteComplete() {
 285              		.loc 1 95 0
 286              		.cfi_startproc
 287              		@ args = 0, pretend = 0, frame = 0
 288              		@ frame_needed = 0, uses_anonymous_args = 0
 289 0000 08B5     		push	{r3, lr}
 290              		.cfi_def_cfa_offset 8
 291              		.cfi_offset 3, -8
 292              		.cfi_offset 14, -4
 293              	.L14:
  96:25LC256.c     ****     
  97:25LC256.c     ****     while( EEPROM_readStatus() & SPI_EEPROM_WRITE_IN_PROGRESS );
 294              		.loc 1 97 0 discriminator 1
 295 0002 FFF7FEFF 		bl	EEPROM_readStatus
 296              	.LVL21:
 297 0006 10F0010F 		tst	r0, #1
 298 000a FAD1     		bne	.L14
  98:25LC256.c     ****     
  99:25LC256.c     **** }
 299              		.loc 1 99 0
 300 000c 08BD     		pop	{r3, pc}
ARM GAS  C:\Users\Susanna\AppData\Local\Temp\cckYCaUG.s 			page 8


 301              		.cfi_endproc
 302              	.LFE6:
 303              		.size	EEPROM_waitForWriteComplete, .-EEPROM_waitForWriteComplete
 304              		.comm	eeprom_Status,1,1
 305 000e 00BF     		.text
 306              	.Letext0:
 307              		.file 2 "c:\\program files (x86)\\cypress\\psoc creator\\4.3\\psoc creator\\import\\gnu\\arm\\5.4.
 308              		.file 3 "c:\\program files (x86)\\cypress\\psoc creator\\4.3\\psoc creator\\import\\gnu\\arm\\5.4.
 309              		.file 4 "SPI_Interface.h"
 310              		.file 5 "Generated_Source\\PSoC5/CyLib.h"
 311              		.section	.debug_info,"",%progbits
 312              	.Ldebug_info0:
 313 0000 B0030000 		.4byte	0x3b0
 314 0004 0400     		.2byte	0x4
 315 0006 00000000 		.4byte	.Ldebug_abbrev0
 316 000a 04       		.byte	0x4
 317 000b 01       		.uleb128 0x1
 318 000c A7000000 		.4byte	.LASF36
 319 0010 0C       		.byte	0xc
 320 0011 61010000 		.4byte	.LASF37
 321 0015 BA010000 		.4byte	.LASF38
 322 0019 00000000 		.4byte	.Ldebug_ranges0+0
 323 001d 00000000 		.4byte	0
 324 0021 00000000 		.4byte	.Ldebug_line0
 325 0025 02       		.uleb128 0x2
 326 0026 01       		.byte	0x1
 327 0027 06       		.byte	0x6
 328 0028 C6020000 		.4byte	.LASF0
 329 002c 03       		.uleb128 0x3
 330 002d 11000000 		.4byte	.LASF3
 331 0031 02       		.byte	0x2
 332 0032 1D       		.byte	0x1d
 333 0033 37000000 		.4byte	0x37
 334 0037 02       		.uleb128 0x2
 335 0038 01       		.byte	0x1
 336 0039 08       		.byte	0x8
 337 003a 99000000 		.4byte	.LASF1
 338 003e 02       		.uleb128 0x2
 339 003f 02       		.byte	0x2
 340 0040 05       		.byte	0x5
 341 0041 88020000 		.4byte	.LASF2
 342 0045 03       		.uleb128 0x3
 343 0046 74010000 		.4byte	.LASF4
 344 004a 02       		.byte	0x2
 345 004b 2B       		.byte	0x2b
 346 004c 50000000 		.4byte	0x50
 347 0050 02       		.uleb128 0x2
 348 0051 02       		.byte	0x2
 349 0052 07       		.byte	0x7
 350 0053 28000000 		.4byte	.LASF5
 351 0057 02       		.uleb128 0x2
 352 0058 04       		.byte	0x4
 353 0059 05       		.byte	0x5
 354 005a AC020000 		.4byte	.LASF6
 355 005e 02       		.uleb128 0x2
 356 005f 04       		.byte	0x4
 357 0060 07       		.byte	0x7
ARM GAS  C:\Users\Susanna\AppData\Local\Temp\cckYCaUG.s 			page 9


 358 0061 35010000 		.4byte	.LASF7
 359 0065 02       		.uleb128 0x2
 360 0066 08       		.byte	0x8
 361 0067 05       		.byte	0x5
 362 0068 73020000 		.4byte	.LASF8
 363 006c 02       		.uleb128 0x2
 364 006d 08       		.byte	0x8
 365 006e 07       		.byte	0x7
 366 006f 28020000 		.4byte	.LASF9
 367 0073 04       		.uleb128 0x4
 368 0074 04       		.byte	0x4
 369 0075 05       		.byte	0x5
 370 0076 696E7400 		.ascii	"int\000"
 371 007a 02       		.uleb128 0x2
 372 007b 04       		.byte	0x4
 373 007c 07       		.byte	0x7
 374 007d 3B000000 		.4byte	.LASF10
 375 0081 03       		.uleb128 0x3
 376 0082 3F020000 		.4byte	.LASF11
 377 0086 03       		.byte	0x3
 378 0087 18       		.byte	0x18
 379 0088 2C000000 		.4byte	0x2c
 380 008c 03       		.uleb128 0x3
 381 008d A3020000 		.4byte	.LASF12
 382 0091 03       		.byte	0x3
 383 0092 24       		.byte	0x24
 384 0093 45000000 		.4byte	0x45
 385 0097 02       		.uleb128 0x2
 386 0098 04       		.byte	0x4
 387 0099 04       		.byte	0x4
 388 009a 1B000000 		.4byte	.LASF13
 389 009e 02       		.uleb128 0x2
 390 009f 08       		.byte	0x8
 391 00a0 04       		.byte	0x4
 392 00a1 7F010000 		.4byte	.LASF14
 393 00a5 02       		.uleb128 0x2
 394 00a6 01       		.byte	0x1
 395 00a7 08       		.byte	0x8
 396 00a8 B5020000 		.4byte	.LASF15
 397 00ac 02       		.uleb128 0x2
 398 00ad 08       		.byte	0x8
 399 00ae 04       		.byte	0x4
 400 00af BA020000 		.4byte	.LASF16
 401 00b3 02       		.uleb128 0x2
 402 00b4 04       		.byte	0x4
 403 00b5 07       		.byte	0x7
 404 00b6 6A020000 		.4byte	.LASF17
 405 00ba 05       		.uleb128 0x5
 406 00bb A8010000 		.4byte	.LASF18
 407 00bf 01       		.byte	0x1
 408 00c0 12       		.byte	0x12
 409 00c1 81000000 		.4byte	0x81
 410 00c5 00000000 		.4byte	.LFB0
 411 00c9 0A000000 		.4byte	.LFE0-.LFB0
 412 00cd 01       		.uleb128 0x1
 413 00ce 9C       		.byte	0x9c
 414 00cf E3000000 		.4byte	0xe3
ARM GAS  C:\Users\Susanna\AppData\Local\Temp\cckYCaUG.s 			page 10


 415 00d3 06       		.uleb128 0x6
 416 00d4 08000000 		.4byte	.LVL0
 417 00d8 7E030000 		.4byte	0x37e
 418 00dc 07       		.uleb128 0x7
 419 00dd 01       		.uleb128 0x1
 420 00de 50       		.byte	0x50
 421 00df 01       		.uleb128 0x1
 422 00e0 35       		.byte	0x35
 423 00e1 00       		.byte	0
 424 00e2 00       		.byte	0
 425 00e3 08       		.uleb128 0x8
 426 00e4 D9020000 		.4byte	.LASF22
 427 00e8 01       		.byte	0x1
 428 00e9 18       		.byte	0x18
 429 00ea 00000000 		.4byte	.LFB1
 430 00ee 0A000000 		.4byte	.LFE1-.LFB1
 431 00f2 01       		.uleb128 0x1
 432 00f3 9C       		.byte	0x9c
 433 00f4 08010000 		.4byte	0x108
 434 00f8 06       		.uleb128 0x6
 435 00f9 08000000 		.4byte	.LVL1
 436 00fd 89030000 		.4byte	0x389
 437 0101 07       		.uleb128 0x7
 438 0102 01       		.uleb128 0x1
 439 0103 50       		.byte	0x50
 440 0104 01       		.uleb128 0x1
 441 0105 36       		.byte	0x36
 442 0106 00       		.byte	0
 443 0107 00       		.byte	0
 444 0108 05       		.uleb128 0x5
 445 0109 51010000 		.4byte	.LASF19
 446 010d 01       		.byte	0x1
 447 010e 21       		.byte	0x21
 448 010f 81000000 		.4byte	0x81
 449 0113 00000000 		.4byte	.LFB2
 450 0117 2A000000 		.4byte	.LFE2-.LFB2
 451 011b 01       		.uleb128 0x1
 452 011c 9C       		.byte	0x9c
 453 011d 6D010000 		.4byte	0x16d
 454 0121 09       		.uleb128 0x9
 455 0122 4C010000 		.4byte	.LASF24
 456 0126 01       		.byte	0x1
 457 0127 21       		.byte	0x21
 458 0128 8C000000 		.4byte	0x8c
 459 012c 00000000 		.4byte	.LLST0
 460 0130 0A       		.uleb128 0xa
 461 0131 D2020000 		.4byte	.LASF20
 462 0135 01       		.byte	0x1
 463 0136 24       		.byte	0x24
 464 0137 6D010000 		.4byte	0x16d
 465 013b 02       		.uleb128 0x2
 466 013c 91       		.byte	0x91
 467 013d 74       		.sleb128 -12
 468 013e 0A       		.uleb128 0xa
 469 013f 47020000 		.4byte	.LASF21
 470 0143 01       		.byte	0x1
 471 0144 27       		.byte	0x27
ARM GAS  C:\Users\Susanna\AppData\Local\Temp\cckYCaUG.s 			page 11


 472 0145 81000000 		.4byte	0x81
 473 0149 02       		.uleb128 0x2
 474 014a 91       		.byte	0x91
 475 014b 73       		.sleb128 -13
 476 014c 06       		.uleb128 0x6
 477 014d 20000000 		.4byte	.LVL4
 478 0151 94030000 		.4byte	0x394
 479 0155 07       		.uleb128 0x7
 480 0156 01       		.uleb128 0x1
 481 0157 50       		.byte	0x50
 482 0158 02       		.uleb128 0x2
 483 0159 91       		.byte	0x91
 484 015a 74       		.sleb128 -12
 485 015b 07       		.uleb128 0x7
 486 015c 01       		.uleb128 0x1
 487 015d 51       		.byte	0x51
 488 015e 01       		.uleb128 0x1
 489 015f 33       		.byte	0x33
 490 0160 07       		.uleb128 0x7
 491 0161 01       		.uleb128 0x1
 492 0162 52       		.byte	0x52
 493 0163 02       		.uleb128 0x2
 494 0164 91       		.byte	0x91
 495 0165 73       		.sleb128 -13
 496 0166 07       		.uleb128 0x7
 497 0167 01       		.uleb128 0x1
 498 0168 53       		.byte	0x53
 499 0169 01       		.uleb128 0x1
 500 016a 31       		.byte	0x31
 501 016b 00       		.byte	0
 502 016c 00       		.byte	0
 503 016d 0B       		.uleb128 0xb
 504 016e 81000000 		.4byte	0x81
 505 0172 7D010000 		.4byte	0x17d
 506 0176 0C       		.uleb128 0xc
 507 0177 B3000000 		.4byte	0xb3
 508 017b 02       		.byte	0x2
 509 017c 00       		.byte	0
 510 017d 08       		.uleb128 0x8
 511 017e 00000000 		.4byte	.LASF23
 512 0182 01       		.byte	0x1
 513 0183 2F       		.byte	0x2f
 514 0184 00000000 		.4byte	.LFB3
 515 0188 36000000 		.4byte	.LFE3-.LFB3
 516 018c 01       		.uleb128 0x1
 517 018d 9C       		.byte	0x9c
 518 018e F6010000 		.4byte	0x1f6
 519 0192 09       		.uleb128 0x9
 520 0193 4C010000 		.4byte	.LASF24
 521 0197 01       		.byte	0x1
 522 0198 2F       		.byte	0x2f
 523 0199 8C000000 		.4byte	0x8c
 524 019d 21000000 		.4byte	.LLST1
 525 01a1 09       		.uleb128 0x9
 526 01a2 6B010000 		.4byte	.LASF25
 527 01a6 01       		.byte	0x1
 528 01a7 2F       		.byte	0x2f
ARM GAS  C:\Users\Susanna\AppData\Local\Temp\cckYCaUG.s 			page 12


 529 01a8 81000000 		.4byte	0x81
 530 01ac 42000000 		.4byte	.LLST2
 531 01b0 0A       		.uleb128 0xa
 532 01b1 D2020000 		.4byte	.LASF20
 533 01b5 01       		.byte	0x1
 534 01b6 35       		.byte	0x35
 535 01b7 F6010000 		.4byte	0x1f6
 536 01bb 02       		.uleb128 0x2
 537 01bc 91       		.byte	0x91
 538 01bd 6C       		.sleb128 -20
 539 01be 0A       		.uleb128 0xa
 540 01bf 47010000 		.4byte	.LASF26
 541 01c3 01       		.byte	0x1
 542 01c4 37       		.byte	0x37
 543 01c5 81000000 		.4byte	0x81
 544 01c9 02       		.uleb128 0x2
 545 01ca 91       		.byte	0x91
 546 01cb 6B       		.sleb128 -21
 547 01cc 0D       		.uleb128 0xd
 548 01cd 0C000000 		.4byte	.LVL6
 549 01d1 E3000000 		.4byte	0xe3
 550 01d5 06       		.uleb128 0x6
 551 01d6 32000000 		.4byte	.LVL7
 552 01da 94030000 		.4byte	0x394
 553 01de 07       		.uleb128 0x7
 554 01df 01       		.uleb128 0x1
 555 01e0 50       		.byte	0x50
 556 01e1 02       		.uleb128 0x2
 557 01e2 91       		.byte	0x91
 558 01e3 6C       		.sleb128 -20
 559 01e4 07       		.uleb128 0x7
 560 01e5 01       		.uleb128 0x1
 561 01e6 51       		.byte	0x51
 562 01e7 01       		.uleb128 0x1
 563 01e8 34       		.byte	0x34
 564 01e9 07       		.uleb128 0x7
 565 01ea 01       		.uleb128 0x1
 566 01eb 52       		.byte	0x52
 567 01ec 02       		.uleb128 0x2
 568 01ed 91       		.byte	0x91
 569 01ee 6B       		.sleb128 -21
 570 01ef 07       		.uleb128 0x7
 571 01f0 01       		.uleb128 0x1
 572 01f1 53       		.byte	0x53
 573 01f2 01       		.uleb128 0x1
 574 01f3 30       		.byte	0x30
 575 01f4 00       		.byte	0
 576 01f5 00       		.byte	0
 577 01f6 0B       		.uleb128 0xb
 578 01f7 81000000 		.4byte	0x81
 579 01fb 06020000 		.4byte	0x206
 580 01ff 0C       		.uleb128 0xc
 581 0200 B3000000 		.4byte	0xb3
 582 0204 03       		.byte	0x3
 583 0205 00       		.byte	0
 584 0206 08       		.uleb128 0x8
 585 0207 5F000000 		.4byte	.LASF27
ARM GAS  C:\Users\Susanna\AppData\Local\Temp\cckYCaUG.s 			page 13


 586 020b 01       		.byte	0x1
 587 020c 3E       		.byte	0x3e
 588 020d 00000000 		.4byte	.LFB4
 589 0211 24000000 		.4byte	.LFE4-.LFB4
 590 0215 01       		.uleb128 0x1
 591 0216 9C       		.byte	0x9c
 592 0217 74020000 		.4byte	0x274
 593 021b 09       		.uleb128 0x9
 594 021c 4C010000 		.4byte	.LASF24
 595 0220 01       		.byte	0x1
 596 0221 3E       		.byte	0x3e
 597 0222 8C000000 		.4byte	0x8c
 598 0226 63000000 		.4byte	.LLST3
 599 022a 09       		.uleb128 0x9
 600 022b 47020000 		.4byte	.LASF21
 601 022f 01       		.byte	0x1
 602 0230 3E       		.byte	0x3e
 603 0231 74020000 		.4byte	0x274
 604 0235 84000000 		.4byte	.LLST4
 605 0239 09       		.uleb128 0x9
 606 023a 21000000 		.4byte	.LASF28
 607 023e 01       		.byte	0x1
 608 023f 3E       		.byte	0x3e
 609 0240 81000000 		.4byte	0x81
 610 0244 B0000000 		.4byte	.LLST5
 611 0248 0A       		.uleb128 0xa
 612 0249 D2020000 		.4byte	.LASF20
 613 024d 01       		.byte	0x1
 614 024e 41       		.byte	0x41
 615 024f 6D010000 		.4byte	0x16d
 616 0253 02       		.uleb128 0x2
 617 0254 91       		.byte	0x91
 618 0255 74       		.sleb128 -12
 619 0256 06       		.uleb128 0x6
 620 0257 20000000 		.4byte	.LVL12
 621 025b 94030000 		.4byte	0x394
 622 025f 07       		.uleb128 0x7
 623 0260 01       		.uleb128 0x1
 624 0261 50       		.byte	0x50
 625 0262 02       		.uleb128 0x2
 626 0263 91       		.byte	0x91
 627 0264 74       		.sleb128 -12
 628 0265 07       		.uleb128 0x7
 629 0266 01       		.uleb128 0x1
 630 0267 51       		.byte	0x51
 631 0268 02       		.uleb128 0x2
 632 0269 74       		.byte	0x74
 633 026a 00       		.sleb128 0
 634 026b 07       		.uleb128 0x7
 635 026c 01       		.uleb128 0x1
 636 026d 52       		.byte	0x52
 637 026e 03       		.uleb128 0x3
 638 026f F3       		.byte	0xf3
 639 0270 01       		.uleb128 0x1
 640 0271 51       		.byte	0x51
 641 0272 00       		.byte	0
 642 0273 00       		.byte	0
ARM GAS  C:\Users\Susanna\AppData\Local\Temp\cckYCaUG.s 			page 14


 643 0274 0E       		.uleb128 0xe
 644 0275 04       		.byte	0x4
 645 0276 81000000 		.4byte	0x81
 646 027a 08       		.uleb128 0x8
 647 027b 92020000 		.4byte	.LASF29
 648 027f 01       		.byte	0x1
 649 0280 48       		.byte	0x48
 650 0281 00000000 		.4byte	.LFB5
 651 0285 5C000000 		.4byte	.LFE5-.LFB5
 652 0289 01       		.uleb128 0x1
 653 028a 9C       		.byte	0x9c
 654 028b 37030000 		.4byte	0x337
 655 028f 09       		.uleb128 0x9
 656 0290 4C010000 		.4byte	.LASF24
 657 0294 01       		.byte	0x1
 658 0295 48       		.byte	0x48
 659 0296 8C000000 		.4byte	0x8c
 660 029a D1000000 		.4byte	.LLST6
 661 029e 09       		.uleb128 0x9
 662 029f 7D000000 		.4byte	.LASF30
 663 02a3 01       		.byte	0x1
 664 02a4 48       		.byte	0x48
 665 02a5 74020000 		.4byte	0x274
 666 02a9 F2000000 		.4byte	.LLST7
 667 02ad 09       		.uleb128 0x9
 668 02ae 21000000 		.4byte	.LASF28
 669 02b2 01       		.byte	0x1
 670 02b3 48       		.byte	0x48
 671 02b4 81000000 		.4byte	0x81
 672 02b8 10010000 		.4byte	.LLST8
 673 02bc 0F       		.uleb128 0xf
 674 02bd D2020000 		.4byte	.LASF20
 675 02c1 01       		.byte	0x1
 676 02c2 52       		.byte	0x52
 677 02c3 37030000 		.4byte	0x337
 678 02c7 31010000 		.4byte	.LLST9
 679 02cb 0A       		.uleb128 0xa
 680 02cc 47010000 		.4byte	.LASF26
 681 02d0 01       		.byte	0x1
 682 02d1 5A       		.byte	0x5a
 683 02d2 81000000 		.4byte	0x81
 684 02d6 02       		.uleb128 0x2
 685 02d7 91       		.byte	0x91
 686 02d8 67       		.sleb128 -25
 687 02d9 0D       		.uleb128 0xd
 688 02da 12000000 		.4byte	.LVL14
 689 02de E3000000 		.4byte	0xe3
 690 02e2 10       		.uleb128 0x10
 691 02e3 18000000 		.4byte	.LVL15
 692 02e7 9F030000 		.4byte	0x39f
 693 02eb F5020000 		.4byte	0x2f5
 694 02ef 07       		.uleb128 0x7
 695 02f0 01       		.uleb128 0x1
 696 02f1 50       		.byte	0x50
 697 02f2 01       		.uleb128 0x1
 698 02f3 31       		.byte	0x31
 699 02f4 00       		.byte	0
ARM GAS  C:\Users\Susanna\AppData\Local\Temp\cckYCaUG.s 			page 15


 700 02f5 10       		.uleb128 0x10
 701 02f6 42000000 		.4byte	.LVL18
 702 02fa AA030000 		.4byte	0x3aa
 703 02fe 15030000 		.4byte	0x315
 704 0302 07       		.uleb128 0x7
 705 0303 01       		.uleb128 0x1
 706 0304 50       		.byte	0x50
 707 0305 02       		.uleb128 0x2
 708 0306 7D       		.byte	0x7d
 709 0307 03       		.sleb128 3
 710 0308 07       		.uleb128 0x7
 711 0309 01       		.uleb128 0x1
 712 030a 51       		.byte	0x51
 713 030b 02       		.uleb128 0x2
 714 030c 78       		.byte	0x78
 715 030d 00       		.sleb128 0
 716 030e 07       		.uleb128 0x7
 717 030f 01       		.uleb128 0x1
 718 0310 52       		.byte	0x52
 719 0311 02       		.uleb128 0x2
 720 0312 74       		.byte	0x74
 721 0313 00       		.sleb128 0
 722 0314 00       		.byte	0
 723 0315 06       		.uleb128 0x6
 724 0316 54000000 		.4byte	.LVL19
 725 031a 94030000 		.4byte	0x394
 726 031e 07       		.uleb128 0x7
 727 031f 01       		.uleb128 0x1
 728 0320 50       		.byte	0x50
 729 0321 02       		.uleb128 0x2
 730 0322 7D       		.byte	0x7d
 731 0323 00       		.sleb128 0
 732 0324 07       		.uleb128 0x7
 733 0325 01       		.uleb128 0x1
 734 0326 51       		.byte	0x51
 735 0327 02       		.uleb128 0x2
 736 0328 76       		.byte	0x76
 737 0329 00       		.sleb128 0
 738 032a 07       		.uleb128 0x7
 739 032b 01       		.uleb128 0x1
 740 032c 52       		.byte	0x52
 741 032d 02       		.uleb128 0x2
 742 032e 77       		.byte	0x77
 743 032f 17       		.sleb128 23
 744 0330 07       		.uleb128 0x7
 745 0331 01       		.uleb128 0x1
 746 0332 53       		.byte	0x53
 747 0333 01       		.uleb128 0x1
 748 0334 30       		.byte	0x30
 749 0335 00       		.byte	0
 750 0336 00       		.byte	0
 751 0337 0B       		.uleb128 0xb
 752 0338 81000000 		.4byte	0x81
 753 033c 4E030000 		.4byte	0x34e
 754 0340 11       		.uleb128 0x11
 755 0341 B3000000 		.4byte	0xb3
 756 0345 07       		.uleb128 0x7
ARM GAS  C:\Users\Susanna\AppData\Local\Temp\cckYCaUG.s 			page 16


 757 0346 74       		.byte	0x74
 758 0347 00       		.sleb128 0
 759 0348 08       		.byte	0x8
 760 0349 FF       		.byte	0xff
 761 034a 1A       		.byte	0x1a
 762 034b 23       		.byte	0x23
 763 034c 02       		.uleb128 0x2
 764 034d 00       		.byte	0
 765 034e 08       		.uleb128 0x8
 766 034f 4E020000 		.4byte	.LASF31
 767 0353 01       		.byte	0x1
 768 0354 5F       		.byte	0x5f
 769 0355 00000000 		.4byte	.LFB6
 770 0359 0E000000 		.4byte	.LFE6-.LFB6
 771 035d 01       		.uleb128 0x1
 772 035e 9C       		.byte	0x9c
 773 035f 6D030000 		.4byte	0x36d
 774 0363 0D       		.uleb128 0xd
 775 0364 06000000 		.4byte	.LVL21
 776 0368 BA000000 		.4byte	0xba
 777 036c 00       		.byte	0
 778 036d 12       		.uleb128 0x12
 779 036e 6F000000 		.4byte	.LASF39
 780 0372 01       		.byte	0x1
 781 0373 0E       		.byte	0xe
 782 0374 81000000 		.4byte	0x81
 783 0378 05       		.uleb128 0x5
 784 0379 03       		.byte	0x3
 785 037a 00000000 		.4byte	eeprom_Status
 786 037e 13       		.uleb128 0x13
 787 037f 82000000 		.4byte	.LASF32
 788 0383 82000000 		.4byte	.LASF32
 789 0387 04       		.byte	0x4
 790 0388 3B       		.byte	0x3b
 791 0389 13       		.uleb128 0x13
 792 038a 86010000 		.4byte	.LASF33
 793 038e 86010000 		.4byte	.LASF33
 794 0392 04       		.byte	0x4
 795 0393 2B       		.byte	0x2b
 796 0394 13       		.uleb128 0x13
 797 0395 48000000 		.4byte	.LASF34
 798 0399 48000000 		.4byte	.LASF34
 799 039d 04       		.byte	0x4
 800 039e 57       		.byte	0x57
 801 039f 13       		.uleb128 0x13
 802 03a0 9E010000 		.4byte	.LASF35
 803 03a4 9E010000 		.4byte	.LASF35
 804 03a8 05       		.byte	0x5
 805 03a9 77       		.byte	0x77
 806 03aa 14       		.uleb128 0x14
 807 03ab 81020000 		.4byte	.LASF40
 808 03af 81020000 		.4byte	.LASF40
 809 03b3 00       		.byte	0
 810              		.section	.debug_abbrev,"",%progbits
 811              	.Ldebug_abbrev0:
 812 0000 01       		.uleb128 0x1
 813 0001 11       		.uleb128 0x11
ARM GAS  C:\Users\Susanna\AppData\Local\Temp\cckYCaUG.s 			page 17


 814 0002 01       		.byte	0x1
 815 0003 25       		.uleb128 0x25
 816 0004 0E       		.uleb128 0xe
 817 0005 13       		.uleb128 0x13
 818 0006 0B       		.uleb128 0xb
 819 0007 03       		.uleb128 0x3
 820 0008 0E       		.uleb128 0xe
 821 0009 1B       		.uleb128 0x1b
 822 000a 0E       		.uleb128 0xe
 823 000b 55       		.uleb128 0x55
 824 000c 17       		.uleb128 0x17
 825 000d 11       		.uleb128 0x11
 826 000e 01       		.uleb128 0x1
 827 000f 10       		.uleb128 0x10
 828 0010 17       		.uleb128 0x17
 829 0011 00       		.byte	0
 830 0012 00       		.byte	0
 831 0013 02       		.uleb128 0x2
 832 0014 24       		.uleb128 0x24
 833 0015 00       		.byte	0
 834 0016 0B       		.uleb128 0xb
 835 0017 0B       		.uleb128 0xb
 836 0018 3E       		.uleb128 0x3e
 837 0019 0B       		.uleb128 0xb
 838 001a 03       		.uleb128 0x3
 839 001b 0E       		.uleb128 0xe
 840 001c 00       		.byte	0
 841 001d 00       		.byte	0
 842 001e 03       		.uleb128 0x3
 843 001f 16       		.uleb128 0x16
 844 0020 00       		.byte	0
 845 0021 03       		.uleb128 0x3
 846 0022 0E       		.uleb128 0xe
 847 0023 3A       		.uleb128 0x3a
 848 0024 0B       		.uleb128 0xb
 849 0025 3B       		.uleb128 0x3b
 850 0026 0B       		.uleb128 0xb
 851 0027 49       		.uleb128 0x49
 852 0028 13       		.uleb128 0x13
 853 0029 00       		.byte	0
 854 002a 00       		.byte	0
 855 002b 04       		.uleb128 0x4
 856 002c 24       		.uleb128 0x24
 857 002d 00       		.byte	0
 858 002e 0B       		.uleb128 0xb
 859 002f 0B       		.uleb128 0xb
 860 0030 3E       		.uleb128 0x3e
 861 0031 0B       		.uleb128 0xb
 862 0032 03       		.uleb128 0x3
 863 0033 08       		.uleb128 0x8
 864 0034 00       		.byte	0
 865 0035 00       		.byte	0
 866 0036 05       		.uleb128 0x5
 867 0037 2E       		.uleb128 0x2e
 868 0038 01       		.byte	0x1
 869 0039 3F       		.uleb128 0x3f
 870 003a 19       		.uleb128 0x19
ARM GAS  C:\Users\Susanna\AppData\Local\Temp\cckYCaUG.s 			page 18


 871 003b 03       		.uleb128 0x3
 872 003c 0E       		.uleb128 0xe
 873 003d 3A       		.uleb128 0x3a
 874 003e 0B       		.uleb128 0xb
 875 003f 3B       		.uleb128 0x3b
 876 0040 0B       		.uleb128 0xb
 877 0041 27       		.uleb128 0x27
 878 0042 19       		.uleb128 0x19
 879 0043 49       		.uleb128 0x49
 880 0044 13       		.uleb128 0x13
 881 0045 11       		.uleb128 0x11
 882 0046 01       		.uleb128 0x1
 883 0047 12       		.uleb128 0x12
 884 0048 06       		.uleb128 0x6
 885 0049 40       		.uleb128 0x40
 886 004a 18       		.uleb128 0x18
 887 004b 9742     		.uleb128 0x2117
 888 004d 19       		.uleb128 0x19
 889 004e 01       		.uleb128 0x1
 890 004f 13       		.uleb128 0x13
 891 0050 00       		.byte	0
 892 0051 00       		.byte	0
 893 0052 06       		.uleb128 0x6
 894 0053 898201   		.uleb128 0x4109
 895 0056 01       		.byte	0x1
 896 0057 11       		.uleb128 0x11
 897 0058 01       		.uleb128 0x1
 898 0059 31       		.uleb128 0x31
 899 005a 13       		.uleb128 0x13
 900 005b 00       		.byte	0
 901 005c 00       		.byte	0
 902 005d 07       		.uleb128 0x7
 903 005e 8A8201   		.uleb128 0x410a
 904 0061 00       		.byte	0
 905 0062 02       		.uleb128 0x2
 906 0063 18       		.uleb128 0x18
 907 0064 9142     		.uleb128 0x2111
 908 0066 18       		.uleb128 0x18
 909 0067 00       		.byte	0
 910 0068 00       		.byte	0
 911 0069 08       		.uleb128 0x8
 912 006a 2E       		.uleb128 0x2e
 913 006b 01       		.byte	0x1
 914 006c 3F       		.uleb128 0x3f
 915 006d 19       		.uleb128 0x19
 916 006e 03       		.uleb128 0x3
 917 006f 0E       		.uleb128 0xe
 918 0070 3A       		.uleb128 0x3a
 919 0071 0B       		.uleb128 0xb
 920 0072 3B       		.uleb128 0x3b
 921 0073 0B       		.uleb128 0xb
 922 0074 27       		.uleb128 0x27
 923 0075 19       		.uleb128 0x19
 924 0076 11       		.uleb128 0x11
 925 0077 01       		.uleb128 0x1
 926 0078 12       		.uleb128 0x12
 927 0079 06       		.uleb128 0x6
ARM GAS  C:\Users\Susanna\AppData\Local\Temp\cckYCaUG.s 			page 19


 928 007a 40       		.uleb128 0x40
 929 007b 18       		.uleb128 0x18
 930 007c 9742     		.uleb128 0x2117
 931 007e 19       		.uleb128 0x19
 932 007f 01       		.uleb128 0x1
 933 0080 13       		.uleb128 0x13
 934 0081 00       		.byte	0
 935 0082 00       		.byte	0
 936 0083 09       		.uleb128 0x9
 937 0084 05       		.uleb128 0x5
 938 0085 00       		.byte	0
 939 0086 03       		.uleb128 0x3
 940 0087 0E       		.uleb128 0xe
 941 0088 3A       		.uleb128 0x3a
 942 0089 0B       		.uleb128 0xb
 943 008a 3B       		.uleb128 0x3b
 944 008b 0B       		.uleb128 0xb
 945 008c 49       		.uleb128 0x49
 946 008d 13       		.uleb128 0x13
 947 008e 02       		.uleb128 0x2
 948 008f 17       		.uleb128 0x17
 949 0090 00       		.byte	0
 950 0091 00       		.byte	0
 951 0092 0A       		.uleb128 0xa
 952 0093 34       		.uleb128 0x34
 953 0094 00       		.byte	0
 954 0095 03       		.uleb128 0x3
 955 0096 0E       		.uleb128 0xe
 956 0097 3A       		.uleb128 0x3a
 957 0098 0B       		.uleb128 0xb
 958 0099 3B       		.uleb128 0x3b
 959 009a 0B       		.uleb128 0xb
 960 009b 49       		.uleb128 0x49
 961 009c 13       		.uleb128 0x13
 962 009d 02       		.uleb128 0x2
 963 009e 18       		.uleb128 0x18
 964 009f 00       		.byte	0
 965 00a0 00       		.byte	0
 966 00a1 0B       		.uleb128 0xb
 967 00a2 01       		.uleb128 0x1
 968 00a3 01       		.byte	0x1
 969 00a4 49       		.uleb128 0x49
 970 00a5 13       		.uleb128 0x13
 971 00a6 01       		.uleb128 0x1
 972 00a7 13       		.uleb128 0x13
 973 00a8 00       		.byte	0
 974 00a9 00       		.byte	0
 975 00aa 0C       		.uleb128 0xc
 976 00ab 21       		.uleb128 0x21
 977 00ac 00       		.byte	0
 978 00ad 49       		.uleb128 0x49
 979 00ae 13       		.uleb128 0x13
 980 00af 2F       		.uleb128 0x2f
 981 00b0 0B       		.uleb128 0xb
 982 00b1 00       		.byte	0
 983 00b2 00       		.byte	0
 984 00b3 0D       		.uleb128 0xd
ARM GAS  C:\Users\Susanna\AppData\Local\Temp\cckYCaUG.s 			page 20


 985 00b4 898201   		.uleb128 0x4109
 986 00b7 00       		.byte	0
 987 00b8 11       		.uleb128 0x11
 988 00b9 01       		.uleb128 0x1
 989 00ba 31       		.uleb128 0x31
 990 00bb 13       		.uleb128 0x13
 991 00bc 00       		.byte	0
 992 00bd 00       		.byte	0
 993 00be 0E       		.uleb128 0xe
 994 00bf 0F       		.uleb128 0xf
 995 00c0 00       		.byte	0
 996 00c1 0B       		.uleb128 0xb
 997 00c2 0B       		.uleb128 0xb
 998 00c3 49       		.uleb128 0x49
 999 00c4 13       		.uleb128 0x13
 1000 00c5 00       		.byte	0
 1001 00c6 00       		.byte	0
 1002 00c7 0F       		.uleb128 0xf
 1003 00c8 34       		.uleb128 0x34
 1004 00c9 00       		.byte	0
 1005 00ca 03       		.uleb128 0x3
 1006 00cb 0E       		.uleb128 0xe
 1007 00cc 3A       		.uleb128 0x3a
 1008 00cd 0B       		.uleb128 0xb
 1009 00ce 3B       		.uleb128 0x3b
 1010 00cf 0B       		.uleb128 0xb
 1011 00d0 49       		.uleb128 0x49
 1012 00d1 13       		.uleb128 0x13
 1013 00d2 02       		.uleb128 0x2
 1014 00d3 17       		.uleb128 0x17
 1015 00d4 00       		.byte	0
 1016 00d5 00       		.byte	0
 1017 00d6 10       		.uleb128 0x10
 1018 00d7 898201   		.uleb128 0x4109
 1019 00da 01       		.byte	0x1
 1020 00db 11       		.uleb128 0x11
 1021 00dc 01       		.uleb128 0x1
 1022 00dd 31       		.uleb128 0x31
 1023 00de 13       		.uleb128 0x13
 1024 00df 01       		.uleb128 0x1
 1025 00e0 13       		.uleb128 0x13
 1026 00e1 00       		.byte	0
 1027 00e2 00       		.byte	0
 1028 00e3 11       		.uleb128 0x11
 1029 00e4 21       		.uleb128 0x21
 1030 00e5 00       		.byte	0
 1031 00e6 49       		.uleb128 0x49
 1032 00e7 13       		.uleb128 0x13
 1033 00e8 2F       		.uleb128 0x2f
 1034 00e9 18       		.uleb128 0x18
 1035 00ea 00       		.byte	0
 1036 00eb 00       		.byte	0
 1037 00ec 12       		.uleb128 0x12
 1038 00ed 34       		.uleb128 0x34
 1039 00ee 00       		.byte	0
 1040 00ef 03       		.uleb128 0x3
 1041 00f0 0E       		.uleb128 0xe
ARM GAS  C:\Users\Susanna\AppData\Local\Temp\cckYCaUG.s 			page 21


 1042 00f1 3A       		.uleb128 0x3a
 1043 00f2 0B       		.uleb128 0xb
 1044 00f3 3B       		.uleb128 0x3b
 1045 00f4 0B       		.uleb128 0xb
 1046 00f5 49       		.uleb128 0x49
 1047 00f6 13       		.uleb128 0x13
 1048 00f7 3F       		.uleb128 0x3f
 1049 00f8 19       		.uleb128 0x19
 1050 00f9 02       		.uleb128 0x2
 1051 00fa 18       		.uleb128 0x18
 1052 00fb 00       		.byte	0
 1053 00fc 00       		.byte	0
 1054 00fd 13       		.uleb128 0x13
 1055 00fe 2E       		.uleb128 0x2e
 1056 00ff 00       		.byte	0
 1057 0100 3F       		.uleb128 0x3f
 1058 0101 19       		.uleb128 0x19
 1059 0102 3C       		.uleb128 0x3c
 1060 0103 19       		.uleb128 0x19
 1061 0104 6E       		.uleb128 0x6e
 1062 0105 0E       		.uleb128 0xe
 1063 0106 03       		.uleb128 0x3
 1064 0107 0E       		.uleb128 0xe
 1065 0108 3A       		.uleb128 0x3a
 1066 0109 0B       		.uleb128 0xb
 1067 010a 3B       		.uleb128 0x3b
 1068 010b 0B       		.uleb128 0xb
 1069 010c 00       		.byte	0
 1070 010d 00       		.byte	0
 1071 010e 14       		.uleb128 0x14
 1072 010f 2E       		.uleb128 0x2e
 1073 0110 00       		.byte	0
 1074 0111 3F       		.uleb128 0x3f
 1075 0112 19       		.uleb128 0x19
 1076 0113 3C       		.uleb128 0x3c
 1077 0114 19       		.uleb128 0x19
 1078 0115 6E       		.uleb128 0x6e
 1079 0116 0E       		.uleb128 0xe
 1080 0117 03       		.uleb128 0x3
 1081 0118 0E       		.uleb128 0xe
 1082 0119 00       		.byte	0
 1083 011a 00       		.byte	0
 1084 011b 00       		.byte	0
 1085              		.section	.debug_loc,"",%progbits
 1086              	.Ldebug_loc0:
 1087              	.LLST0:
 1088 0000 00000000 		.4byte	.LVL2
 1089 0004 1C000000 		.4byte	.LVL3
 1090 0008 0100     		.2byte	0x1
 1091 000a 50       		.byte	0x50
 1092 000b 1C000000 		.4byte	.LVL3
 1093 000f 2A000000 		.4byte	.LFE2
 1094 0013 0400     		.2byte	0x4
 1095 0015 F3       		.byte	0xf3
 1096 0016 01       		.uleb128 0x1
 1097 0017 50       		.byte	0x50
 1098 0018 9F       		.byte	0x9f
ARM GAS  C:\Users\Susanna\AppData\Local\Temp\cckYCaUG.s 			page 22


 1099 0019 00000000 		.4byte	0
 1100 001d 00000000 		.4byte	0
 1101              	.LLST1:
 1102 0021 00000000 		.4byte	.LVL5
 1103 0025 0B000000 		.4byte	.LVL6-1
 1104 0029 0100     		.2byte	0x1
 1105 002b 50       		.byte	0x50
 1106 002c 0B000000 		.4byte	.LVL6-1
 1107 0030 36000000 		.4byte	.LFE3
 1108 0034 0400     		.2byte	0x4
 1109 0036 F3       		.byte	0xf3
 1110 0037 01       		.uleb128 0x1
 1111 0038 50       		.byte	0x50
 1112 0039 9F       		.byte	0x9f
 1113 003a 00000000 		.4byte	0
 1114 003e 00000000 		.4byte	0
 1115              	.LLST2:
 1116 0042 00000000 		.4byte	.LVL5
 1117 0046 0B000000 		.4byte	.LVL6-1
 1118 004a 0100     		.2byte	0x1
 1119 004c 51       		.byte	0x51
 1120 004d 0B000000 		.4byte	.LVL6-1
 1121 0051 36000000 		.4byte	.LFE3
 1122 0055 0400     		.2byte	0x4
 1123 0057 F3       		.byte	0xf3
 1124 0058 01       		.uleb128 0x1
 1125 0059 51       		.byte	0x51
 1126 005a 9F       		.byte	0x9f
 1127 005b 00000000 		.4byte	0
 1128 005f 00000000 		.4byte	0
 1129              	.LLST3:
 1130 0063 00000000 		.4byte	.LVL8
 1131 0067 1C000000 		.4byte	.LVL11
 1132 006b 0100     		.2byte	0x1
 1133 006d 50       		.byte	0x50
 1134 006e 1C000000 		.4byte	.LVL11
 1135 0072 24000000 		.4byte	.LFE4
 1136 0076 0400     		.2byte	0x4
 1137 0078 F3       		.byte	0xf3
 1138 0079 01       		.uleb128 0x1
 1139 007a 50       		.byte	0x50
 1140 007b 9F       		.byte	0x9f
 1141 007c 00000000 		.4byte	0
 1142 0080 00000000 		.4byte	0
 1143              	.LLST4:
 1144 0084 00000000 		.4byte	.LVL8
 1145 0088 1A000000 		.4byte	.LVL10
 1146 008c 0100     		.2byte	0x1
 1147 008e 51       		.byte	0x51
 1148 008f 1A000000 		.4byte	.LVL10
 1149 0093 1F000000 		.4byte	.LVL12-1
 1150 0097 0100     		.2byte	0x1
 1151 0099 52       		.byte	0x52
 1152 009a 1F000000 		.4byte	.LVL12-1
 1153 009e 24000000 		.4byte	.LFE4
 1154 00a2 0400     		.2byte	0x4
 1155 00a4 F3       		.byte	0xf3
ARM GAS  C:\Users\Susanna\AppData\Local\Temp\cckYCaUG.s 			page 23


 1156 00a5 01       		.uleb128 0x1
 1157 00a6 51       		.byte	0x51
 1158 00a7 9F       		.byte	0x9f
 1159 00a8 00000000 		.4byte	0
 1160 00ac 00000000 		.4byte	0
 1161              	.LLST5:
 1162 00b0 00000000 		.4byte	.LVL8
 1163 00b4 18000000 		.4byte	.LVL9
 1164 00b8 0100     		.2byte	0x1
 1165 00ba 52       		.byte	0x52
 1166 00bb 18000000 		.4byte	.LVL9
 1167 00bf 24000000 		.4byte	.LFE4
 1168 00c3 0400     		.2byte	0x4
 1169 00c5 F3       		.byte	0xf3
 1170 00c6 01       		.uleb128 0x1
 1171 00c7 52       		.byte	0x52
 1172 00c8 9F       		.byte	0x9f
 1173 00c9 00000000 		.4byte	0
 1174 00cd 00000000 		.4byte	0
 1175              	.LLST6:
 1176 00d1 00000000 		.4byte	.LVL13
 1177 00d5 11000000 		.4byte	.LVL14-1
 1178 00d9 0100     		.2byte	0x1
 1179 00db 50       		.byte	0x50
 1180 00dc 11000000 		.4byte	.LVL14-1
 1181 00e0 5C000000 		.4byte	.LFE5
 1182 00e4 0400     		.2byte	0x4
 1183 00e6 F3       		.byte	0xf3
 1184 00e7 01       		.uleb128 0x1
 1185 00e8 50       		.byte	0x50
 1186 00e9 9F       		.byte	0x9f
 1187 00ea 00000000 		.4byte	0
 1188 00ee 00000000 		.4byte	0
 1189              	.LLST7:
 1190 00f2 00000000 		.4byte	.LVL13
 1191 00f6 11000000 		.4byte	.LVL14-1
 1192 00fa 0100     		.2byte	0x1
 1193 00fc 51       		.byte	0x51
 1194 00fd 11000000 		.4byte	.LVL14-1
 1195 0101 5C000000 		.4byte	.LFE5
 1196 0105 0100     		.2byte	0x1
 1197 0107 58       		.byte	0x58
 1198 0108 00000000 		.4byte	0
 1199 010c 00000000 		.4byte	0
 1200              	.LLST8:
 1201 0110 00000000 		.4byte	.LVL13
 1202 0114 11000000 		.4byte	.LVL14-1
 1203 0118 0100     		.2byte	0x1
 1204 011a 52       		.byte	0x52
 1205 011b 11000000 		.4byte	.LVL14-1
 1206 011f 5C000000 		.4byte	.LFE5
 1207 0123 0400     		.2byte	0x4
 1208 0125 F3       		.byte	0xf3
 1209 0126 01       		.uleb128 0x1
 1210 0127 52       		.byte	0x52
 1211 0128 9F       		.byte	0x9f
 1212 0129 00000000 		.4byte	0
ARM GAS  C:\Users\Susanna\AppData\Local\Temp\cckYCaUG.s 			page 24


 1213 012d 00000000 		.4byte	0
 1214              	.LLST9:
 1215 0131 26000000 		.4byte	.LVL17
 1216 0135 58000000 		.4byte	.LVL20
 1217 0139 0200     		.2byte	0x2
 1218 013b 7D       		.byte	0x7d
 1219 013c 00       		.sleb128 0
 1220 013d 58000000 		.4byte	.LVL20
 1221 0141 5C000000 		.4byte	.LFE5
 1222 0145 0B00     		.2byte	0xb
 1223 0147 91       		.byte	0x91
 1224 0148 00       		.sleb128 0
 1225 0149 74       		.byte	0x74
 1226 014a 0A       		.sleb128 10
 1227 014b 09       		.byte	0x9
 1228 014c F8       		.byte	0xf8
 1229 014d 1A       		.byte	0x1a
 1230 014e 1C       		.byte	0x1c
 1231 014f 08       		.byte	0x8
 1232 0150 20       		.byte	0x20
 1233 0151 1C       		.byte	0x1c
 1234 0152 00000000 		.4byte	0
 1235 0156 00000000 		.4byte	0
 1236              		.section	.debug_aranges,"",%progbits
 1237 0000 4C000000 		.4byte	0x4c
 1238 0004 0200     		.2byte	0x2
 1239 0006 00000000 		.4byte	.Ldebug_info0
 1240 000a 04       		.byte	0x4
 1241 000b 00       		.byte	0
 1242 000c 0000     		.2byte	0
 1243 000e 0000     		.2byte	0
 1244 0010 00000000 		.4byte	.LFB0
 1245 0014 0A000000 		.4byte	.LFE0-.LFB0
 1246 0018 00000000 		.4byte	.LFB1
 1247 001c 0A000000 		.4byte	.LFE1-.LFB1
 1248 0020 00000000 		.4byte	.LFB2
 1249 0024 2A000000 		.4byte	.LFE2-.LFB2
 1250 0028 00000000 		.4byte	.LFB3
 1251 002c 36000000 		.4byte	.LFE3-.LFB3
 1252 0030 00000000 		.4byte	.LFB4
 1253 0034 24000000 		.4byte	.LFE4-.LFB4
 1254 0038 00000000 		.4byte	.LFB5
 1255 003c 5C000000 		.4byte	.LFE5-.LFB5
 1256 0040 00000000 		.4byte	.LFB6
 1257 0044 0E000000 		.4byte	.LFE6-.LFB6
 1258 0048 00000000 		.4byte	0
 1259 004c 00000000 		.4byte	0
 1260              		.section	.debug_ranges,"",%progbits
 1261              	.Ldebug_ranges0:
 1262 0000 00000000 		.4byte	.LFB0
 1263 0004 0A000000 		.4byte	.LFE0
 1264 0008 00000000 		.4byte	.LFB1
 1265 000c 0A000000 		.4byte	.LFE1
 1266 0010 00000000 		.4byte	.LFB2
 1267 0014 2A000000 		.4byte	.LFE2
 1268 0018 00000000 		.4byte	.LFB3
 1269 001c 36000000 		.4byte	.LFE3
ARM GAS  C:\Users\Susanna\AppData\Local\Temp\cckYCaUG.s 			page 25


 1270 0020 00000000 		.4byte	.LFB4
 1271 0024 24000000 		.4byte	.LFE4
 1272 0028 00000000 		.4byte	.LFB5
 1273 002c 5C000000 		.4byte	.LFE5
 1274 0030 00000000 		.4byte	.LFB6
 1275 0034 0E000000 		.4byte	.LFE6
 1276 0038 00000000 		.4byte	0
 1277 003c 00000000 		.4byte	0
 1278              		.section	.debug_line,"",%progbits
 1279              	.Ldebug_line0:
 1280 0000 E1010000 		.section	.debug_str,"MS",%progbits,1
 1280      02005201 
 1280      00000201 
 1280      FB0E0D00 
 1280      01010101 
 1281              	.LASF23:
 1282 0000 45455052 		.ascii	"EEPROM_writeByte\000"
 1282      4F4D5F77 
 1282      72697465 
 1282      42797465 
 1282      00
 1283              	.LASF3:
 1284 0011 5F5F7569 		.ascii	"__uint8_t\000"
 1284      6E74385F 
 1284      7400
 1285              	.LASF13:
 1286 001b 666C6F61 		.ascii	"float\000"
 1286      7400
 1287              	.LASF28:
 1288 0021 6E427974 		.ascii	"nBytes\000"
 1288      657300
 1289              	.LASF5:
 1290 0028 73686F72 		.ascii	"short unsigned int\000"
 1290      7420756E 
 1290      7369676E 
 1290      65642069 
 1290      6E7400
 1291              	.LASF10:
 1292 003b 756E7369 		.ascii	"unsigned int\000"
 1292      676E6564 
 1292      20696E74 
 1292      00
 1293              	.LASF34:
 1294 0048 5350495F 		.ascii	"SPI_Interface_Multi_RW\000"
 1294      496E7465 
 1294      72666163 
 1294      655F4D75 
 1294      6C74695F 
 1295              	.LASF27:
 1296 005f 45455052 		.ascii	"EEPROM_readPage\000"
 1296      4F4D5F72 
 1296      65616450 
 1296      61676500 
 1297              	.LASF39:
 1298 006f 65657072 		.ascii	"eeprom_Status\000"
 1298      6F6D5F53 
 1298      74617475 
ARM GAS  C:\Users\Susanna\AppData\Local\Temp\cckYCaUG.s 			page 26


 1298      7300
 1299              	.LASF30:
 1300 007d 64617461 		.ascii	"data\000"
 1300      00
 1301              	.LASF32:
 1302 0082 5350495F 		.ascii	"SPI_Interface_ReadByte\000"
 1302      496E7465 
 1302      72666163 
 1302      655F5265 
 1302      61644279 
 1303              	.LASF1:
 1304 0099 756E7369 		.ascii	"unsigned char\000"
 1304      676E6564 
 1304      20636861 
 1304      7200
 1305              	.LASF36:
 1306 00a7 474E5520 		.ascii	"GNU C11 5.4.1 20160609 (release) [ARM/embedded-5-br"
 1306      43313120 
 1306      352E342E 
 1306      31203230 
 1306      31363036 
 1307 00da 616E6368 		.ascii	"anch revision 237715] -mcpu=cortex-m3 -mthumb -g -O"
 1307      20726576 
 1307      6973696F 
 1307      6E203233 
 1307      37373135 
 1308 010d 67202D66 		.ascii	"g -ffunction-sections -ffat-lto-objects\000"
 1308      66756E63 
 1308      74696F6E 
 1308      2D736563 
 1308      74696F6E 
 1309              	.LASF7:
 1310 0135 6C6F6E67 		.ascii	"long unsigned int\000"
 1310      20756E73 
 1310      69676E65 
 1310      6420696E 
 1310      7400
 1311              	.LASF26:
 1312 0147 74656D70 		.ascii	"temp\000"
 1312      00
 1313              	.LASF24:
 1314 014c 61646472 		.ascii	"addr\000"
 1314      00
 1315              	.LASF19:
 1316 0151 45455052 		.ascii	"EEPROM_readByte\000"
 1316      4F4D5F72 
 1316      65616442 
 1316      79746500 
 1317              	.LASF37:
 1318 0161 32354C43 		.ascii	"25LC256.c\000"
 1318      3235362E 
 1318      6300
 1319              	.LASF25:
 1320 016b 64617461 		.ascii	"dataByte\000"
 1320      42797465 
 1320      00
 1321              	.LASF4:
ARM GAS  C:\Users\Susanna\AppData\Local\Temp\cckYCaUG.s 			page 27


 1322 0174 5F5F7569 		.ascii	"__uint16_t\000"
 1322      6E743136 
 1322      5F7400
 1323              	.LASF14:
 1324 017f 646F7562 		.ascii	"double\000"
 1324      6C6500
 1325              	.LASF33:
 1326 0186 5350495F 		.ascii	"SPI_Interface_tradeByte\000"
 1326      496E7465 
 1326      72666163 
 1326      655F7472 
 1326      61646542 
 1327              	.LASF35:
 1328 019e 43794465 		.ascii	"CyDelayUs\000"
 1328      6C617955 
 1328      7300
 1329              	.LASF18:
 1330 01a8 45455052 		.ascii	"EEPROM_readStatus\000"
 1330      4F4D5F72 
 1330      65616453 
 1330      74617475 
 1330      7300
 1331              	.LASF38:
 1332 01ba 433A5C55 		.ascii	"C:\\Users\\Susanna\\Desktop\\Final_Project_DiGiacom"
 1332      73657273 
 1332      5C537573 
 1332      616E6E61 
 1332      5C446573 
 1333 01e9 6F5F5061 		.ascii	"o_Palmieri\\Final_Project_DiGiacomoPalmieri\\Final_"
 1333      6C6D6965 
 1333      72695C46 
 1333      696E616C 
 1333      5F50726F 
 1334 021a 50726F6A 		.ascii	"Project.cydsn\000"
 1334      6563742E 
 1334      63796473 
 1334      6E00
 1335              	.LASF9:
 1336 0228 6C6F6E67 		.ascii	"long long unsigned int\000"
 1336      206C6F6E 
 1336      6720756E 
 1336      7369676E 
 1336      65642069 
 1337              	.LASF11:
 1338 023f 75696E74 		.ascii	"uint8_t\000"
 1338      385F7400 
 1339              	.LASF21:
 1340 0247 64617461 		.ascii	"dataRX\000"
 1340      525800
 1341              	.LASF31:
 1342 024e 45455052 		.ascii	"EEPROM_waitForWriteComplete\000"
 1342      4F4D5F77 
 1342      61697446 
 1342      6F725772 
 1342      69746543 
 1343              	.LASF17:
 1344 026a 73697A65 		.ascii	"sizetype\000"
ARM GAS  C:\Users\Susanna\AppData\Local\Temp\cckYCaUG.s 			page 28


 1344      74797065 
 1344      00
 1345              	.LASF8:
 1346 0273 6C6F6E67 		.ascii	"long long int\000"
 1346      206C6F6E 
 1346      6720696E 
 1346      7400
 1347              	.LASF40:
 1348 0281 6D656D63 		.ascii	"memcpy\000"
 1348      707900
 1349              	.LASF2:
 1350 0288 73686F72 		.ascii	"short int\000"
 1350      7420696E 
 1350      7400
 1351              	.LASF29:
 1352 0292 45455052 		.ascii	"EEPROM_writePage\000"
 1352      4F4D5F77 
 1352      72697465 
 1352      50616765 
 1352      00
 1353              	.LASF12:
 1354 02a3 75696E74 		.ascii	"uint16_t\000"
 1354      31365F74 
 1354      00
 1355              	.LASF6:
 1356 02ac 6C6F6E67 		.ascii	"long int\000"
 1356      20696E74 
 1356      00
 1357              	.LASF15:
 1358 02b5 63686172 		.ascii	"char\000"
 1358      00
 1359              	.LASF16:
 1360 02ba 6C6F6E67 		.ascii	"long double\000"
 1360      20646F75 
 1360      626C6500 
 1361              	.LASF0:
 1362 02c6 7369676E 		.ascii	"signed char\000"
 1362      65642063 
 1362      68617200 
 1363              	.LASF20:
 1364 02d2 64617461 		.ascii	"dataTX\000"
 1364      545800
 1365              	.LASF22:
 1366 02d9 45455052 		.ascii	"EEPROM_writeEnable\000"
 1366      4F4D5F77 
 1366      72697465 
 1366      456E6162 
 1366      6C6500
 1367              		.ident	"GCC: (GNU Tools for ARM Embedded Processors) 5.4.1 20160609 (release) [ARM/embedded-5-bran
