ARM GAS  C:\Users\Susanna\AppData\Local\Temp\ccgo0ja7.s 			page 1


   1              		.syntax unified
   2              		.cpu cortex-m3
   3              		.fpu softvfp
   4              		.eabi_attribute 20, 1
   5              		.eabi_attribute 21, 1
   6              		.eabi_attribute 23, 3
   7              		.eabi_attribute 24, 1
   8              		.eabi_attribute 25, 1
   9              		.eabi_attribute 26, 1
  10              		.eabi_attribute 30, 1
  11              		.eabi_attribute 34, 1
  12              		.eabi_attribute 18, 4
  13              		.thumb
  14              		.syntax unified
  15              		.file	"cymetadata.c"
  16              		.text
  17              	.Ltext0:
  18              		.cfi_sections	.debug_frame
  19              		.global	cy_metadata
  20              		.global	cy_meta_flashprotect
  21              		.global	cy_meta_wonvl
  22              		.global	cy_meta_custnvl
  23              		.global	cy_meta_configecc
  24              		.section	.cyconfigecc,"a",%progbits
  25              		.align	2
  26              		.type	cy_meta_configecc, %object
  27              		.size	cy_meta_configecc, 2392
  28              	cy_meta_configecc:
  29 0000 02       		.byte	2
  30 0001 4F       		.byte	79
  31 0002 00       		.byte	0
  32 0003 40       		.byte	64
  33 0004 06       		.byte	6
  34 0005 52       		.byte	82
  35 0006 00       		.byte	0
  36 0007 40       		.byte	64
  37 0008 05       		.byte	5
  38 0009 64       		.byte	100
  39 000a 00       		.byte	0
  40 000b 40       		.byte	64
  41 000c 04       		.byte	4
  42 000d 65       		.byte	101
  43 000e 00       		.byte	0
  44 000f 40       		.byte	64
  45 0010 02       		.byte	2
  46 0011 01       		.byte	1
  47 0012 01       		.byte	1
  48 0013 40       		.byte	64
  49 0014 02       		.byte	2
  50 0015 03       		.byte	3
  51 0016 01       		.byte	1
  52 0017 40       		.byte	64
  53 0018 02       		.byte	2
  54 0019 05       		.byte	5
  55 001a 01       		.byte	1
  56 001b 40       		.byte	64
  57 001c 09       		.byte	9
ARM GAS  C:\Users\Susanna\AppData\Local\Temp\ccgo0ja7.s 			page 2


  58 001d 06       		.byte	6
  59 001e 01       		.byte	1
  60 001f 40       		.byte	64
  61 0020 39       		.byte	57
  62 0021 07       		.byte	7
  63 0022 01       		.byte	1
  64 0023 40       		.byte	64
  65 0024 5E       		.byte	94
  66 0025 08       		.byte	8
  67 0026 01       		.byte	1
  68 0027 40       		.byte	64
  69 0028 44       		.byte	68
  70 0029 09       		.byte	9
  71 002a 01       		.byte	1
  72 002b 40       		.byte	64
  73 002c 65       		.byte	101
  74 002d 0A       		.byte	10
  75 002e 01       		.byte	1
  76 002f 40       		.byte	64
  77 0030 37       		.byte	55
  78 0031 0B       		.byte	11
  79 0032 01       		.byte	1
  80 0033 40       		.byte	64
  81 0034 04       		.byte	4
  82 0035 0D       		.byte	13
  83 0036 01       		.byte	1
  84 0037 40       		.byte	64
  85 0038 02       		.byte	2
  86 0039 0F       		.byte	15
  87 003a 01       		.byte	1
  88 003b 40       		.byte	64
  89 003c 57       		.byte	87
  90 003d 14       		.byte	20
  91 003e 01       		.byte	1
  92 003f 40       		.byte	64
  93 0040 48       		.byte	72
  94 0041 15       		.byte	21
  95 0042 01       		.byte	1
  96 0043 40       		.byte	64
  97 0044 14       		.byte	20
  98 0045 17       		.byte	23
  99 0046 01       		.byte	1
 100 0047 40       		.byte	64
 101 0048 60       		.byte	96
 102 0049 18       		.byte	24
 103 004a 01       		.byte	1
 104 004b 40       		.byte	64
 105 004c 48       		.byte	72
 106 004d 19       		.byte	25
 107 004e 01       		.byte	1
 108 004f 40       		.byte	64
 109 0050 09       		.byte	9
 110 0051 1A       		.byte	26
 111 0052 01       		.byte	1
 112 0053 40       		.byte	64
 113 0054 4C       		.byte	76
 114 0055 1B       		.byte	27
ARM GAS  C:\Users\Susanna\AppData\Local\Temp\ccgo0ja7.s 			page 3


 115 0056 01       		.byte	1
 116 0057 40       		.byte	64
 117 0058 09       		.byte	9
 118 0059 40       		.byte	64
 119 005a 01       		.byte	1
 120 005b 40       		.byte	64
 121 005c 06       		.byte	6
 122 005d 41       		.byte	65
 123 005e 01       		.byte	1
 124 005f 40       		.byte	64
 125 0060 06       		.byte	6
 126 0061 42       		.byte	66
 127 0062 01       		.byte	1
 128 0063 40       		.byte	64
 129 0064 08       		.byte	8
 130 0065 43       		.byte	67
 131 0066 01       		.byte	1
 132 0067 40       		.byte	64
 133 0068 04       		.byte	4
 134 0069 44       		.byte	68
 135 006a 01       		.byte	1
 136 006b 40       		.byte	64
 137 006c 08       		.byte	8
 138 006d 45       		.byte	69
 139 006e 01       		.byte	1
 140 006f 40       		.byte	64
 141 0070 05       		.byte	5
 142 0071 46       		.byte	70
 143 0072 01       		.byte	1
 144 0073 40       		.byte	64
 145 0074 05       		.byte	5
 146 0075 47       		.byte	71
 147 0076 01       		.byte	1
 148 0077 40       		.byte	64
 149 0078 07       		.byte	7
 150 0079 48       		.byte	72
 151 007a 01       		.byte	1
 152 007b 40       		.byte	64
 153 007c 1C       		.byte	28
 154 007d 49       		.byte	73
 155 007e 01       		.byte	1
 156 007f 40       		.byte	64
 157 0080 08       		.byte	8
 158 0081 4C       		.byte	76
 159 0082 01       		.byte	1
 160 0083 40       		.byte	64
 161 0084 0F       		.byte	15
 162 0085 4D       		.byte	77
 163 0086 01       		.byte	1
 164 0087 40       		.byte	64
 165 0088 06       		.byte	6
 166 0089 50       		.byte	80
 167 008a 01       		.byte	1
 168 008b 40       		.byte	64
 169 008c 03       		.byte	3
 170 008d 51       		.byte	81
 171 008e 01       		.byte	1
ARM GAS  C:\Users\Susanna\AppData\Local\Temp\ccgo0ja7.s 			page 4


 172 008f 40       		.byte	64
 173 0090 01       		.byte	1
 174 0091 30       		.byte	48
 175 0092 0A       		.byte	10
 176 0093 27       		.byte	39
 177 0094 00       		.byte	0
 178 0095 40       		.byte	64
 179 0096 01       		.byte	1
 180 0097 60       		.byte	96
 181 0098 10       		.byte	16
 182 0099 02       		.byte	2
 183 009a 11       		.byte	17
 184 009b 02       		.byte	2
 185 009c 18       		.byte	24
 186 009d A0       		.byte	-96
 187 009e 19       		.byte	25
 188 009f 20       		.byte	32
 189 00a0 87       		.byte	-121
 190 00a1 0F       		.byte	15
 191 00a2 88       		.byte	-120
 192 00a3 0F       		.byte	15
 193 00a4 89       		.byte	-119
 194 00a5 0D       		.byte	13
 195 00a6 8A       		.byte	-118
 196 00a7 0D       		.byte	13
 197 00a8 8B       		.byte	-117
 198 00a9 0D       		.byte	13
 199 00aa 85       		.byte	-123
 200 00ab 0F       		.byte	15
 201 00ac 88       		.byte	-120
 202 00ad 38       		.byte	56
 203 00ae 89       		.byte	-119
 204 00af 0D       		.byte	13
 205 00b0 8B       		.byte	-117
 206 00b1 72       		.byte	114
 207 00b2 87       		.byte	-121
 208 00b3 40       		.byte	64
 209 00b4 E6       		.byte	-26
 210 00b5 10       		.byte	16
 211 00b6 97       		.byte	-105
 212 00b7 40       		.byte	64
 213 00b8 EA       		.byte	-22
 214 00b9 01       		.byte	1
 215 00ba 87       		.byte	-121
 216 00bb 08       		.byte	8
 217 00bc 97       		.byte	-105
 218 00bd 40       		.byte	64
 219 00be 02       		.byte	2
 220 00bf 01       		.byte	1
 221 00c0 30       		.byte	48
 222 00c1 01       		.byte	1
 223 00c2 54       		.byte	84
 224 00c3 09       		.byte	9
 225 00c4 56       		.byte	86
 226 00c5 04       		.byte	4
 227 00c6 58       		.byte	88
 228 00c7 04       		.byte	4
ARM GAS  C:\Users\Susanna\AppData\Local\Temp\ccgo0ja7.s 			page 5


 229 00c8 5B       		.byte	91
 230 00c9 04       		.byte	4
 231 00ca 5C       		.byte	92
 232 00cb 05       		.byte	5
 233 00cc 5D       		.byte	93
 234 00cd 10       		.byte	16
 235 00ce 5F       		.byte	95
 236 00cf 01       		.byte	1
 237 00d0 00       		.byte	0
 238 00d1 80       		.byte	-128
 239 00d2 03       		.byte	3
 240 00d3 28       		.byte	40
 241 00d4 06       		.byte	6
 242 00d5 80       		.byte	-128
 243 00d6 0A       		.byte	10
 244 00d7 99       		.byte	-103
 245 00d8 0B       		.byte	11
 246 00d9 04       		.byte	4
 247 00da 10       		.byte	16
 248 00db 28       		.byte	40
 249 00dc 12       		.byte	18
 250 00dd 01       		.byte	1
 251 00de 13       		.byte	19
 252 00df 02       		.byte	2
 253 00e0 18       		.byte	24
 254 00e1 40       		.byte	64
 255 00e2 19       		.byte	25
 256 00e3 50       		.byte	80
 257 00e4 1B       		.byte	27
 258 00e5 08       		.byte	8
 259 00e6 1F       		.byte	31
 260 00e7 02       		.byte	2
 261 00e8 21       		.byte	33
 262 00e9 18       		.byte	24
 263 00ea 23       		.byte	35
 264 00eb 05       		.byte	5
 265 00ec 2A       		.byte	42
 266 00ed 22       		.byte	34
 267 00ee 2B       		.byte	43
 268 00ef 20       		.byte	32
 269 00f0 30       		.byte	48
 270 00f1 20       		.byte	32
 271 00f2 32       		.byte	50
 272 00f3 04       		.byte	4
 273 00f4 33       		.byte	51
 274 00f5 41       		.byte	65
 275 00f6 38       		.byte	56
 276 00f7 80       		.byte	-128
 277 00f8 39       		.byte	57
 278 00f9 10       		.byte	16
 279 00fa 3B       		.byte	59
 280 00fb 09       		.byte	9
 281 00fc 41       		.byte	65
 282 00fd 02       		.byte	2
 283 00fe 42       		.byte	66
 284 00ff 30       		.byte	48
 285 0100 43       		.byte	67
ARM GAS  C:\Users\Susanna\AppData\Local\Temp\ccgo0ja7.s 			page 6


 286 0101 20       		.byte	32
 287 0102 49       		.byte	73
 288 0103 18       		.byte	24
 289 0104 4A       		.byte	74
 290 0105 02       		.byte	2
 291 0106 50       		.byte	80
 292 0107 40       		.byte	64
 293 0108 52       		.byte	82
 294 0109 61       		.byte	97
 295 010a 53       		.byte	83
 296 010b 04       		.byte	4
 297 010c 5C       		.byte	92
 298 010d 60       		.byte	96
 299 010e 5D       		.byte	93
 300 010f 0A       		.byte	10
 301 0110 60       		.byte	96
 302 0111 80       		.byte	-128
 303 0112 65       		.byte	101
 304 0113 40       		.byte	64
 305 0114 67       		.byte	103
 306 0115 80       		.byte	-128
 307 0116 68       		.byte	104
 308 0117 68       		.byte	104
 309 0118 69       		.byte	105
 310 0119 10       		.byte	16
 311 011a 6B       		.byte	107
 312 011b 43       		.byte	67
 313 011c 72       		.byte	114
 314 011d 03       		.byte	3
 315 011e 85       		.byte	-123
 316 011f 12       		.byte	18
 317 0120 87       		.byte	-121
 318 0121 40       		.byte	64
 319 0122 97       		.byte	-105
 320 0123 40       		.byte	64
 321 0124 A2       		.byte	-94
 322 0125 02       		.byte	2
 323 0126 A7       		.byte	-89
 324 0127 08       		.byte	8
 325 0128 B2       		.byte	-78
 326 0129 02       		.byte	2
 327 012a C0       		.byte	-64
 328 012b 17       		.byte	23
 329 012c C2       		.byte	-62
 330 012d 0F       		.byte	15
 331 012e C4       		.byte	-60
 332 012f 0F       		.byte	15
 333 0130 CA       		.byte	-54
 334 0131 07       		.byte	7
 335 0132 CC       		.byte	-52
 336 0133 0F       		.byte	15
 337 0134 CE       		.byte	-50
 338 0135 0F       		.byte	15
 339 0136 D0       		.byte	-48
 340 0137 07       		.byte	7
 341 0138 D2       		.byte	-46
 342 0139 0C       		.byte	12
ARM GAS  C:\Users\Susanna\AppData\Local\Temp\ccgo0ja7.s 			page 7


 343 013a D6       		.byte	-42
 344 013b F0       		.byte	-16
 345 013c D8       		.byte	-40
 346 013d 91       		.byte	-111
 347 013e E0       		.byte	-32
 348 013f 02       		.byte	2
 349 0140 E6       		.byte	-26
 350 0141 02       		.byte	2
 351 0142 00       		.byte	0
 352 0143 40       		.byte	64
 353 0144 04       		.byte	4
 354 0145 0A       		.byte	10
 355 0146 05       		.byte	5
 356 0147 03       		.byte	3
 357 0148 06       		.byte	6
 358 0149 14       		.byte	20
 359 014a 08       		.byte	8
 360 014b 20       		.byte	32
 361 014c 0C       		.byte	12
 362 014d 20       		.byte	32
 363 014e 14       		.byte	20
 364 014f 20       		.byte	32
 365 0150 18       		.byte	24
 366 0151 13       		.byte	19
 367 0152 19       		.byte	25
 368 0153 02       		.byte	2
 369 0154 1A       		.byte	26
 370 0155 04       		.byte	4
 371 0156 1C       		.byte	28
 372 0157 03       		.byte	3
 373 0158 1E       		.byte	30
 374 0159 14       		.byte	20
 375 015a 1F       		.byte	31
 376 015b 01       		.byte	1
 377 015c 22       		.byte	34
 378 015d 15       		.byte	21
 379 015e 26       		.byte	38
 380 015f 08       		.byte	8
 381 0160 28       		.byte	40
 382 0161 13       		.byte	19
 383 0162 29       		.byte	41
 384 0163 03       		.byte	3
 385 0164 2A       		.byte	42
 386 0165 0C       		.byte	12
 387 0166 30       		.byte	48
 388 0167 10       		.byte	16
 389 0168 32       		.byte	50
 390 0169 0F       		.byte	15
 391 016a 33       		.byte	51
 392 016b 03       		.byte	3
 393 016c 34       		.byte	52
 394 016d 40       		.byte	64
 395 016e 36       		.byte	54
 396 016f 20       		.byte	32
 397 0170 39       		.byte	57
 398 0171 08       		.byte	8
 399 0172 3A       		.byte	58
ARM GAS  C:\Users\Susanna\AppData\Local\Temp\ccgo0ja7.s 			page 8


 400 0173 08       		.byte	8
 401 0174 3B       		.byte	59
 402 0175 02       		.byte	2
 403 0176 3E       		.byte	62
 404 0177 11       		.byte	17
 405 0178 3F       		.byte	63
 406 0179 04       		.byte	4
 407 017a 40       		.byte	64
 408 017b 24       		.byte	36
 409 017c 41       		.byte	65
 410 017d 03       		.byte	3
 411 017e 45       		.byte	69
 412 017f E0       		.byte	-32
 413 0180 46       		.byte	70
 414 0181 0B       		.byte	11
 415 0182 47       		.byte	71
 416 0183 C0       		.byte	-64
 417 0184 48       		.byte	72
 418 0185 26       		.byte	38
 419 0186 49       		.byte	73
 420 0187 FF       		.byte	-1
 421 0188 4A       		.byte	74
 422 0189 FF       		.byte	-1
 423 018a 4B       		.byte	75
 424 018b FF       		.byte	-1
 425 018c 4E       		.byte	78
 426 018d F0       		.byte	-16
 427 018e 4F       		.byte	79
 428 018f 44       		.byte	68
 429 0190 50       		.byte	80
 430 0191 0C       		.byte	12
 431 0192 54       		.byte	84
 432 0193 01       		.byte	1
 433 0194 58       		.byte	88
 434 0195 04       		.byte	4
 435 0196 59       		.byte	89
 436 0197 04       		.byte	4
 437 0198 5A       		.byte	90
 438 0199 04       		.byte	4
 439 019a 5B       		.byte	91
 440 019b 04       		.byte	4
 441 019c 5C       		.byte	92
 442 019d 22       		.byte	34
 443 019e 5D       		.byte	93
 444 019f 22       		.byte	34
 445 01a0 5F       		.byte	95
 446 01a1 01       		.byte	1
 447 01a2 66       		.byte	102
 448 01a3 C0       		.byte	-64
 449 01a4 6A       		.byte	106
 450 01a5 40       		.byte	64
 451 01a6 6B       		.byte	107
 452 01a7 02       		.byte	2
 453 01a8 83       		.byte	-125
 454 01a9 02       		.byte	2
 455 01aa 85       		.byte	-123
 456 01ab 04       		.byte	4
ARM GAS  C:\Users\Susanna\AppData\Local\Temp\ccgo0ja7.s 			page 9


 457 01ac 86       		.byte	-122
 458 01ad 01       		.byte	1
 459 01ae 96       		.byte	-106
 460 01af 01       		.byte	1
 461 01b0 9B       		.byte	-101
 462 01b1 01       		.byte	1
 463 01b2 A3       		.byte	-93
 464 01b3 0D       		.byte	13
 465 01b4 B1       		.byte	-79
 466 01b5 04       		.byte	4
 467 01b6 B2       		.byte	-78
 468 01b7 01       		.byte	1
 469 01b8 B3       		.byte	-77
 470 01b9 08       		.byte	8
 471 01ba B5       		.byte	-75
 472 01bb 02       		.byte	2
 473 01bc B7       		.byte	-73
 474 01bd 01       		.byte	1
 475 01be B8       		.byte	-72
 476 01bf 80       		.byte	-128
 477 01c0 BE       		.byte	-66
 478 01c1 44       		.byte	68
 479 01c2 C0       		.byte	-64
 480 01c3 20       		.byte	32
 481 01c4 C1       		.byte	-63
 482 01c5 03       		.byte	3
 483 01c6 C5       		.byte	-59
 484 01c7 D0       		.byte	-48
 485 01c8 C6       		.byte	-58
 486 01c9 01       		.byte	1
 487 01ca C7       		.byte	-57
 488 01cb 02       		.byte	2
 489 01cc C8       		.byte	-56
 490 01cd 16       		.byte	22
 491 01ce C9       		.byte	-55
 492 01cf FF       		.byte	-1
 493 01d0 CA       		.byte	-54
 494 01d1 FF       		.byte	-1
 495 01d2 CB       		.byte	-53
 496 01d3 FF       		.byte	-1
 497 01d4 CD       		.byte	-51
 498 01d5 A0       		.byte	-96
 499 01d6 CF       		.byte	-49
 500 01d7 04       		.byte	4
 501 01d8 D0       		.byte	-48
 502 01d9 18       		.byte	24
 503 01da D2       		.byte	-46
 504 01db 80       		.byte	-128
 505 01dc D4       		.byte	-44
 506 01dd 05       		.byte	5
 507 01de D8       		.byte	-40
 508 01df 04       		.byte	4
 509 01e0 D9       		.byte	-39
 510 01e1 04       		.byte	4
 511 01e2 DA       		.byte	-38
 512 01e3 04       		.byte	4
 513 01e4 DB       		.byte	-37
ARM GAS  C:\Users\Susanna\AppData\Local\Temp\ccgo0ja7.s 			page 10


 514 01e5 04       		.byte	4
 515 01e6 DC       		.byte	-36
 516 01e7 40       		.byte	64
 517 01e8 DD       		.byte	-35
 518 01e9 54       		.byte	84
 519 01ea DF       		.byte	-33
 520 01eb 01       		.byte	1
 521 01ec E0       		.byte	-32
 522 01ed 40       		.byte	64
 523 01ee E2       		.byte	-30
 524 01ef C0       		.byte	-64
 525 01f0 E4       		.byte	-28
 526 01f1 40       		.byte	64
 527 01f2 E5       		.byte	-27
 528 01f3 40       		.byte	64
 529 01f4 E6       		.byte	-26
 530 01f5 C0       		.byte	-64
 531 01f6 E8       		.byte	-24
 532 01f7 C0       		.byte	-64
 533 01f8 EA       		.byte	-22
 534 01f9 C0       		.byte	-64
 535 01fa EC       		.byte	-20
 536 01fb C0       		.byte	-64
 537 01fc EE       		.byte	-18
 538 01fd C0       		.byte	-64
 539 01fe 02       		.byte	2
 540 01ff 20       		.byte	32
 541 0200 04       		.byte	4
 542 0201 20       		.byte	32
 543 0202 05       		.byte	5
 544 0203 02       		.byte	2
 545 0204 07       		.byte	7
 546 0205 21       		.byte	33
 547 0206 09       		.byte	9
 548 0207 08       		.byte	8
 549 0208 0C       		.byte	12
 550 0209 08       		.byte	8
 551 020a 0E       		.byte	14
 552 020b 04       		.byte	4
 553 020c 0F       		.byte	15
 554 020d 02       		.byte	2
 555 020e 14       		.byte	20
 556 020f 84       		.byte	-124
 557 0210 17       		.byte	23
 558 0211 04       		.byte	4
 559 0212 19       		.byte	25
 560 0213 08       		.byte	8
 561 0214 1A       		.byte	26
 562 0215 02       		.byte	2
 563 0216 1C       		.byte	28
 564 0217 42       		.byte	66
 565 0218 1E       		.byte	30
 566 0219 08       		.byte	8
 567 021a 1F       		.byte	31
 568 021b 04       		.byte	4
 569 021c 21       		.byte	33
 570 021d 14       		.byte	20
ARM GAS  C:\Users\Susanna\AppData\Local\Temp\ccgo0ja7.s 			page 11


 571 021e 22       		.byte	34
 572 021f 20       		.byte	32
 573 0220 23       		.byte	35
 574 0221 81       		.byte	-127
 575 0222 26       		.byte	38
 576 0223 09       		.byte	9
 577 0224 2B       		.byte	43
 578 0225 80       		.byte	-128
 579 0226 2C       		.byte	44
 580 0227 04       		.byte	4
 581 0228 2F       		.byte	47
 582 0229 04       		.byte	4
 583 022a 32       		.byte	50
 584 022b 20       		.byte	32
 585 022c 34       		.byte	52
 586 022d 80       		.byte	-128
 587 022e 35       		.byte	53
 588 022f 80       		.byte	-128
 589 0230 36       		.byte	54
 590 0231 80       		.byte	-128
 591 0232 37       		.byte	55
 592 0233 20       		.byte	32
 593 0234 38       		.byte	56
 594 0235 02       		.byte	2
 595 0236 39       		.byte	57
 596 0237 08       		.byte	8
 597 0238 3D       		.byte	61
 598 0239 08       		.byte	8
 599 023a 3E       		.byte	62
 600 023b 04       		.byte	4
 601 023c 41       		.byte	65
 602 023d 18       		.byte	24
 603 023e 44       		.byte	68
 604 023f 84       		.byte	-124
 605 0240 45       		.byte	69
 606 0241 04       		.byte	4
 607 0242 49       		.byte	73
 608 0243 01       		.byte	1
 609 0244 4D       		.byte	77
 610 0245 02       		.byte	2
 611 0246 51       		.byte	81
 612 0247 08       		.byte	8
 613 0248 53       		.byte	83
 614 0249 80       		.byte	-128
 615 024a 56       		.byte	86
 616 024b 40       		.byte	64
 617 024c 57       		.byte	87
 618 024d 01       		.byte	1
 619 024e 5A       		.byte	90
 620 024f 89       		.byte	-119
 621 0250 5C       		.byte	92
 622 0251 40       		.byte	64
 623 0252 5D       		.byte	93
 624 0253 12       		.byte	18
 625 0254 5E       		.byte	94
 626 0255 08       		.byte	8
 627 0256 70       		.byte	112
ARM GAS  C:\Users\Susanna\AppData\Local\Temp\ccgo0ja7.s 			page 12


 628 0257 02       		.byte	2
 629 0258 86       		.byte	-122
 630 0259 03       		.byte	3
 631 025a 88       		.byte	-120
 632 025b 21       		.byte	33
 633 025c 92       		.byte	-110
 634 025d 0C       		.byte	12
 635 025e 93       		.byte	-109
 636 025f 10       		.byte	16
 637 0260 96       		.byte	-106
 638 0261 02       		.byte	2
 639 0262 97       		.byte	-105
 640 0263 28       		.byte	40
 641 0264 98       		.byte	-104
 642 0265 40       		.byte	64
 643 0266 9B       		.byte	-101
 644 0267 24       		.byte	36
 645 0268 9C       		.byte	-100
 646 0269 04       		.byte	4
 647 026a 9D       		.byte	-99
 648 026b 80       		.byte	-128
 649 026c 9E       		.byte	-98
 650 026d 48       		.byte	72
 651 026e A3       		.byte	-93
 652 026f 02       		.byte	2
 653 0270 A4       		.byte	-92
 654 0271 02       		.byte	2
 655 0272 B5       		.byte	-75
 656 0273 02       		.byte	2
 657 0274 C0       		.byte	-64
 658 0275 F4       		.byte	-12
 659 0276 C2       		.byte	-62
 660 0277 E4       		.byte	-28
 661 0278 C4       		.byte	-60
 662 0279 70       		.byte	112
 663 027a CA       		.byte	-54
 664 027b 21       		.byte	33
 665 027c CC       		.byte	-52
 666 027d 34       		.byte	52
 667 027e CE       		.byte	-50
 668 027f 43       		.byte	67
 669 0280 D0       		.byte	-48
 670 0281 E6       		.byte	-26
 671 0282 D6       		.byte	-42
 672 0283 FB       		.byte	-5
 673 0284 EE       		.byte	-18
 674 0285 20       		.byte	32
 675 0286 0E       		.byte	14
 676 0287 02       		.byte	2
 677 0288 0F       		.byte	15
 678 0289 01       		.byte	1
 679 028a 13       		.byte	19
 680 028b 02       		.byte	2
 681 028c 16       		.byte	22
 682 028d 02       		.byte	2
 683 028e 17       		.byte	23
 684 028f 01       		.byte	1
ARM GAS  C:\Users\Susanna\AppData\Local\Temp\ccgo0ja7.s 			page 13


 685 0290 2E       		.byte	46
 686 0291 01       		.byte	1
 687 0292 30       		.byte	48
 688 0293 01       		.byte	1
 689 0294 33       		.byte	51
 690 0295 02       		.byte	2
 691 0296 34       		.byte	52
 692 0297 02       		.byte	2
 693 0298 37       		.byte	55
 694 0299 01       		.byte	1
 695 029a 3E       		.byte	62
 696 029b 10       		.byte	16
 697 029c 3F       		.byte	63
 698 029d 40       		.byte	64
 699 029e 40       		.byte	64
 700 029f 56       		.byte	86
 701 02a0 45       		.byte	69
 702 02a1 EC       		.byte	-20
 703 02a2 47       		.byte	71
 704 02a3 02       		.byte	2
 705 02a4 48       		.byte	72
 706 02a5 13       		.byte	19
 707 02a6 49       		.byte	73
 708 02a7 FF       		.byte	-1
 709 02a8 4A       		.byte	74
 710 02a9 FF       		.byte	-1
 711 02aa 4B       		.byte	75
 712 02ab FF       		.byte	-1
 713 02ac 4F       		.byte	79
 714 02ad 01       		.byte	1
 715 02ae 50       		.byte	80
 716 02af 18       		.byte	24
 717 02b0 52       		.byte	82
 718 02b1 80       		.byte	-128
 719 02b2 54       		.byte	84
 720 02b3 01       		.byte	1
 721 02b4 56       		.byte	86
 722 02b5 04       		.byte	4
 723 02b6 58       		.byte	88
 724 02b7 04       		.byte	4
 725 02b8 59       		.byte	89
 726 02b9 04       		.byte	4
 727 02ba 5A       		.byte	90
 728 02bb 04       		.byte	4
 729 02bc 5B       		.byte	91
 730 02bd 04       		.byte	4
 731 02be 5C       		.byte	92
 732 02bf 65       		.byte	101
 733 02c0 5D       		.byte	93
 734 02c1 77       		.byte	119
 735 02c2 5F       		.byte	95
 736 02c3 01       		.byte	1
 737 02c4 60       		.byte	96
 738 02c5 40       		.byte	64
 739 02c6 62       		.byte	98
 740 02c7 40       		.byte	64
 741 02c8 64       		.byte	100
ARM GAS  C:\Users\Susanna\AppData\Local\Temp\ccgo0ja7.s 			page 14


 742 02c9 40       		.byte	64
 743 02ca 65       		.byte	101
 744 02cb 40       		.byte	64
 745 02cc 66       		.byte	102
 746 02cd 80       		.byte	-128
 747 02ce 68       		.byte	104
 748 02cf 80       		.byte	-128
 749 02d0 6A       		.byte	106
 750 02d1 80       		.byte	-128
 751 02d2 6C       		.byte	108
 752 02d3 80       		.byte	-128
 753 02d4 6E       		.byte	110
 754 02d5 80       		.byte	-128
 755 02d6 80       		.byte	-128
 756 02d7 14       		.byte	20
 757 02d8 83       		.byte	-125
 758 02d9 10       		.byte	16
 759 02da 84       		.byte	-124
 760 02db DC       		.byte	-36
 761 02dc 85       		.byte	-123
 762 02dd 21       		.byte	33
 763 02de 86       		.byte	-122
 764 02df 22       		.byte	34
 765 02e0 87       		.byte	-121
 766 02e1 0E       		.byte	14
 767 02e2 88       		.byte	-120
 768 02e3 09       		.byte	9
 769 02e4 8A       		.byte	-118
 770 02e5 D0       		.byte	-48
 771 02e6 8E       		.byte	-114
 772 02e7 20       		.byte	32
 773 02e8 8F       		.byte	-113
 774 02e9 10       		.byte	16
 775 02ea 97       		.byte	-105
 776 02eb 0C       		.byte	12
 777 02ec 98       		.byte	-104
 778 02ed 0C       		.byte	12
 779 02ee 99       		.byte	-103
 780 02ef 0C       		.byte	12
 781 02f0 9A       		.byte	-102
 782 02f1 71       		.byte	113
 783 02f2 9B       		.byte	-101
 784 02f3 23       		.byte	35
 785 02f4 9E       		.byte	-98
 786 02f5 03       		.byte	3
 787 02f6 A4       		.byte	-92
 788 02f7 10       		.byte	16
 789 02f8 A6       		.byte	-90
 790 02f9 40       		.byte	64
 791 02fa A7       		.byte	-89
 792 02fb 08       		.byte	8
 793 02fc A8       		.byte	-88
 794 02fd 10       		.byte	16
 795 02fe A9       		.byte	-87
 796 02ff 21       		.byte	33
 797 0300 AA       		.byte	-86
 798 0301 AC       		.byte	-84
ARM GAS  C:\Users\Susanna\AppData\Local\Temp\ccgo0ja7.s 			page 15


 799 0302 AB       		.byte	-85
 800 0303 06       		.byte	6
 801 0304 AD       		.byte	-83
 802 0305 40       		.byte	64
 803 0306 AF       		.byte	-81
 804 0307 03       		.byte	3
 805 0308 B3       		.byte	-77
 806 0309 0F       		.byte	15
 807 030a B4       		.byte	-76
 808 030b E0       		.byte	-32
 809 030c B5       		.byte	-75
 810 030d 60       		.byte	96
 811 030e B6       		.byte	-74
 812 030f 1F       		.byte	31
 813 0310 B7       		.byte	-73
 814 0311 10       		.byte	16
 815 0312 B9       		.byte	-71
 816 0313 20       		.byte	32
 817 0314 BA       		.byte	-70
 818 0315 20       		.byte	32
 819 0316 BB       		.byte	-69
 820 0317 08       		.byte	8
 821 0318 BF       		.byte	-65
 822 0319 40       		.byte	64
 823 031a C0       		.byte	-64
 824 031b 41       		.byte	65
 825 031c C5       		.byte	-59
 826 031d EC       		.byte	-20
 827 031e C6       		.byte	-58
 828 031f 02       		.byte	2
 829 0320 C8       		.byte	-56
 830 0321 07       		.byte	7
 831 0322 C9       		.byte	-55
 832 0323 FF       		.byte	-1
 833 0324 CA       		.byte	-54
 834 0325 FF       		.byte	-1
 835 0326 CB       		.byte	-53
 836 0327 FF       		.byte	-1
 837 0328 CF       		.byte	-49
 838 0329 01       		.byte	1
 839 032a D0       		.byte	-48
 840 032b 18       		.byte	24
 841 032c D2       		.byte	-46
 842 032d 80       		.byte	-128
 843 032e D4       		.byte	-44
 844 032f 01       		.byte	1
 845 0330 D8       		.byte	-40
 846 0331 04       		.byte	4
 847 0332 D9       		.byte	-39
 848 0333 04       		.byte	4
 849 0334 DA       		.byte	-38
 850 0335 04       		.byte	4
 851 0336 DB       		.byte	-37
 852 0337 04       		.byte	4
 853 0338 DC       		.byte	-36
 854 0339 22       		.byte	34
 855 033a DD       		.byte	-35
ARM GAS  C:\Users\Susanna\AppData\Local\Temp\ccgo0ja7.s 			page 16


 856 033b 77       		.byte	119
 857 033c DF       		.byte	-33
 858 033d 01       		.byte	1
 859 033e E0       		.byte	-32
 860 033f 40       		.byte	64
 861 0340 E2       		.byte	-30
 862 0341 40       		.byte	64
 863 0342 E4       		.byte	-28
 864 0343 40       		.byte	64
 865 0344 E5       		.byte	-27
 866 0345 40       		.byte	64
 867 0346 E6       		.byte	-26
 868 0347 80       		.byte	-128
 869 0348 E8       		.byte	-24
 870 0349 80       		.byte	-128
 871 034a EA       		.byte	-22
 872 034b 80       		.byte	-128
 873 034c EC       		.byte	-20
 874 034d 80       		.byte	-128
 875 034e EE       		.byte	-18
 876 034f 80       		.byte	-128
 877 0350 03       		.byte	3
 878 0351 02       		.byte	2
 879 0352 05       		.byte	5
 880 0353 80       		.byte	-128
 881 0354 06       		.byte	6
 882 0355 40       		.byte	64
 883 0356 07       		.byte	7
 884 0357 24       		.byte	36
 885 0358 0B       		.byte	11
 886 0359 20       		.byte	32
 887 035a 0C       		.byte	12
 888 035b 40       		.byte	64
 889 035c 0E       		.byte	14
 890 035d 05       		.byte	5
 891 035e 10       		.byte	16
 892 035f 02       		.byte	2
 893 0360 14       		.byte	20
 894 0361 04       		.byte	4
 895 0362 15       		.byte	21
 896 0363 04       		.byte	4
 897 0364 1A       		.byte	26
 898 0365 08       		.byte	8
 899 0366 1B       		.byte	27
 900 0367 02       		.byte	2
 901 0368 1E       		.byte	30
 902 0369 05       		.byte	5
 903 036a 22       		.byte	34
 904 036b 40       		.byte	64
 905 036c 23       		.byte	35
 906 036d 10       		.byte	16
 907 036e 26       		.byte	38
 908 036f 40       		.byte	64
 909 0370 27       		.byte	39
 910 0371 24       		.byte	36
 911 0372 2D       		.byte	45
 912 0373 84       		.byte	-124
ARM GAS  C:\Users\Susanna\AppData\Local\Temp\ccgo0ja7.s 			page 17


 913 0374 2E       		.byte	46
 914 0375 08       		.byte	8
 915 0376 2F       		.byte	47
 916 0377 04       		.byte	4
 917 0378 31       		.byte	49
 918 0379 02       		.byte	2
 919 037a 32       		.byte	50
 920 037b 08       		.byte	8
 921 037c 37       		.byte	55
 922 037d 24       		.byte	36
 923 037e 3B       		.byte	59
 924 037f 40       		.byte	64
 925 0380 3C       		.byte	60
 926 0381 82       		.byte	-126
 927 0382 3E       		.byte	62
 928 0383 04       		.byte	4
 929 0384 45       		.byte	69
 930 0385 40       		.byte	64
 931 0386 46       		.byte	70
 932 0387 80       		.byte	-128
 933 0388 49       		.byte	73
 934 0389 09       		.byte	9
 935 038a 4A       		.byte	74
 936 038b 08       		.byte	8
 937 038c 4B       		.byte	75
 938 038d 40       		.byte	64
 939 038e 4F       		.byte	79
 940 038f 05       		.byte	5
 941 0390 52       		.byte	82
 942 0391 08       		.byte	8
 943 0392 54       		.byte	84
 944 0393 40       		.byte	64
 945 0394 55       		.byte	85
 946 0395 40       		.byte	64
 947 0396 59       		.byte	89
 948 0397 09       		.byte	9
 949 0398 5A       		.byte	90
 950 0399 80       		.byte	-128
 951 039a 5E       		.byte	94
 952 039b 80       		.byte	-128
 953 039c 5F       		.byte	95
 954 039d 05       		.byte	5
 955 039e 62       		.byte	98
 956 039f 02       		.byte	2
 957 03a0 73       		.byte	115
 958 03a1 40       		.byte	64
 959 03a2 74       		.byte	116
 960 03a3 01       		.byte	1
 961 03a4 76       		.byte	118
 962 03a5 80       		.byte	-128
 963 03a6 96       		.byte	-106
 964 03a7 02       		.byte	2
 965 03a8 A6       		.byte	-90
 966 03a9 02       		.byte	2
 967 03aa C0       		.byte	-64
 968 03ab F1       		.byte	-15
 969 03ac C2       		.byte	-62
ARM GAS  C:\Users\Susanna\AppData\Local\Temp\ccgo0ja7.s 			page 18


 970 03ad C4       		.byte	-60
 971 03ae C4       		.byte	-60
 972 03af 61       		.byte	97
 973 03b0 CA       		.byte	-54
 974 03b1 70       		.byte	112
 975 03b2 CC       		.byte	-52
 976 03b3 63       		.byte	99
 977 03b4 CE       		.byte	-50
 978 03b5 D8       		.byte	-40
 979 03b6 D0       		.byte	-48
 980 03b7 90       		.byte	-112
 981 03b8 D2       		.byte	-46
 982 03b9 0C       		.byte	12
 983 03ba D6       		.byte	-42
 984 03bb DB       		.byte	-37
 985 03bc D8       		.byte	-40
 986 03bd 01       		.byte	1
 987 03be 86       		.byte	-122
 988 03bf 01       		.byte	1
 989 03c0 A6       		.byte	-90
 990 03c1 02       		.byte	2
 991 03c2 E4       		.byte	-28
 992 03c3 02       		.byte	2
 993 03c4 EA       		.byte	-22
 994 03c5 01       		.byte	1
 995 03c6 8E       		.byte	-114
 996 03c7 02       		.byte	2
 997 03c8 E6       		.byte	-26
 998 03c9 10       		.byte	16
 999 03ca 00       		.byte	0
 1000 03cb 38       		.byte	56
 1001 03cc 02       		.byte	2
 1002 03cd C0       		.byte	-64
 1003 03ce 04       		.byte	4
 1004 03cf 21       		.byte	33
 1005 03d0 06       		.byte	6
 1006 03d1 D8       		.byte	-40
 1007 03d2 08       		.byte	8
 1008 03d3 FC       		.byte	-4
 1009 03d4 09       		.byte	9
 1010 03d5 04       		.byte	4
 1011 03d6 0A       		.byte	10
 1012 03d7 03       		.byte	3
 1013 03d8 0B       		.byte	11
 1014 03d9 39       		.byte	57
 1015 03da 0C       		.byte	12
 1016 03db 9A       		.byte	-102
 1017 03dc 14       		.byte	20
 1018 03dd 13       		.byte	19
 1019 03de 15       		.byte	21
 1020 03df 0E       		.byte	14
 1021 03e0 16       		.byte	22
 1022 03e1 64       		.byte	100
 1023 03e2 18       		.byte	24
 1024 03e3 02       		.byte	2
 1025 03e4 19       		.byte	25
 1026 03e5 13       		.byte	19
ARM GAS  C:\Users\Susanna\AppData\Local\Temp\ccgo0ja7.s 			page 19


 1027 03e6 1B       		.byte	27
 1028 03e7 04       		.byte	4
 1029 03e8 1C       		.byte	28
 1030 03e9 9A       		.byte	-102
 1031 03ea 1F       		.byte	31
 1032 03eb 20       		.byte	32
 1033 03ec 20       		.byte	32
 1034 03ed 98       		.byte	-104
 1035 03ee 22       		.byte	34
 1036 03ef 02       		.byte	2
 1037 03f0 24       		.byte	36
 1038 03f1 98       		.byte	-104
 1039 03f2 25       		.byte	37
 1040 03f3 05       		.byte	5
 1041 03f4 26       		.byte	38
 1042 03f5 02       		.byte	2
 1043 03f6 27       		.byte	39
 1044 03f7 3A       		.byte	58
 1045 03f8 28       		.byte	40
 1046 03f9 02       		.byte	2
 1047 03fa 2A       		.byte	42
 1048 03fb 98       		.byte	-104
 1049 03fc 30       		.byte	48
 1050 03fd E0       		.byte	-32
 1051 03fe 32       		.byte	50
 1052 03ff 13       		.byte	19
 1053 0400 33       		.byte	51
 1054 0401 0F       		.byte	15
 1055 0402 34       		.byte	52
 1056 0403 0F       		.byte	15
 1057 0404 37       		.byte	55
 1058 0405 30       		.byte	48
 1059 0406 39       		.byte	57
 1060 0407 08       		.byte	8
 1061 0408 3A       		.byte	58
 1062 0409 22       		.byte	34
 1063 040a 54       		.byte	84
 1064 040b 40       		.byte	64
 1065 040c 56       		.byte	86
 1066 040d 04       		.byte	4
 1067 040e 58       		.byte	88
 1068 040f 04       		.byte	4
 1069 0410 59       		.byte	89
 1070 0411 04       		.byte	4
 1071 0412 5B       		.byte	91
 1072 0413 04       		.byte	4
 1073 0414 5C       		.byte	92
 1074 0415 11       		.byte	17
 1075 0416 5D       		.byte	93
 1076 0417 10       		.byte	16
 1077 0418 5F       		.byte	95
 1078 0419 01       		.byte	1
 1079 041a 81       		.byte	-127
 1080 041b 0E       		.byte	14
 1081 041c 84       		.byte	-124
 1082 041d 01       		.byte	1
 1083 041e 94       		.byte	-108
ARM GAS  C:\Users\Susanna\AppData\Local\Temp\ccgo0ja7.s 			page 20


 1084 041f 07       		.byte	7
 1085 0420 9D       		.byte	-99
 1086 0421 08       		.byte	8
 1087 0422 A1       		.byte	-95
 1088 0423 0E       		.byte	14
 1089 0424 A4       		.byte	-92
 1090 0425 07       		.byte	7
 1091 0426 AB       		.byte	-85
 1092 0427 01       		.byte	1
 1093 0428 AE       		.byte	-82
 1094 0429 04       		.byte	4
 1095 042a AF       		.byte	-81
 1096 042b 03       		.byte	3
 1097 042c B0       		.byte	-80
 1098 042d 01       		.byte	1
 1099 042e B1       		.byte	-79
 1100 042f 04       		.byte	4
 1101 0430 B3       		.byte	-77
 1102 0431 02       		.byte	2
 1103 0432 B4       		.byte	-76
 1104 0433 02       		.byte	2
 1105 0434 B5       		.byte	-75
 1106 0435 01       		.byte	1
 1107 0436 B6       		.byte	-74
 1108 0437 04       		.byte	4
 1109 0438 B7       		.byte	-73
 1110 0439 08       		.byte	8
 1111 043a BF       		.byte	-65
 1112 043b 10       		.byte	16
 1113 043c C0       		.byte	-64
 1114 043d 10       		.byte	16
 1115 043e C1       		.byte	-63
 1116 043f 02       		.byte	2
 1117 0440 C5       		.byte	-59
 1118 0441 D0       		.byte	-48
 1119 0442 C6       		.byte	-58
 1120 0443 15       		.byte	21
 1121 0444 C7       		.byte	-57
 1122 0445 42       		.byte	66
 1123 0446 C8       		.byte	-56
 1124 0447 3F       		.byte	63
 1125 0448 C9       		.byte	-55
 1126 0449 FF       		.byte	-1
 1127 044a CA       		.byte	-54
 1128 044b FF       		.byte	-1
 1129 044c CB       		.byte	-53
 1130 044d FF       		.byte	-1
 1131 044e CD       		.byte	-51
 1132 044f A0       		.byte	-96
 1133 0450 CF       		.byte	-49
 1134 0451 04       		.byte	4
 1135 0452 D0       		.byte	-48
 1136 0453 18       		.byte	24
 1137 0454 D2       		.byte	-46
 1138 0455 80       		.byte	-128
 1139 0456 D4       		.byte	-44
 1140 0457 07       		.byte	7
ARM GAS  C:\Users\Susanna\AppData\Local\Temp\ccgo0ja7.s 			page 21


 1141 0458 D8       		.byte	-40
 1142 0459 04       		.byte	4
 1143 045a D9       		.byte	-39
 1144 045b 04       		.byte	4
 1145 045c DA       		.byte	-38
 1146 045d 04       		.byte	4
 1147 045e DB       		.byte	-37
 1148 045f 04       		.byte	4
 1149 0460 DC       		.byte	-36
 1150 0461 55       		.byte	85
 1151 0462 DD       		.byte	-35
 1152 0463 55       		.byte	85
 1153 0464 DF       		.byte	-33
 1154 0465 01       		.byte	1
 1155 0466 E0       		.byte	-32
 1156 0467 40       		.byte	64
 1157 0468 E2       		.byte	-30
 1158 0469 C0       		.byte	-64
 1159 046a E4       		.byte	-28
 1160 046b 40       		.byte	64
 1161 046c E5       		.byte	-27
 1162 046d 40       		.byte	64
 1163 046e E6       		.byte	-26
 1164 046f C0       		.byte	-64
 1165 0470 E8       		.byte	-24
 1166 0471 C0       		.byte	-64
 1167 0472 EA       		.byte	-22
 1168 0473 C0       		.byte	-64
 1169 0474 EC       		.byte	-20
 1170 0475 C0       		.byte	-64
 1171 0476 EE       		.byte	-18
 1172 0477 C0       		.byte	-64
 1173 0478 00       		.byte	0
 1174 0479 80       		.byte	-128
 1175 047a 01       		.byte	1
 1176 047b 12       		.byte	18
 1177 047c 03       		.byte	3
 1178 047d 20       		.byte	32
 1179 047e 04       		.byte	4
 1180 047f 04       		.byte	4
 1181 0480 0A       		.byte	10
 1182 0481 11       		.byte	17
 1183 0482 0B       		.byte	11
 1184 0483 08       		.byte	8
 1185 0484 0F       		.byte	15
 1186 0485 20       		.byte	32
 1187 0486 10       		.byte	16
 1188 0487 28       		.byte	40
 1189 0488 13       		.byte	19
 1190 0489 02       		.byte	2
 1191 048a 14       		.byte	20
 1192 048b 01       		.byte	1
 1193 048c 15       		.byte	21
 1194 048d 04       		.byte	4
 1195 048e 19       		.byte	25
 1196 048f 02       		.byte	2
 1197 0490 1A       		.byte	26
ARM GAS  C:\Users\Susanna\AppData\Local\Temp\ccgo0ja7.s 			page 22


 1198 0491 B0       		.byte	-80
 1199 0492 1B       		.byte	27
 1200 0493 20       		.byte	32
 1201 0494 1C       		.byte	28
 1202 0495 44       		.byte	68
 1203 0496 1E       		.byte	30
 1204 0497 02       		.byte	2
 1205 0498 22       		.byte	34
 1206 0499 84       		.byte	-124
 1207 049a 24       		.byte	36
 1208 049b 02       		.byte	2
 1209 049c 26       		.byte	38
 1210 049d 04       		.byte	4
 1211 049e 27       		.byte	39
 1212 049f 88       		.byte	-120
 1213 04a0 2B       		.byte	43
 1214 04a1 20       		.byte	32
 1215 04a2 2C       		.byte	44
 1216 04a3 81       		.byte	-127
 1217 04a4 2F       		.byte	47
 1218 04a5 0A       		.byte	10
 1219 04a6 32       		.byte	50
 1220 04a7 94       		.byte	-108
 1221 04a8 37       		.byte	55
 1222 04a9 80       		.byte	-128
 1223 04aa 39       		.byte	57
 1224 04ab 30       		.byte	48
 1225 04ac 3C       		.byte	60
 1226 04ad 02       		.byte	2
 1227 04ae 44       		.byte	68
 1228 04af 01       		.byte	1
 1229 04b0 46       		.byte	70
 1230 04b1 04       		.byte	4
 1231 04b2 4D       		.byte	77
 1232 04b3 04       		.byte	4
 1233 04b4 4F       		.byte	79
 1234 04b5 01       		.byte	1
 1235 04b6 54       		.byte	84
 1236 04b7 81       		.byte	-127
 1237 04b8 56       		.byte	86
 1238 04b9 04       		.byte	4
 1239 04ba 57       		.byte	87
 1240 04bb 18       		.byte	24
 1241 04bc 5C       		.byte	92
 1242 04bd 60       		.byte	96
 1243 04be 5F       		.byte	95
 1244 04bf 09       		.byte	9
 1245 04c0 61       		.byte	97
 1246 04c1 08       		.byte	8
 1247 04c2 62       		.byte	98
 1248 04c3 60       		.byte	96
 1249 04c4 63       		.byte	99
 1250 04c5 40       		.byte	64
 1251 04c6 76       		.byte	118
 1252 04c7 80       		.byte	-128
 1253 04c8 80       		.byte	-128
 1254 04c9 21       		.byte	33
ARM GAS  C:\Users\Susanna\AppData\Local\Temp\ccgo0ja7.s 			page 23


 1255 04ca 8E       		.byte	-114
 1256 04cb 15       		.byte	21
 1257 04cc 91       		.byte	-111
 1258 04cd 20       		.byte	32
 1259 04ce 92       		.byte	-110
 1260 04cf 01       		.byte	1
 1261 04d0 93       		.byte	-109
 1262 04d1 08       		.byte	8
 1263 04d2 96       		.byte	-106
 1264 04d3 90       		.byte	-112
 1265 04d4 97       		.byte	-105
 1266 04d5 40       		.byte	64
 1267 04d6 9A       		.byte	-102
 1268 04d7 40       		.byte	64
 1269 04d8 9B       		.byte	-101
 1270 04d9 02       		.byte	2
 1271 04da 9E       		.byte	-98
 1272 04db 80       		.byte	-128
 1273 04dc A0       		.byte	-96
 1274 04dd 68       		.byte	104
 1275 04de A1       		.byte	-95
 1276 04df 08       		.byte	8
 1277 04e0 A2       		.byte	-94
 1278 04e1 20       		.byte	32
 1279 04e2 A3       		.byte	-93
 1280 04e3 02       		.byte	2
 1281 04e4 A6       		.byte	-90
 1282 04e5 80       		.byte	-128
 1283 04e6 A7       		.byte	-89
 1284 04e7 20       		.byte	32
 1285 04e8 B7       		.byte	-73
 1286 04e9 20       		.byte	32
 1287 04ea C0       		.byte	-64
 1288 04eb 2F       		.byte	47
 1289 04ec C2       		.byte	-62
 1290 04ed 27       		.byte	39
 1291 04ee C4       		.byte	-60
 1292 04ef AE       		.byte	-82
 1293 04f0 CA       		.byte	-54
 1294 04f1 B2       		.byte	-78
 1295 04f2 CC       		.byte	-52
 1296 04f3 1E       		.byte	30
 1297 04f4 CE       		.byte	-50
 1298 04f5 84       		.byte	-124
 1299 04f6 D0       		.byte	-48
 1300 04f7 30       		.byte	48
 1301 04f8 D6       		.byte	-42
 1302 04f9 F0       		.byte	-16
 1303 04fa D8       		.byte	-40
 1304 04fb 0F       		.byte	15
 1305 04fc E0       		.byte	-32
 1306 04fd 01       		.byte	1
 1307 04fe E2       		.byte	-30
 1308 04ff 50       		.byte	80
 1309 0500 E4       		.byte	-28
 1310 0501 01       		.byte	1
 1311 0502 EA       		.byte	-22
ARM GAS  C:\Users\Susanna\AppData\Local\Temp\ccgo0ja7.s 			page 24


 1312 0503 05       		.byte	5
 1313 0504 EC       		.byte	-20
 1314 0505 10       		.byte	16
 1315 0506 EE       		.byte	-18
 1316 0507 0C       		.byte	12
 1317 0508 82       		.byte	-126
 1318 0509 80       		.byte	-128
 1319 050a 8C       		.byte	-116
 1320 050b 80       		.byte	-128
 1321 050c 91       		.byte	-111
 1322 050d 20       		.byte	32
 1323 050e 92       		.byte	-110
 1324 050f 01       		.byte	1
 1325 0510 93       		.byte	-109
 1326 0511 08       		.byte	8
 1327 0512 96       		.byte	-106
 1328 0513 90       		.byte	-112
 1329 0514 97       		.byte	-105
 1330 0515 40       		.byte	64
 1331 0516 9A       		.byte	-102
 1332 0517 40       		.byte	64
 1333 0518 9B       		.byte	-101
 1334 0519 02       		.byte	2
 1335 051a 9C       		.byte	-100
 1336 051b 80       		.byte	-128
 1337 051c 9E       		.byte	-98
 1338 051d 80       		.byte	-128
 1339 051e A0       		.byte	-96
 1340 051f 68       		.byte	104
 1341 0520 A1       		.byte	-95
 1342 0521 08       		.byte	8
 1343 0522 A2       		.byte	-94
 1344 0523 20       		.byte	32
 1345 0524 A3       		.byte	-93
 1346 0525 02       		.byte	2
 1347 0526 A7       		.byte	-89
 1348 0527 20       		.byte	32
 1349 0528 A9       		.byte	-87
 1350 0529 12       		.byte	18
 1351 052a B0       		.byte	-80
 1352 052b 20       		.byte	32
 1353 052c B3       		.byte	-77
 1354 052d 04       		.byte	4
 1355 052e E2       		.byte	-30
 1356 052f 40       		.byte	64
 1357 0530 01       		.byte	1
 1358 0531 05       		.byte	5
 1359 0532 03       		.byte	3
 1360 0533 0A       		.byte	10
 1361 0534 04       		.byte	4
 1362 0535 C4       		.byte	-60
 1363 0536 06       		.byte	6
 1364 0537 18       		.byte	24
 1365 0538 07       		.byte	7
 1366 0539 10       		.byte	16
 1367 053a 08       		.byte	8
 1368 053b 1F       		.byte	31
ARM GAS  C:\Users\Susanna\AppData\Local\Temp\ccgo0ja7.s 			page 25


 1369 053c 10       		.byte	16
 1370 053d 49       		.byte	73
 1371 053e 11       		.byte	17
 1372 053f 09       		.byte	9
 1373 0540 12       		.byte	18
 1374 0541 06       		.byte	6
 1375 0542 13       		.byte	19
 1376 0543 06       		.byte	6
 1377 0544 14       		.byte	20
 1378 0545 1F       		.byte	31
 1379 0546 18       		.byte	24
 1380 0547 92       		.byte	-110
 1381 0548 19       		.byte	25
 1382 0549 03       		.byte	3
 1383 054a 1A       		.byte	26
 1384 054b 05       		.byte	5
 1385 054c 1B       		.byte	27
 1386 054d 0C       		.byte	12
 1387 054e 1C       		.byte	28
 1388 054f E0       		.byte	-32
 1389 0550 1D       		.byte	29
 1390 0551 02       		.byte	2
 1391 0552 1F       		.byte	31
 1392 0553 0D       		.byte	13
 1393 0554 20       		.byte	32
 1394 0555 E0       		.byte	-32
 1395 0556 23       		.byte	35
 1396 0557 10       		.byte	16
 1397 0558 26       		.byte	38
 1398 0559 C0       		.byte	-64
 1399 055a 2A       		.byte	42
 1400 055b E0       		.byte	-32
 1401 055c 2E       		.byte	46
 1402 055d E0       		.byte	-32
 1403 055e 30       		.byte	48
 1404 055f C0       		.byte	-64
 1405 0560 31       		.byte	49
 1406 0561 0F       		.byte	15
 1407 0562 32       		.byte	50
 1408 0563 1C       		.byte	28
 1409 0564 34       		.byte	52
 1410 0565 03       		.byte	3
 1411 0566 36       		.byte	54
 1412 0567 20       		.byte	32
 1413 0568 37       		.byte	55
 1414 0569 10       		.byte	16
 1415 056a 38       		.byte	56
 1416 056b 80       		.byte	-128
 1417 056c 3B       		.byte	59
 1418 056d 02       		.byte	2
 1419 056e 3F       		.byte	63
 1420 056f 40       		.byte	64
 1421 0570 40       		.byte	64
 1422 0571 06       		.byte	6
 1423 0572 47       		.byte	71
 1424 0573 04       		.byte	4
 1425 0574 49       		.byte	73
ARM GAS  C:\Users\Susanna\AppData\Local\Temp\ccgo0ja7.s 			page 26


 1426 0575 FF       		.byte	-1
 1427 0576 4A       		.byte	74
 1428 0577 07       		.byte	7
 1429 0578 4B       		.byte	75
 1430 0579 FF       		.byte	-1
 1431 057a 4C       		.byte	76
 1432 057b 40       		.byte	64
 1433 057c 4D       		.byte	77
 1434 057d 20       		.byte	32
 1435 057e 4E       		.byte	78
 1436 057f F0       		.byte	-16
 1437 0580 4F       		.byte	79
 1438 0581 05       		.byte	5
 1439 0582 50       		.byte	80
 1440 0583 08       		.byte	8
 1441 0584 54       		.byte	84
 1442 0585 18       		.byte	24
 1443 0586 58       		.byte	88
 1444 0587 04       		.byte	4
 1445 0588 59       		.byte	89
 1446 0589 04       		.byte	4
 1447 058a 5A       		.byte	90
 1448 058b 04       		.byte	4
 1449 058c 5B       		.byte	91
 1450 058d 04       		.byte	4
 1451 058e 5C       		.byte	92
 1452 058f 12       		.byte	18
 1453 0590 5D       		.byte	93
 1454 0591 22       		.byte	34
 1455 0592 5F       		.byte	95
 1456 0593 01       		.byte	1
 1457 0594 60       		.byte	96
 1458 0595 40       		.byte	64
 1459 0596 61       		.byte	97
 1460 0597 A8       		.byte	-88
 1461 0598 62       		.byte	98
 1462 0599 40       		.byte	64
 1463 059a 63       		.byte	99
 1464 059b 20       		.byte	32
 1465 059c 80       		.byte	-128
 1466 059d 07       		.byte	7
 1467 059e 89       		.byte	-119
 1468 059f 01       		.byte	1
 1469 05a0 8B       		.byte	-117
 1470 05a1 02       		.byte	2
 1471 05a2 8E       		.byte	-114
 1472 05a3 04       		.byte	4
 1473 05a4 93       		.byte	-109
 1474 05a5 01       		.byte	1
 1475 05a6 94       		.byte	-108
 1476 05a7 01       		.byte	1
 1477 05a8 98       		.byte	-104
 1478 05a9 07       		.byte	7
 1479 05aa B0       		.byte	-80
 1480 05ab 01       		.byte	1
 1481 05ac B1       		.byte	-79
 1482 05ad 02       		.byte	2
ARM GAS  C:\Users\Susanna\AppData\Local\Temp\ccgo0ja7.s 			page 27


 1483 05ae B2       		.byte	-78
 1484 05af 02       		.byte	2
 1485 05b0 B3       		.byte	-77
 1486 05b1 01       		.byte	1
 1487 05b2 B4       		.byte	-76
 1488 05b3 04       		.byte	4
 1489 05b4 C0       		.byte	-64
 1490 05b5 40       		.byte	64
 1491 05b6 C1       		.byte	-63
 1492 05b7 06       		.byte	6
 1493 05b8 C5       		.byte	-59
 1494 05b9 0D       		.byte	13
 1495 05ba C6       		.byte	-58
 1496 05bb 20       		.byte	32
 1497 05bc C7       		.byte	-57
 1498 05bd 01       		.byte	1
 1499 05be C8       		.byte	-56
 1500 05bf 1D       		.byte	29
 1501 05c0 C9       		.byte	-55
 1502 05c1 FF       		.byte	-1
 1503 05c2 CA       		.byte	-54
 1504 05c3 FF       		.byte	-1
 1505 05c4 CB       		.byte	-53
 1506 05c5 FF       		.byte	-1
 1507 05c6 CD       		.byte	-51
 1508 05c7 A0       		.byte	-96
 1509 05c8 CF       		.byte	-49
 1510 05c9 04       		.byte	4
 1511 05ca D0       		.byte	-48
 1512 05cb 18       		.byte	24
 1513 05cc D2       		.byte	-46
 1514 05cd 80       		.byte	-128
 1515 05ce D4       		.byte	-44
 1516 05cf 05       		.byte	5
 1517 05d0 D8       		.byte	-40
 1518 05d1 04       		.byte	4
 1519 05d2 D9       		.byte	-39
 1520 05d3 04       		.byte	4
 1521 05d4 DA       		.byte	-38
 1522 05d5 04       		.byte	4
 1523 05d6 DB       		.byte	-37
 1524 05d7 04       		.byte	4
 1525 05d8 DC       		.byte	-36
 1526 05d9 65       		.byte	101
 1527 05da DD       		.byte	-35
 1528 05db 45       		.byte	69
 1529 05dc DF       		.byte	-33
 1530 05dd 01       		.byte	1
 1531 05de E0       		.byte	-32
 1532 05df 40       		.byte	64
 1533 05e0 E2       		.byte	-30
 1534 05e1 C0       		.byte	-64
 1535 05e2 E4       		.byte	-28
 1536 05e3 40       		.byte	64
 1537 05e4 E5       		.byte	-27
 1538 05e5 40       		.byte	64
 1539 05e6 E6       		.byte	-26
ARM GAS  C:\Users\Susanna\AppData\Local\Temp\ccgo0ja7.s 			page 28


 1540 05e7 C0       		.byte	-64
 1541 05e8 E8       		.byte	-24
 1542 05e9 C0       		.byte	-64
 1543 05ea EA       		.byte	-22
 1544 05eb C0       		.byte	-64
 1545 05ec EC       		.byte	-20
 1546 05ed C0       		.byte	-64
 1547 05ee EE       		.byte	-18
 1548 05ef C0       		.byte	-64
 1549 05f0 02       		.byte	2
 1550 05f1 40       		.byte	64
 1551 05f2 03       		.byte	3
 1552 05f3 02       		.byte	2
 1553 05f4 04       		.byte	4
 1554 05f5 20       		.byte	32
 1555 05f6 05       		.byte	5
 1556 05f7 04       		.byte	4
 1557 05f8 0A       		.byte	10
 1558 05f9 20       		.byte	32
 1559 05fa 0B       		.byte	11
 1560 05fb 08       		.byte	8
 1561 05fc 0C       		.byte	12
 1562 05fd 0A       		.byte	10
 1563 05fe 0E       		.byte	14
 1564 05ff 06       		.byte	6
 1565 0600 14       		.byte	20
 1566 0601 22       		.byte	34
 1567 0602 15       		.byte	21
 1568 0603 12       		.byte	18
 1569 0604 19       		.byte	25
 1570 0605 10       		.byte	16
 1571 0606 1A       		.byte	26
 1572 0607 A0       		.byte	-96
 1573 0608 1D       		.byte	29
 1574 0609 0C       		.byte	12
 1575 060a 1E       		.byte	30
 1576 060b 04       		.byte	4
 1577 060c 1F       		.byte	31
 1578 060d 41       		.byte	65
 1579 060e 21       		.byte	33
 1580 060f 02       		.byte	2
 1581 0610 22       		.byte	34
 1582 0611 04       		.byte	4
 1583 0612 25       		.byte	37
 1584 0613 40       		.byte	64
 1585 0614 27       		.byte	39
 1586 0615 40       		.byte	64
 1587 0616 2F       		.byte	47
 1588 0617 40       		.byte	64
 1589 0618 31       		.byte	49
 1590 0619 02       		.byte	2
 1591 061a 36       		.byte	54
 1592 061b 02       		.byte	2
 1593 061c 37       		.byte	55
 1594 061d 60       		.byte	96
 1595 061e 38       		.byte	56
 1596 061f 01       		.byte	1
ARM GAS  C:\Users\Susanna\AppData\Local\Temp\ccgo0ja7.s 			page 29


 1597 0620 3B       		.byte	59
 1598 0621 12       		.byte	18
 1599 0622 3E       		.byte	62
 1600 0623 02       		.byte	2
 1601 0624 3F       		.byte	63
 1602 0625 04       		.byte	4
 1603 0626 43       		.byte	67
 1604 0627 02       		.byte	2
 1605 0628 48       		.byte	72
 1606 0629 10       		.byte	16
 1607 062a 4B       		.byte	75
 1608 062b 20       		.byte	32
 1609 062c 4E       		.byte	78
 1610 062d 88       		.byte	-120
 1611 062e 52       		.byte	82
 1612 062f 40       		.byte	64
 1613 0630 53       		.byte	83
 1614 0631 14       		.byte	20
 1615 0632 56       		.byte	86
 1616 0633 08       		.byte	8
 1617 0634 59       		.byte	89
 1618 0635 09       		.byte	9
 1619 0636 5B       		.byte	91
 1620 0637 80       		.byte	-128
 1621 0638 5C       		.byte	92
 1622 0639 01       		.byte	1
 1623 063a 66       		.byte	102
 1624 063b 10       		.byte	16
 1625 063c 67       		.byte	103
 1626 063d 01       		.byte	1
 1627 063e 70       		.byte	112
 1628 063f 01       		.byte	1
 1629 0640 8D       		.byte	-115
 1630 0641 10       		.byte	16
 1631 0642 8F       		.byte	-113
 1632 0643 40       		.byte	64
 1633 0644 93       		.byte	-109
 1634 0645 10       		.byte	16
 1635 0646 94       		.byte	-108
 1636 0647 22       		.byte	34
 1637 0648 96       		.byte	-106
 1638 0649 80       		.byte	-128
 1639 064a 97       		.byte	-105
 1640 064b 20       		.byte	32
 1641 064c 98       		.byte	-104
 1642 064d 60       		.byte	96
 1643 064e 99       		.byte	-103
 1644 064f 09       		.byte	9
 1645 0650 9B       		.byte	-101
 1646 0651 80       		.byte	-128
 1647 0652 9E       		.byte	-98
 1648 0653 08       		.byte	8
 1649 0654 9F       		.byte	-97
 1650 0655 01       		.byte	1
 1651 0656 A2       		.byte	-94
 1652 0657 0B       		.byte	11
 1653 0658 A3       		.byte	-93
ARM GAS  C:\Users\Susanna\AppData\Local\Temp\ccgo0ja7.s 			page 30


 1654 0659 02       		.byte	2
 1655 065a A4       		.byte	-92
 1656 065b 18       		.byte	24
 1657 065c A6       		.byte	-90
 1658 065d 80       		.byte	-128
 1659 065e AB       		.byte	-85
 1660 065f 01       		.byte	1
 1661 0660 AC       		.byte	-84
 1662 0661 10       		.byte	16
 1663 0662 AE       		.byte	-82
 1664 0663 01       		.byte	1
 1665 0664 B1       		.byte	-79
 1666 0665 10       		.byte	16
 1667 0666 B3       		.byte	-77
 1668 0667 01       		.byte	1
 1669 0668 C0       		.byte	-64
 1670 0669 69       		.byte	105
 1671 066a C2       		.byte	-62
 1672 066b F6       		.byte	-10
 1673 066c C4       		.byte	-60
 1674 066d F0       		.byte	-16
 1675 066e CA       		.byte	-54
 1676 066f 80       		.byte	-128
 1677 0670 CC       		.byte	-52
 1678 0671 B1       		.byte	-79
 1679 0672 CE       		.byte	-50
 1680 0673 C4       		.byte	-60
 1681 0674 D0       		.byte	-48
 1682 0675 01       		.byte	1
 1683 0676 D2       		.byte	-46
 1684 0677 24       		.byte	36
 1685 0678 D6       		.byte	-42
 1686 0679 8B       		.byte	-117
 1687 067a D8       		.byte	-40
 1688 067b 30       		.byte	48
 1689 067c E2       		.byte	-30
 1690 067d 50       		.byte	80
 1691 067e E8       		.byte	-24
 1692 067f 01       		.byte	1
 1693 0680 16       		.byte	22
 1694 0681 02       		.byte	2
 1695 0682 1A       		.byte	26
 1696 0683 04       		.byte	4
 1697 0684 2E       		.byte	46
 1698 0685 05       		.byte	5
 1699 0686 34       		.byte	52
 1700 0687 06       		.byte	6
 1701 0688 36       		.byte	54
 1702 0689 01       		.byte	1
 1703 068a 3E       		.byte	62
 1704 068b 10       		.byte	16
 1705 068c 58       		.byte	88
 1706 068d 04       		.byte	4
 1707 068e 5C       		.byte	92
 1708 068f 02       		.byte	2
 1709 0690 5F       		.byte	95
 1710 0691 01       		.byte	1
ARM GAS  C:\Users\Susanna\AppData\Local\Temp\ccgo0ja7.s 			page 31


 1711 0692 05       		.byte	5
 1712 0693 01       		.byte	1
 1713 0694 06       		.byte	6
 1714 0695 05       		.byte	5
 1715 0696 07       		.byte	7
 1716 0697 10       		.byte	16
 1717 0698 09       		.byte	9
 1718 0699 08       		.byte	8
 1719 069a 0A       		.byte	10
 1720 069b 04       		.byte	4
 1721 069c 0C       		.byte	12
 1722 069d 02       		.byte	2
 1723 069e 0D       		.byte	13
 1724 069f 08       		.byte	8
 1725 06a0 0E       		.byte	14
 1726 06a1 05       		.byte	5
 1727 06a2 10       		.byte	16
 1728 06a3 02       		.byte	2
 1729 06a4 14       		.byte	20
 1730 06a5 22       		.byte	34
 1731 06a6 15       		.byte	21
 1732 06a7 12       		.byte	18
 1733 06a8 1A       		.byte	26
 1734 06a9 01       		.byte	1
 1735 06aa 1B       		.byte	27
 1736 06ab 10       		.byte	16
 1737 06ac 1D       		.byte	29
 1738 06ad 22       		.byte	34
 1739 06ae 1E       		.byte	30
 1740 06af 40       		.byte	64
 1741 06b0 1F       		.byte	31
 1742 06b1 18       		.byte	24
 1743 06b2 24       		.byte	36
 1744 06b3 42       		.byte	66
 1745 06b4 25       		.byte	37
 1746 06b5 10       		.byte	16
 1747 06b6 26       		.byte	38
 1748 06b7 04       		.byte	4
 1749 06b8 2E       		.byte	46
 1750 06b9 40       		.byte	64
 1751 06ba 2F       		.byte	47
 1752 06bb 18       		.byte	24
 1753 06bc 34       		.byte	52
 1754 06bd 40       		.byte	64
 1755 06be 35       		.byte	53
 1756 06bf 01       		.byte	1
 1757 06c0 36       		.byte	54
 1758 06c1 03       		.byte	3
 1759 06c2 37       		.byte	55
 1760 06c3 14       		.byte	20
 1761 06c4 38       		.byte	56
 1762 06c5 02       		.byte	2
 1763 06c6 3B       		.byte	59
 1764 06c7 01       		.byte	1
 1765 06c8 3D       		.byte	61
 1766 06c9 30       		.byte	48
 1767 06ca 3E       		.byte	62
ARM GAS  C:\Users\Susanna\AppData\Local\Temp\ccgo0ja7.s 			page 32


 1768 06cb 0A       		.byte	10
 1769 06cc 3F       		.byte	63
 1770 06cd 80       		.byte	-128
 1771 06ce 44       		.byte	68
 1772 06cf 20       		.byte	32
 1773 06d0 45       		.byte	69
 1774 06d1 22       		.byte	34
 1775 06d2 47       		.byte	71
 1776 06d3 04       		.byte	4
 1777 06d4 4E       		.byte	78
 1778 06d5 02       		.byte	2
 1779 06d6 4F       		.byte	79
 1780 06d7 24       		.byte	36
 1781 06d8 57       		.byte	87
 1782 06d9 40       		.byte	64
 1783 06da 5E       		.byte	94
 1784 06db 08       		.byte	8
 1785 06dc 6C       		.byte	108
 1786 06dd 18       		.byte	24
 1787 06de 6F       		.byte	111
 1788 06df 01       		.byte	1
 1789 06e0 76       		.byte	118
 1790 06e1 0F       		.byte	15
 1791 06e2 77       		.byte	119
 1792 06e3 10       		.byte	16
 1793 06e4 80       		.byte	-128
 1794 06e5 40       		.byte	64
 1795 06e6 84       		.byte	-124
 1796 06e7 02       		.byte	2
 1797 06e8 87       		.byte	-121
 1798 06e9 08       		.byte	8
 1799 06ea 88       		.byte	-120
 1800 06eb 02       		.byte	2
 1801 06ec 89       		.byte	-119
 1802 06ed 01       		.byte	1
 1803 06ee 8B       		.byte	-117
 1804 06ef 10       		.byte	16
 1805 06f0 8F       		.byte	-113
 1806 06f1 20       		.byte	32
 1807 06f2 92       		.byte	-110
 1808 06f3 04       		.byte	4
 1809 06f4 94       		.byte	-108
 1810 06f5 20       		.byte	32
 1811 06f6 95       		.byte	-107
 1812 06f7 12       		.byte	18
 1813 06f8 97       		.byte	-105
 1814 06f9 05       		.byte	5
 1815 06fa 98       		.byte	-104
 1816 06fb 60       		.byte	96
 1817 06fc 9C       		.byte	-100
 1818 06fd 02       		.byte	2
 1819 06fe 9F       		.byte	-97
 1820 06ff 21       		.byte	33
 1821 0700 A1       		.byte	-95
 1822 0701 08       		.byte	8
 1823 0702 A2       		.byte	-94
 1824 0703 01       		.byte	1
ARM GAS  C:\Users\Susanna\AppData\Local\Temp\ccgo0ja7.s 			page 33


 1825 0704 A4       		.byte	-92
 1826 0705 0A       		.byte	10
 1827 0706 AD       		.byte	-83
 1828 0707 40       		.byte	64
 1829 0708 AE       		.byte	-82
 1830 0709 14       		.byte	20
 1831 070a B6       		.byte	-74
 1832 070b 02       		.byte	2
 1833 070c C0       		.byte	-64
 1834 070d F0       		.byte	-16
 1835 070e C2       		.byte	-62
 1836 070f F6       		.byte	-10
 1837 0710 C4       		.byte	-60
 1838 0711 F1       		.byte	-15
 1839 0712 CA       		.byte	-54
 1840 0713 70       		.byte	112
 1841 0714 CC       		.byte	-52
 1842 0715 F0       		.byte	-16
 1843 0716 CE       		.byte	-50
 1844 0717 F0       		.byte	-16
 1845 0718 D0       		.byte	-48
 1846 0719 E0       		.byte	-32
 1847 071a D2       		.byte	-46
 1848 071b 30       		.byte	48
 1849 071c D6       		.byte	-42
 1850 071d 40       		.byte	64
 1851 071e E0       		.byte	-32
 1852 071f 01       		.byte	1
 1853 0720 E4       		.byte	-28
 1854 0721 15       		.byte	21
 1855 0722 E8       		.byte	-24
 1856 0723 40       		.byte	64
 1857 0724 EA       		.byte	-22
 1858 0725 05       		.byte	5
 1859 0726 EC       		.byte	-20
 1860 0727 10       		.byte	16
 1861 0728 EE       		.byte	-18
 1862 0729 04       		.byte	4
 1863 072a 33       		.byte	51
 1864 072b 22       		.byte	34
 1865 072c 35       		.byte	53
 1866 072d 20       		.byte	32
 1867 072e 37       		.byte	55
 1868 072f 04       		.byte	4
 1869 0730 39       		.byte	57
 1870 0731 80       		.byte	-128
 1871 0732 85       		.byte	-123
 1872 0733 20       		.byte	32
 1873 0734 8D       		.byte	-115
 1874 0735 40       		.byte	64
 1875 0736 CC       		.byte	-52
 1876 0737 F0       		.byte	-16
 1877 0738 CE       		.byte	-50
 1878 0739 10       		.byte	16
 1879 073a E6       		.byte	-26
 1880 073b 40       		.byte	64
 1881 073c 63       		.byte	99
ARM GAS  C:\Users\Susanna\AppData\Local\Temp\ccgo0ja7.s 			page 34


 1882 073d 08       		.byte	8
 1883 073e 66       		.byte	102
 1884 073f 08       		.byte	8
 1885 0740 A7       		.byte	-89
 1886 0741 22       		.byte	34
 1887 0742 AB       		.byte	-85
 1888 0743 04       		.byte	4
 1889 0744 D8       		.byte	-40
 1890 0745 C0       		.byte	-64
 1891 0746 EA       		.byte	-22
 1892 0747 80       		.byte	-128
 1893 0748 3E       		.byte	62
 1894 0749 10       		.byte	16
 1895 074a 86       		.byte	-122
 1896 074b 08       		.byte	8
 1897 074c 9E       		.byte	-98
 1898 074d 08       		.byte	8
 1899 074e A7       		.byte	-89
 1900 074f 26       		.byte	38
 1901 0750 CE       		.byte	-50
 1902 0751 20       		.byte	32
 1903 0752 E6       		.byte	-26
 1904 0753 40       		.byte	64
 1905 0754 6A       		.byte	106
 1906 0755 02       		.byte	2
 1907 0756 86       		.byte	-122
 1908 0757 01       		.byte	1
 1909 0758 87       		.byte	-121
 1910 0759 02       		.byte	2
 1911 075a 96       		.byte	-106
 1912 075b 10       		.byte	16
 1913 075c A7       		.byte	-89
 1914 075d 26       		.byte	38
 1915 075e DC       		.byte	-36
 1916 075f 20       		.byte	32
 1917 0760 E2       		.byte	-30
 1918 0761 10       		.byte	16
 1919 0762 E6       		.byte	-26
 1920 0763 40       		.byte	64
 1921 0764 13       		.byte	19
 1922 0765 01       		.byte	1
 1923 0766 7F       		.byte	127
 1924 0767 10       		.byte	16
 1925 0768 C4       		.byte	-60
 1926 0769 08       		.byte	8
 1927 076a DE       		.byte	-34
 1928 076b 01       		.byte	1
 1929 076c 02       		.byte	2
 1930 076d 10       		.byte	16
 1931 076e 03       		.byte	3
 1932 076f 04       		.byte	4
 1933 0770 5F       		.byte	95
 1934 0771 80       		.byte	-128
 1935 0772 87       		.byte	-121
 1936 0773 10       		.byte	16
 1937 0774 97       		.byte	-105
 1938 0775 20       		.byte	32
ARM GAS  C:\Users\Susanna\AppData\Local\Temp\ccgo0ja7.s 			page 35


 1939 0776 AB       		.byte	-85
 1940 0777 01       		.byte	1
 1941 0778 C0       		.byte	-64
 1942 0779 0A       		.byte	10
 1943 077a D6       		.byte	-42
 1944 077b 04       		.byte	4
 1945 077c 45       		.byte	69
 1946 077d 08       		.byte	8
 1947 077e 9A       		.byte	-102
 1948 077f 10       		.byte	16
 1949 0780 9B       		.byte	-101
 1950 0781 04       		.byte	4
 1951 0782 9F       		.byte	-97
 1952 0783 80       		.byte	-128
 1953 0784 D0       		.byte	-48
 1954 0785 01       		.byte	1
 1955 0786 9F       		.byte	-97
 1956 0787 80       		.byte	-128
 1957 0788 A5       		.byte	-91
 1958 0789 08       		.byte	8
 1959 078a B2       		.byte	-78
 1960 078b 10       		.byte	16
 1961 078c B7       		.byte	-73
 1962 078d 04       		.byte	4
 1963 078e EE       		.byte	-18
 1964 078f 0C       		.byte	12
 1965 0790 25       		.byte	37
 1966 0791 10       		.byte	16
 1967 0792 83       		.byte	-125
 1968 0793 04       		.byte	4
 1969 0794 8F       		.byte	-113
 1970 0795 01       		.byte	1
 1971 0796 96       		.byte	-106
 1972 0797 10       		.byte	16
 1973 0798 A7       		.byte	-89
 1974 0799 24       		.byte	36
 1975 079a C8       		.byte	-56
 1976 079b 20       		.byte	32
 1977 079c E6       		.byte	-26
 1978 079d 20       		.byte	32
 1979 079e 12       		.byte	18
 1980 079f 20       		.byte	32
 1981 07a0 17       		.byte	23
 1982 07a1 04       		.byte	4
 1983 07a2 59       		.byte	89
 1984 07a3 08       		.byte	8
 1985 07a4 66       		.byte	102
 1986 07a5 08       		.byte	8
 1987 07a6 67       		.byte	103
 1988 07a7 02       		.byte	2
 1989 07a8 75       		.byte	117
 1990 07a9 02       		.byte	2
 1991 07aa 7B       		.byte	123
 1992 07ab 02       		.byte	2
 1993 07ac 82       		.byte	-126
 1994 07ad 20       		.byte	32
 1995 07ae 83       		.byte	-125
ARM GAS  C:\Users\Susanna\AppData\Local\Temp\ccgo0ja7.s 			page 36


 1996 07af 04       		.byte	4
 1997 07b0 8D       		.byte	-115
 1998 07b1 08       		.byte	8
 1999 07b2 8E       		.byte	-114
 2000 07b3 08       		.byte	8
 2001 07b4 93       		.byte	-109
 2002 07b5 02       		.byte	2
 2003 07b6 99       		.byte	-103
 2004 07b7 02       		.byte	2
 2005 07b8 A3       		.byte	-93
 2006 07b9 02       		.byte	2
 2007 07ba A9       		.byte	-87
 2008 07bb 02       		.byte	2
 2009 07bc AA       		.byte	-86
 2010 07bd 10       		.byte	16
 2011 07be AB       		.byte	-85
 2012 07bf 02       		.byte	2
 2013 07c0 AF       		.byte	-81
 2014 07c1 20       		.byte	32
 2015 07c2 B5       		.byte	-75
 2016 07c3 10       		.byte	16
 2017 07c4 C4       		.byte	-60
 2018 07c5 30       		.byte	48
 2019 07c6 D6       		.byte	-42
 2020 07c7 C0       		.byte	-64
 2021 07c8 D8       		.byte	-40
 2022 07c9 80       		.byte	-128
 2023 07ca DC       		.byte	-36
 2024 07cb 80       		.byte	-128
 2025 07cc DE       		.byte	-34
 2026 07cd 20       		.byte	32
 2027 07ce E0       		.byte	-32
 2028 07cf 80       		.byte	-128
 2029 07d0 E4       		.byte	-28
 2030 07d1 80       		.byte	-128
 2031 07d2 EA       		.byte	-22
 2032 07d3 A0       		.byte	-96
 2033 07d4 EE       		.byte	-18
 2034 07d5 30       		.byte	48
 2035 07d6 13       		.byte	19
 2036 07d7 28       		.byte	40
 2037 07d8 14       		.byte	20
 2038 07d9 20       		.byte	32
 2039 07da 7B       		.byte	123
 2040 07db 10       		.byte	16
 2041 07dc 7D       		.byte	125
 2042 07dd 20       		.byte	32
 2043 07de A5       		.byte	-91
 2044 07df 08       		.byte	8
 2045 07e0 AB       		.byte	-85
 2046 07e1 80       		.byte	-128
 2047 07e2 C4       		.byte	-60
 2048 07e3 0E       		.byte	14
 2049 07e4 DE       		.byte	-34
 2050 07e5 03       		.byte	3
 2051 07e6 10       		.byte	16
 2052 07e7 80       		.byte	-128
ARM GAS  C:\Users\Susanna\AppData\Local\Temp\ccgo0ja7.s 			page 37


 2053 07e8 70       		.byte	112
 2054 07e9 01       		.byte	1
 2055 07ea 80       		.byte	-128
 2056 07eb 01       		.byte	1
 2057 07ec 81       		.byte	-127
 2058 07ed 10       		.byte	16
 2059 07ee 83       		.byte	-125
 2060 07ef 10       		.byte	16
 2061 07f0 88       		.byte	-120
 2062 07f1 80       		.byte	-128
 2063 07f2 A5       		.byte	-91
 2064 07f3 10       		.byte	16
 2065 07f4 A7       		.byte	-89
 2066 07f5 10       		.byte	16
 2067 07f6 A8       		.byte	-88
 2068 07f7 20       		.byte	32
 2069 07f8 AB       		.byte	-85
 2070 07f9 28       		.byte	40
 2071 07fa B5       		.byte	-75
 2072 07fb 08       		.byte	8
 2073 07fc C4       		.byte	-60
 2074 07fd 08       		.byte	8
 2075 07fe DC       		.byte	-36
 2076 07ff 01       		.byte	1
 2077 0800 E6       		.byte	-26
 2078 0801 01       		.byte	1
 2079 0802 EC       		.byte	-20
 2080 0803 08       		.byte	8
 2081 0804 00       		.byte	0
 2082 0805 F6       		.byte	-10
 2083 0806 0A       		.byte	10
 2084 0807 22       		.byte	34
 2085 0808 0C       		.byte	12
 2086 0809 F4       		.byte	-12
 2087 080a 10       		.byte	16
 2088 080b 76       		.byte	118
 2089 080c 1A       		.byte	26
 2090 080d 22       		.byte	34
 2091 080e 1C       		.byte	28
 2092 080f 76       		.byte	118
 2093 0810 00       		.byte	0
 2094 0811 FF       		.byte	-1
 2095 0812 01       		.byte	1
 2096 0813 03       		.byte	3
 2097 0814 03       		.byte	3
 2098 0815 C0       		.byte	-64
 2099 0816 00       		.byte	0
 2100 0817 00       		.byte	0
 2101 0818 02       		.byte	2
 2102 0819 80       		.byte	-128
 2103 081a 00       		.byte	0
 2104 081b 00       		.byte	0
 2105 081c 43       		.byte	67
 2106 081d 00       		.byte	0
 2107 081e 00       		.byte	0
 2108 081f 00       		.byte	0
 2109 0820 00       		.byte	0
ARM GAS  C:\Users\Susanna\AppData\Local\Temp\ccgo0ja7.s 			page 38


 2110 0821 02       		.byte	2
 2111 0822 00       		.byte	0
 2112 0823 0D       		.byte	13
 2113 0824 0A       		.byte	10
 2114 0825 40       		.byte	64
 2115 0826 10       		.byte	16
 2116 0827 00       		.byte	0
 2117 0828 01       		.byte	1
 2118 0829 8D       		.byte	-115
 2119 082a 00       		.byte	0
 2120 082b 00       		.byte	0
 2121 082c 84       		.byte	-124
 2122 082d 00       		.byte	0
 2123 082e 00       		.byte	0
 2124 082f 80       		.byte	-128
 2125 0830 04       		.byte	4
 2126 0831 0D       		.byte	13
 2127 0832 00       		.byte	0
 2128 0833 80       		.byte	-128
 2129 0834 07       		.byte	7
 2130 0835 42       		.byte	66
 2131 0836 38       		.byte	56
 2132 0837 08       		.byte	8
 2133 0838 56       		.byte	86
 2134 0839 8D       		.byte	-115
 2135 083a 09       		.byte	9
 2136 083b 00       		.byte	0
 2137 083c 84       		.byte	-124
 2138 083d 8D       		.byte	-115
 2139 083e 00       		.byte	0
 2140 083f 00       		.byte	0
 2141 0840 04       		.byte	4
 2142 0841 8D       		.byte	-115
 2143 0842 80       		.byte	-128
 2144 0843 00       		.byte	0
 2145 0844 84       		.byte	-124
 2146 0845 62       		.byte	98
 2147 0846 00       		.byte	0
 2148 0847 14       		.byte	20
 2149 0848 80       		.byte	-128
 2150 0849 11       		.byte	17
 2151 084a 04       		.byte	4
 2152 084b 22       		.byte	34
 2153 084c 60       		.byte	96
 2154 084d 00       		.byte	0
 2155 084e 00       		.byte	0
 2156 084f 00       		.byte	0
 2157 0850 08       		.byte	8
 2158 0851 00       		.byte	0
 2159 0852 7F       		.byte	127
 2160 0853 80       		.byte	-128
 2161 0854 80       		.byte	-128
 2162 0855 70       		.byte	112
 2163 0856 02       		.byte	2
 2164 0857 0F       		.byte	15
 2165 0858 08       		.byte	8
 2166 0859 00       		.byte	0
ARM GAS  C:\Users\Susanna\AppData\Local\Temp\ccgo0ja7.s 			page 39


 2167 085a 00       		.byte	0
 2168 085b A0       		.byte	-96
 2169 085c 00       		.byte	0
 2170 085d 00       		.byte	0
 2171 085e 51       		.byte	81
 2172 085f 04       		.byte	4
 2173 0860 24       		.byte	36
 2174 0861 03       		.byte	3
 2175 0862 60       		.byte	96
 2176 0863 00       		.byte	0
 2177 0864 05       		.byte	5
 2178 0865 0E       		.byte	14
 2179 0866 FD       		.byte	-3
 2180 0867 BC       		.byte	-68
 2181 0868 3D       		.byte	61
 2182 0869 FF       		.byte	-1
 2183 086a FF       		.byte	-1
 2184 086b FF       		.byte	-1
 2185 086c 22       		.byte	34
 2186 086d 00       		.byte	0
 2187 086e F0       		.byte	-16
 2188 086f 08       		.byte	8
 2189 0870 04       		.byte	4
 2190 0871 00       		.byte	0
 2191 0872 00       		.byte	0
 2192 0873 00       		.byte	0
 2193 0874 00       		.byte	0
 2194 0875 00       		.byte	0
 2195 0876 02       		.byte	2
 2196 0877 2C       		.byte	44
 2197 0878 04       		.byte	4
 2198 0879 04       		.byte	4
 2199 087a 04       		.byte	4
 2200 087b 04       		.byte	4
 2201 087c 11       		.byte	17
 2202 087d 11       		.byte	17
 2203 087e 00       		.byte	0
 2204 087f 01       		.byte	1
 2205 0880 00       		.byte	0
 2206 0881 00       		.byte	0
 2207 0882 C0       		.byte	-64
 2208 0883 00       		.byte	0
 2209 0884 40       		.byte	64
 2210 0885 01       		.byte	1
 2211 0886 10       		.byte	16
 2212 0887 11       		.byte	17
 2213 0888 C0       		.byte	-64
 2214 0889 01       		.byte	1
 2215 088a 00       		.byte	0
 2216 088b 11       		.byte	17
 2217 088c 40       		.byte	64
 2218 088d 01       		.byte	1
 2219 088e 40       		.byte	64
 2220 088f 01       		.byte	1
 2221 0890 00       		.byte	0
 2222 0891 00       		.byte	0
 2223 0892 00       		.byte	0
ARM GAS  C:\Users\Susanna\AppData\Local\Temp\ccgo0ja7.s 			page 40


 2224 0893 00       		.byte	0
 2225 0894 00       		.byte	0
 2226 0895 00       		.byte	0
 2227 0896 00       		.byte	0
 2228 0897 00       		.byte	0
 2229 0898 00       		.byte	0
 2230 0899 00       		.byte	0
 2231 089a 00       		.byte	0
 2232 089b 00       		.byte	0
 2233 089c 00       		.byte	0
 2234 089d 00       		.byte	0
 2235 089e 00       		.byte	0
 2236 089f 00       		.byte	0
 2237 08a0 FF       		.byte	-1
 2238 08a1 10       		.byte	16
 2239 08a2 00       		.byte	0
 2240 08a3 00       		.byte	0
 2241 08a4 18       		.byte	24
 2242 08a5 08       		.byte	8
 2243 08a6 00       		.byte	0
 2244 08a7 00       		.byte	0
 2245 08a8 08       		.byte	8
 2246 08a9 1A       		.byte	26
 2247 08aa 00       		.byte	0
 2248 08ab 04       		.byte	4
 2249 08ac 10       		.byte	16
 2250 08ad 00       		.byte	0
 2251 08ae 00       		.byte	0
 2252 08af 01       		.byte	1
 2253 08b0 44       		.byte	68
 2254 08b1 1E       		.byte	30
 2255 08b2 00       		.byte	0
 2256 08b3 00       		.byte	0
 2257 08b4 C0       		.byte	-64
 2258 08b5 00       		.byte	0
 2259 08b6 00       		.byte	0
 2260 08b7 04       		.byte	4
 2261 08b8 80       		.byte	-128
 2262 08b9 18       		.byte	24
 2263 08ba 00       		.byte	0
 2264 08bb 00       		.byte	0
 2265 08bc 00       		.byte	0
 2266 08bd 20       		.byte	32
 2267 08be 04       		.byte	4
 2268 08bf 00       		.byte	0
 2269 08c0 E7       		.byte	-25
 2270 08c1 00       		.byte	0
 2271 08c2 18       		.byte	24
 2272 08c3 00       		.byte	0
 2273 08c4 00       		.byte	0
 2274 08c5 06       		.byte	6
 2275 08c6 E3       		.byte	-29
 2276 08c7 18       		.byte	24
 2277 08c8 DC       		.byte	-36
 2278 08c9 1A       		.byte	26
 2279 08ca 21       		.byte	33
 2280 08cb 04       		.byte	4
ARM GAS  C:\Users\Susanna\AppData\Local\Temp\ccgo0ja7.s 			page 41


 2281 08cc 3C       		.byte	60
 2282 08cd 00       		.byte	0
 2283 08ce C2       		.byte	-62
 2284 08cf 01       		.byte	1
 2285 08d0 38       		.byte	56
 2286 08d1 20       		.byte	32
 2287 08d2 1F       		.byte	31
 2288 08d3 02       		.byte	2
 2289 08d4 D8       		.byte	-40
 2290 08d5 1C       		.byte	28
 2291 08d6 00       		.byte	0
 2292 08d7 01       		.byte	1
 2293 08d8 00       		.byte	0
 2294 08d9 00       		.byte	0
 2295 08da 28       		.byte	40
 2296 08db 20       		.byte	32
 2297 08dc 00       		.byte	0
 2298 08dd 00       		.byte	0
 2299 08de 00       		.byte	0
 2300 08df 45       		.byte	69
 2301 08e0 23       		.byte	35
 2302 08e1 05       		.byte	5
 2303 08e2 04       		.byte	4
 2304 08e3 00       		.byte	0
 2305 08e4 06       		.byte	6
 2306 08e5 0E       		.byte	14
 2307 08e6 0C       		.byte	12
 2308 08e7 00       		.byte	0
 2309 08e8 05       		.byte	5
 2310 08e9 FF       		.byte	-1
 2311 08ea FF       		.byte	-1
 2312 08eb FF       		.byte	-1
 2313 08ec 62       		.byte	98
 2314 08ed A0       		.byte	-96
 2315 08ee F0       		.byte	-16
 2316 08ef 41       		.byte	65
 2317 08f0 0C       		.byte	12
 2318 08f1 00       		.byte	0
 2319 08f2 00       		.byte	0
 2320 08f3 00       		.byte	0
 2321 08f4 00       		.byte	0
 2322 08f5 00       		.byte	0
 2323 08f6 02       		.byte	2
 2324 08f7 12       		.byte	18
 2325 08f8 04       		.byte	4
 2326 08f9 04       		.byte	4
 2327 08fa 04       		.byte	4
 2328 08fb 04       		.byte	4
 2329 08fc 22       		.byte	34
 2330 08fd 22       		.byte	34
 2331 08fe 00       		.byte	0
 2332 08ff 01       		.byte	1
 2333 0900 00       		.byte	0
 2334 0901 00       		.byte	0
 2335 0902 00       		.byte	0
 2336 0903 00       		.byte	0
 2337 0904 00       		.byte	0
ARM GAS  C:\Users\Susanna\AppData\Local\Temp\ccgo0ja7.s 			page 42


 2338 0905 00       		.byte	0
 2339 0906 40       		.byte	64
 2340 0907 02       		.byte	2
 2341 0908 00       		.byte	0
 2342 0909 10       		.byte	16
 2343 090a 30       		.byte	48
 2344 090b 10       		.byte	16
 2345 090c 00       		.byte	0
 2346 090d 10       		.byte	16
 2347 090e 10       		.byte	16
 2348 090f 12       		.byte	18
 2349 0910 00       		.byte	0
 2350 0911 00       		.byte	0
 2351 0912 00       		.byte	0
 2352 0913 00       		.byte	0
 2353 0914 00       		.byte	0
 2354 0915 00       		.byte	0
 2355 0916 00       		.byte	0
 2356 0917 00       		.byte	0
 2357 0918 00       		.byte	0
 2358 0919 00       		.byte	0
 2359 091a 00       		.byte	0
 2360 091b 00       		.byte	0
 2361 091c 00       		.byte	0
 2362 091d 00       		.byte	0
 2363 091e 00       		.byte	0
 2364 091f 00       		.byte	0
 2365 0920 00       		.byte	0
 2366 0921 60       		.byte	96
 2367 0922 60       		.byte	96
 2368 0923 00       		.byte	0
 2369 0924 60       		.byte	96
 2370 0925 00       		.byte	0
 2371 0926 00       		.byte	0
 2372 0927 00       		.byte	0
 2373 0928 93       		.byte	-109
 2374 0929 00       		.byte	0
 2375 092a 50       		.byte	80
 2376 092b 80       		.byte	-128
 2377 092c 83       		.byte	-125
 2378 092d 00       		.byte	0
 2379 092e 83       		.byte	-125
 2380 092f 00       		.byte	0
 2381 0930 00       		.byte	0
 2382 0931 00       		.byte	0
 2383 0932 00       		.byte	0
 2384 0933 00       		.byte	0
 2385 0934 00       		.byte	0
 2386 0935 0B       		.byte	11
 2387 0936 0B       		.byte	11
 2388 0937 00       		.byte	0
 2389 0938 00       		.byte	0
 2390 0939 00       		.byte	0
 2391 093a 00       		.byte	0
 2392 093b 00       		.byte	0
 2393 093c 14       		.byte	20
 2394 093d 00       		.byte	0
ARM GAS  C:\Users\Susanna\AppData\Local\Temp\ccgo0ja7.s 			page 43


 2395 093e 01       		.byte	1
 2396 093f 16       		.byte	22
 2397 0940 12       		.byte	18
 2398 0941 00       		.byte	0
 2399 0942 02       		.byte	2
 2400 0943 00       		.byte	0
 2401 0944 00       		.byte	0
 2402 0945 00       		.byte	0
 2403 0946 00       		.byte	0
 2404 0947 00       		.byte	0
 2405 0948 E0       		.byte	-32
 2406 0949 00       		.byte	0
 2407 094a 04       		.byte	4
 2408 094b E0       		.byte	-32
 2409 094c E0       		.byte	-32
 2410 094d 00       		.byte	0
 2411 094e E0       		.byte	-32
 2412 094f 00       		.byte	0
 2413 0950 08       		.byte	8
 2414 0951 00       		.byte	0
 2415 0952 00       		.byte	0
 2416 0953 00       		.byte	0
 2417 0954 25       		.byte	37
 2418 0955 00       		.byte	0
 2419 0956 18       		.byte	24
 2420 0957 01       		.byte	1
 2421              		.section	.cywolatch,"a",%progbits
 2422              		.align	2
 2423              		.type	cy_meta_wonvl, %object
 2424              		.size	cy_meta_wonvl, 4
 2425              	cy_meta_wonvl:
 2426 0000 BC       		.byte	-68
 2427 0001 90       		.byte	-112
 2428 0002 AC       		.byte	-84
 2429 0003 AF       		.byte	-81
 2430              		.section	.cycustnvl,"a",%progbits
 2431              		.align	2
 2432              		.type	cy_meta_custnvl, %object
 2433              		.size	cy_meta_custnvl, 4
 2434              	cy_meta_custnvl:
 2435 0000 00       		.byte	0
 2436 0001 00       		.byte	0
 2437 0002 40       		.byte	64
 2438 0003 05       		.byte	5
 2439              		.section	.cymeta,"a",%progbits
 2440              		.align	2
 2441              		.type	cy_metadata, %object
 2442              		.size	cy_metadata, 12
 2443              	cy_metadata:
 2444 0000 00       		.byte	0
 2445 0001 01       		.byte	1
 2446 0002 2E       		.byte	46
 2447 0003 16       		.byte	22
 2448 0004 10       		.byte	16
 2449 0005 69       		.byte	105
 2450 0006 00       		.byte	0
 2451 0007 01       		.byte	1
ARM GAS  C:\Users\Susanna\AppData\Local\Temp\ccgo0ja7.s 			page 44


 2452 0008 00       		.byte	0
 2453 0009 00       		.byte	0
 2454 000a 00       		.byte	0
 2455 000b 00       		.byte	0
 2456              		.section	.cyflashprotect,"a",%progbits
 2457              		.align	2
 2458              		.type	cy_meta_flashprotect, %object
 2459              		.size	cy_meta_flashprotect, 256
 2460              	cy_meta_flashprotect:
 2461 0000 00000000 		.space	256
 2461      00000000 
 2461      00000000 
 2461      00000000 
 2461      00000000 
 2462              		.text
 2463              	.Letext0:
 2464              		.file 1 "c:\\program files (x86)\\cypress\\psoc creator\\4.3\\psoc creator\\import\\gnu\\arm\\5.4.
 2465              		.file 2 "c:\\program files (x86)\\cypress\\psoc creator\\4.3\\psoc creator\\import\\gnu\\arm\\5.4.
 2466              		.file 3 "Generated_Source\\PSoC5\\cymetadata.c"
 2467              		.section	.debug_info,"",%progbits
 2468              	.Ldebug_info0:
 2469 0000 35010000 		.4byte	0x135
 2470 0004 0400     		.2byte	0x4
 2471 0006 00000000 		.4byte	.Ldebug_abbrev0
 2472 000a 04       		.byte	0x4
 2473 000b 01       		.uleb128 0x1
 2474 000c 31000000 		.4byte	.LASF17
 2475 0010 0C       		.byte	0xc
 2476 0011 EC010000 		.4byte	.LASF18
 2477 0015 06010000 		.4byte	.LASF19
 2478 0019 00000000 		.4byte	.Ldebug_line0
 2479 001d 02       		.uleb128 0x2
 2480 001e 01       		.byte	0x1
 2481 001f 06       		.byte	0x6
 2482 0020 E0010000 		.4byte	.LASF0
 2483 0024 03       		.uleb128 0x3
 2484 0025 00000000 		.4byte	.LASF9
 2485 0029 01       		.byte	0x1
 2486 002a 1D       		.byte	0x1d
 2487 002b 2F000000 		.4byte	0x2f
 2488 002f 02       		.uleb128 0x2
 2489 0030 01       		.byte	0x1
 2490 0031 08       		.byte	0x8
 2491 0032 23000000 		.4byte	.LASF1
 2492 0036 02       		.uleb128 0x2
 2493 0037 02       		.byte	0x2
 2494 0038 05       		.byte	0x5
 2495 0039 CD010000 		.4byte	.LASF2
 2496 003d 02       		.uleb128 0x2
 2497 003e 02       		.byte	0x2
 2498 003f 07       		.byte	0x7
 2499 0040 D1000000 		.4byte	.LASF3
 2500 0044 02       		.uleb128 0x2
 2501 0045 04       		.byte	0x4
 2502 0046 05       		.byte	0x5
 2503 0047 D7010000 		.4byte	.LASF4
 2504 004b 02       		.uleb128 0x2
ARM GAS  C:\Users\Susanna\AppData\Local\Temp\ccgo0ja7.s 			page 45


 2505 004c 04       		.byte	0x4
 2506 004d 07       		.byte	0x7
 2507 004e BF000000 		.4byte	.LASF5
 2508 0052 02       		.uleb128 0x2
 2509 0053 08       		.byte	0x8
 2510 0054 05       		.byte	0x5
 2511 0055 BF010000 		.4byte	.LASF6
 2512 0059 02       		.uleb128 0x2
 2513 005a 08       		.byte	0x8
 2514 005b 07       		.byte	0x7
 2515 005c 74010000 		.4byte	.LASF7
 2516 0060 04       		.uleb128 0x4
 2517 0061 04       		.byte	0x4
 2518 0062 05       		.byte	0x5
 2519 0063 696E7400 		.ascii	"int\000"
 2520 0067 02       		.uleb128 0x2
 2521 0068 04       		.byte	0x4
 2522 0069 07       		.byte	0x7
 2523 006a 0A000000 		.4byte	.LASF8
 2524 006e 03       		.uleb128 0x3
 2525 006f 8B010000 		.4byte	.LASF10
 2526 0073 02       		.byte	0x2
 2527 0074 18       		.byte	0x18
 2528 0075 24000000 		.4byte	0x24
 2529 0079 05       		.uleb128 0x5
 2530 007a 91000000 		.4byte	0x91
 2531 007e 8A000000 		.4byte	0x8a
 2532 0082 06       		.uleb128 0x6
 2533 0083 8A000000 		.4byte	0x8a
 2534 0087 5709     		.2byte	0x957
 2535 0089 00       		.byte	0
 2536 008a 02       		.uleb128 0x2
 2537 008b 04       		.byte	0x4
 2538 008c 07       		.byte	0x7
 2539 008d B6010000 		.4byte	.LASF11
 2540 0091 07       		.uleb128 0x7
 2541 0092 6E000000 		.4byte	0x6e
 2542 0096 08       		.uleb128 0x8
 2543 0097 F4000000 		.4byte	.LASF12
 2544 009b 03       		.byte	0x3
 2545 009c 1F       		.byte	0x1f
 2546 009d A7000000 		.4byte	0xa7
 2547 00a1 05       		.uleb128 0x5
 2548 00a2 03       		.byte	0x3
 2549 00a3 00000000 		.4byte	cy_meta_configecc
 2550 00a7 07       		.uleb128 0x7
 2551 00a8 79000000 		.4byte	0x79
 2552 00ac 05       		.uleb128 0x5
 2553 00ad 91000000 		.4byte	0x91
 2554 00b1 BC000000 		.4byte	0xbc
 2555 00b5 09       		.uleb128 0x9
 2556 00b6 8A000000 		.4byte	0x8a
 2557 00ba 03       		.byte	0x3
 2558 00bb 00       		.byte	0
 2559 00bc 0A       		.uleb128 0xa
 2560 00bd E4000000 		.4byte	.LASF13
 2561 00c1 03       		.byte	0x3
ARM GAS  C:\Users\Susanna\AppData\Local\Temp\ccgo0ja7.s 			page 46


 2562 00c2 5701     		.2byte	0x157
 2563 00c4 CE000000 		.4byte	0xce
 2564 00c8 05       		.uleb128 0x5
 2565 00c9 03       		.byte	0x3
 2566 00ca 00000000 		.4byte	cy_meta_custnvl
 2567 00ce 07       		.uleb128 0x7
 2568 00cf AC000000 		.4byte	0xac
 2569 00d3 0A       		.uleb128 0xa
 2570 00d4 A8010000 		.4byte	.LASF14
 2571 00d8 03       		.byte	0x3
 2572 00d9 6501     		.2byte	0x165
 2573 00db E5000000 		.4byte	0xe5
 2574 00df 05       		.uleb128 0x5
 2575 00e0 03       		.byte	0x3
 2576 00e1 00000000 		.4byte	cy_meta_wonvl
 2577 00e5 07       		.uleb128 0x7
 2578 00e6 AC000000 		.4byte	0xac
 2579 00ea 05       		.uleb128 0x5
 2580 00eb 91000000 		.4byte	0x91
 2581 00ef FA000000 		.4byte	0xfa
 2582 00f3 09       		.uleb128 0x9
 2583 00f4 8A000000 		.4byte	0x8a
 2584 00f8 FF       		.byte	0xff
 2585 00f9 00       		.byte	0
 2586 00fa 0A       		.uleb128 0xa
 2587 00fb 93010000 		.4byte	.LASF15
 2588 00ff 03       		.byte	0x3
 2589 0100 7301     		.2byte	0x173
 2590 0102 0C010000 		.4byte	0x10c
 2591 0106 05       		.uleb128 0x5
 2592 0107 03       		.byte	0x3
 2593 0108 00000000 		.4byte	cy_meta_flashprotect
 2594 010c 07       		.uleb128 0x7
 2595 010d EA000000 		.4byte	0xea
 2596 0111 05       		.uleb128 0x5
 2597 0112 91000000 		.4byte	0x91
 2598 0116 21010000 		.4byte	0x121
 2599 011a 09       		.uleb128 0x9
 2600 011b 8A000000 		.4byte	0x8a
 2601 011f 0B       		.byte	0xb
 2602 0120 00       		.byte	0
 2603 0121 0A       		.uleb128 0xa
 2604 0122 17000000 		.4byte	.LASF16
 2605 0126 03       		.byte	0x3
 2606 0127 A001     		.2byte	0x1a0
 2607 0129 33010000 		.4byte	0x133
 2608 012d 05       		.uleb128 0x5
 2609 012e 03       		.byte	0x3
 2610 012f 00000000 		.4byte	cy_metadata
 2611 0133 07       		.uleb128 0x7
 2612 0134 11010000 		.4byte	0x111
 2613 0138 00       		.byte	0
 2614              		.section	.debug_abbrev,"",%progbits
 2615              	.Ldebug_abbrev0:
 2616 0000 01       		.uleb128 0x1
 2617 0001 11       		.uleb128 0x11
 2618 0002 01       		.byte	0x1
ARM GAS  C:\Users\Susanna\AppData\Local\Temp\ccgo0ja7.s 			page 47


 2619 0003 25       		.uleb128 0x25
 2620 0004 0E       		.uleb128 0xe
 2621 0005 13       		.uleb128 0x13
 2622 0006 0B       		.uleb128 0xb
 2623 0007 03       		.uleb128 0x3
 2624 0008 0E       		.uleb128 0xe
 2625 0009 1B       		.uleb128 0x1b
 2626 000a 0E       		.uleb128 0xe
 2627 000b 10       		.uleb128 0x10
 2628 000c 17       		.uleb128 0x17
 2629 000d 00       		.byte	0
 2630 000e 00       		.byte	0
 2631 000f 02       		.uleb128 0x2
 2632 0010 24       		.uleb128 0x24
 2633 0011 00       		.byte	0
 2634 0012 0B       		.uleb128 0xb
 2635 0013 0B       		.uleb128 0xb
 2636 0014 3E       		.uleb128 0x3e
 2637 0015 0B       		.uleb128 0xb
 2638 0016 03       		.uleb128 0x3
 2639 0017 0E       		.uleb128 0xe
 2640 0018 00       		.byte	0
 2641 0019 00       		.byte	0
 2642 001a 03       		.uleb128 0x3
 2643 001b 16       		.uleb128 0x16
 2644 001c 00       		.byte	0
 2645 001d 03       		.uleb128 0x3
 2646 001e 0E       		.uleb128 0xe
 2647 001f 3A       		.uleb128 0x3a
 2648 0020 0B       		.uleb128 0xb
 2649 0021 3B       		.uleb128 0x3b
 2650 0022 0B       		.uleb128 0xb
 2651 0023 49       		.uleb128 0x49
 2652 0024 13       		.uleb128 0x13
 2653 0025 00       		.byte	0
 2654 0026 00       		.byte	0
 2655 0027 04       		.uleb128 0x4
 2656 0028 24       		.uleb128 0x24
 2657 0029 00       		.byte	0
 2658 002a 0B       		.uleb128 0xb
 2659 002b 0B       		.uleb128 0xb
 2660 002c 3E       		.uleb128 0x3e
 2661 002d 0B       		.uleb128 0xb
 2662 002e 03       		.uleb128 0x3
 2663 002f 08       		.uleb128 0x8
 2664 0030 00       		.byte	0
 2665 0031 00       		.byte	0
 2666 0032 05       		.uleb128 0x5
 2667 0033 01       		.uleb128 0x1
 2668 0034 01       		.byte	0x1
 2669 0035 49       		.uleb128 0x49
 2670 0036 13       		.uleb128 0x13
 2671 0037 01       		.uleb128 0x1
 2672 0038 13       		.uleb128 0x13
 2673 0039 00       		.byte	0
 2674 003a 00       		.byte	0
 2675 003b 06       		.uleb128 0x6
ARM GAS  C:\Users\Susanna\AppData\Local\Temp\ccgo0ja7.s 			page 48


 2676 003c 21       		.uleb128 0x21
 2677 003d 00       		.byte	0
 2678 003e 49       		.uleb128 0x49
 2679 003f 13       		.uleb128 0x13
 2680 0040 2F       		.uleb128 0x2f
 2681 0041 05       		.uleb128 0x5
 2682 0042 00       		.byte	0
 2683 0043 00       		.byte	0
 2684 0044 07       		.uleb128 0x7
 2685 0045 26       		.uleb128 0x26
 2686 0046 00       		.byte	0
 2687 0047 49       		.uleb128 0x49
 2688 0048 13       		.uleb128 0x13
 2689 0049 00       		.byte	0
 2690 004a 00       		.byte	0
 2691 004b 08       		.uleb128 0x8
 2692 004c 34       		.uleb128 0x34
 2693 004d 00       		.byte	0
 2694 004e 03       		.uleb128 0x3
 2695 004f 0E       		.uleb128 0xe
 2696 0050 3A       		.uleb128 0x3a
 2697 0051 0B       		.uleb128 0xb
 2698 0052 3B       		.uleb128 0x3b
 2699 0053 0B       		.uleb128 0xb
 2700 0054 49       		.uleb128 0x49
 2701 0055 13       		.uleb128 0x13
 2702 0056 3F       		.uleb128 0x3f
 2703 0057 19       		.uleb128 0x19
 2704 0058 02       		.uleb128 0x2
 2705 0059 18       		.uleb128 0x18
 2706 005a 00       		.byte	0
 2707 005b 00       		.byte	0
 2708 005c 09       		.uleb128 0x9
 2709 005d 21       		.uleb128 0x21
 2710 005e 00       		.byte	0
 2711 005f 49       		.uleb128 0x49
 2712 0060 13       		.uleb128 0x13
 2713 0061 2F       		.uleb128 0x2f
 2714 0062 0B       		.uleb128 0xb
 2715 0063 00       		.byte	0
 2716 0064 00       		.byte	0
 2717 0065 0A       		.uleb128 0xa
 2718 0066 34       		.uleb128 0x34
 2719 0067 00       		.byte	0
 2720 0068 03       		.uleb128 0x3
 2721 0069 0E       		.uleb128 0xe
 2722 006a 3A       		.uleb128 0x3a
 2723 006b 0B       		.uleb128 0xb
 2724 006c 3B       		.uleb128 0x3b
 2725 006d 05       		.uleb128 0x5
 2726 006e 49       		.uleb128 0x49
 2727 006f 13       		.uleb128 0x13
 2728 0070 3F       		.uleb128 0x3f
 2729 0071 19       		.uleb128 0x19
 2730 0072 02       		.uleb128 0x2
 2731 0073 18       		.uleb128 0x18
 2732 0074 00       		.byte	0
ARM GAS  C:\Users\Susanna\AppData\Local\Temp\ccgo0ja7.s 			page 49


 2733 0075 00       		.byte	0
 2734 0076 00       		.byte	0
 2735              		.section	.debug_aranges,"",%progbits
 2736 0000 14000000 		.4byte	0x14
 2737 0004 0200     		.2byte	0x2
 2738 0006 00000000 		.4byte	.Ldebug_info0
 2739 000a 04       		.byte	0x4
 2740 000b 00       		.byte	0
 2741 000c 0000     		.2byte	0
 2742 000e 0000     		.2byte	0
 2743 0010 00000000 		.4byte	0
 2744 0014 00000000 		.4byte	0
 2745              		.section	.debug_line,"",%progbits
 2746              	.Ldebug_line0:
 2747 0000 3D010000 		.section	.debug_str,"MS",%progbits,1
 2747      02003701 
 2747      00000201 
 2747      FB0E0D00 
 2747      01010101 
 2748              	.LASF9:
 2749 0000 5F5F7569 		.ascii	"__uint8_t\000"
 2749      6E74385F 
 2749      7400
 2750              	.LASF8:
 2751 000a 756E7369 		.ascii	"unsigned int\000"
 2751      676E6564 
 2751      20696E74 
 2751      00
 2752              	.LASF16:
 2753 0017 63795F6D 		.ascii	"cy_metadata\000"
 2753      65746164 
 2753      61746100 
 2754              	.LASF1:
 2755 0023 756E7369 		.ascii	"unsigned char\000"
 2755      676E6564 
 2755      20636861 
 2755      7200
 2756              	.LASF17:
 2757 0031 474E5520 		.ascii	"GNU C11 5.4.1 20160609 (release) [ARM/embedded-5-br"
 2757      43313120 
 2757      352E342E 
 2757      31203230 
 2757      31363036 
 2758 0064 616E6368 		.ascii	"anch revision 237715] -mcpu=cortex-m3 -mthumb -g -O"
 2758      20726576 
 2758      6973696F 
 2758      6E203233 
 2758      37373135 
 2759 0097 67202D66 		.ascii	"g -ffunction-sections -ffat-lto-objects\000"
 2759      66756E63 
 2759      74696F6E 
 2759      2D736563 
 2759      74696F6E 
 2760              	.LASF5:
 2761 00bf 6C6F6E67 		.ascii	"long unsigned int\000"
 2761      20756E73 
 2761      69676E65 
ARM GAS  C:\Users\Susanna\AppData\Local\Temp\ccgo0ja7.s 			page 50


 2761      6420696E 
 2761      7400
 2762              	.LASF3:
 2763 00d1 73686F72 		.ascii	"short unsigned int\000"
 2763      7420756E 
 2763      7369676E 
 2763      65642069 
 2763      6E7400
 2764              	.LASF13:
 2765 00e4 63795F6D 		.ascii	"cy_meta_custnvl\000"
 2765      6574615F 
 2765      63757374 
 2765      6E766C00 
 2766              	.LASF12:
 2767 00f4 63795F6D 		.ascii	"cy_meta_configecc\000"
 2767      6574615F 
 2767      636F6E66 
 2767      69676563 
 2767      6300
 2768              	.LASF19:
 2769 0106 433A5C55 		.ascii	"C:\\Users\\Susanna\\Desktop\\Final_Project_DiGiacom"
 2769      73657273 
 2769      5C537573 
 2769      616E6E61 
 2769      5C446573 
 2770 0135 6F5F5061 		.ascii	"o_Palmieri\\Final_Project_DiGiacomoPalmieri\\Final_"
 2770      6C6D6965 
 2770      72695C46 
 2770      696E616C 
 2770      5F50726F 
 2771 0166 50726F6A 		.ascii	"Project.cydsn\000"
 2771      6563742E 
 2771      63796473 
 2771      6E00
 2772              	.LASF7:
 2773 0174 6C6F6E67 		.ascii	"long long unsigned int\000"
 2773      206C6F6E 
 2773      6720756E 
 2773      7369676E 
 2773      65642069 
 2774              	.LASF10:
 2775 018b 75696E74 		.ascii	"uint8_t\000"
 2775      385F7400 
 2776              	.LASF15:
 2777 0193 63795F6D 		.ascii	"cy_meta_flashprotect\000"
 2777      6574615F 
 2777      666C6173 
 2777      6870726F 
 2777      74656374 
 2778              	.LASF14:
 2779 01a8 63795F6D 		.ascii	"cy_meta_wonvl\000"
 2779      6574615F 
 2779      776F6E76 
 2779      6C00
 2780              	.LASF11:
 2781 01b6 73697A65 		.ascii	"sizetype\000"
 2781      74797065 
ARM GAS  C:\Users\Susanna\AppData\Local\Temp\ccgo0ja7.s 			page 51


 2781      00
 2782              	.LASF6:
 2783 01bf 6C6F6E67 		.ascii	"long long int\000"
 2783      206C6F6E 
 2783      6720696E 
 2783      7400
 2784              	.LASF2:
 2785 01cd 73686F72 		.ascii	"short int\000"
 2785      7420696E 
 2785      7400
 2786              	.LASF4:
 2787 01d7 6C6F6E67 		.ascii	"long int\000"
 2787      20696E74 
 2787      00
 2788              	.LASF0:
 2789 01e0 7369676E 		.ascii	"signed char\000"
 2789      65642063 
 2789      68617200 
 2790              	.LASF18:
 2791 01ec 47656E65 		.ascii	"Generated_Source\\PSoC5\\cymetadata.c\000"
 2791      72617465 
 2791      645F536F 
 2791      75726365 
 2791      5C50536F 
 2792              		.ident	"GCC: (GNU Tools for ARM Embedded Processors) 5.4.1 20160609 (release) [ARM/embedded-5-bran
