ARM GAS  C:\Users\Susanna\AppData\Local\Temp\ccH3J7L9.s 			page 1


   1              		.syntax unified
   2              		.cpu cortex-m3
   3              		.fpu softvfp
   4              		.eabi_attribute 20, 1
   5              		.eabi_attribute 21, 1
   6              		.eabi_attribute 23, 3
   7              		.eabi_attribute 24, 1
   8              		.eabi_attribute 25, 1
   9              		.eabi_attribute 26, 1
  10              		.eabi_attribute 30, 1
  11              		.eabi_attribute 34, 1
  12              		.eabi_attribute 18, 4
  13              		.thumb
  14              		.syntax unified
  15              		.file	"SettingParameter.c"
  16              		.text
  17              	.Ltext0:
  18              		.cfi_sections	.debug_frame
  19              		.section	.text.setParameter,"ax",%progbits
  20              		.align	2
  21              		.global	setParameter
  22              		.thumb
  23              		.thumb_func
  24              		.type	setParameter, %function
  25              	setParameter:
  26              	.LFB64:
  27              		.file 1 "SettingParameter.c"
   1:SettingParameter.c **** /* ========================================
   2:SettingParameter.c ****  *  This file includes all the required source
   3:SettingParameter.c ****  *  code to determine the parameters to be
   4:SettingParameter.c ****  *  set when in CONFIGURATION MODE according 
   5:SettingParameter.c ****  *  to the range of values of the potentiometer.
   6:SettingParameter.c ****  *
   7:SettingParameter.c ****  * ========================================
   8:SettingParameter.c **** */
   9:SettingParameter.c **** #include "SettingParameter.h"
  10:SettingParameter.c **** #include "project.h"
  11:SettingParameter.c **** #include "I2C_Interface.h"
  12:SettingParameter.c **** #include "stdio.h"
  13:SettingParameter.c **** 
  14:SettingParameter.c **** //Brief slave device address
  15:SettingParameter.c **** #define LIS3DH_DEVICE_ADDRESS 0x18
  16:SettingParameter.c **** 
  17:SettingParameter.c **** //Brief CONTROL REGISTER 4 address
  18:SettingParameter.c **** #define LIS3DH_CTRL_REG4 0x23
  19:SettingParameter.c **** 
  20:SettingParameter.c **** /*Brief HEX value for CONTROL REGISTER 4: +- 2.0 g FSR
  21:SettingParameter.c **** CTRL_REG4[3]=0 (High resolution disabled)
  22:SettingParameter.c **** CTRL_REG4[5:4]=FS[1:0]=00 (2.0 g FSR) */
  23:SettingParameter.c **** #define LIS3DH_CTRL_REG4_2g 0x80
  24:SettingParameter.c **** 
  25:SettingParameter.c **** /*Brief HEX value for CONTROL REGISTER 4: +- 4.0 g FSR
  26:SettingParameter.c **** CTRL_REG4[3]=0 (High resolution disabled)
  27:SettingParameter.c **** CTRL_REG4[5:4]=FS[1:0]=01 (4.0 g FSR) */
  28:SettingParameter.c **** #define LIS3DH_CTRL_REG4_4g 0x90
  29:SettingParameter.c **** 
  30:SettingParameter.c **** /*Brief HEX value for CONTROL REGISTER 4: +- 8.0 g FSR
ARM GAS  C:\Users\Susanna\AppData\Local\Temp\ccH3J7L9.s 			page 2


  31:SettingParameter.c **** CTRL_REG4[3]=0 (High resolution disabled)
  32:SettingParameter.c **** CTRL_REG4[5:4]=FS[1:0]=10 (8.0 g FSR) */
  33:SettingParameter.c **** #define LIS3DH_CTRL_REG4_8g 0xA0
  34:SettingParameter.c **** 
  35:SettingParameter.c **** /*Brief HEX value for CONTROL REGISTER 4: +- 16.0 g FSR
  36:SettingParameter.c **** CTRL_REG4[3]=0 (High resolution disabled)
  37:SettingParameter.c **** CTRL_REG4[5:4]=FS[1:0]=11 (16.0 g FSR) */
  38:SettingParameter.c **** #define LIS3DH_CTRL_REG4_16g 0xB0
  39:SettingParameter.c **** 
  40:SettingParameter.c **** //Brief INT2 THRESHOLD register address
  41:SettingParameter.c **** #define LIS3DH_INT2_THS 0x36
  42:SettingParameter.c **** 
  43:SettingParameter.c **** /*Brief HEX value for INT2 THRESHOLD register for the different fullscale ranges: 
  44:SettingParameter.c **** */
  45:SettingParameter.c **** #define LIS3DH_THRESHOLD_EVENTS_2g  0x5E   // about 1500mg
  46:SettingParameter.c **** #define LIS3DH_THRESHOLD_EVENTS_4g  0x2F   // about 1500mg
  47:SettingParameter.c **** #define LIS3DH_THRESHOLD_EVENTS_8g  0x18   // about 1500mg
  48:SettingParameter.c **** #define LIS3DH_THRESHOLD_EVENTS_16g 0x08   // about 1500mg
  49:SettingParameter.c **** 
  50:SettingParameter.c **** int32 value_digit_pot;
  51:SettingParameter.c **** int16 value_pot;
  52:SettingParameter.c **** ErrorCode error;
  53:SettingParameter.c **** uint8_t ctrl_reg4;
  54:SettingParameter.c **** uint8_t int2_ths_reg;
  55:SettingParameter.c **** 
  56:SettingParameter.c **** void setParameter(void)
  57:SettingParameter.c **** {
  28              		.loc 1 57 0
  29              		.cfi_startproc
  30              		@ args = 0, pretend = 0, frame = 0
  31              		@ frame_needed = 0, uses_anonymous_args = 0
  32 0000 10B5     		push	{r4, lr}
  33              		.cfi_def_cfa_offset 8
  34              		.cfi_offset 4, -8
  35              		.cfi_offset 14, -4
  58:SettingParameter.c ****     /* Acquisition and conversion to mV of the potentiometer signal */
  59:SettingParameter.c ****     value_digit_pot=ADC_DelSig_Read32();
  36              		.loc 1 59 0
  37 0002 FFF7FEFF 		bl	ADC_DelSig_Read32
  38              	.LVL0:
  39 0006 554B     		ldr	r3, .L9
  40 0008 1860     		str	r0, [r3]
  60:SettingParameter.c ****     
  61:SettingParameter.c ****     if(value_digit_pot<0) value_digit_pot=0;
  41              		.loc 1 61 0
  42 000a 0028     		cmp	r0, #0
  43 000c 01DA     		bge	.L2
  44              		.loc 1 61 0 is_stmt 0 discriminator 1
  45 000e 0022     		movs	r2, #0
  46 0010 1A60     		str	r2, [r3]
  47              	.L2:
  62:SettingParameter.c ****     if(value_digit_pot>65535) value_digit_pot=65535;
  48              		.loc 1 62 0 is_stmt 1
  49 0012 524B     		ldr	r3, .L9
  50 0014 1B68     		ldr	r3, [r3]
  51 0016 B3F5803F 		cmp	r3, #65536
  52 001a 03DB     		blt	.L3
ARM GAS  C:\Users\Susanna\AppData\Local\Temp\ccH3J7L9.s 			page 3


  53              		.loc 1 62 0 is_stmt 0 discriminator 1
  54 001c 4FF6FF72 		movw	r2, #65535
  55 0020 4E4B     		ldr	r3, .L9
  56 0022 1A60     		str	r2, [r3]
  57              	.L3:
  63:SettingParameter.c ****             
  64:SettingParameter.c ****     value_pot=ADC_DelSig_CountsTo_mVolts(value_digit_pot);
  58              		.loc 1 64 0 is_stmt 1
  59 0024 4D4B     		ldr	r3, .L9
  60 0026 1868     		ldr	r0, [r3]
  61 0028 FFF7FEFF 		bl	ADC_DelSig_CountsTo_mVolts
  62              	.LVL1:
  63 002c 4C4B     		ldr	r3, .L9+4
  64 002e 1880     		strh	r0, [r3]	@ movhi
  65:SettingParameter.c ****     
  66:SettingParameter.c ****     /* Set the variables Parameters, fullscale_range, sensitivity, confidence_interval, 
  67:SettingParameter.c ****     write in the CTRL_REG4 the FSR and in the INT2_THS regiter the value of the threhsold 
  68:SettingParameter.c ****     according to the range of values of the potentiometer signal */
  69:SettingParameter.c ****     if((value_pot>=0) && (value_pot<1250))
  65              		.loc 1 69 0
  66 0030 80B2     		uxth	r0, r0
  67 0032 40F2E143 		movw	r3, #1249
  68 0036 9842     		cmp	r0, r3
  69 0038 1ED8     		bhi	.L4
  70:SettingParameter.c ****     {
  71:SettingParameter.c ****         Parameters=0x00;
  70              		.loc 1 71 0
  71 003a 0022     		movs	r2, #0
  72 003c 494B     		ldr	r3, .L9+8
  73 003e 1A70     		strb	r2, [r3]
  72:SettingParameter.c ****         fullscale_range=2000;
  74              		.loc 1 72 0
  75 0040 4FF4FA62 		mov	r2, #2000
  76 0044 484B     		ldr	r3, .L9+12
  77 0046 1A80     		strh	r2, [r3]	@ movhi
  73:SettingParameter.c ****         sensitivity=16;
  78              		.loc 1 73 0
  79 0048 1022     		movs	r2, #16
  80 004a 484B     		ldr	r3, .L9+16
  81 004c 1A70     		strb	r2, [r3]
  74:SettingParameter.c ****         confidence_interval=30;
  82              		.loc 1 74 0
  83 004e 1E22     		movs	r2, #30
  84 0050 474B     		ldr	r3, .L9+20
  85 0052 1A70     		strb	r2, [r3]
  75:SettingParameter.c ****         ctrl_reg4 = LIS3DH_CTRL_REG4_2g;
  86              		.loc 1 75 0
  87 0054 8022     		movs	r2, #128
  88 0056 474B     		ldr	r3, .L9+24
  89 0058 1A70     		strb	r2, [r3]
  76:SettingParameter.c ****         error = I2C_Peripheral_WriteRegister(LIS3DH_DEVICE_ADDRESS,
  90              		.loc 1 76 0
  91 005a 2321     		movs	r1, #35
  92 005c 1820     		movs	r0, #24
  93 005e FFF7FEFF 		bl	I2C_Peripheral_WriteRegister
  94              	.LVL2:
  95 0062 454C     		ldr	r4, .L9+28
ARM GAS  C:\Users\Susanna\AppData\Local\Temp\ccH3J7L9.s 			page 4


  96 0064 2070     		strb	r0, [r4]
  77:SettingParameter.c ****                                          LIS3DH_CTRL_REG4,
  78:SettingParameter.c ****                                          ctrl_reg4);
  79:SettingParameter.c ****         int2_ths_reg = LIS3DH_THRESHOLD_EVENTS_2g;
  97              		.loc 1 79 0
  98 0066 5E22     		movs	r2, #94
  99 0068 444B     		ldr	r3, .L9+32
 100 006a 1A70     		strb	r2, [r3]
  80:SettingParameter.c ****         error = I2C_Peripheral_WriteRegister(LIS3DH_DEVICE_ADDRESS,
 101              		.loc 1 80 0
 102 006c 3621     		movs	r1, #54
 103 006e 1820     		movs	r0, #24
 104 0070 FFF7FEFF 		bl	I2C_Peripheral_WriteRegister
 105              	.LVL3:
 106 0074 2070     		strb	r0, [r4]
 107 0076 10BD     		pop	{r4, pc}
 108              	.L4:
  81:SettingParameter.c ****                                          LIS3DH_INT2_THS,
  82:SettingParameter.c ****                                          int2_ths_reg);
  83:SettingParameter.c ****     }
  84:SettingParameter.c ****     else if((value_pot>=1250) && (value_pot<2500))
 109              		.loc 1 84 0
 110 0078 A0F2E243 		subw	r3, r0, #1250
 111 007c 9BB2     		uxth	r3, r3
 112 007e 40F2E142 		movw	r2, #1249
 113 0082 9342     		cmp	r3, r2
 114 0084 1ED8     		bhi	.L6
  85:SettingParameter.c ****     {
  86:SettingParameter.c ****         Parameters=0x01;
 115              		.loc 1 86 0
 116 0086 0122     		movs	r2, #1
 117 0088 364B     		ldr	r3, .L9+8
 118 008a 1A70     		strb	r2, [r3]
  87:SettingParameter.c ****         fullscale_range=4000;
 119              		.loc 1 87 0
 120 008c 4FF47A62 		mov	r2, #4000
 121 0090 354B     		ldr	r3, .L9+12
 122 0092 1A80     		strh	r2, [r3]	@ movhi
  88:SettingParameter.c ****         sensitivity=32;
 123              		.loc 1 88 0
 124 0094 2022     		movs	r2, #32
 125 0096 354B     		ldr	r3, .L9+16
 126 0098 1A70     		strb	r2, [r3]
  89:SettingParameter.c ****         confidence_interval=30;
 127              		.loc 1 89 0
 128 009a 1E22     		movs	r2, #30
 129 009c 344B     		ldr	r3, .L9+20
 130 009e 1A70     		strb	r2, [r3]
  90:SettingParameter.c ****         ctrl_reg4 = LIS3DH_CTRL_REG4_4g;
 131              		.loc 1 90 0
 132 00a0 9022     		movs	r2, #144
 133 00a2 344B     		ldr	r3, .L9+24
 134 00a4 1A70     		strb	r2, [r3]
  91:SettingParameter.c ****         error = I2C_Peripheral_WriteRegister(LIS3DH_DEVICE_ADDRESS,
 135              		.loc 1 91 0
 136 00a6 2321     		movs	r1, #35
 137 00a8 1820     		movs	r0, #24
ARM GAS  C:\Users\Susanna\AppData\Local\Temp\ccH3J7L9.s 			page 5


 138 00aa FFF7FEFF 		bl	I2C_Peripheral_WriteRegister
 139              	.LVL4:
 140 00ae 324C     		ldr	r4, .L9+28
 141 00b0 2070     		strb	r0, [r4]
  92:SettingParameter.c ****                                          LIS3DH_CTRL_REG4,
  93:SettingParameter.c ****                                          ctrl_reg4);
  94:SettingParameter.c ****         int2_ths_reg = LIS3DH_THRESHOLD_EVENTS_4g;
 142              		.loc 1 94 0
 143 00b2 2F22     		movs	r2, #47
 144 00b4 314B     		ldr	r3, .L9+32
 145 00b6 1A70     		strb	r2, [r3]
  95:SettingParameter.c ****         error = I2C_Peripheral_WriteRegister(LIS3DH_DEVICE_ADDRESS,
 146              		.loc 1 95 0
 147 00b8 3621     		movs	r1, #54
 148 00ba 1820     		movs	r0, #24
 149 00bc FFF7FEFF 		bl	I2C_Peripheral_WriteRegister
 150              	.LVL5:
 151 00c0 2070     		strb	r0, [r4]
 152 00c2 10BD     		pop	{r4, pc}
 153              	.L6:
  96:SettingParameter.c ****                                          LIS3DH_INT2_THS,
  97:SettingParameter.c ****                                          int2_ths_reg);
  98:SettingParameter.c ****     }
  99:SettingParameter.c ****     else if((value_pot>=2500) && (value_pot<3750))
 154              		.loc 1 99 0
 155 00c4 A0F6C413 		subw	r3, r0, #2500
 156 00c8 9BB2     		uxth	r3, r3
 157 00ca 40F2E142 		movw	r2, #1249
 158 00ce 9342     		cmp	r3, r2
 159 00d0 1ED8     		bhi	.L7
 100:SettingParameter.c ****     {
 101:SettingParameter.c ****         Parameters=0x02;
 160              		.loc 1 101 0
 161 00d2 0222     		movs	r2, #2
 162 00d4 234B     		ldr	r3, .L9+8
 163 00d6 1A70     		strb	r2, [r3]
 102:SettingParameter.c ****         fullscale_range=8000;
 164              		.loc 1 102 0
 165 00d8 4FF4FA52 		mov	r2, #8000
 166 00dc 224B     		ldr	r3, .L9+12
 167 00de 1A80     		strh	r2, [r3]	@ movhi
 103:SettingParameter.c ****         sensitivity=64;
 168              		.loc 1 103 0
 169 00e0 4022     		movs	r2, #64
 170 00e2 224B     		ldr	r3, .L9+16
 171 00e4 1A70     		strb	r2, [r3]
 104:SettingParameter.c ****         confidence_interval=40;
 172              		.loc 1 104 0
 173 00e6 2822     		movs	r2, #40
 174 00e8 214B     		ldr	r3, .L9+20
 175 00ea 1A70     		strb	r2, [r3]
 105:SettingParameter.c ****         ctrl_reg4 = LIS3DH_CTRL_REG4_8g;
 176              		.loc 1 105 0
 177 00ec A022     		movs	r2, #160
 178 00ee 214B     		ldr	r3, .L9+24
 179 00f0 1A70     		strb	r2, [r3]
 106:SettingParameter.c ****         error = I2C_Peripheral_WriteRegister(LIS3DH_DEVICE_ADDRESS,
ARM GAS  C:\Users\Susanna\AppData\Local\Temp\ccH3J7L9.s 			page 6


 180              		.loc 1 106 0
 181 00f2 2321     		movs	r1, #35
 182 00f4 1820     		movs	r0, #24
 183 00f6 FFF7FEFF 		bl	I2C_Peripheral_WriteRegister
 184              	.LVL6:
 185 00fa 1F4C     		ldr	r4, .L9+28
 186 00fc 2070     		strb	r0, [r4]
 107:SettingParameter.c ****                                          LIS3DH_CTRL_REG4,
 108:SettingParameter.c ****                                          ctrl_reg4);
 109:SettingParameter.c ****         int2_ths_reg = LIS3DH_THRESHOLD_EVENTS_8g;
 187              		.loc 1 109 0
 188 00fe 1820     		movs	r0, #24
 189 0100 1E4B     		ldr	r3, .L9+32
 190 0102 1870     		strb	r0, [r3]
 110:SettingParameter.c ****         error = I2C_Peripheral_WriteRegister(LIS3DH_DEVICE_ADDRESS,
 191              		.loc 1 110 0
 192 0104 0246     		mov	r2, r0
 193 0106 3621     		movs	r1, #54
 194 0108 FFF7FEFF 		bl	I2C_Peripheral_WriteRegister
 195              	.LVL7:
 196 010c 2070     		strb	r0, [r4]
 197 010e 10BD     		pop	{r4, pc}
 198              	.L7:
 111:SettingParameter.c ****                                          LIS3DH_INT2_THS,
 112:SettingParameter.c ****                                          int2_ths_reg);
 113:SettingParameter.c ****     }
 114:SettingParameter.c ****     else if((value_pot>=3750) && (value_pot<=5000))
 199              		.loc 1 114 0
 200 0110 A0F6A660 		subw	r0, r0, #3750
 201 0114 80B2     		uxth	r0, r0
 202 0116 40F2E243 		movw	r3, #1250
 203 011a 9842     		cmp	r0, r3
 204 011c 1DD8     		bhi	.L1
 115:SettingParameter.c ****     {
 116:SettingParameter.c ****         Parameters=0x03;
 205              		.loc 1 116 0
 206 011e 0322     		movs	r2, #3
 207 0120 104B     		ldr	r3, .L9+8
 208 0122 1A70     		strb	r2, [r3]
 117:SettingParameter.c ****         fullscale_range=16000;
 209              		.loc 1 117 0
 210 0124 4FF47A52 		mov	r2, #16000
 211 0128 0F4B     		ldr	r3, .L9+12
 212 012a 1A80     		strh	r2, [r3]	@ movhi
 118:SettingParameter.c ****         sensitivity=192;
 213              		.loc 1 118 0
 214 012c C022     		movs	r2, #192
 215 012e 0F4B     		ldr	r3, .L9+16
 216 0130 1A70     		strb	r2, [r3]
 119:SettingParameter.c ****         confidence_interval=50;
 217              		.loc 1 119 0
 218 0132 3222     		movs	r2, #50
 219 0134 0E4B     		ldr	r3, .L9+20
 220 0136 1A70     		strb	r2, [r3]
 120:SettingParameter.c ****         ctrl_reg4 = LIS3DH_CTRL_REG4_16g;
 221              		.loc 1 120 0
 222 0138 B022     		movs	r2, #176
ARM GAS  C:\Users\Susanna\AppData\Local\Temp\ccH3J7L9.s 			page 7


 223 013a 0E4B     		ldr	r3, .L9+24
 224 013c 1A70     		strb	r2, [r3]
 121:SettingParameter.c ****         error = I2C_Peripheral_WriteRegister(LIS3DH_DEVICE_ADDRESS,
 225              		.loc 1 121 0
 226 013e 2321     		movs	r1, #35
 227 0140 1820     		movs	r0, #24
 228 0142 FFF7FEFF 		bl	I2C_Peripheral_WriteRegister
 229              	.LVL8:
 230 0146 0C4C     		ldr	r4, .L9+28
 231 0148 2070     		strb	r0, [r4]
 122:SettingParameter.c ****                                          LIS3DH_CTRL_REG4,
 123:SettingParameter.c ****                                          ctrl_reg4);
 124:SettingParameter.c ****         int2_ths_reg = LIS3DH_THRESHOLD_EVENTS_16g;
 232              		.loc 1 124 0
 233 014a 0822     		movs	r2, #8
 234 014c 0B4B     		ldr	r3, .L9+32
 235 014e 1A70     		strb	r2, [r3]
 125:SettingParameter.c ****         error = I2C_Peripheral_WriteRegister(LIS3DH_DEVICE_ADDRESS,
 236              		.loc 1 125 0
 237 0150 3621     		movs	r1, #54
 238 0152 1820     		movs	r0, #24
 239 0154 FFF7FEFF 		bl	I2C_Peripheral_WriteRegister
 240              	.LVL9:
 241 0158 2070     		strb	r0, [r4]
 242              	.L1:
 243 015a 10BD     		pop	{r4, pc}
 244              	.L10:
 245              		.align	2
 246              	.L9:
 247 015c 00000000 		.word	value_digit_pot
 248 0160 00000000 		.word	value_pot
 249 0164 00000000 		.word	Parameters
 250 0168 00000000 		.word	fullscale_range
 251 016c 00000000 		.word	sensitivity
 252 0170 00000000 		.word	confidence_interval
 253 0174 00000000 		.word	ctrl_reg4
 254 0178 00000000 		.word	error
 255 017c 00000000 		.word	int2_ths_reg
 256              		.cfi_endproc
 257              	.LFE64:
 258              		.size	setParameter, .-setParameter
 259              		.comm	int2_ths_reg,1,1
 260              		.comm	ctrl_reg4,1,1
 261              		.comm	error,1,1
 262              		.comm	value_pot,2,2
 263              		.comm	value_digit_pot,4,4
 264              		.comm	Parameters,1,1
 265              		.comm	confidence_interval,1,1
 266              		.comm	sensitivity,1,1
 267              		.comm	fullscale_range,2,2
 268              		.text
 269              	.Letext0:
 270              		.file 2 "c:\\program files (x86)\\cypress\\psoc creator\\4.3\\psoc creator\\import\\gnu\\arm\\5.4.
 271              		.file 3 "c:\\program files (x86)\\cypress\\psoc creator\\4.3\\psoc creator\\import\\gnu\\arm\\5.4.
 272              		.file 4 "Generated_Source\\PSoC5/cytypes.h"
 273              		.file 5 "ErrorCodes.h"
 274              		.file 6 "SettingParameter.h"
ARM GAS  C:\Users\Susanna\AppData\Local\Temp\ccH3J7L9.s 			page 8


 275              		.file 7 "Generated_Source\\PSoC5/core_cm3.h"
 276              		.file 8 "Generated_Source\\PSoC5/ADC_DelSig.h"
 277              		.file 9 "I2C_Interface.h"
 278              		.section	.debug_info,"",%progbits
 279              	.Ldebug_info0:
 280 0000 F3020000 		.4byte	0x2f3
 281 0004 0400     		.2byte	0x4
 282 0006 00000000 		.4byte	.Ldebug_abbrev0
 283 000a 04       		.byte	0x4
 284 000b 01       		.uleb128 0x1
 285 000c 6C000000 		.4byte	.LASF37
 286 0010 0C       		.byte	0xc
 287 0011 CC020000 		.4byte	.LASF38
 288 0015 DF010000 		.4byte	.LASF39
 289 0019 00000000 		.4byte	.Ldebug_ranges0+0
 290 001d 00000000 		.4byte	0
 291 0021 00000000 		.4byte	.Ldebug_line0
 292 0025 02       		.uleb128 0x2
 293 0026 01       		.byte	0x1
 294 0027 06       		.byte	0x6
 295 0028 AD020000 		.4byte	.LASF0
 296 002c 03       		.uleb128 0x3
 297 002d 0C000000 		.4byte	.LASF4
 298 0031 02       		.byte	0x2
 299 0032 1D       		.byte	0x1d
 300 0033 37000000 		.4byte	0x37
 301 0037 02       		.uleb128 0x2
 302 0038 01       		.byte	0x1
 303 0039 08       		.byte	0x8
 304 003a 5E000000 		.4byte	.LASF1
 305 003e 02       		.uleb128 0x2
 306 003f 02       		.byte	0x2
 307 0040 05       		.byte	0x5
 308 0041 7E020000 		.4byte	.LASF2
 309 0045 02       		.uleb128 0x2
 310 0046 02       		.byte	0x2
 311 0047 07       		.byte	0x7
 312 0048 B9020000 		.4byte	.LASF3
 313 004c 03       		.uleb128 0x3
 314 004d 16000000 		.4byte	.LASF5
 315 0051 02       		.byte	0x2
 316 0052 3F       		.byte	0x3f
 317 0053 57000000 		.4byte	0x57
 318 0057 02       		.uleb128 0x2
 319 0058 04       		.byte	0x4
 320 0059 05       		.byte	0x5
 321 005a 20000000 		.4byte	.LASF6
 322 005e 02       		.uleb128 0x2
 323 005f 04       		.byte	0x4
 324 0060 07       		.byte	0x7
 325 0061 00010000 		.4byte	.LASF7
 326 0065 02       		.uleb128 0x2
 327 0066 08       		.byte	0x8
 328 0067 05       		.byte	0x5
 329 0068 D1010000 		.4byte	.LASF8
 330 006c 02       		.uleb128 0x2
 331 006d 08       		.byte	0x8
ARM GAS  C:\Users\Susanna\AppData\Local\Temp\ccH3J7L9.s 			page 9


 332 006e 07       		.byte	0x7
 333 006f 70010000 		.4byte	.LASF9
 334 0073 04       		.uleb128 0x4
 335 0074 04       		.byte	0x4
 336 0075 05       		.byte	0x5
 337 0076 696E7400 		.ascii	"int\000"
 338 007a 02       		.uleb128 0x2
 339 007b 04       		.byte	0x4
 340 007c 07       		.byte	0x7
 341 007d 63010000 		.4byte	.LASF10
 342 0081 03       		.uleb128 0x3
 343 0082 87010000 		.4byte	.LASF11
 344 0086 03       		.byte	0x3
 345 0087 18       		.byte	0x18
 346 0088 2C000000 		.4byte	0x2c
 347 008c 03       		.uleb128 0x3
 348 008d BA010000 		.4byte	.LASF12
 349 0091 03       		.byte	0x3
 350 0092 2C       		.byte	0x2c
 351 0093 4C000000 		.4byte	0x4c
 352 0097 05       		.uleb128 0x5
 353 0098 58000000 		.4byte	.LASF13
 354 009c 04       		.byte	0x4
 355 009d E401     		.2byte	0x1e4
 356 009f 37000000 		.4byte	0x37
 357 00a3 05       		.uleb128 0x5
 358 00a4 FA000000 		.4byte	.LASF14
 359 00a8 04       		.byte	0x4
 360 00a9 E801     		.2byte	0x1e8
 361 00ab 3E000000 		.4byte	0x3e
 362 00af 05       		.uleb128 0x5
 363 00b0 12010000 		.4byte	.LASF15
 364 00b4 04       		.byte	0x4
 365 00b5 E901     		.2byte	0x1e9
 366 00b7 57000000 		.4byte	0x57
 367 00bb 02       		.uleb128 0x2
 368 00bc 04       		.byte	0x4
 369 00bd 04       		.byte	0x4
 370 00be 52000000 		.4byte	.LASF16
 371 00c2 02       		.uleb128 0x2
 372 00c3 08       		.byte	0x8
 373 00c4 04       		.byte	0x4
 374 00c5 35010000 		.4byte	.LASF17
 375 00c9 02       		.uleb128 0x2
 376 00ca 01       		.byte	0x1
 377 00cb 08       		.byte	0x8
 378 00cc 4D020000 		.4byte	.LASF18
 379 00d0 06       		.uleb128 0x6
 380 00d1 97000000 		.4byte	0x97
 381 00d5 02       		.uleb128 0x2
 382 00d6 08       		.byte	0x8
 383 00d7 04       		.byte	0x4
 384 00d8 A1020000 		.4byte	.LASF19
 385 00dc 02       		.uleb128 0x2
 386 00dd 04       		.byte	0x4
 387 00de 07       		.byte	0x7
 388 00df C2010000 		.4byte	.LASF20
ARM GAS  C:\Users\Susanna\AppData\Local\Temp\ccH3J7L9.s 			page 10


 389 00e3 06       		.uleb128 0x6
 390 00e4 81000000 		.4byte	0x81
 391 00e8 07       		.uleb128 0x7
 392 00e9 01       		.byte	0x1
 393 00ea 37000000 		.4byte	0x37
 394 00ee 05       		.byte	0x5
 395 00ef 15       		.byte	0x15
 396 00f0 01010000 		.4byte	0x101
 397 00f4 08       		.uleb128 0x8
 398 00f5 92020000 		.4byte	.LASF21
 399 00f9 00       		.byte	0
 400 00fa 08       		.uleb128 0x8
 401 00fb 9B020000 		.4byte	.LASF22
 402 00ff 01       		.byte	0x1
 403 0100 00       		.byte	0
 404 0101 03       		.uleb128 0x3
 405 0102 36000000 		.4byte	.LASF23
 406 0106 05       		.byte	0x5
 407 0107 18       		.byte	0x18
 408 0108 E8000000 		.4byte	0xe8
 409 010c 09       		.uleb128 0x9
 410 010d 5D020000 		.4byte	.LASF40
 411 0111 01       		.byte	0x1
 412 0112 38       		.byte	0x38
 413 0113 00000000 		.4byte	.LFB64
 414 0117 80010000 		.4byte	.LFE64-.LFB64
 415 011b 01       		.uleb128 0x1
 416 011c 9C       		.byte	0x9c
 417 011d 26020000 		.4byte	0x226
 418 0121 0A       		.uleb128 0xa
 419 0122 06000000 		.4byte	.LVL0
 420 0126 D5020000 		.4byte	0x2d5
 421 012a 0A       		.uleb128 0xa
 422 012b 2C000000 		.4byte	.LVL1
 423 012f E0020000 		.4byte	0x2e0
 424 0133 0B       		.uleb128 0xb
 425 0134 62000000 		.4byte	.LVL2
 426 0138 EB020000 		.4byte	0x2eb
 427 013c 52010000 		.4byte	0x152
 428 0140 0C       		.uleb128 0xc
 429 0141 01       		.uleb128 0x1
 430 0142 50       		.byte	0x50
 431 0143 01       		.uleb128 0x1
 432 0144 48       		.byte	0x48
 433 0145 0C       		.uleb128 0xc
 434 0146 01       		.uleb128 0x1
 435 0147 51       		.byte	0x51
 436 0148 02       		.uleb128 0x2
 437 0149 08       		.byte	0x8
 438 014a 23       		.byte	0x23
 439 014b 0C       		.uleb128 0xc
 440 014c 01       		.uleb128 0x1
 441 014d 52       		.byte	0x52
 442 014e 02       		.uleb128 0x2
 443 014f 09       		.byte	0x9
 444 0150 80       		.byte	0x80
 445 0151 00       		.byte	0
ARM GAS  C:\Users\Susanna\AppData\Local\Temp\ccH3J7L9.s 			page 11


 446 0152 0B       		.uleb128 0xb
 447 0153 74000000 		.4byte	.LVL3
 448 0157 EB020000 		.4byte	0x2eb
 449 015b 71010000 		.4byte	0x171
 450 015f 0C       		.uleb128 0xc
 451 0160 01       		.uleb128 0x1
 452 0161 50       		.byte	0x50
 453 0162 01       		.uleb128 0x1
 454 0163 48       		.byte	0x48
 455 0164 0C       		.uleb128 0xc
 456 0165 01       		.uleb128 0x1
 457 0166 51       		.byte	0x51
 458 0167 02       		.uleb128 0x2
 459 0168 08       		.byte	0x8
 460 0169 36       		.byte	0x36
 461 016a 0C       		.uleb128 0xc
 462 016b 01       		.uleb128 0x1
 463 016c 52       		.byte	0x52
 464 016d 02       		.uleb128 0x2
 465 016e 08       		.byte	0x8
 466 016f 5E       		.byte	0x5e
 467 0170 00       		.byte	0
 468 0171 0B       		.uleb128 0xb
 469 0172 AE000000 		.4byte	.LVL4
 470 0176 EB020000 		.4byte	0x2eb
 471 017a 90010000 		.4byte	0x190
 472 017e 0C       		.uleb128 0xc
 473 017f 01       		.uleb128 0x1
 474 0180 50       		.byte	0x50
 475 0181 01       		.uleb128 0x1
 476 0182 48       		.byte	0x48
 477 0183 0C       		.uleb128 0xc
 478 0184 01       		.uleb128 0x1
 479 0185 51       		.byte	0x51
 480 0186 02       		.uleb128 0x2
 481 0187 08       		.byte	0x8
 482 0188 23       		.byte	0x23
 483 0189 0C       		.uleb128 0xc
 484 018a 01       		.uleb128 0x1
 485 018b 52       		.byte	0x52
 486 018c 02       		.uleb128 0x2
 487 018d 09       		.byte	0x9
 488 018e 90       		.byte	0x90
 489 018f 00       		.byte	0
 490 0190 0B       		.uleb128 0xb
 491 0191 C0000000 		.4byte	.LVL5
 492 0195 EB020000 		.4byte	0x2eb
 493 0199 AF010000 		.4byte	0x1af
 494 019d 0C       		.uleb128 0xc
 495 019e 01       		.uleb128 0x1
 496 019f 50       		.byte	0x50
 497 01a0 01       		.uleb128 0x1
 498 01a1 48       		.byte	0x48
 499 01a2 0C       		.uleb128 0xc
 500 01a3 01       		.uleb128 0x1
 501 01a4 51       		.byte	0x51
 502 01a5 02       		.uleb128 0x2
ARM GAS  C:\Users\Susanna\AppData\Local\Temp\ccH3J7L9.s 			page 12


 503 01a6 08       		.byte	0x8
 504 01a7 36       		.byte	0x36
 505 01a8 0C       		.uleb128 0xc
 506 01a9 01       		.uleb128 0x1
 507 01aa 52       		.byte	0x52
 508 01ab 02       		.uleb128 0x2
 509 01ac 08       		.byte	0x8
 510 01ad 2F       		.byte	0x2f
 511 01ae 00       		.byte	0
 512 01af 0B       		.uleb128 0xb
 513 01b0 FA000000 		.4byte	.LVL6
 514 01b4 EB020000 		.4byte	0x2eb
 515 01b8 CE010000 		.4byte	0x1ce
 516 01bc 0C       		.uleb128 0xc
 517 01bd 01       		.uleb128 0x1
 518 01be 50       		.byte	0x50
 519 01bf 01       		.uleb128 0x1
 520 01c0 48       		.byte	0x48
 521 01c1 0C       		.uleb128 0xc
 522 01c2 01       		.uleb128 0x1
 523 01c3 51       		.byte	0x51
 524 01c4 02       		.uleb128 0x2
 525 01c5 08       		.byte	0x8
 526 01c6 23       		.byte	0x23
 527 01c7 0C       		.uleb128 0xc
 528 01c8 01       		.uleb128 0x1
 529 01c9 52       		.byte	0x52
 530 01ca 02       		.uleb128 0x2
 531 01cb 09       		.byte	0x9
 532 01cc A0       		.byte	0xa0
 533 01cd 00       		.byte	0
 534 01ce 0B       		.uleb128 0xb
 535 01cf 0C010000 		.4byte	.LVL7
 536 01d3 EB020000 		.4byte	0x2eb
 537 01d7 EC010000 		.4byte	0x1ec
 538 01db 0C       		.uleb128 0xc
 539 01dc 01       		.uleb128 0x1
 540 01dd 50       		.byte	0x50
 541 01de 01       		.uleb128 0x1
 542 01df 48       		.byte	0x48
 543 01e0 0C       		.uleb128 0xc
 544 01e1 01       		.uleb128 0x1
 545 01e2 51       		.byte	0x51
 546 01e3 02       		.uleb128 0x2
 547 01e4 08       		.byte	0x8
 548 01e5 36       		.byte	0x36
 549 01e6 0C       		.uleb128 0xc
 550 01e7 01       		.uleb128 0x1
 551 01e8 52       		.byte	0x52
 552 01e9 01       		.uleb128 0x1
 553 01ea 48       		.byte	0x48
 554 01eb 00       		.byte	0
 555 01ec 0B       		.uleb128 0xb
 556 01ed 46010000 		.4byte	.LVL8
 557 01f1 EB020000 		.4byte	0x2eb
 558 01f5 0B020000 		.4byte	0x20b
 559 01f9 0C       		.uleb128 0xc
ARM GAS  C:\Users\Susanna\AppData\Local\Temp\ccH3J7L9.s 			page 13


 560 01fa 01       		.uleb128 0x1
 561 01fb 50       		.byte	0x50
 562 01fc 01       		.uleb128 0x1
 563 01fd 48       		.byte	0x48
 564 01fe 0C       		.uleb128 0xc
 565 01ff 01       		.uleb128 0x1
 566 0200 51       		.byte	0x51
 567 0201 02       		.uleb128 0x2
 568 0202 08       		.byte	0x8
 569 0203 23       		.byte	0x23
 570 0204 0C       		.uleb128 0xc
 571 0205 01       		.uleb128 0x1
 572 0206 52       		.byte	0x52
 573 0207 02       		.uleb128 0x2
 574 0208 09       		.byte	0x9
 575 0209 B0       		.byte	0xb0
 576 020a 00       		.byte	0
 577 020b 0D       		.uleb128 0xd
 578 020c 58010000 		.4byte	.LVL9
 579 0210 EB020000 		.4byte	0x2eb
 580 0214 0C       		.uleb128 0xc
 581 0215 01       		.uleb128 0x1
 582 0216 50       		.byte	0x50
 583 0217 01       		.uleb128 0x1
 584 0218 48       		.byte	0x48
 585 0219 0C       		.uleb128 0xc
 586 021a 01       		.uleb128 0x1
 587 021b 51       		.byte	0x51
 588 021c 02       		.uleb128 0x2
 589 021d 08       		.byte	0x8
 590 021e 36       		.byte	0x36
 591 021f 0C       		.uleb128 0xc
 592 0220 01       		.uleb128 0x1
 593 0221 52       		.byte	0x52
 594 0222 01       		.uleb128 0x1
 595 0223 38       		.byte	0x38
 596 0224 00       		.byte	0
 597 0225 00       		.byte	0
 598 0226 0E       		.uleb128 0xe
 599 0227 25010000 		.4byte	.LASF24
 600 022b 06       		.byte	0x6
 601 022c 11       		.byte	0x11
 602 022d 37020000 		.4byte	0x237
 603 0231 05       		.uleb128 0x5
 604 0232 03       		.byte	0x3
 605 0233 00000000 		.4byte	fullscale_range
 606 0237 06       		.uleb128 0x6
 607 0238 A3000000 		.4byte	0xa3
 608 023c 0E       		.uleb128 0xe
 609 023d 00000000 		.4byte	.LASF25
 610 0241 06       		.byte	0x6
 611 0242 12       		.byte	0x12
 612 0243 E3000000 		.4byte	0xe3
 613 0247 05       		.uleb128 0x5
 614 0248 03       		.byte	0x3
 615 0249 00000000 		.4byte	sensitivity
 616 024d 0E       		.uleb128 0xe
ARM GAS  C:\Users\Susanna\AppData\Local\Temp\ccH3J7L9.s 			page 14


 617 024e 6A020000 		.4byte	.LASF26
 618 0252 06       		.byte	0x6
 619 0253 13       		.byte	0x13
 620 0254 E3000000 		.4byte	0xe3
 621 0258 05       		.uleb128 0x5
 622 0259 03       		.byte	0x3
 623 025a 00000000 		.4byte	confidence_interval
 624 025e 0E       		.uleb128 0xe
 625 025f 52020000 		.4byte	.LASF27
 626 0263 06       		.byte	0x6
 627 0264 14       		.byte	0x14
 628 0265 D0000000 		.4byte	0xd0
 629 0269 05       		.uleb128 0x5
 630 026a 03       		.byte	0x3
 631 026b 00000000 		.4byte	Parameters
 632 026f 0F       		.uleb128 0xf
 633 0270 18010000 		.4byte	.LASF28
 634 0274 07       		.byte	0x7
 635 0275 1207     		.2byte	0x712
 636 0277 7B020000 		.4byte	0x27b
 637 027b 06       		.uleb128 0x6
 638 027c 8C000000 		.4byte	0x8c
 639 0280 0E       		.uleb128 0xe
 640 0281 AA010000 		.4byte	.LASF29
 641 0285 01       		.byte	0x1
 642 0286 32       		.byte	0x32
 643 0287 AF000000 		.4byte	0xaf
 644 028b 05       		.uleb128 0x5
 645 028c 03       		.byte	0x3
 646 028d 00000000 		.4byte	value_digit_pot
 647 0291 0E       		.uleb128 0xe
 648 0292 88020000 		.4byte	.LASF30
 649 0296 01       		.byte	0x1
 650 0297 33       		.byte	0x33
 651 0298 A3000000 		.4byte	0xa3
 652 029c 05       		.uleb128 0x5
 653 029d 03       		.byte	0x3
 654 029e 00000000 		.4byte	value_pot
 655 02a2 0E       		.uleb128 0xe
 656 02a3 CB010000 		.4byte	.LASF31
 657 02a7 01       		.byte	0x1
 658 02a8 34       		.byte	0x34
 659 02a9 01010000 		.4byte	0x101
 660 02ad 05       		.uleb128 0x5
 661 02ae 03       		.byte	0x3
 662 02af 00000000 		.4byte	error
 663 02b3 0E       		.uleb128 0xe
 664 02b4 59010000 		.4byte	.LASF32
 665 02b8 01       		.byte	0x1
 666 02b9 35       		.byte	0x35
 667 02ba 81000000 		.4byte	0x81
 668 02be 05       		.uleb128 0x5
 669 02bf 03       		.byte	0x3
 670 02c0 00000000 		.4byte	ctrl_reg4
 671 02c4 0E       		.uleb128 0xe
 672 02c5 29000000 		.4byte	.LASF33
 673 02c9 01       		.byte	0x1
ARM GAS  C:\Users\Susanna\AppData\Local\Temp\ccH3J7L9.s 			page 15


 674 02ca 36       		.byte	0x36
 675 02cb 81000000 		.4byte	0x81
 676 02cf 05       		.uleb128 0x5
 677 02d0 03       		.byte	0x3
 678 02d1 00000000 		.4byte	int2_ths_reg
 679 02d5 10       		.uleb128 0x10
 680 02d6 40000000 		.4byte	.LASF34
 681 02da 40000000 		.4byte	.LASF34
 682 02de 08       		.byte	0x8
 683 02df 56       		.byte	0x56
 684 02e0 10       		.uleb128 0x10
 685 02e1 8F010000 		.4byte	.LASF35
 686 02e5 8F010000 		.4byte	.LASF35
 687 02e9 08       		.byte	0x8
 688 02ea 47       		.byte	0x47
 689 02eb 10       		.uleb128 0x10
 690 02ec 3C010000 		.4byte	.LASF36
 691 02f0 3C010000 		.4byte	.LASF36
 692 02f4 09       		.byte	0x9
 693 02f5 43       		.byte	0x43
 694 02f6 00       		.byte	0
 695              		.section	.debug_abbrev,"",%progbits
 696              	.Ldebug_abbrev0:
 697 0000 01       		.uleb128 0x1
 698 0001 11       		.uleb128 0x11
 699 0002 01       		.byte	0x1
 700 0003 25       		.uleb128 0x25
 701 0004 0E       		.uleb128 0xe
 702 0005 13       		.uleb128 0x13
 703 0006 0B       		.uleb128 0xb
 704 0007 03       		.uleb128 0x3
 705 0008 0E       		.uleb128 0xe
 706 0009 1B       		.uleb128 0x1b
 707 000a 0E       		.uleb128 0xe
 708 000b 55       		.uleb128 0x55
 709 000c 17       		.uleb128 0x17
 710 000d 11       		.uleb128 0x11
 711 000e 01       		.uleb128 0x1
 712 000f 10       		.uleb128 0x10
 713 0010 17       		.uleb128 0x17
 714 0011 00       		.byte	0
 715 0012 00       		.byte	0
 716 0013 02       		.uleb128 0x2
 717 0014 24       		.uleb128 0x24
 718 0015 00       		.byte	0
 719 0016 0B       		.uleb128 0xb
 720 0017 0B       		.uleb128 0xb
 721 0018 3E       		.uleb128 0x3e
 722 0019 0B       		.uleb128 0xb
 723 001a 03       		.uleb128 0x3
 724 001b 0E       		.uleb128 0xe
 725 001c 00       		.byte	0
 726 001d 00       		.byte	0
 727 001e 03       		.uleb128 0x3
 728 001f 16       		.uleb128 0x16
 729 0020 00       		.byte	0
 730 0021 03       		.uleb128 0x3
ARM GAS  C:\Users\Susanna\AppData\Local\Temp\ccH3J7L9.s 			page 16


 731 0022 0E       		.uleb128 0xe
 732 0023 3A       		.uleb128 0x3a
 733 0024 0B       		.uleb128 0xb
 734 0025 3B       		.uleb128 0x3b
 735 0026 0B       		.uleb128 0xb
 736 0027 49       		.uleb128 0x49
 737 0028 13       		.uleb128 0x13
 738 0029 00       		.byte	0
 739 002a 00       		.byte	0
 740 002b 04       		.uleb128 0x4
 741 002c 24       		.uleb128 0x24
 742 002d 00       		.byte	0
 743 002e 0B       		.uleb128 0xb
 744 002f 0B       		.uleb128 0xb
 745 0030 3E       		.uleb128 0x3e
 746 0031 0B       		.uleb128 0xb
 747 0032 03       		.uleb128 0x3
 748 0033 08       		.uleb128 0x8
 749 0034 00       		.byte	0
 750 0035 00       		.byte	0
 751 0036 05       		.uleb128 0x5
 752 0037 16       		.uleb128 0x16
 753 0038 00       		.byte	0
 754 0039 03       		.uleb128 0x3
 755 003a 0E       		.uleb128 0xe
 756 003b 3A       		.uleb128 0x3a
 757 003c 0B       		.uleb128 0xb
 758 003d 3B       		.uleb128 0x3b
 759 003e 05       		.uleb128 0x5
 760 003f 49       		.uleb128 0x49
 761 0040 13       		.uleb128 0x13
 762 0041 00       		.byte	0
 763 0042 00       		.byte	0
 764 0043 06       		.uleb128 0x6
 765 0044 35       		.uleb128 0x35
 766 0045 00       		.byte	0
 767 0046 49       		.uleb128 0x49
 768 0047 13       		.uleb128 0x13
 769 0048 00       		.byte	0
 770 0049 00       		.byte	0
 771 004a 07       		.uleb128 0x7
 772 004b 04       		.uleb128 0x4
 773 004c 01       		.byte	0x1
 774 004d 0B       		.uleb128 0xb
 775 004e 0B       		.uleb128 0xb
 776 004f 49       		.uleb128 0x49
 777 0050 13       		.uleb128 0x13
 778 0051 3A       		.uleb128 0x3a
 779 0052 0B       		.uleb128 0xb
 780 0053 3B       		.uleb128 0x3b
 781 0054 0B       		.uleb128 0xb
 782 0055 01       		.uleb128 0x1
 783 0056 13       		.uleb128 0x13
 784 0057 00       		.byte	0
 785 0058 00       		.byte	0
 786 0059 08       		.uleb128 0x8
 787 005a 28       		.uleb128 0x28
ARM GAS  C:\Users\Susanna\AppData\Local\Temp\ccH3J7L9.s 			page 17


 788 005b 00       		.byte	0
 789 005c 03       		.uleb128 0x3
 790 005d 0E       		.uleb128 0xe
 791 005e 1C       		.uleb128 0x1c
 792 005f 0B       		.uleb128 0xb
 793 0060 00       		.byte	0
 794 0061 00       		.byte	0
 795 0062 09       		.uleb128 0x9
 796 0063 2E       		.uleb128 0x2e
 797 0064 01       		.byte	0x1
 798 0065 3F       		.uleb128 0x3f
 799 0066 19       		.uleb128 0x19
 800 0067 03       		.uleb128 0x3
 801 0068 0E       		.uleb128 0xe
 802 0069 3A       		.uleb128 0x3a
 803 006a 0B       		.uleb128 0xb
 804 006b 3B       		.uleb128 0x3b
 805 006c 0B       		.uleb128 0xb
 806 006d 27       		.uleb128 0x27
 807 006e 19       		.uleb128 0x19
 808 006f 11       		.uleb128 0x11
 809 0070 01       		.uleb128 0x1
 810 0071 12       		.uleb128 0x12
 811 0072 06       		.uleb128 0x6
 812 0073 40       		.uleb128 0x40
 813 0074 18       		.uleb128 0x18
 814 0075 9742     		.uleb128 0x2117
 815 0077 19       		.uleb128 0x19
 816 0078 01       		.uleb128 0x1
 817 0079 13       		.uleb128 0x13
 818 007a 00       		.byte	0
 819 007b 00       		.byte	0
 820 007c 0A       		.uleb128 0xa
 821 007d 898201   		.uleb128 0x4109
 822 0080 00       		.byte	0
 823 0081 11       		.uleb128 0x11
 824 0082 01       		.uleb128 0x1
 825 0083 31       		.uleb128 0x31
 826 0084 13       		.uleb128 0x13
 827 0085 00       		.byte	0
 828 0086 00       		.byte	0
 829 0087 0B       		.uleb128 0xb
 830 0088 898201   		.uleb128 0x4109
 831 008b 01       		.byte	0x1
 832 008c 11       		.uleb128 0x11
 833 008d 01       		.uleb128 0x1
 834 008e 31       		.uleb128 0x31
 835 008f 13       		.uleb128 0x13
 836 0090 01       		.uleb128 0x1
 837 0091 13       		.uleb128 0x13
 838 0092 00       		.byte	0
 839 0093 00       		.byte	0
 840 0094 0C       		.uleb128 0xc
 841 0095 8A8201   		.uleb128 0x410a
 842 0098 00       		.byte	0
 843 0099 02       		.uleb128 0x2
 844 009a 18       		.uleb128 0x18
ARM GAS  C:\Users\Susanna\AppData\Local\Temp\ccH3J7L9.s 			page 18


 845 009b 9142     		.uleb128 0x2111
 846 009d 18       		.uleb128 0x18
 847 009e 00       		.byte	0
 848 009f 00       		.byte	0
 849 00a0 0D       		.uleb128 0xd
 850 00a1 898201   		.uleb128 0x4109
 851 00a4 01       		.byte	0x1
 852 00a5 11       		.uleb128 0x11
 853 00a6 01       		.uleb128 0x1
 854 00a7 31       		.uleb128 0x31
 855 00a8 13       		.uleb128 0x13
 856 00a9 00       		.byte	0
 857 00aa 00       		.byte	0
 858 00ab 0E       		.uleb128 0xe
 859 00ac 34       		.uleb128 0x34
 860 00ad 00       		.byte	0
 861 00ae 03       		.uleb128 0x3
 862 00af 0E       		.uleb128 0xe
 863 00b0 3A       		.uleb128 0x3a
 864 00b1 0B       		.uleb128 0xb
 865 00b2 3B       		.uleb128 0x3b
 866 00b3 0B       		.uleb128 0xb
 867 00b4 49       		.uleb128 0x49
 868 00b5 13       		.uleb128 0x13
 869 00b6 3F       		.uleb128 0x3f
 870 00b7 19       		.uleb128 0x19
 871 00b8 02       		.uleb128 0x2
 872 00b9 18       		.uleb128 0x18
 873 00ba 00       		.byte	0
 874 00bb 00       		.byte	0
 875 00bc 0F       		.uleb128 0xf
 876 00bd 34       		.uleb128 0x34
 877 00be 00       		.byte	0
 878 00bf 03       		.uleb128 0x3
 879 00c0 0E       		.uleb128 0xe
 880 00c1 3A       		.uleb128 0x3a
 881 00c2 0B       		.uleb128 0xb
 882 00c3 3B       		.uleb128 0x3b
 883 00c4 05       		.uleb128 0x5
 884 00c5 49       		.uleb128 0x49
 885 00c6 13       		.uleb128 0x13
 886 00c7 3F       		.uleb128 0x3f
 887 00c8 19       		.uleb128 0x19
 888 00c9 3C       		.uleb128 0x3c
 889 00ca 19       		.uleb128 0x19
 890 00cb 00       		.byte	0
 891 00cc 00       		.byte	0
 892 00cd 10       		.uleb128 0x10
 893 00ce 2E       		.uleb128 0x2e
 894 00cf 00       		.byte	0
 895 00d0 3F       		.uleb128 0x3f
 896 00d1 19       		.uleb128 0x19
 897 00d2 3C       		.uleb128 0x3c
 898 00d3 19       		.uleb128 0x19
 899 00d4 6E       		.uleb128 0x6e
 900 00d5 0E       		.uleb128 0xe
 901 00d6 03       		.uleb128 0x3
ARM GAS  C:\Users\Susanna\AppData\Local\Temp\ccH3J7L9.s 			page 19


 902 00d7 0E       		.uleb128 0xe
 903 00d8 3A       		.uleb128 0x3a
 904 00d9 0B       		.uleb128 0xb
 905 00da 3B       		.uleb128 0x3b
 906 00db 0B       		.uleb128 0xb
 907 00dc 00       		.byte	0
 908 00dd 00       		.byte	0
 909 00de 00       		.byte	0
 910              		.section	.debug_aranges,"",%progbits
 911 0000 1C000000 		.4byte	0x1c
 912 0004 0200     		.2byte	0x2
 913 0006 00000000 		.4byte	.Ldebug_info0
 914 000a 04       		.byte	0x4
 915 000b 00       		.byte	0
 916 000c 0000     		.2byte	0
 917 000e 0000     		.2byte	0
 918 0010 00000000 		.4byte	.LFB64
 919 0014 80010000 		.4byte	.LFE64-.LFB64
 920 0018 00000000 		.4byte	0
 921 001c 00000000 		.4byte	0
 922              		.section	.debug_ranges,"",%progbits
 923              	.Ldebug_ranges0:
 924 0000 00000000 		.4byte	.LFB64
 925 0004 80010000 		.4byte	.LFE64
 926 0008 00000000 		.4byte	0
 927 000c 00000000 		.4byte	0
 928              		.section	.debug_line,"",%progbits
 929              	.Ldebug_line0:
 930 0000 EC010000 		.section	.debug_str,"MS",%progbits,1
 930      0200A101 
 930      00000201 
 930      FB0E0D00 
 930      01010101 
 931              	.LASF25:
 932 0000 73656E73 		.ascii	"sensitivity\000"
 932      69746976 
 932      69747900 
 933              	.LASF4:
 934 000c 5F5F7569 		.ascii	"__uint8_t\000"
 934      6E74385F 
 934      7400
 935              	.LASF5:
 936 0016 5F5F696E 		.ascii	"__int32_t\000"
 936      7433325F 
 936      7400
 937              	.LASF6:
 938 0020 6C6F6E67 		.ascii	"long int\000"
 938      20696E74 
 938      00
 939              	.LASF33:
 940 0029 696E7432 		.ascii	"int2_ths_reg\000"
 940      5F746873 
 940      5F726567 
 940      00
 941              	.LASF23:
 942 0036 4572726F 		.ascii	"ErrorCode\000"
 942      72436F64 
ARM GAS  C:\Users\Susanna\AppData\Local\Temp\ccH3J7L9.s 			page 20


 942      6500
 943              	.LASF34:
 944 0040 4144435F 		.ascii	"ADC_DelSig_Read32\000"
 944      44656C53 
 944      69675F52 
 944      65616433 
 944      3200
 945              	.LASF16:
 946 0052 666C6F61 		.ascii	"float\000"
 946      7400
 947              	.LASF13:
 948 0058 75696E74 		.ascii	"uint8\000"
 948      3800
 949              	.LASF1:
 950 005e 756E7369 		.ascii	"unsigned char\000"
 950      676E6564 
 950      20636861 
 950      7200
 951              	.LASF37:
 952 006c 474E5520 		.ascii	"GNU C11 5.4.1 20160609 (release) [ARM/embedded-5-br"
 952      43313120 
 952      352E342E 
 952      31203230 
 952      31363036 
 953 009f 616E6368 		.ascii	"anch revision 237715] -mcpu=cortex-m3 -mthumb -g -O"
 953      20726576 
 953      6973696F 
 953      6E203233 
 953      37373135 
 954 00d2 67202D66 		.ascii	"g -ffunction-sections -ffat-lto-objects\000"
 954      66756E63 
 954      74696F6E 
 954      2D736563 
 954      74696F6E 
 955              	.LASF14:
 956 00fa 696E7431 		.ascii	"int16\000"
 956      3600
 957              	.LASF7:
 958 0100 6C6F6E67 		.ascii	"long unsigned int\000"
 958      20756E73 
 958      69676E65 
 958      6420696E 
 958      7400
 959              	.LASF15:
 960 0112 696E7433 		.ascii	"int32\000"
 960      3200
 961              	.LASF28:
 962 0118 49544D5F 		.ascii	"ITM_RxBuffer\000"
 962      52784275 
 962      66666572 
 962      00
 963              	.LASF24:
 964 0125 66756C6C 		.ascii	"fullscale_range\000"
 964      7363616C 
 964      655F7261 
 964      6E676500 
 965              	.LASF17:
ARM GAS  C:\Users\Susanna\AppData\Local\Temp\ccH3J7L9.s 			page 21


 966 0135 646F7562 		.ascii	"double\000"
 966      6C6500
 967              	.LASF36:
 968 013c 4932435F 		.ascii	"I2C_Peripheral_WriteRegister\000"
 968      50657269 
 968      70686572 
 968      616C5F57 
 968      72697465 
 969              	.LASF32:
 970 0159 6374726C 		.ascii	"ctrl_reg4\000"
 970      5F726567 
 970      3400
 971              	.LASF10:
 972 0163 756E7369 		.ascii	"unsigned int\000"
 972      676E6564 
 972      20696E74 
 972      00
 973              	.LASF9:
 974 0170 6C6F6E67 		.ascii	"long long unsigned int\000"
 974      206C6F6E 
 974      6720756E 
 974      7369676E 
 974      65642069 
 975              	.LASF11:
 976 0187 75696E74 		.ascii	"uint8_t\000"
 976      385F7400 
 977              	.LASF35:
 978 018f 4144435F 		.ascii	"ADC_DelSig_CountsTo_mVolts\000"
 978      44656C53 
 978      69675F43 
 978      6F756E74 
 978      73546F5F 
 979              	.LASF29:
 980 01aa 76616C75 		.ascii	"value_digit_pot\000"
 980      655F6469 
 980      6769745F 
 980      706F7400 
 981              	.LASF12:
 982 01ba 696E7433 		.ascii	"int32_t\000"
 982      325F7400 
 983              	.LASF20:
 984 01c2 73697A65 		.ascii	"sizetype\000"
 984      74797065 
 984      00
 985              	.LASF31:
 986 01cb 6572726F 		.ascii	"error\000"
 986      7200
 987              	.LASF8:
 988 01d1 6C6F6E67 		.ascii	"long long int\000"
 988      206C6F6E 
 988      6720696E 
 988      7400
 989              	.LASF39:
 990 01df 433A5C55 		.ascii	"C:\\Users\\Susanna\\Desktop\\Final_Project_DiGiacom"
 990      73657273 
 990      5C537573 
 990      616E6E61 
ARM GAS  C:\Users\Susanna\AppData\Local\Temp\ccH3J7L9.s 			page 22


 990      5C446573 
 991 020e 6F5F5061 		.ascii	"o_Palmieri\\Final_Project_DiGiacomoPalmieri\\Final_"
 991      6C6D6965 
 991      72695C46 
 991      696E616C 
 991      5F50726F 
 992 023f 50726F6A 		.ascii	"Project.cydsn\000"
 992      6563742E 
 992      63796473 
 992      6E00
 993              	.LASF18:
 994 024d 63686172 		.ascii	"char\000"
 994      00
 995              	.LASF27:
 996 0252 50617261 		.ascii	"Parameters\000"
 996      6D657465 
 996      727300
 997              	.LASF40:
 998 025d 73657450 		.ascii	"setParameter\000"
 998      6172616D 
 998      65746572 
 998      00
 999              	.LASF26:
 1000 026a 636F6E66 		.ascii	"confidence_interval\000"
 1000      6964656E 
 1000      63655F69 
 1000      6E746572 
 1000      76616C00 
 1001              	.LASF2:
 1002 027e 73686F72 		.ascii	"short int\000"
 1002      7420696E 
 1002      7400
 1003              	.LASF30:
 1004 0288 76616C75 		.ascii	"value_pot\000"
 1004      655F706F 
 1004      7400
 1005              	.LASF21:
 1006 0292 4E4F5F45 		.ascii	"NO_ERROR\000"
 1006      52524F52 
 1006      00
 1007              	.LASF22:
 1008 029b 4552524F 		.ascii	"ERROR\000"
 1008      5200
 1009              	.LASF19:
 1010 02a1 6C6F6E67 		.ascii	"long double\000"
 1010      20646F75 
 1010      626C6500 
 1011              	.LASF0:
 1012 02ad 7369676E 		.ascii	"signed char\000"
 1012      65642063 
 1012      68617200 
 1013              	.LASF3:
 1014 02b9 73686F72 		.ascii	"short unsigned int\000"
 1014      7420756E 
 1014      7369676E 
 1014      65642069 
 1014      6E7400
ARM GAS  C:\Users\Susanna\AppData\Local\Temp\ccH3J7L9.s 			page 23


 1015              	.LASF38:
 1016 02cc 53657474 		.ascii	"SettingParameter.c\000"
 1016      696E6750 
 1016      6172616D 
 1016      65746572 
 1016      2E6300
 1017              		.ident	"GCC: (GNU Tools for ARM Embedded Processors) 5.4.1 20160609 (release) [ARM/embedded-5-bran
