ARM GAS  C:\Users\Susanna\AppData\Local\Temp\cclTu9i1.s 			page 1


   1              		.syntax unified
   2              		.cpu cortex-m3
   3              		.fpu softvfp
   4              		.eabi_attribute 20, 1
   5              		.eabi_attribute 21, 1
   6              		.eabi_attribute 23, 3
   7              		.eabi_attribute 24, 1
   8              		.eabi_attribute 25, 1
   9              		.eabi_attribute 26, 1
  10              		.eabi_attribute 30, 1
  11              		.eabi_attribute 34, 1
  12              		.eabi_attribute 18, 4
  13              		.thumb
  14              		.syntax unified
  15              		.file	"SW_State.c"
  16              		.text
  17              	.Ltext0:
  18              		.cfi_sections	.debug_frame
  19              		.section	.text.Switch_State,"ax",%progbits
  20              		.align	2
  21              		.global	Switch_State
  22              		.thumb
  23              		.thumb_func
  24              		.type	Switch_State, %function
  25              	Switch_State:
  26              	.LFB63:
  27              		.file 1 "SW_State.c"
   1:SW_State.c    **** /* ========================================
   2:SW_State.c    ****  * This file includes all the required source 
   3:SW_State.c    ****  * code to determine the state of the 
   4:SW_State.c    ****  * device according to the different actions
   5:SW_State.c    ****  * performed on the on board button:
   6:SW_State.c    ****  * - double-click
   7:SW_State.c    ****  * - long press
   8:SW_State.c    ****  *
   9:SW_State.c    ****  * ========================================
  10:SW_State.c    **** */
  11:SW_State.c    **** #include "project.h"
  12:SW_State.c    **** #include "SW_State.h"
  13:SW_State.c    **** 
  14:SW_State.c    **** 
  15:SW_State.c    **** int  device_state    = STOP;
  16:SW_State.c    **** int  t_dbl_click     = 18;
  17:SW_State.c    **** int  time_elapsed    = 0;
  18:SW_State.c    **** 
  19:SW_State.c    **** 
  20:SW_State.c    **** int Switch_State(void)
  21:SW_State.c    **** {
  28              		.loc 1 21 0
  29              		.cfi_startproc
  30              		@ args = 0, pretend = 0, frame = 0
  31              		@ frame_needed = 0, uses_anonymous_args = 0
  32 0000 08B5     		push	{r3, lr}
  33              		.cfi_def_cfa_offset 8
  34              		.cfi_offset 3, -8
  35              		.cfi_offset 14, -4
  22:SW_State.c    ****     /* Reset timer each time the button is pressed */
ARM GAS  C:\Users\Susanna\AppData\Local\Temp\cclTu9i1.s 			page 2


  23:SW_State.c    ****     Timer_SW_Stop();
  36              		.loc 1 23 0
  37 0002 FFF7FEFF 		bl	Timer_SW_Stop
  38              	.LVL0:
  24:SW_State.c    ****     Timer_SW_WriteCounter(20);
  39              		.loc 1 24 0
  40 0006 1420     		movs	r0, #20
  41 0008 FFF7FEFF 		bl	Timer_SW_WriteCounter
  42              	.LVL1:
  25:SW_State.c    ****     Timer_SW_Start();
  43              		.loc 1 25 0
  44 000c FFF7FEFF 		bl	Timer_SW_Start
  45              	.LVL2:
  26:SW_State.c    ****     
  27:SW_State.c    ****     /* Set the flag to 0 each time the button is pressed */
  28:SW_State.c    ****     button_pressed = 0;
  46              		.loc 1 28 0
  47 0010 0022     		movs	r2, #0
  48 0012 284B     		ldr	r3, .L9
  49 0014 1A60     		str	r2, [r3]
  29:SW_State.c    ****     
  30:SW_State.c    ****     while ((BUTTON_Read() == 0))
  50              		.loc 1 30 0
  51 0016 03E0     		b	.L2
  52              	.L3:
  31:SW_State.c    ****     {
  32:SW_State.c    ****         /* Count for how much time the button is pressed */
  33:SW_State.c    ****         time_elapsed = Timer_SW_ReadCounter();
  53              		.loc 1 33 0
  54 0018 FFF7FEFF 		bl	Timer_SW_ReadCounter
  55              	.LVL3:
  56 001c 264B     		ldr	r3, .L9+4
  57 001e 1860     		str	r0, [r3]
  58              	.L2:
  30:SW_State.c    ****     {
  59              		.loc 1 30 0
  60 0020 FFF7FEFF 		bl	BUTTON_Read
  61              	.LVL4:
  62 0024 0028     		cmp	r0, #0
  63 0026 F7D0     		beq	.L3
  34:SW_State.c    ****     }
  35:SW_State.c    ****     /* Enter CONFIGURATION MODE when the button is pressed for long (more than 2 sec) */
  36:SW_State.c    ****     if ((time_elapsed < LONG_PRESS) && ((device_state == START) || (device_state == STOP)))
  64              		.loc 1 36 0
  65 0028 234B     		ldr	r3, .L9+4
  66 002a 1B68     		ldr	r3, [r3]
  67 002c 112B     		cmp	r3, #17
  68 002e 0ADC     		bgt	.L4
  69              		.loc 1 36 0 is_stmt 0 discriminator 1
  70 0030 224A     		ldr	r2, .L9+8
  71 0032 1268     		ldr	r2, [r2]
  72 0034 012A     		cmp	r2, #1
  73 0036 06D8     		bhi	.L4
  37:SW_State.c    ****     {
  38:SW_State.c    ****         click_count  = 0;
  74              		.loc 1 38 0 is_stmt 1
  75 0038 0022     		movs	r2, #0
ARM GAS  C:\Users\Susanna\AppData\Local\Temp\cclTu9i1.s 			page 3


  76 003a 214B     		ldr	r3, .L9+12
  77 003c 1A60     		str	r2, [r3]
  39:SW_State.c    ****         device_state = CONFIGURATION_MODE;
  78              		.loc 1 39 0
  79 003e 0222     		movs	r2, #2
  80 0040 1E4B     		ldr	r3, .L9+8
  81 0042 1A60     		str	r2, [r3]
  82 0044 32E0     		b	.L5
  83              	.L4:
  40:SW_State.c    ****     } 
  41:SW_State.c    ****     /* Exit CONFIGURATION MODE when the button is pressed for long again (more than 2 sec) */
  42:SW_State.c    ****     else if ((time_elapsed < LONG_PRESS) && (device_state == CONFIGURATION_MODE))
  84              		.loc 1 42 0
  85 0046 112B     		cmp	r3, #17
  86 0048 09DC     		bgt	.L6
  87              		.loc 1 42 0 is_stmt 0 discriminator 1
  88 004a 1C4B     		ldr	r3, .L9+8
  89 004c 1B68     		ldr	r3, [r3]
  90 004e 022B     		cmp	r3, #2
  91 0050 05D1     		bne	.L6
  43:SW_State.c    ****     {
  44:SW_State.c    ****         click_count  = 0;
  92              		.loc 1 44 0 is_stmt 1
  93 0052 0023     		movs	r3, #0
  94 0054 1A4A     		ldr	r2, .L9+12
  95 0056 1360     		str	r3, [r2]
  45:SW_State.c    ****         device_state = START;
  96              		.loc 1 45 0
  97 0058 184A     		ldr	r2, .L9+8
  98 005a 1360     		str	r3, [r2]
  99 005c 26E0     		b	.L5
 100              	.L6:
  46:SW_State.c    ****     }
  47:SW_State.c    ****     /* Enter START with double click and button pressed for short time (less that 2 sec) */
  48:SW_State.c    ****      else if ((click_count == 2) && (Timer_SW_ReadCounter() > t_dbl_click ) && ((device_state == ST
 101              		.loc 1 48 0
 102 005e 184B     		ldr	r3, .L9+12
 103 0060 1B68     		ldr	r3, [r3]
 104 0062 022B     		cmp	r3, #2
 105 0064 0FD1     		bne	.L7
 106              		.loc 1 48 0 is_stmt 0 discriminator 1
 107 0066 FFF7FEFF 		bl	Timer_SW_ReadCounter
 108              	.LVL5:
 109 006a 144B     		ldr	r3, .L9+8
 110 006c 5B68     		ldr	r3, [r3, #4]
 111 006e 9842     		cmp	r0, r3
 112 0070 09DD     		ble	.L7
 113              		.loc 1 48 0 discriminator 2
 114 0072 124B     		ldr	r3, .L9+8
 115 0074 1B68     		ldr	r3, [r3]
 116 0076 012B     		cmp	r3, #1
 117 0078 05D1     		bne	.L7
  49:SW_State.c    ****     {
  50:SW_State.c    ****         click_count     = 0;
 118              		.loc 1 50 0 is_stmt 1
 119 007a 0023     		movs	r3, #0
 120 007c 104A     		ldr	r2, .L9+12
ARM GAS  C:\Users\Susanna\AppData\Local\Temp\cclTu9i1.s 			page 4


 121 007e 1360     		str	r3, [r2]
  51:SW_State.c    ****         device_state = START;
 122              		.loc 1 51 0
 123 0080 0E4A     		ldr	r2, .L9+8
 124 0082 1360     		str	r3, [r2]
 125 0084 12E0     		b	.L5
 126              	.L7:
  52:SW_State.c    ****     }
  53:SW_State.c    ****     /* Enter STOP with double click and button pressed for short time (less that 2 sec) */
  54:SW_State.c    ****     else if ((click_count == 2) && (Timer_SW_ReadCounter() > t_dbl_click ) && ((device_state == STA
 127              		.loc 1 54 0
 128 0086 0E4B     		ldr	r3, .L9+12
 129 0088 1B68     		ldr	r3, [r3]
 130 008a 022B     		cmp	r3, #2
 131 008c 0ED1     		bne	.L5
 132              		.loc 1 54 0 is_stmt 0 discriminator 1
 133 008e FFF7FEFF 		bl	Timer_SW_ReadCounter
 134              	.LVL6:
 135 0092 0A4B     		ldr	r3, .L9+8
 136 0094 5B68     		ldr	r3, [r3, #4]
 137 0096 9842     		cmp	r0, r3
 138 0098 08DD     		ble	.L5
 139              		.loc 1 54 0 discriminator 2
 140 009a 084B     		ldr	r3, .L9+8
 141 009c 1B68     		ldr	r3, [r3]
 142 009e 2BB9     		cbnz	r3, .L5
  55:SW_State.c    ****     {
  56:SW_State.c    ****         click_count    = 0;
 143              		.loc 1 56 0 is_stmt 1
 144 00a0 0022     		movs	r2, #0
 145 00a2 074B     		ldr	r3, .L9+12
 146 00a4 1A60     		str	r2, [r3]
  57:SW_State.c    ****         device_state = STOP;
 147              		.loc 1 57 0
 148 00a6 0122     		movs	r2, #1
 149 00a8 044B     		ldr	r3, .L9+8
 150 00aa 1A60     		str	r2, [r3]
 151              	.L5:
  58:SW_State.c    ****     }
  59:SW_State.c    ****     
  60:SW_State.c    ****     return device_state;
  61:SW_State.c    **** }
 152              		.loc 1 61 0
 153 00ac 034B     		ldr	r3, .L9+8
 154 00ae 1868     		ldr	r0, [r3]
 155 00b0 08BD     		pop	{r3, pc}
 156              	.L10:
 157 00b2 00BF     		.align	2
 158              	.L9:
 159 00b4 00000000 		.word	button_pressed
 160 00b8 00000000 		.word	.LANCHOR0
 161 00bc 00000000 		.word	.LANCHOR1
 162 00c0 00000000 		.word	click_count
 163              		.cfi_endproc
 164              	.LFE63:
 165              		.size	Switch_State, .-Switch_State
 166              		.global	time_elapsed
ARM GAS  C:\Users\Susanna\AppData\Local\Temp\cclTu9i1.s 			page 5


 167              		.global	t_dbl_click
 168              		.global	device_state
 169              		.comm	time_passed,2,2
 170              		.comm	click_count,4,4
 171              		.comm	button_pressed,4,4
 172              		.data
 173              		.align	2
 174              		.set	.LANCHOR1,. + 0
 175              		.type	device_state, %object
 176              		.size	device_state, 4
 177              	device_state:
 178 0000 01000000 		.word	1
 179              		.type	t_dbl_click, %object
 180              		.size	t_dbl_click, 4
 181              	t_dbl_click:
 182 0004 12000000 		.word	18
 183              		.bss
 184              		.align	2
 185              		.set	.LANCHOR0,. + 0
 186              		.type	time_elapsed, %object
 187              		.size	time_elapsed, 4
 188              	time_elapsed:
 189 0000 00000000 		.space	4
 190              		.text
 191              	.Letext0:
 192              		.file 2 "c:\\program files (x86)\\cypress\\psoc creator\\4.3\\psoc creator\\import\\gnu\\arm\\5.4.
 193              		.file 3 "c:\\program files (x86)\\cypress\\psoc creator\\4.3\\psoc creator\\import\\gnu\\arm\\5.4.
 194              		.file 4 "Generated_Source\\PSoC5/core_cm3.h"
 195              		.file 5 "InterruptRoutines.h"
 196              		.file 6 "Generated_Source\\PSoC5/Timer_SW.h"
 197              		.file 7 "Generated_Source\\PSoC5/BUTTON.h"
 198              		.section	.debug_info,"",%progbits
 199              	.Ldebug_info0:
 200 0000 D2010000 		.4byte	0x1d2
 201 0004 0400     		.2byte	0x4
 202 0006 00000000 		.4byte	.Ldebug_abbrev0
 203 000a 04       		.byte	0x4
 204 000b 01       		.uleb128 0x1
 205 000c D0000000 		.4byte	.LASF30
 206 0010 0C       		.byte	0xc
 207 0011 0F000000 		.4byte	.LASF31
 208 0015 24000000 		.4byte	.LASF32
 209 0019 00000000 		.4byte	.Ldebug_ranges0+0
 210 001d 00000000 		.4byte	0
 211 0021 00000000 		.4byte	.Ldebug_line0
 212 0025 02       		.uleb128 0x2
 213 0026 01       		.byte	0x1
 214 0027 06       		.byte	0x6
 215 0028 6D020000 		.4byte	.LASF0
 216 002c 02       		.uleb128 0x2
 217 002d 01       		.byte	0x1
 218 002e 08       		.byte	0x8
 219 002f C2000000 		.4byte	.LASF1
 220 0033 02       		.uleb128 0x2
 221 0034 02       		.byte	0x2
 222 0035 05       		.byte	0x5
 223 0036 2A020000 		.4byte	.LASF2
ARM GAS  C:\Users\Susanna\AppData\Local\Temp\cclTu9i1.s 			page 6


 224 003a 03       		.uleb128 0x3
 225 003b 9C010000 		.4byte	.LASF4
 226 003f 02       		.byte	0x2
 227 0040 2B       		.byte	0x2b
 228 0041 45000000 		.4byte	0x45
 229 0045 02       		.uleb128 0x2
 230 0046 02       		.byte	0x2
 231 0047 07       		.byte	0x7
 232 0048 70010000 		.4byte	.LASF3
 233 004c 03       		.uleb128 0x3
 234 004d 1A000000 		.4byte	.LASF5
 235 0051 02       		.byte	0x2
 236 0052 3F       		.byte	0x3f
 237 0053 57000000 		.4byte	0x57
 238 0057 02       		.uleb128 0x2
 239 0058 04       		.byte	0x4
 240 0059 05       		.byte	0x5
 241 005a 3D020000 		.4byte	.LASF6
 242 005e 02       		.uleb128 0x2
 243 005f 04       		.byte	0x4
 244 0060 07       		.byte	0x7
 245 0061 5E010000 		.4byte	.LASF7
 246 0065 02       		.uleb128 0x2
 247 0066 08       		.byte	0x8
 248 0067 05       		.byte	0x5
 249 0068 0A020000 		.4byte	.LASF8
 250 006c 02       		.uleb128 0x2
 251 006d 08       		.byte	0x8
 252 006e 07       		.byte	0x7
 253 006f D1010000 		.4byte	.LASF9
 254 0073 04       		.uleb128 0x4
 255 0074 04       		.byte	0x4
 256 0075 05       		.byte	0x5
 257 0076 696E7400 		.ascii	"int\000"
 258 007a 02       		.uleb128 0x2
 259 007b 04       		.byte	0x4
 260 007c 07       		.byte	0x7
 261 007d C4010000 		.4byte	.LASF10
 262 0081 03       		.uleb128 0x3
 263 0082 34020000 		.4byte	.LASF11
 264 0086 03       		.byte	0x3
 265 0087 24       		.byte	0x24
 266 0088 3A000000 		.4byte	0x3a
 267 008c 03       		.uleb128 0x3
 268 008d B4000000 		.4byte	.LASF12
 269 0091 03       		.byte	0x3
 270 0092 2C       		.byte	0x2c
 271 0093 4C000000 		.4byte	0x4c
 272 0097 02       		.uleb128 0x2
 273 0098 04       		.byte	0x4
 274 0099 04       		.byte	0x4
 275 009a BC000000 		.4byte	.LASF13
 276 009e 02       		.uleb128 0x2
 277 009f 08       		.byte	0x8
 278 00a0 04       		.byte	0x4
 279 00a1 A7010000 		.4byte	.LASF14
 280 00a5 02       		.uleb128 0x2
ARM GAS  C:\Users\Susanna\AppData\Local\Temp\cclTu9i1.s 			page 7


 281 00a6 01       		.byte	0x1
 282 00a7 08       		.byte	0x8
 283 00a8 25020000 		.4byte	.LASF15
 284 00ac 02       		.uleb128 0x2
 285 00ad 08       		.byte	0x8
 286 00ae 04       		.byte	0x4
 287 00af 55020000 		.4byte	.LASF16
 288 00b3 02       		.uleb128 0x2
 289 00b4 04       		.byte	0x4
 290 00b5 07       		.byte	0x7
 291 00b6 01020000 		.4byte	.LASF17
 292 00ba 05       		.uleb128 0x5
 293 00bb 81000000 		.4byte	0x81
 294 00bf 06       		.uleb128 0x6
 295 00c0 E8010000 		.4byte	.LASF33
 296 00c4 01       		.byte	0x1
 297 00c5 14       		.byte	0x14
 298 00c6 73000000 		.4byte	0x73
 299 00ca 00000000 		.4byte	.LFB63
 300 00ce C4000000 		.4byte	.LFE63-.LFB63
 301 00d2 01       		.uleb128 0x1
 302 00d3 9C       		.byte	0x9c
 303 00d4 22010000 		.4byte	0x122
 304 00d8 07       		.uleb128 0x7
 305 00d9 06000000 		.4byte	.LVL0
 306 00dd 9E010000 		.4byte	0x19e
 307 00e1 08       		.uleb128 0x8
 308 00e2 0C000000 		.4byte	.LVL1
 309 00e6 A9010000 		.4byte	0x1a9
 310 00ea F4000000 		.4byte	0xf4
 311 00ee 09       		.uleb128 0x9
 312 00ef 01       		.uleb128 0x1
 313 00f0 50       		.byte	0x50
 314 00f1 01       		.uleb128 0x1
 315 00f2 44       		.byte	0x44
 316 00f3 00       		.byte	0
 317 00f4 07       		.uleb128 0x7
 318 00f5 10000000 		.4byte	.LVL2
 319 00f9 B4010000 		.4byte	0x1b4
 320 00fd 07       		.uleb128 0x7
 321 00fe 1C000000 		.4byte	.LVL3
 322 0102 BF010000 		.4byte	0x1bf
 323 0106 07       		.uleb128 0x7
 324 0107 24000000 		.4byte	.LVL4
 325 010b CA010000 		.4byte	0x1ca
 326 010f 07       		.uleb128 0x7
 327 0110 6A000000 		.4byte	.LVL5
 328 0114 BF010000 		.4byte	0x1bf
 329 0118 07       		.uleb128 0x7
 330 0119 92000000 		.4byte	.LVL6
 331 011d BF010000 		.4byte	0x1bf
 332 0121 00       		.byte	0
 333 0122 0A       		.uleb128 0xa
 334 0123 8F010000 		.4byte	.LASF18
 335 0127 04       		.byte	0x4
 336 0128 1207     		.2byte	0x712
 337 012a 2E010000 		.4byte	0x12e
ARM GAS  C:\Users\Susanna\AppData\Local\Temp\cclTu9i1.s 			page 8


 338 012e 05       		.uleb128 0x5
 339 012f 8C000000 		.4byte	0x8c
 340 0133 0B       		.uleb128 0xb
 341 0134 00000000 		.4byte	.LASF19
 342 0138 05       		.byte	0x5
 343 0139 0A       		.byte	0xa
 344 013a 44010000 		.4byte	0x144
 345 013e 05       		.uleb128 0x5
 346 013f 03       		.byte	0x3
 347 0140 00000000 		.4byte	button_pressed
 348 0144 05       		.uleb128 0x5
 349 0145 73000000 		.4byte	0x73
 350 0149 0B       		.uleb128 0xb
 351 014a 83010000 		.4byte	.LASF20
 352 014e 05       		.byte	0x5
 353 014f 0B       		.byte	0xb
 354 0150 44010000 		.4byte	0x144
 355 0154 05       		.uleb128 0x5
 356 0155 03       		.byte	0x3
 357 0156 00000000 		.4byte	click_count
 358 015a 0B       		.uleb128 0xb
 359 015b 61020000 		.4byte	.LASF21
 360 015f 05       		.byte	0x5
 361 0160 0C       		.byte	0xc
 362 0161 BA000000 		.4byte	0xba
 363 0165 05       		.uleb128 0x5
 364 0166 03       		.byte	0x3
 365 0167 00000000 		.4byte	time_passed
 366 016b 0B       		.uleb128 0xb
 367 016c 92000000 		.4byte	.LASF22
 368 0170 01       		.byte	0x1
 369 0171 0F       		.byte	0xf
 370 0172 73000000 		.4byte	0x73
 371 0176 05       		.uleb128 0x5
 372 0177 03       		.byte	0x3
 373 0178 00000000 		.4byte	device_state
 374 017c 0B       		.uleb128 0xb
 375 017d F5010000 		.4byte	.LASF23
 376 0181 01       		.byte	0x1
 377 0182 10       		.byte	0x10
 378 0183 73000000 		.4byte	0x73
 379 0187 05       		.uleb128 0x5
 380 0188 03       		.byte	0x3
 381 0189 00000000 		.4byte	t_dbl_click
 382 018d 0B       		.uleb128 0xb
 383 018e 18020000 		.4byte	.LASF24
 384 0192 01       		.byte	0x1
 385 0193 11       		.byte	0x11
 386 0194 73000000 		.4byte	0x73
 387 0198 05       		.uleb128 0x5
 388 0199 03       		.byte	0x3
 389 019a 00000000 		.4byte	time_elapsed
 390 019e 0C       		.uleb128 0xc
 391 019f 79020000 		.4byte	.LASF25
 392 01a3 79020000 		.4byte	.LASF25
 393 01a7 06       		.byte	0x6
 394 01a8 5B       		.byte	0x5b
ARM GAS  C:\Users\Susanna\AppData\Local\Temp\cclTu9i1.s 			page 9


 395 01a9 0C       		.uleb128 0xc
 396 01aa AE010000 		.4byte	.LASF26
 397 01ae AE010000 		.4byte	.LASF26
 398 01b2 06       		.byte	0x6
 399 01b3 6A       		.byte	0x6a
 400 01b4 0C       		.uleb128 0xc
 401 01b5 46020000 		.4byte	.LASF27
 402 01b9 46020000 		.4byte	.LASF27
 403 01bd 06       		.byte	0x6
 404 01be 5A       		.byte	0x5a
 405 01bf 0C       		.uleb128 0xc
 406 01c0 9F000000 		.4byte	.LASF28
 407 01c4 9F000000 		.4byte	.LASF28
 408 01c8 06       		.byte	0x6
 409 01c9 69       		.byte	0x69
 410 01ca 0C       		.uleb128 0xc
 411 01cb 87020000 		.4byte	.LASF29
 412 01cf 87020000 		.4byte	.LASF29
 413 01d3 07       		.byte	0x7
 414 01d4 29       		.byte	0x29
 415 01d5 00       		.byte	0
 416              		.section	.debug_abbrev,"",%progbits
 417              	.Ldebug_abbrev0:
 418 0000 01       		.uleb128 0x1
 419 0001 11       		.uleb128 0x11
 420 0002 01       		.byte	0x1
 421 0003 25       		.uleb128 0x25
 422 0004 0E       		.uleb128 0xe
 423 0005 13       		.uleb128 0x13
 424 0006 0B       		.uleb128 0xb
 425 0007 03       		.uleb128 0x3
 426 0008 0E       		.uleb128 0xe
 427 0009 1B       		.uleb128 0x1b
 428 000a 0E       		.uleb128 0xe
 429 000b 55       		.uleb128 0x55
 430 000c 17       		.uleb128 0x17
 431 000d 11       		.uleb128 0x11
 432 000e 01       		.uleb128 0x1
 433 000f 10       		.uleb128 0x10
 434 0010 17       		.uleb128 0x17
 435 0011 00       		.byte	0
 436 0012 00       		.byte	0
 437 0013 02       		.uleb128 0x2
 438 0014 24       		.uleb128 0x24
 439 0015 00       		.byte	0
 440 0016 0B       		.uleb128 0xb
 441 0017 0B       		.uleb128 0xb
 442 0018 3E       		.uleb128 0x3e
 443 0019 0B       		.uleb128 0xb
 444 001a 03       		.uleb128 0x3
 445 001b 0E       		.uleb128 0xe
 446 001c 00       		.byte	0
 447 001d 00       		.byte	0
 448 001e 03       		.uleb128 0x3
 449 001f 16       		.uleb128 0x16
 450 0020 00       		.byte	0
 451 0021 03       		.uleb128 0x3
ARM GAS  C:\Users\Susanna\AppData\Local\Temp\cclTu9i1.s 			page 10


 452 0022 0E       		.uleb128 0xe
 453 0023 3A       		.uleb128 0x3a
 454 0024 0B       		.uleb128 0xb
 455 0025 3B       		.uleb128 0x3b
 456 0026 0B       		.uleb128 0xb
 457 0027 49       		.uleb128 0x49
 458 0028 13       		.uleb128 0x13
 459 0029 00       		.byte	0
 460 002a 00       		.byte	0
 461 002b 04       		.uleb128 0x4
 462 002c 24       		.uleb128 0x24
 463 002d 00       		.byte	0
 464 002e 0B       		.uleb128 0xb
 465 002f 0B       		.uleb128 0xb
 466 0030 3E       		.uleb128 0x3e
 467 0031 0B       		.uleb128 0xb
 468 0032 03       		.uleb128 0x3
 469 0033 08       		.uleb128 0x8
 470 0034 00       		.byte	0
 471 0035 00       		.byte	0
 472 0036 05       		.uleb128 0x5
 473 0037 35       		.uleb128 0x35
 474 0038 00       		.byte	0
 475 0039 49       		.uleb128 0x49
 476 003a 13       		.uleb128 0x13
 477 003b 00       		.byte	0
 478 003c 00       		.byte	0
 479 003d 06       		.uleb128 0x6
 480 003e 2E       		.uleb128 0x2e
 481 003f 01       		.byte	0x1
 482 0040 3F       		.uleb128 0x3f
 483 0041 19       		.uleb128 0x19
 484 0042 03       		.uleb128 0x3
 485 0043 0E       		.uleb128 0xe
 486 0044 3A       		.uleb128 0x3a
 487 0045 0B       		.uleb128 0xb
 488 0046 3B       		.uleb128 0x3b
 489 0047 0B       		.uleb128 0xb
 490 0048 27       		.uleb128 0x27
 491 0049 19       		.uleb128 0x19
 492 004a 49       		.uleb128 0x49
 493 004b 13       		.uleb128 0x13
 494 004c 11       		.uleb128 0x11
 495 004d 01       		.uleb128 0x1
 496 004e 12       		.uleb128 0x12
 497 004f 06       		.uleb128 0x6
 498 0050 40       		.uleb128 0x40
 499 0051 18       		.uleb128 0x18
 500 0052 9742     		.uleb128 0x2117
 501 0054 19       		.uleb128 0x19
 502 0055 01       		.uleb128 0x1
 503 0056 13       		.uleb128 0x13
 504 0057 00       		.byte	0
 505 0058 00       		.byte	0
 506 0059 07       		.uleb128 0x7
 507 005a 898201   		.uleb128 0x4109
 508 005d 00       		.byte	0
ARM GAS  C:\Users\Susanna\AppData\Local\Temp\cclTu9i1.s 			page 11


 509 005e 11       		.uleb128 0x11
 510 005f 01       		.uleb128 0x1
 511 0060 31       		.uleb128 0x31
 512 0061 13       		.uleb128 0x13
 513 0062 00       		.byte	0
 514 0063 00       		.byte	0
 515 0064 08       		.uleb128 0x8
 516 0065 898201   		.uleb128 0x4109
 517 0068 01       		.byte	0x1
 518 0069 11       		.uleb128 0x11
 519 006a 01       		.uleb128 0x1
 520 006b 31       		.uleb128 0x31
 521 006c 13       		.uleb128 0x13
 522 006d 01       		.uleb128 0x1
 523 006e 13       		.uleb128 0x13
 524 006f 00       		.byte	0
 525 0070 00       		.byte	0
 526 0071 09       		.uleb128 0x9
 527 0072 8A8201   		.uleb128 0x410a
 528 0075 00       		.byte	0
 529 0076 02       		.uleb128 0x2
 530 0077 18       		.uleb128 0x18
 531 0078 9142     		.uleb128 0x2111
 532 007a 18       		.uleb128 0x18
 533 007b 00       		.byte	0
 534 007c 00       		.byte	0
 535 007d 0A       		.uleb128 0xa
 536 007e 34       		.uleb128 0x34
 537 007f 00       		.byte	0
 538 0080 03       		.uleb128 0x3
 539 0081 0E       		.uleb128 0xe
 540 0082 3A       		.uleb128 0x3a
 541 0083 0B       		.uleb128 0xb
 542 0084 3B       		.uleb128 0x3b
 543 0085 05       		.uleb128 0x5
 544 0086 49       		.uleb128 0x49
 545 0087 13       		.uleb128 0x13
 546 0088 3F       		.uleb128 0x3f
 547 0089 19       		.uleb128 0x19
 548 008a 3C       		.uleb128 0x3c
 549 008b 19       		.uleb128 0x19
 550 008c 00       		.byte	0
 551 008d 00       		.byte	0
 552 008e 0B       		.uleb128 0xb
 553 008f 34       		.uleb128 0x34
 554 0090 00       		.byte	0
 555 0091 03       		.uleb128 0x3
 556 0092 0E       		.uleb128 0xe
 557 0093 3A       		.uleb128 0x3a
 558 0094 0B       		.uleb128 0xb
 559 0095 3B       		.uleb128 0x3b
 560 0096 0B       		.uleb128 0xb
 561 0097 49       		.uleb128 0x49
 562 0098 13       		.uleb128 0x13
 563 0099 3F       		.uleb128 0x3f
 564 009a 19       		.uleb128 0x19
 565 009b 02       		.uleb128 0x2
ARM GAS  C:\Users\Susanna\AppData\Local\Temp\cclTu9i1.s 			page 12


 566 009c 18       		.uleb128 0x18
 567 009d 00       		.byte	0
 568 009e 00       		.byte	0
 569 009f 0C       		.uleb128 0xc
 570 00a0 2E       		.uleb128 0x2e
 571 00a1 00       		.byte	0
 572 00a2 3F       		.uleb128 0x3f
 573 00a3 19       		.uleb128 0x19
 574 00a4 3C       		.uleb128 0x3c
 575 00a5 19       		.uleb128 0x19
 576 00a6 6E       		.uleb128 0x6e
 577 00a7 0E       		.uleb128 0xe
 578 00a8 03       		.uleb128 0x3
 579 00a9 0E       		.uleb128 0xe
 580 00aa 3A       		.uleb128 0x3a
 581 00ab 0B       		.uleb128 0xb
 582 00ac 3B       		.uleb128 0x3b
 583 00ad 0B       		.uleb128 0xb
 584 00ae 00       		.byte	0
 585 00af 00       		.byte	0
 586 00b0 00       		.byte	0
 587              		.section	.debug_aranges,"",%progbits
 588 0000 1C000000 		.4byte	0x1c
 589 0004 0200     		.2byte	0x2
 590 0006 00000000 		.4byte	.Ldebug_info0
 591 000a 04       		.byte	0x4
 592 000b 00       		.byte	0
 593 000c 0000     		.2byte	0
 594 000e 0000     		.2byte	0
 595 0010 00000000 		.4byte	.LFB63
 596 0014 C4000000 		.4byte	.LFE63-.LFB63
 597 0018 00000000 		.4byte	0
 598 001c 00000000 		.4byte	0
 599              		.section	.debug_ranges,"",%progbits
 600              	.Ldebug_ranges0:
 601 0000 00000000 		.4byte	.LFB63
 602 0004 C4000000 		.4byte	.LFE63
 603 0008 00000000 		.4byte	0
 604 000c 00000000 		.4byte	0
 605              		.section	.debug_line,"",%progbits
 606              	.Ldebug_line0:
 607 0000 C3010000 		.section	.debug_str,"MS",%progbits,1
 607      02007401 
 607      00000201 
 607      FB0E0D00 
 607      01010101 
 608              	.LASF19:
 609 0000 62757474 		.ascii	"button_pressed\000"
 609      6F6E5F70 
 609      72657373 
 609      656400
 610              	.LASF31:
 611 000f 53575F53 		.ascii	"SW_State.c\000"
 611      74617465 
 611      2E6300
 612              	.LASF5:
 613 001a 5F5F696E 		.ascii	"__int32_t\000"
ARM GAS  C:\Users\Susanna\AppData\Local\Temp\cclTu9i1.s 			page 13


 613      7433325F 
 613      7400
 614              	.LASF32:
 615 0024 433A5C55 		.ascii	"C:\\Users\\Susanna\\Desktop\\Final_Project_DiGiacom"
 615      73657273 
 615      5C537573 
 615      616E6E61 
 615      5C446573 
 616 0053 6F5F5061 		.ascii	"o_Palmieri\\Final_Project_DiGiacomoPalmieri\\Final_"
 616      6C6D6965 
 616      72695C46 
 616      696E616C 
 616      5F50726F 
 617 0084 50726F6A 		.ascii	"Project.cydsn\000"
 617      6563742E 
 617      63796473 
 617      6E00
 618              	.LASF22:
 619 0092 64657669 		.ascii	"device_state\000"
 619      63655F73 
 619      74617465 
 619      00
 620              	.LASF28:
 621 009f 54696D65 		.ascii	"Timer_SW_ReadCounter\000"
 621      725F5357 
 621      5F526561 
 621      64436F75 
 621      6E746572 
 622              	.LASF12:
 623 00b4 696E7433 		.ascii	"int32_t\000"
 623      325F7400 
 624              	.LASF13:
 625 00bc 666C6F61 		.ascii	"float\000"
 625      7400
 626              	.LASF1:
 627 00c2 756E7369 		.ascii	"unsigned char\000"
 627      676E6564 
 627      20636861 
 627      7200
 628              	.LASF30:
 629 00d0 474E5520 		.ascii	"GNU C11 5.4.1 20160609 (release) [ARM/embedded-5-br"
 629      43313120 
 629      352E342E 
 629      31203230 
 629      31363036 
 630 0103 616E6368 		.ascii	"anch revision 237715] -mcpu=cortex-m3 -mthumb -g -O"
 630      20726576 
 630      6973696F 
 630      6E203233 
 630      37373135 
 631 0136 67202D66 		.ascii	"g -ffunction-sections -ffat-lto-objects\000"
 631      66756E63 
 631      74696F6E 
 631      2D736563 
 631      74696F6E 
 632              	.LASF7:
 633 015e 6C6F6E67 		.ascii	"long unsigned int\000"
ARM GAS  C:\Users\Susanna\AppData\Local\Temp\cclTu9i1.s 			page 14


 633      20756E73 
 633      69676E65 
 633      6420696E 
 633      7400
 634              	.LASF3:
 635 0170 73686F72 		.ascii	"short unsigned int\000"
 635      7420756E 
 635      7369676E 
 635      65642069 
 635      6E7400
 636              	.LASF20:
 637 0183 636C6963 		.ascii	"click_count\000"
 637      6B5F636F 
 637      756E7400 
 638              	.LASF18:
 639 018f 49544D5F 		.ascii	"ITM_RxBuffer\000"
 639      52784275 
 639      66666572 
 639      00
 640              	.LASF4:
 641 019c 5F5F7569 		.ascii	"__uint16_t\000"
 641      6E743136 
 641      5F7400
 642              	.LASF14:
 643 01a7 646F7562 		.ascii	"double\000"
 643      6C6500
 644              	.LASF26:
 645 01ae 54696D65 		.ascii	"Timer_SW_WriteCounter\000"
 645      725F5357 
 645      5F577269 
 645      7465436F 
 645      756E7465 
 646              	.LASF10:
 647 01c4 756E7369 		.ascii	"unsigned int\000"
 647      676E6564 
 647      20696E74 
 647      00
 648              	.LASF9:
 649 01d1 6C6F6E67 		.ascii	"long long unsigned int\000"
 649      206C6F6E 
 649      6720756E 
 649      7369676E 
 649      65642069 
 650              	.LASF33:
 651 01e8 53776974 		.ascii	"Switch_State\000"
 651      63685F53 
 651      74617465 
 651      00
 652              	.LASF23:
 653 01f5 745F6462 		.ascii	"t_dbl_click\000"
 653      6C5F636C 
 653      69636B00 
 654              	.LASF17:
 655 0201 73697A65 		.ascii	"sizetype\000"
 655      74797065 
 655      00
 656              	.LASF8:
ARM GAS  C:\Users\Susanna\AppData\Local\Temp\cclTu9i1.s 			page 15


 657 020a 6C6F6E67 		.ascii	"long long int\000"
 657      206C6F6E 
 657      6720696E 
 657      7400
 658              	.LASF24:
 659 0218 74696D65 		.ascii	"time_elapsed\000"
 659      5F656C61 
 659      70736564 
 659      00
 660              	.LASF15:
 661 0225 63686172 		.ascii	"char\000"
 661      00
 662              	.LASF2:
 663 022a 73686F72 		.ascii	"short int\000"
 663      7420696E 
 663      7400
 664              	.LASF11:
 665 0234 75696E74 		.ascii	"uint16_t\000"
 665      31365F74 
 665      00
 666              	.LASF6:
 667 023d 6C6F6E67 		.ascii	"long int\000"
 667      20696E74 
 667      00
 668              	.LASF27:
 669 0246 54696D65 		.ascii	"Timer_SW_Start\000"
 669      725F5357 
 669      5F537461 
 669      727400
 670              	.LASF16:
 671 0255 6C6F6E67 		.ascii	"long double\000"
 671      20646F75 
 671      626C6500 
 672              	.LASF21:
 673 0261 74696D65 		.ascii	"time_passed\000"
 673      5F706173 
 673      73656400 
 674              	.LASF0:
 675 026d 7369676E 		.ascii	"signed char\000"
 675      65642063 
 675      68617200 
 676              	.LASF25:
 677 0279 54696D65 		.ascii	"Timer_SW_Stop\000"
 677      725F5357 
 677      5F53746F 
 677      7000
 678              	.LASF29:
 679 0287 42555454 		.ascii	"BUTTON_Read\000"
 679      4F4E5F52 
 679      65616400 
 680              		.ident	"GCC: (GNU Tools for ARM Embedded Processors) 5.4.1 20160609 (release) [ARM/embedded-5-bran
