ARM GAS  C:\Users\Susanna\AppData\Local\Temp\ccHQxsti.s 			page 1


   1              		.syntax unified
   2              		.cpu cortex-m3
   3              		.fpu softvfp
   4              		.eabi_attribute 20, 1
   5              		.eabi_attribute 21, 1
   6              		.eabi_attribute 23, 3
   7              		.eabi_attribute 24, 1
   8              		.eabi_attribute 25, 1
   9              		.eabi_attribute 26, 1
  10              		.eabi_attribute 30, 1
  11              		.eabi_attribute 34, 1
  12              		.eabi_attribute 18, 4
  13              		.thumb
  14              		.syntax unified
  15              		.file	"cymetadata.c"
  16              		.text
  17              	.Ltext0:
  18              		.cfi_sections	.debug_frame
  19              		.global	cy_metadata
  20              		.global	cy_meta_flashprotect
  21              		.global	cy_meta_wonvl
  22              		.global	cy_meta_custnvl
  23              		.global	cy_meta_configecc
  24              		.section	.cyconfigecc,"a",%progbits
  25              		.align	2
  26              		.type	cy_meta_configecc, %object
  27              		.size	cy_meta_configecc, 2304
  28              	cy_meta_configecc:
  29 0000 04       		.byte	4
  30 0001 4F       		.byte	79
  31 0002 00       		.byte	0
  32 0003 40       		.byte	64
  33 0004 05       		.byte	5
  34 0005 52       		.byte	82
  35 0006 00       		.byte	0
  36 0007 40       		.byte	64
  37 0008 04       		.byte	4
  38 0009 64       		.byte	100
  39 000a 00       		.byte	0
  40 000b 40       		.byte	64
  41 000c 03       		.byte	3
  42 000d 65       		.byte	101
  43 000e 00       		.byte	0
  44 000f 40       		.byte	64
  45 0010 03       		.byte	3
  46 0011 03       		.byte	3
  47 0012 01       		.byte	1
  48 0013 40       		.byte	64
  49 0014 4E       		.byte	78
  50 0015 04       		.byte	4
  51 0016 01       		.byte	1
  52 0017 40       		.byte	64
  53 0018 31       		.byte	49
  54 0019 05       		.byte	5
  55 001a 01       		.byte	1
  56 001b 40       		.byte	64
  57 001c 08       		.byte	8
ARM GAS  C:\Users\Susanna\AppData\Local\Temp\ccHQxsti.s 			page 2


  58 001d 06       		.byte	6
  59 001e 01       		.byte	1
  60 001f 40       		.byte	64
  61 0020 3C       		.byte	60
  62 0021 07       		.byte	7
  63 0022 01       		.byte	1
  64 0023 40       		.byte	64
  65 0024 51       		.byte	81
  66 0025 08       		.byte	8
  67 0026 01       		.byte	1
  68 0027 40       		.byte	64
  69 0028 30       		.byte	48
  70 0029 09       		.byte	9
  71 002a 01       		.byte	1
  72 002b 40       		.byte	64
  73 002c 04       		.byte	4
  74 002d 0B       		.byte	11
  75 002e 01       		.byte	1
  76 002f 40       		.byte	64
  77 0030 04       		.byte	4
  78 0031 0C       		.byte	12
  79 0032 01       		.byte	1
  80 0033 40       		.byte	64
  81 0034 06       		.byte	6
  82 0035 0D       		.byte	13
  83 0036 01       		.byte	1
  84 0037 40       		.byte	64
  85 0038 50       		.byte	80
  86 0039 14       		.byte	20
  87 003a 01       		.byte	1
  88 003b 40       		.byte	64
  89 003c 4E       		.byte	78
  90 003d 15       		.byte	21
  91 003e 01       		.byte	1
  92 003f 40       		.byte	64
  93 0040 14       		.byte	20
  94 0041 17       		.byte	23
  95 0042 01       		.byte	1
  96 0043 40       		.byte	64
  97 0044 6A       		.byte	106
  98 0045 18       		.byte	24
  99 0046 01       		.byte	1
 100 0047 40       		.byte	64
 101 0048 51       		.byte	81
 102 0049 19       		.byte	25
 103 004a 01       		.byte	1
 104 004b 40       		.byte	64
 105 004c 49       		.byte	73
 106 004d 1A       		.byte	26
 107 004e 01       		.byte	1
 108 004f 40       		.byte	64
 109 0050 4E       		.byte	78
 110 0051 1B       		.byte	27
 111 0052 01       		.byte	1
 112 0053 40       		.byte	64
 113 0054 04       		.byte	4
 114 0055 40       		.byte	64
ARM GAS  C:\Users\Susanna\AppData\Local\Temp\ccHQxsti.s 			page 3


 115 0056 01       		.byte	1
 116 0057 40       		.byte	64
 117 0058 08       		.byte	8
 118 0059 41       		.byte	65
 119 005a 01       		.byte	1
 120 005b 40       		.byte	64
 121 005c 0C       		.byte	12
 122 005d 42       		.byte	66
 123 005e 01       		.byte	1
 124 005f 40       		.byte	64
 125 0060 05       		.byte	5
 126 0061 43       		.byte	67
 127 0062 01       		.byte	1
 128 0063 40       		.byte	64
 129 0064 02       		.byte	2
 130 0065 44       		.byte	68
 131 0066 01       		.byte	1
 132 0067 40       		.byte	64
 133 0068 0A       		.byte	10
 134 0069 45       		.byte	69
 135 006a 01       		.byte	1
 136 006b 40       		.byte	64
 137 006c 07       		.byte	7
 138 006d 46       		.byte	70
 139 006e 01       		.byte	1
 140 006f 40       		.byte	64
 141 0070 01       		.byte	1
 142 0071 47       		.byte	71
 143 0072 01       		.byte	1
 144 0073 40       		.byte	64
 145 0074 07       		.byte	7
 146 0075 48       		.byte	72
 147 0076 01       		.byte	1
 148 0077 40       		.byte	64
 149 0078 1B       		.byte	27
 150 0079 49       		.byte	73
 151 007a 01       		.byte	1
 152 007b 40       		.byte	64
 153 007c 09       		.byte	9
 154 007d 4C       		.byte	76
 155 007e 01       		.byte	1
 156 007f 40       		.byte	64
 157 0080 0C       		.byte	12
 158 0081 4D       		.byte	77
 159 0082 01       		.byte	1
 160 0083 40       		.byte	64
 161 0084 06       		.byte	6
 162 0085 50       		.byte	80
 163 0086 01       		.byte	1
 164 0087 40       		.byte	64
 165 0088 02       		.byte	2
 166 0089 51       		.byte	81
 167 008a 01       		.byte	1
 168 008b 40       		.byte	64
 169 008c 01       		.byte	1
 170 008d 30       		.byte	48
 171 008e 0A       		.byte	10
ARM GAS  C:\Users\Susanna\AppData\Local\Temp\ccHQxsti.s 			page 4


 172 008f 4B       		.byte	75
 173 0090 0D       		.byte	13
 174 0091 60       		.byte	96
 175 0092 16       		.byte	22
 176 0093 4B       		.byte	75
 177 0094 00       		.byte	0
 178 0095 40       		.byte	64
 179 0096 01       		.byte	1
 180 0097 60       		.byte	96
 181 0098 11       		.byte	17
 182 0099 02       		.byte	2
 183 009a 18       		.byte	24
 184 009b 60       		.byte	96
 185 009c 19       		.byte	25
 186 009d 40       		.byte	64
 187 009e 84       		.byte	-124
 188 009f 0F       		.byte	15
 189 00a0 86       		.byte	-122
 190 00a1 0F       		.byte	15
 191 00a2 88       		.byte	-120
 192 00a3 0F       		.byte	15
 193 00a4 89       		.byte	-119
 194 00a5 0D       		.byte	13
 195 00a6 84       		.byte	-124
 196 00a7 0D       		.byte	13
 197 00a8 8A       		.byte	-118
 198 00a9 38       		.byte	56
 199 00aa 8B       		.byte	-117
 200 00ab 72       		.byte	114
 201 00ac 8A       		.byte	-118
 202 00ad 08       		.byte	8
 203 00ae E2       		.byte	-30
 204 00af 40       		.byte	64
 205 00b0 EE       		.byte	-18
 206 00b1 08       		.byte	8
 207 00b2 04       		.byte	4
 208 00b3 07       		.byte	7
 209 00b4 05       		.byte	5
 210 00b5 01       		.byte	1
 211 00b6 0C       		.byte	12
 212 00b7 07       		.byte	7
 213 00b8 0F       		.byte	15
 214 00b9 02       		.byte	2
 215 00ba 14       		.byte	20
 216 00bb 01       		.byte	1
 217 00bc 18       		.byte	24
 218 00bd 08       		.byte	8
 219 00be 1E       		.byte	30
 220 00bf 04       		.byte	4
 221 00c0 20       		.byte	32
 222 00c1 08       		.byte	8
 223 00c2 25       		.byte	37
 224 00c3 01       		.byte	1
 225 00c4 2D       		.byte	45
 226 00c5 01       		.byte	1
 227 00c6 30       		.byte	48
 228 00c7 04       		.byte	4
ARM GAS  C:\Users\Susanna\AppData\Local\Temp\ccHQxsti.s 			page 5


 229 00c8 31       		.byte	49
 230 00c9 02       		.byte	2
 231 00ca 32       		.byte	50
 232 00cb 02       		.byte	2
 233 00cc 33       		.byte	51
 234 00cd 01       		.byte	1
 235 00ce 34       		.byte	52
 236 00cf 08       		.byte	8
 237 00d0 36       		.byte	54
 238 00d1 01       		.byte	1
 239 00d2 40       		.byte	64
 240 00d3 40       		.byte	64
 241 00d4 41       		.byte	65
 242 00d5 03       		.byte	3
 243 00d6 45       		.byte	69
 244 00d7 D5       		.byte	-43
 245 00d8 46       		.byte	70
 246 00d9 04       		.byte	4
 247 00da 47       		.byte	71
 248 00db 12       		.byte	18
 249 00dc 48       		.byte	72
 250 00dd 3F       		.byte	63
 251 00de 49       		.byte	73
 252 00df FF       		.byte	-1
 253 00e0 4A       		.byte	74
 254 00e1 FF       		.byte	-1
 255 00e2 4B       		.byte	75
 256 00e3 FF       		.byte	-1
 257 00e4 4D       		.byte	77
 258 00e5 A0       		.byte	-96
 259 00e6 4F       		.byte	79
 260 00e7 04       		.byte	4
 261 00e8 50       		.byte	80
 262 00e9 18       		.byte	24
 263 00ea 52       		.byte	82
 264 00eb 80       		.byte	-128
 265 00ec 54       		.byte	84
 266 00ed 07       		.byte	7
 267 00ee 58       		.byte	88
 268 00ef 04       		.byte	4
 269 00f0 59       		.byte	89
 270 00f1 04       		.byte	4
 271 00f2 5A       		.byte	90
 272 00f3 04       		.byte	4
 273 00f4 5B       		.byte	91
 274 00f5 04       		.byte	4
 275 00f6 5C       		.byte	92
 276 00f7 55       		.byte	85
 277 00f8 5D       		.byte	93
 278 00f9 55       		.byte	85
 279 00fa 5F       		.byte	95
 280 00fb 01       		.byte	1
 281 00fc 60       		.byte	96
 282 00fd 40       		.byte	64
 283 00fe 62       		.byte	98
 284 00ff C0       		.byte	-64
 285 0100 64       		.byte	100
ARM GAS  C:\Users\Susanna\AppData\Local\Temp\ccHQxsti.s 			page 6


 286 0101 40       		.byte	64
 287 0102 65       		.byte	101
 288 0103 40       		.byte	64
 289 0104 66       		.byte	102
 290 0105 C0       		.byte	-64
 291 0106 68       		.byte	104
 292 0107 C0       		.byte	-64
 293 0108 6A       		.byte	106
 294 0109 C0       		.byte	-64
 295 010a 6C       		.byte	108
 296 010b C0       		.byte	-64
 297 010c 6E       		.byte	110
 298 010d C0       		.byte	-64
 299 010e 80       		.byte	-128
 300 010f EC       		.byte	-20
 301 0110 84       		.byte	-124
 302 0111 01       		.byte	1
 303 0112 86       		.byte	-122
 304 0113 06       		.byte	6
 305 0114 88       		.byte	-120
 306 0115 E8       		.byte	-24
 307 0116 8A       		.byte	-118
 308 0117 04       		.byte	4
 309 0118 8C       		.byte	-116
 310 0119 08       		.byte	8
 311 011a 8E       		.byte	-114
 312 011b 13       		.byte	19
 313 011c 94       		.byte	-108
 314 011d 17       		.byte	23
 315 011e 96       		.byte	-106
 316 011f 40       		.byte	64
 317 0120 98       		.byte	-104
 318 0121 EC       		.byte	-20
 319 0122 9C       		.byte	-100
 320 0123 10       		.byte	16
 321 0124 9E       		.byte	-98
 322 0125 68       		.byte	104
 323 0126 A0       		.byte	-96
 324 0127 6C       		.byte	108
 325 0128 A2       		.byte	-94
 326 0129 80       		.byte	-128
 327 012a A4       		.byte	-92
 328 012b 11       		.byte	17
 329 012c A6       		.byte	-90
 330 012d 26       		.byte	38
 331 012e A8       		.byte	-88
 332 012f EC       		.byte	-20
 333 0130 AE       		.byte	-82
 334 0131 80       		.byte	-128
 335 0132 B2       		.byte	-78
 336 0133 07       		.byte	7
 337 0134 B4       		.byte	-76
 338 0135 80       		.byte	-128
 339 0136 B6       		.byte	-74
 340 0137 78       		.byte	120
 341 0138 BA       		.byte	-70
 342 0139 88       		.byte	-120
ARM GAS  C:\Users\Susanna\AppData\Local\Temp\ccHQxsti.s 			page 7


 343 013a BB       		.byte	-69
 344 013b 02       		.byte	2
 345 013c BE       		.byte	-66
 346 013d 10       		.byte	16
 347 013e D4       		.byte	-44
 348 013f 40       		.byte	64
 349 0140 D6       		.byte	-42
 350 0141 04       		.byte	4
 351 0142 D8       		.byte	-40
 352 0143 04       		.byte	4
 353 0144 D9       		.byte	-39
 354 0145 04       		.byte	4
 355 0146 DB       		.byte	-37
 356 0147 04       		.byte	4
 357 0148 DC       		.byte	-36
 358 0149 21       		.byte	33
 359 014a DD       		.byte	-35
 360 014b 10       		.byte	16
 361 014c DF       		.byte	-33
 362 014d 01       		.byte	1
 363 014e 02       		.byte	2
 364 014f 10       		.byte	16
 365 0150 03       		.byte	3
 366 0151 02       		.byte	2
 367 0152 05       		.byte	5
 368 0153 04       		.byte	4
 369 0154 07       		.byte	7
 370 0155 46       		.byte	70
 371 0156 0A       		.byte	10
 372 0157 12       		.byte	18
 373 0158 0B       		.byte	11
 374 0159 08       		.byte	8
 375 015a 0E       		.byte	14
 376 015b 22       		.byte	34
 377 015c 0F       		.byte	15
 378 015d 08       		.byte	8
 379 015e 12       		.byte	18
 380 015f 40       		.byte	64
 381 0160 14       		.byte	20
 382 0161 01       		.byte	1
 383 0162 16       		.byte	22
 384 0163 01       		.byte	1
 385 0164 17       		.byte	23
 386 0165 19       		.byte	25
 387 0166 19       		.byte	25
 388 0167 80       		.byte	-128
 389 0168 1A       		.byte	26
 390 0169 50       		.byte	80
 391 016a 1B       		.byte	27
 392 016b 10       		.byte	16
 393 016c 1D       		.byte	29
 394 016d 04       		.byte	4
 395 016e 1E       		.byte	30
 396 016f 02       		.byte	2
 397 0170 1F       		.byte	31
 398 0171 10       		.byte	16
 399 0172 21       		.byte	33
ARM GAS  C:\Users\Susanna\AppData\Local\Temp\ccHQxsti.s 			page 8


 400 0173 02       		.byte	2
 401 0174 22       		.byte	34
 402 0175 01       		.byte	1
 403 0176 23       		.byte	35
 404 0177 20       		.byte	32
 405 0178 26       		.byte	38
 406 0179 02       		.byte	2
 407 017a 2A       		.byte	42
 408 017b 40       		.byte	64
 409 017c 2B       		.byte	43
 410 017d 10       		.byte	16
 411 017e 3A       		.byte	58
 412 017f 88       		.byte	-120
 413 0180 3B       		.byte	59
 414 0181 08       		.byte	8
 415 0182 41       		.byte	65
 416 0183 02       		.byte	2
 417 0184 43       		.byte	67
 418 0185 08       		.byte	8
 419 0186 49       		.byte	73
 420 0187 01       		.byte	1
 421 0188 4B       		.byte	75
 422 0189 08       		.byte	8
 423 018a 52       		.byte	82
 424 018b 54       		.byte	84
 425 018c 53       		.byte	83
 426 018d 0A       		.byte	10
 427 018e 59       		.byte	89
 428 018f 81       		.byte	-127
 429 0190 5A       		.byte	90
 430 0191 08       		.byte	8
 431 0192 5B       		.byte	91
 432 0193 20       		.byte	32
 433 0194 64       		.byte	100
 434 0195 01       		.byte	1
 435 0196 66       		.byte	102
 436 0197 20       		.byte	32
 437 0198 67       		.byte	103
 438 0199 60       		.byte	96
 439 019a 72       		.byte	114
 440 019b 80       		.byte	-128
 441 019c 87       		.byte	-121
 442 019d 40       		.byte	64
 443 019e A2       		.byte	-94
 444 019f 08       		.byte	8
 445 01a0 C0       		.byte	-64
 446 01a1 F5       		.byte	-11
 447 01a2 C2       		.byte	-62
 448 01a3 E7       		.byte	-25
 449 01a4 C4       		.byte	-60
 450 01a5 F8       		.byte	-8
 451 01a6 CA       		.byte	-54
 452 01a7 0A       		.byte	10
 453 01a8 CE       		.byte	-50
 454 01a9 0A       		.byte	10
 455 01aa D0       		.byte	-48
 456 01ab 03       		.byte	3
ARM GAS  C:\Users\Susanna\AppData\Local\Temp\ccHQxsti.s 			page 9


 457 01ac D6       		.byte	-42
 458 01ad 0F       		.byte	15
 459 01ae D8       		.byte	-40
 460 01af F0       		.byte	-16
 461 01b0 81       		.byte	-127
 462 01b1 01       		.byte	1
 463 01b2 85       		.byte	-123
 464 01b3 03       		.byte	3
 465 01b4 99       		.byte	-103
 466 01b5 03       		.byte	3
 467 01b6 B1       		.byte	-79
 468 01b7 02       		.byte	2
 469 01b8 B7       		.byte	-73
 470 01b9 01       		.byte	1
 471 01ba D9       		.byte	-39
 472 01bb 04       		.byte	4
 473 01bc DC       		.byte	-36
 474 01bd 50       		.byte	80
 475 01be DF       		.byte	-33
 476 01bf 01       		.byte	1
 477 01c0 05       		.byte	5
 478 01c1 0D       		.byte	13
 479 01c2 07       		.byte	7
 480 01c3 0A       		.byte	10
 481 01c4 0B       		.byte	11
 482 01c5 C0       		.byte	-64
 483 01c6 0C       		.byte	12
 484 01c7 08       		.byte	8
 485 01c8 0D       		.byte	13
 486 01c9 08       		.byte	8
 487 01ca 0E       		.byte	14
 488 01cb 22       		.byte	34
 489 01cc 0F       		.byte	15
 490 01cd 08       		.byte	8
 491 01ce 16       		.byte	22
 492 01cf 02       		.byte	2
 493 01d0 17       		.byte	23
 494 01d1 15       		.byte	21
 495 01d2 1D       		.byte	29
 496 01d3 21       		.byte	33
 497 01d4 1F       		.byte	31
 498 01d5 40       		.byte	64
 499 01d6 21       		.byte	33
 500 01d7 01       		.byte	1
 501 01d8 22       		.byte	34
 502 01d9 40       		.byte	64
 503 01da 24       		.byte	36
 504 01db 44       		.byte	68
 505 01dc 27       		.byte	39
 506 01dd 0A       		.byte	10
 507 01de 2C       		.byte	44
 508 01df 08       		.byte	8
 509 01e0 2D       		.byte	45
 510 01e1 0A       		.byte	10
 511 01e2 2E       		.byte	46
 512 01e3 80       		.byte	-128
 513 01e4 32       		.byte	50
ARM GAS  C:\Users\Susanna\AppData\Local\Temp\ccHQxsti.s 			page 10


 514 01e5 20       		.byte	32
 515 01e6 37       		.byte	55
 516 01e7 55       		.byte	85
 517 01e8 38       		.byte	56
 518 01e9 08       		.byte	8
 519 01ea 39       		.byte	57
 520 01eb 02       		.byte	2
 521 01ec 3C       		.byte	60
 522 01ed 44       		.byte	68
 523 01ee 3E       		.byte	62
 524 01ef 02       		.byte	2
 525 01f0 45       		.byte	69
 526 01f1 20       		.byte	32
 527 01f2 46       		.byte	70
 528 01f3 80       		.byte	-128
 529 01f4 47       		.byte	71
 530 01f5 0A       		.byte	10
 531 01f6 4D       		.byte	77
 532 01f7 02       		.byte	2
 533 01f8 4E       		.byte	78
 534 01f9 0A       		.byte	10
 535 01fa 4F       		.byte	79
 536 01fb 05       		.byte	5
 537 01fc 56       		.byte	86
 538 01fd 21       		.byte	33
 539 01fe 57       		.byte	87
 540 01ff 04       		.byte	4
 541 0200 65       		.byte	101
 542 0201 40       		.byte	64
 543 0202 6E       		.byte	110
 544 0203 02       		.byte	2
 545 0204 6F       		.byte	111
 546 0205 55       		.byte	85
 547 0206 76       		.byte	118
 548 0207 02       		.byte	2
 549 0208 8C       		.byte	-116
 550 0209 40       		.byte	64
 551 020a 8D       		.byte	-115
 552 020b 01       		.byte	1
 553 020c 92       		.byte	-110
 554 020d 42       		.byte	66
 555 020e 96       		.byte	-106
 556 020f 08       		.byte	8
 557 0210 99       		.byte	-103
 558 0211 04       		.byte	4
 559 0212 9A       		.byte	-102
 560 0213 4C       		.byte	76
 561 0214 9E       		.byte	-98
 562 0215 23       		.byte	35
 563 0216 9F       		.byte	-97
 564 0217 5F       		.byte	95
 565 0218 A2       		.byte	-94
 566 0219 08       		.byte	8
 567 021a A6       		.byte	-90
 568 021b 10       		.byte	16
 569 021c AA       		.byte	-86
 570 021d 02       		.byte	2
ARM GAS  C:\Users\Susanna\AppData\Local\Temp\ccHQxsti.s 			page 11


 571 021e AB       		.byte	-85
 572 021f 04       		.byte	4
 573 0220 B6       		.byte	-74
 574 0221 02       		.byte	2
 575 0222 C0       		.byte	-64
 576 0223 F0       		.byte	-16
 577 0224 C2       		.byte	-62
 578 0225 E0       		.byte	-32
 579 0226 C4       		.byte	-60
 580 0227 F0       		.byte	-16
 581 0228 CA       		.byte	-54
 582 0229 F0       		.byte	-16
 583 022a CC       		.byte	-52
 584 022b F4       		.byte	-12
 585 022c CE       		.byte	-50
 586 022d D3       		.byte	-45
 587 022e D0       		.byte	-48
 588 022f E0       		.byte	-32
 589 0230 D2       		.byte	-46
 590 0231 30       		.byte	48
 591 0232 D8       		.byte	-40
 592 0233 10       		.byte	16
 593 0234 E2       		.byte	-30
 594 0235 40       		.byte	64
 595 0236 E6       		.byte	-26
 596 0237 40       		.byte	64
 597 0238 00       		.byte	0
 598 0239 5C       		.byte	92
 599 023a 02       		.byte	2
 600 023b 23       		.byte	35
 601 023c 04       		.byte	4
 602 023d 0C       		.byte	12
 603 023e 08       		.byte	8
 604 023f 04       		.byte	4
 605 0240 0C       		.byte	12
 606 0241 01       		.byte	1
 607 0242 10       		.byte	16
 608 0243 1F       		.byte	31
 609 0244 11       		.byte	17
 610 0245 04       		.byte	4
 611 0246 12       		.byte	18
 612 0247 60       		.byte	96
 613 0248 13       		.byte	19
 614 0249 09       		.byte	9
 615 024a 14       		.byte	20
 616 024b 02       		.byte	2
 617 024c 18       		.byte	24
 618 024d 73       		.byte	115
 619 024e 19       		.byte	25
 620 024f 0E       		.byte	14
 621 0250 1A       		.byte	26
 622 0251 0C       		.byte	12
 623 0252 1C       		.byte	28
 624 0253 08       		.byte	8
 625 0254 24       		.byte	36
 626 0255 03       		.byte	3
 627 0256 28       		.byte	40
ARM GAS  C:\Users\Susanna\AppData\Local\Temp\ccHQxsti.s 			page 12


 628 0257 7F       		.byte	127
 629 0258 29       		.byte	41
 630 0259 03       		.byte	3
 631 025a 2B       		.byte	43
 632 025b 04       		.byte	4
 633 025c 2D       		.byte	45
 634 025d 05       		.byte	5
 635 025e 2E       		.byte	46
 636 025f 63       		.byte	99
 637 0260 2F       		.byte	47
 638 0261 0A       		.byte	10
 639 0262 30       		.byte	48
 640 0263 2C       		.byte	44
 641 0264 32       		.byte	50
 642 0265 10       		.byte	16
 643 0266 33       		.byte	51
 644 0267 0F       		.byte	15
 645 0268 34       		.byte	52
 646 0269 0F       		.byte	15
 647 026a 36       		.byte	54
 648 026b 4C       		.byte	76
 649 026c 39       		.byte	57
 650 026d 08       		.byte	8
 651 026e 3A       		.byte	58
 652 026f 22       		.byte	34
 653 0270 3E       		.byte	62
 654 0271 04       		.byte	4
 655 0272 54       		.byte	84
 656 0273 01       		.byte	1
 657 0274 58       		.byte	88
 658 0275 04       		.byte	4
 659 0276 59       		.byte	89
 660 0277 04       		.byte	4
 661 0278 5B       		.byte	91
 662 0279 04       		.byte	4
 663 027a 5C       		.byte	92
 664 027b 12       		.byte	18
 665 027c 5D       		.byte	93
 666 027d 20       		.byte	32
 667 027e 5F       		.byte	95
 668 027f 01       		.byte	1
 669 0280 82       		.byte	-126
 670 0281 01       		.byte	1
 671 0282 89       		.byte	-119
 672 0283 01       		.byte	1
 673 0284 8F       		.byte	-113
 674 0285 08       		.byte	8
 675 0286 97       		.byte	-105
 676 0287 07       		.byte	7
 677 0288 9B       		.byte	-101
 678 0289 04       		.byte	4
 679 028a 9C       		.byte	-100
 680 028b 01       		.byte	1
 681 028c 9E       		.byte	-98
 682 028d 02       		.byte	2
 683 028e AA       		.byte	-86
 684 028f 04       		.byte	4
ARM GAS  C:\Users\Susanna\AppData\Local\Temp\ccHQxsti.s 			page 13


 685 0290 B0       		.byte	-80
 686 0291 02       		.byte	2
 687 0292 B1       		.byte	-79
 688 0293 01       		.byte	1
 689 0294 B3       		.byte	-77
 690 0295 02       		.byte	2
 691 0296 B4       		.byte	-76
 692 0297 01       		.byte	1
 693 0298 B5       		.byte	-75
 694 0299 08       		.byte	8
 695 029a B6       		.byte	-74
 696 029b 04       		.byte	4
 697 029c B7       		.byte	-73
 698 029d 04       		.byte	4
 699 029e C0       		.byte	-64
 700 029f 60       		.byte	96
 701 02a0 C1       		.byte	-63
 702 02a1 05       		.byte	5
 703 02a2 C5       		.byte	-59
 704 02a3 D0       		.byte	-48
 705 02a4 C6       		.byte	-58
 706 02a5 02       		.byte	2
 707 02a6 C7       		.byte	-57
 708 02a7 01       		.byte	1
 709 02a8 C8       		.byte	-56
 710 02a9 16       		.byte	22
 711 02aa C9       		.byte	-55
 712 02ab FF       		.byte	-1
 713 02ac CA       		.byte	-54
 714 02ad FF       		.byte	-1
 715 02ae CB       		.byte	-53
 716 02af FF       		.byte	-1
 717 02b0 CD       		.byte	-51
 718 02b1 A0       		.byte	-96
 719 02b2 CF       		.byte	-49
 720 02b3 04       		.byte	4
 721 02b4 D0       		.byte	-48
 722 02b5 18       		.byte	24
 723 02b6 D2       		.byte	-46
 724 02b7 80       		.byte	-128
 725 02b8 D4       		.byte	-44
 726 02b9 05       		.byte	5
 727 02ba D8       		.byte	-40
 728 02bb 04       		.byte	4
 729 02bc D9       		.byte	-39
 730 02bd 04       		.byte	4
 731 02be DA       		.byte	-38
 732 02bf 04       		.byte	4
 733 02c0 DB       		.byte	-37
 734 02c1 04       		.byte	4
 735 02c2 DC       		.byte	-36
 736 02c3 47       		.byte	71
 737 02c4 DD       		.byte	-35
 738 02c5 44       		.byte	68
 739 02c6 DF       		.byte	-33
 740 02c7 01       		.byte	1
 741 02c8 E0       		.byte	-32
ARM GAS  C:\Users\Susanna\AppData\Local\Temp\ccHQxsti.s 			page 14


 742 02c9 40       		.byte	64
 743 02ca E2       		.byte	-30
 744 02cb C0       		.byte	-64
 745 02cc E4       		.byte	-28
 746 02cd 40       		.byte	64
 747 02ce E5       		.byte	-27
 748 02cf 40       		.byte	64
 749 02d0 E6       		.byte	-26
 750 02d1 C0       		.byte	-64
 751 02d2 E8       		.byte	-24
 752 02d3 C0       		.byte	-64
 753 02d4 EA       		.byte	-22
 754 02d5 C0       		.byte	-64
 755 02d6 EC       		.byte	-20
 756 02d7 C0       		.byte	-64
 757 02d8 EE       		.byte	-18
 758 02d9 C0       		.byte	-64
 759 02da 01       		.byte	1
 760 02db 02       		.byte	2
 761 02dc 05       		.byte	5
 762 02dd 80       		.byte	-128
 763 02de 06       		.byte	6
 764 02df 60       		.byte	96
 765 02e0 07       		.byte	7
 766 02e1 04       		.byte	4
 767 02e2 0A       		.byte	10
 768 02e3 02       		.byte	2
 769 02e4 0C       		.byte	12
 770 02e5 90       		.byte	-112
 771 02e6 0D       		.byte	13
 772 02e7 02       		.byte	2
 773 02e8 0E       		.byte	14
 774 02e9 24       		.byte	36
 775 02ea 10       		.byte	16
 776 02eb 04       		.byte	4
 777 02ec 15       		.byte	21
 778 02ed 40       		.byte	64
 779 02ee 17       		.byte	23
 780 02ef 28       		.byte	40
 781 02f0 19       		.byte	25
 782 02f1 02       		.byte	2
 783 02f2 1A       		.byte	26
 784 02f3 0A       		.byte	10
 785 02f4 1C       		.byte	28
 786 02f5 42       		.byte	66
 787 02f6 1D       		.byte	29
 788 02f7 02       		.byte	2
 789 02f8 1E       		.byte	30
 790 02f9 14       		.byte	20
 791 02fa 20       		.byte	32
 792 02fb 08       		.byte	8
 793 02fc 22       		.byte	34
 794 02fd 90       		.byte	-112
 795 02fe 23       		.byte	35
 796 02ff 90       		.byte	-112
 797 0300 27       		.byte	39
 798 0301 10       		.byte	16
ARM GAS  C:\Users\Susanna\AppData\Local\Temp\ccHQxsti.s 			page 15


 799 0302 2F       		.byte	47
 800 0303 0A       		.byte	10
 801 0304 32       		.byte	50
 802 0305 18       		.byte	24
 803 0306 37       		.byte	55
 804 0307 11       		.byte	17
 805 0308 3B       		.byte	59
 806 0309 50       		.byte	80
 807 030a 48       		.byte	72
 808 030b 04       		.byte	4
 809 030c 49       		.byte	73
 810 030d 01       		.byte	1
 811 030e 4B       		.byte	75
 812 030f 80       		.byte	-128
 813 0310 52       		.byte	82
 814 0311 08       		.byte	8
 815 0312 53       		.byte	83
 816 0313 C0       		.byte	-64
 817 0314 59       		.byte	89
 818 0315 05       		.byte	5
 819 0316 5B       		.byte	91
 820 0317 80       		.byte	-128
 821 0318 5C       		.byte	92
 822 0319 20       		.byte	32
 823 031a 5E       		.byte	94
 824 031b 49       		.byte	73
 825 031c 73       		.byte	115
 826 031d 40       		.byte	64
 827 031e 96       		.byte	-106
 828 031f 08       		.byte	8
 829 0320 98       		.byte	-104
 830 0321 04       		.byte	4
 831 0322 9B       		.byte	-101
 832 0323 20       		.byte	32
 833 0324 A6       		.byte	-90
 834 0325 80       		.byte	-128
 835 0326 B7       		.byte	-73
 836 0327 20       		.byte	32
 837 0328 C0       		.byte	-64
 838 0329 F8       		.byte	-8
 839 032a C2       		.byte	-62
 840 032b F1       		.byte	-15
 841 032c C4       		.byte	-60
 842 032d E2       		.byte	-30
 843 032e CA       		.byte	-54
 844 032f 30       		.byte	48
 845 0330 CC       		.byte	-52
 846 0331 A6       		.byte	-90
 847 0332 CE       		.byte	-50
 848 0333 0C       		.byte	12
 849 0334 D2       		.byte	-46
 850 0335 0C       		.byte	12
 851 0336 D6       		.byte	-42
 852 0337 FB       		.byte	-5
 853 0338 EC       		.byte	-20
 854 0339 10       		.byte	16
 855 033a 8A       		.byte	-118
ARM GAS  C:\Users\Susanna\AppData\Local\Temp\ccHQxsti.s 			page 16


 856 033b 80       		.byte	-128
 857 033c 96       		.byte	-106
 858 033d 08       		.byte	8
 859 033e 98       		.byte	-104
 860 033f 04       		.byte	4
 861 0340 B0       		.byte	-80
 862 0341 04       		.byte	4
 863 0342 B9       		.byte	-71
 864 0343 20       		.byte	32
 865 0344 BF       		.byte	-65
 866 0345 10       		.byte	16
 867 0346 D9       		.byte	-39
 868 0347 04       		.byte	4
 869 0348 DF       		.byte	-33
 870 0349 01       		.byte	1
 871 034a 22       		.byte	34
 872 034b 10       		.byte	16
 873 034c 8E       		.byte	-114
 874 034d 10       		.byte	16
 875 034e 96       		.byte	-106
 876 034f 08       		.byte	8
 877 0350 AE       		.byte	-82
 878 0351 04       		.byte	4
 879 0352 E2       		.byte	-30
 880 0353 40       		.byte	64
 881 0354 E6       		.byte	-26
 882 0355 80       		.byte	-128
 883 0356 02       		.byte	2
 884 0357 40       		.byte	64
 885 0358 04       		.byte	4
 886 0359 05       		.byte	5
 887 035a 05       		.byte	5
 888 035b 02       		.byte	2
 889 035c 06       		.byte	6
 890 035d 0A       		.byte	10
 891 035e 0A       		.byte	10
 892 035f 40       		.byte	64
 893 0360 0B       		.byte	11
 894 0361 02       		.byte	2
 895 0362 0C       		.byte	12
 896 0363 02       		.byte	2
 897 0364 0E       		.byte	14
 898 0365 0D       		.byte	13
 899 0366 13       		.byte	19
 900 0367 01       		.byte	1
 901 0368 14       		.byte	20
 902 0369 09       		.byte	9
 903 036a 16       		.byte	22
 904 036b 06       		.byte	6
 905 036c 19       		.byte	25
 906 036d 02       		.byte	2
 907 036e 1A       		.byte	26
 908 036f 20       		.byte	32
 909 0370 1E       		.byte	30
 910 0371 10       		.byte	16
 911 0372 20       		.byte	32
 912 0373 03       		.byte	3
ARM GAS  C:\Users\Susanna\AppData\Local\Temp\ccHQxsti.s 			page 17


 913 0374 22       		.byte	34
 914 0375 0C       		.byte	12
 915 0376 23       		.byte	35
 916 0377 04       		.byte	4
 917 0378 25       		.byte	37
 918 0379 04       		.byte	4
 919 037a 26       		.byte	38
 920 037b 20       		.byte	32
 921 037c 2A       		.byte	42
 922 037d 10       		.byte	16
 923 037e 2D       		.byte	45
 924 037f 04       		.byte	4
 925 0380 30       		.byte	48
 926 0381 10       		.byte	16
 927 0382 32       		.byte	50
 928 0383 20       		.byte	32
 929 0384 33       		.byte	51
 930 0385 04       		.byte	4
 931 0386 34       		.byte	52
 932 0387 40       		.byte	64
 933 0388 35       		.byte	53
 934 0389 01       		.byte	1
 935 038a 36       		.byte	54
 936 038b 0F       		.byte	15
 937 038c 37       		.byte	55
 938 038d 02       		.byte	2
 939 038e 3A       		.byte	58
 940 038f 80       		.byte	-128
 941 0390 3E       		.byte	62
 942 0391 15       		.byte	21
 943 0392 40       		.byte	64
 944 0393 20       		.byte	32
 945 0394 41       		.byte	65
 946 0395 06       		.byte	6
 947 0396 45       		.byte	69
 948 0397 D2       		.byte	-46
 949 0398 46       		.byte	70
 950 0399 10       		.byte	16
 951 039a 48       		.byte	72
 952 039b 1B       		.byte	27
 953 039c 49       		.byte	73
 954 039d FF       		.byte	-1
 955 039e 4A       		.byte	74
 956 039f FF       		.byte	-1
 957 03a0 4B       		.byte	75
 958 03a1 FF       		.byte	-1
 959 03a2 4D       		.byte	77
 960 03a3 A0       		.byte	-96
 961 03a4 4F       		.byte	79
 962 03a5 04       		.byte	4
 963 03a6 50       		.byte	80
 964 03a7 18       		.byte	24
 965 03a8 52       		.byte	82
 966 03a9 80       		.byte	-128
 967 03aa 54       		.byte	84
 968 03ab 05       		.byte	5
 969 03ac 58       		.byte	88
ARM GAS  C:\Users\Susanna\AppData\Local\Temp\ccHQxsti.s 			page 18


 970 03ad 04       		.byte	4
 971 03ae 59       		.byte	89
 972 03af 04       		.byte	4
 973 03b0 5A       		.byte	90
 974 03b1 04       		.byte	4
 975 03b2 5B       		.byte	91
 976 03b3 04       		.byte	4
 977 03b4 5C       		.byte	92
 978 03b5 51       		.byte	81
 979 03b6 5D       		.byte	93
 980 03b7 55       		.byte	85
 981 03b8 5F       		.byte	95
 982 03b9 01       		.byte	1
 983 03ba 60       		.byte	96
 984 03bb 40       		.byte	64
 985 03bc 62       		.byte	98
 986 03bd C0       		.byte	-64
 987 03be 64       		.byte	100
 988 03bf 40       		.byte	64
 989 03c0 65       		.byte	101
 990 03c1 40       		.byte	64
 991 03c2 66       		.byte	102
 992 03c3 C0       		.byte	-64
 993 03c4 68       		.byte	104
 994 03c5 C0       		.byte	-64
 995 03c6 6A       		.byte	106
 996 03c7 C0       		.byte	-64
 997 03c8 6C       		.byte	108
 998 03c9 C0       		.byte	-64
 999 03ca 6E       		.byte	110
 1000 03cb C0       		.byte	-64
 1001 03cc 84       		.byte	-124
 1002 03cd 06       		.byte	6
 1003 03ce 85       		.byte	-123
 1004 03cf 01       		.byte	1
 1005 03d0 86       		.byte	-122
 1006 03d1 01       		.byte	1
 1007 03d2 8C       		.byte	-116
 1008 03d3 01       		.byte	1
 1009 03d4 8E       		.byte	-114
 1010 03d5 02       		.byte	2
 1011 03d6 91       		.byte	-111
 1012 03d7 01       		.byte	1
 1013 03d8 94       		.byte	-108
 1014 03d9 04       		.byte	4
 1015 03da 99       		.byte	-103
 1016 03db 01       		.byte	1
 1017 03dc 9C       		.byte	-100
 1018 03dd 04       		.byte	4
 1019 03de B2       		.byte	-78
 1020 03df 07       		.byte	7
 1021 03e0 B7       		.byte	-73
 1022 03e1 01       		.byte	1
 1023 03e2 BA       		.byte	-70
 1024 03e3 08       		.byte	8
 1025 03e4 BF       		.byte	-65
 1026 03e5 40       		.byte	64
ARM GAS  C:\Users\Susanna\AppData\Local\Temp\ccHQxsti.s 			page 19


 1027 03e6 D4       		.byte	-44
 1028 03e7 09       		.byte	9
 1029 03e8 D6       		.byte	-42
 1030 03e9 04       		.byte	4
 1031 03ea D8       		.byte	-40
 1032 03eb 04       		.byte	4
 1033 03ec D9       		.byte	-39
 1034 03ed 04       		.byte	4
 1035 03ee DB       		.byte	-37
 1036 03ef 04       		.byte	4
 1037 03f0 DC       		.byte	-36
 1038 03f1 01       		.byte	1
 1039 03f2 DD       		.byte	-35
 1040 03f3 10       		.byte	16
 1041 03f4 DF       		.byte	-33
 1042 03f5 01       		.byte	1
 1043 03f6 00       		.byte	0
 1044 03f7 04       		.byte	4
 1045 03f8 01       		.byte	1
 1046 03f9 80       		.byte	-128
 1047 03fa 02       		.byte	2
 1048 03fb 80       		.byte	-128
 1049 03fc 03       		.byte	3
 1050 03fd 08       		.byte	8
 1051 03fe 04       		.byte	4
 1052 03ff 04       		.byte	4
 1053 0400 07       		.byte	7
 1054 0401 02       		.byte	2
 1055 0402 08       		.byte	8
 1056 0403 40       		.byte	64
 1057 0404 09       		.byte	9
 1058 0405 28       		.byte	40
 1059 0406 0A       		.byte	10
 1060 0407 02       		.byte	2
 1061 0408 0E       		.byte	14
 1062 0409 20       		.byte	32
 1063 040a 0F       		.byte	15
 1064 040b 01       		.byte	1
 1065 040c 10       		.byte	16
 1066 040d 20       		.byte	32
 1067 040e 12       		.byte	18
 1068 040f 04       		.byte	4
 1069 0410 13       		.byte	19
 1070 0411 02       		.byte	2
 1071 0412 19       		.byte	25
 1072 0413 EA       		.byte	-22
 1073 0414 1D       		.byte	29
 1074 0415 08       		.byte	8
 1075 0416 1E       		.byte	30
 1076 0417 20       		.byte	32
 1077 0418 20       		.byte	32
 1078 0419 12       		.byte	18
 1079 041a 21       		.byte	33
 1080 041b 30       		.byte	48
 1081 041c 27       		.byte	39
 1082 041d 01       		.byte	1
 1083 041e 28       		.byte	40
ARM GAS  C:\Users\Susanna\AppData\Local\Temp\ccHQxsti.s 			page 20


 1084 041f 40       		.byte	64
 1085 0420 2A       		.byte	42
 1086 0421 48       		.byte	72
 1087 0422 2C       		.byte	44
 1088 0423 20       		.byte	32
 1089 0424 2F       		.byte	47
 1090 0425 10       		.byte	16
 1091 0426 31       		.byte	49
 1092 0427 02       		.byte	2
 1093 0428 32       		.byte	50
 1094 0429 20       		.byte	32
 1095 042a 36       		.byte	54
 1096 042b 10       		.byte	16
 1097 042c 37       		.byte	55
 1098 042d 02       		.byte	2
 1099 042e 38       		.byte	56
 1100 042f 08       		.byte	8
 1101 0430 39       		.byte	57
 1102 0431 20       		.byte	32
 1103 0432 3C       		.byte	60
 1104 0433 04       		.byte	4
 1105 0434 41       		.byte	65
 1106 0435 20       		.byte	32
 1107 0436 46       		.byte	70
 1108 0437 80       		.byte	-128
 1109 0438 47       		.byte	71
 1110 0439 01       		.byte	1
 1111 043a 48       		.byte	72
 1112 043b 20       		.byte	32
 1113 043c 49       		.byte	73
 1114 043d 01       		.byte	1
 1115 043e 4B       		.byte	75
 1116 043f 20       		.byte	32
 1117 0440 50       		.byte	80
 1118 0441 04       		.byte	4
 1119 0442 52       		.byte	82
 1120 0443 20       		.byte	32
 1121 0444 59       		.byte	89
 1122 0445 09       		.byte	9
 1123 0446 5A       		.byte	90
 1124 0447 80       		.byte	-128
 1125 0448 5D       		.byte	93
 1126 0449 01       		.byte	1
 1127 044a 5F       		.byte	95
 1128 044b 64       		.byte	100
 1129 044c 66       		.byte	102
 1130 044d 82       		.byte	-126
 1131 044e 71       		.byte	113
 1132 044f 02       		.byte	2
 1133 0450 83       		.byte	-125
 1134 0451 21       		.byte	33
 1135 0452 84       		.byte	-124
 1136 0453 01       		.byte	1
 1137 0454 89       		.byte	-119
 1138 0455 02       		.byte	2
 1139 0456 8A       		.byte	-118
 1140 0457 04       		.byte	4
ARM GAS  C:\Users\Susanna\AppData\Local\Temp\ccHQxsti.s 			page 21


 1141 0458 8C       		.byte	-116
 1142 0459 10       		.byte	16
 1143 045a 90       		.byte	-112
 1144 045b 04       		.byte	4
 1145 045c 91       		.byte	-111
 1146 045d 01       		.byte	1
 1147 045e 92       		.byte	-110
 1148 045f 82       		.byte	-126
 1149 0460 93       		.byte	-109
 1150 0461 45       		.byte	69
 1151 0462 94       		.byte	-108
 1152 0463 08       		.byte	8
 1153 0464 96       		.byte	-106
 1154 0465 08       		.byte	8
 1155 0466 9A       		.byte	-102
 1156 0467 4C       		.byte	76
 1157 0468 9B       		.byte	-101
 1158 0469 02       		.byte	2
 1159 046a 9D       		.byte	-99
 1160 046b 60       		.byte	96
 1161 046c 9E       		.byte	-98
 1162 046d 02       		.byte	2
 1163 046e A2       		.byte	-94
 1164 046f 80       		.byte	-128
 1165 0470 A3       		.byte	-93
 1166 0471 08       		.byte	8
 1167 0472 A6       		.byte	-90
 1168 0473 30       		.byte	48
 1169 0474 AE       		.byte	-82
 1170 0475 02       		.byte	2
 1171 0476 B2       		.byte	-78
 1172 0477 80       		.byte	-128
 1173 0478 C0       		.byte	-64
 1174 0479 AF       		.byte	-81
 1175 047a C2       		.byte	-62
 1176 047b A7       		.byte	-89
 1177 047c C4       		.byte	-60
 1178 047d 0E       		.byte	14
 1179 047e CA       		.byte	-54
 1180 047f 0B       		.byte	11
 1181 0480 CC       		.byte	-52
 1182 0481 A5       		.byte	-91
 1183 0482 CE       		.byte	-50
 1184 0483 46       		.byte	70
 1185 0484 D0       		.byte	-48
 1186 0485 04       		.byte	4
 1187 0486 D2       		.byte	-46
 1188 0487 04       		.byte	4
 1189 0488 D6       		.byte	-42
 1190 0489 FB       		.byte	-5
 1191 048a D8       		.byte	-40
 1192 048b 90       		.byte	-112
 1193 048c E2       		.byte	-30
 1194 048d 30       		.byte	48
 1195 048e EA       		.byte	-22
 1196 048f 05       		.byte	5
 1197 0490 EC       		.byte	-20
ARM GAS  C:\Users\Susanna\AppData\Local\Temp\ccHQxsti.s 			page 22


 1198 0491 14       		.byte	20
 1199 0492 8D       		.byte	-115
 1200 0493 20       		.byte	32
 1201 0494 90       		.byte	-112
 1202 0495 04       		.byte	4
 1203 0496 91       		.byte	-111
 1204 0497 01       		.byte	1
 1205 0498 92       		.byte	-110
 1206 0499 82       		.byte	-126
 1207 049a 93       		.byte	-109
 1208 049b 45       		.byte	69
 1209 049c 94       		.byte	-108
 1210 049d 08       		.byte	8
 1211 049e 96       		.byte	-106
 1212 049f 08       		.byte	8
 1213 04a0 9A       		.byte	-102
 1214 04a1 4C       		.byte	76
 1215 04a2 9B       		.byte	-101
 1216 04a3 02       		.byte	2
 1217 04a4 9D       		.byte	-99
 1218 04a5 40       		.byte	64
 1219 04a6 A3       		.byte	-93
 1220 04a7 08       		.byte	8
 1221 04a8 A6       		.byte	-90
 1222 04a9 30       		.byte	48
 1223 04aa AA       		.byte	-86
 1224 04ab 40       		.byte	64
 1225 04ac AD       		.byte	-83
 1226 04ad 29       		.byte	41
 1227 04ae AE       		.byte	-82
 1228 04af 02       		.byte	2
 1229 04b0 AF       		.byte	-81
 1230 04b1 08       		.byte	8
 1231 04b2 B7       		.byte	-73
 1232 04b3 0A       		.byte	10
 1233 04b4 E4       		.byte	-28
 1234 04b5 10       		.byte	16
 1235 04b6 E8       		.byte	-24
 1236 04b7 02       		.byte	2
 1237 04b8 EE       		.byte	-18
 1238 04b9 02       		.byte	2
 1239 04ba 03       		.byte	3
 1240 04bb 80       		.byte	-128
 1241 04bc 06       		.byte	6
 1242 04bd 15       		.byte	21
 1243 04be 0F       		.byte	15
 1244 04bf 80       		.byte	-128
 1245 04c0 10       		.byte	16
 1246 04c1 13       		.byte	19
 1247 04c2 12       		.byte	18
 1248 04c3 04       		.byte	4
 1249 04c4 14       		.byte	20
 1250 04c5 0A       		.byte	10
 1251 04c6 15       		.byte	21
 1252 04c7 01       		.byte	1
 1253 04c8 16       		.byte	22
 1254 04c9 14       		.byte	20
ARM GAS  C:\Users\Susanna\AppData\Local\Temp\ccHQxsti.s 			page 23


 1255 04ca 17       		.byte	23
 1256 04cb 0E       		.byte	14
 1257 04cc 19       		.byte	25
 1258 04cd 44       		.byte	68
 1259 04ce 1A       		.byte	26
 1260 04cf 08       		.byte	8
 1261 04d0 1B       		.byte	27
 1262 04d1 31       		.byte	49
 1263 04d2 1C       		.byte	28
 1264 04d3 13       		.byte	19
 1265 04d4 1E       		.byte	30
 1266 04d5 0C       		.byte	12
 1267 04d6 24       		.byte	36
 1268 04d7 03       		.byte	3
 1269 04d8 25       		.byte	37
 1270 04d9 67       		.byte	103
 1271 04da 26       		.byte	38
 1272 04db 14       		.byte	20
 1273 04dc 29       		.byte	41
 1274 04dd 67       		.byte	103
 1275 04de 2D       		.byte	45
 1276 04df 22       		.byte	34
 1277 04e0 2F       		.byte	47
 1278 04e1 51       		.byte	81
 1279 04e2 30       		.byte	48
 1280 04e3 10       		.byte	16
 1281 04e4 31       		.byte	49
 1282 04e5 18       		.byte	24
 1283 04e6 33       		.byte	51
 1284 04e7 60       		.byte	96
 1285 04e8 35       		.byte	53
 1286 04e9 07       		.byte	7
 1287 04ea 36       		.byte	54
 1288 04eb 0F       		.byte	15
 1289 04ec 37       		.byte	55
 1290 04ed 80       		.byte	-128
 1291 04ee 3A       		.byte	58
 1292 04ef 80       		.byte	-128
 1293 04f0 3E       		.byte	62
 1294 04f1 01       		.byte	1
 1295 04f2 3F       		.byte	63
 1296 04f3 41       		.byte	65
 1297 04f4 40       		.byte	64
 1298 04f5 35       		.byte	53
 1299 04f6 41       		.byte	65
 1300 04f7 02       		.byte	2
 1301 04f8 42       		.byte	66
 1302 04f9 04       		.byte	4
 1303 04fa 44       		.byte	68
 1304 04fb 01       		.byte	1
 1305 04fc 45       		.byte	69
 1306 04fd E0       		.byte	-32
 1307 04fe 46       		.byte	70
 1308 04ff 0C       		.byte	12
 1309 0500 48       		.byte	72
 1310 0501 06       		.byte	6
 1311 0502 49       		.byte	73
ARM GAS  C:\Users\Susanna\AppData\Local\Temp\ccHQxsti.s 			page 24


 1312 0503 FF       		.byte	-1
 1313 0504 4A       		.byte	74
 1314 0505 FF       		.byte	-1
 1315 0506 4B       		.byte	75
 1316 0507 FF       		.byte	-1
 1317 0508 4C       		.byte	76
 1318 0509 62       		.byte	98
 1319 050a 4D       		.byte	77
 1320 050b A0       		.byte	-96
 1321 050c 4E       		.byte	78
 1322 050d F0       		.byte	-16
 1323 050e 4F       		.byte	79
 1324 050f 41       		.byte	65
 1325 0510 50       		.byte	80
 1326 0511 0C       		.byte	12
 1327 0512 58       		.byte	88
 1328 0513 04       		.byte	4
 1329 0514 59       		.byte	89
 1330 0515 04       		.byte	4
 1331 0516 5A       		.byte	90
 1332 0517 04       		.byte	4
 1333 0518 5C       		.byte	92
 1334 0519 22       		.byte	34
 1335 051a 5D       		.byte	93
 1336 051b 02       		.byte	2
 1337 051c 5F       		.byte	95
 1338 051d 01       		.byte	1
 1339 051e 66       		.byte	102
 1340 051f 40       		.byte	64
 1341 0520 67       		.byte	103
 1342 0521 02       		.byte	2
 1343 0522 69       		.byte	105
 1344 0523 10       		.byte	16
 1345 0524 6A       		.byte	106
 1346 0525 30       		.byte	48
 1347 0526 6B       		.byte	107
 1348 0527 10       		.byte	16
 1349 0528 6D       		.byte	109
 1350 0529 10       		.byte	16
 1351 052a 6E       		.byte	110
 1352 052b 10       		.byte	16
 1353 052c 6F       		.byte	111
 1354 052d 12       		.byte	18
 1355 052e 81       		.byte	-127
 1356 052f 11       		.byte	17
 1357 0530 83       		.byte	-125
 1358 0531 0E       		.byte	14
 1359 0532 84       		.byte	-124
 1360 0533 09       		.byte	9
 1361 0534 85       		.byte	-123
 1362 0535 20       		.byte	32
 1363 0536 86       		.byte	-122
 1364 0537 10       		.byte	16
 1365 0538 87       		.byte	-121
 1366 0539 03       		.byte	3
 1367 053a 8A       		.byte	-118
 1368 053b 03       		.byte	3
ARM GAS  C:\Users\Susanna\AppData\Local\Temp\ccHQxsti.s 			page 25


 1369 053c 8D       		.byte	-115
 1370 053d 11       		.byte	17
 1371 053e 8F       		.byte	-113
 1372 053f 46       		.byte	70
 1373 0540 90       		.byte	-112
 1374 0541 10       		.byte	16
 1375 0542 92       		.byte	-110
 1376 0543 0C       		.byte	12
 1377 0544 94       		.byte	-108
 1378 0545 1C       		.byte	28
 1379 0546 95       		.byte	-107
 1380 0547 4C       		.byte	76
 1381 0548 96       		.byte	-106
 1382 0549 02       		.byte	2
 1383 054a 97       		.byte	-105
 1384 054b 13       		.byte	19
 1385 054c 9B       		.byte	-101
 1386 054d 4C       		.byte	76
 1387 054e 9C       		.byte	-100
 1388 054f 10       		.byte	16
 1389 0550 A3       		.byte	-93
 1390 0551 08       		.byte	8
 1391 0552 A4       		.byte	-92
 1392 0553 14       		.byte	20
 1393 0554 AC       		.byte	-84
 1394 0555 0C       		.byte	12
 1395 0556 AE       		.byte	-82
 1396 0557 11       		.byte	17
 1397 0558 B1       		.byte	-79
 1398 0559 4A       		.byte	74
 1399 055a B2       		.byte	-78
 1400 055b 1F       		.byte	31
 1401 055c B3       		.byte	-77
 1402 055d 0F       		.byte	15
 1403 055e B5       		.byte	-75
 1404 055f 30       		.byte	48
 1405 0560 B9       		.byte	-71
 1406 0561 20       		.byte	32
 1407 0562 BB       		.byte	-69
 1408 0563 0A       		.byte	10
 1409 0564 C0       		.byte	-64
 1410 0565 52       		.byte	82
 1411 0566 C1       		.byte	-63
 1412 0567 04       		.byte	4
 1413 0568 C5       		.byte	-59
 1414 0569 0B       		.byte	11
 1415 056a C6       		.byte	-58
 1416 056b C0       		.byte	-64
 1417 056c C7       		.byte	-57
 1418 056d 0E       		.byte	14
 1419 056e C8       		.byte	-56
 1420 056f 19       		.byte	25
 1421 0570 C9       		.byte	-55
 1422 0571 FF       		.byte	-1
 1423 0572 CA       		.byte	-54
 1424 0573 FF       		.byte	-1
 1425 0574 CB       		.byte	-53
ARM GAS  C:\Users\Susanna\AppData\Local\Temp\ccHQxsti.s 			page 26


 1426 0575 FF       		.byte	-1
 1427 0576 CE       		.byte	-50
 1428 0577 F0       		.byte	-16
 1429 0578 CF       		.byte	-49
 1430 0579 44       		.byte	68
 1431 057a D0       		.byte	-48
 1432 057b 0C       		.byte	12
 1433 057c D8       		.byte	-40
 1434 057d 04       		.byte	4
 1435 057e D9       		.byte	-39
 1436 057f 04       		.byte	4
 1437 0580 DA       		.byte	-38
 1438 0581 04       		.byte	4
 1439 0582 DC       		.byte	-36
 1440 0583 22       		.byte	34
 1441 0584 DD       		.byte	-35
 1442 0585 02       		.byte	2
 1443 0586 DF       		.byte	-33
 1444 0587 01       		.byte	1
 1445 0588 E6       		.byte	-26
 1446 0589 C0       		.byte	-64
 1447 058a EA       		.byte	-22
 1448 058b 40       		.byte	64
 1449 058c EB       		.byte	-21
 1450 058d 02       		.byte	2
 1451 058e 00       		.byte	0
 1452 058f 18       		.byte	24
 1453 0590 04       		.byte	4
 1454 0591 0C       		.byte	12
 1455 0592 08       		.byte	8
 1456 0593 40       		.byte	64
 1457 0594 09       		.byte	9
 1458 0595 08       		.byte	8
 1459 0596 0B       		.byte	11
 1460 0597 80       		.byte	-128
 1461 0598 0D       		.byte	13
 1462 0599 08       		.byte	8
 1463 059a 0E       		.byte	14
 1464 059b 02       		.byte	2
 1465 059c 0F       		.byte	15
 1466 059d 44       		.byte	68
 1467 059e 10       		.byte	16
 1468 059f 20       		.byte	32
 1469 05a0 13       		.byte	19
 1470 05a1 40       		.byte	64
 1471 05a2 14       		.byte	20
 1472 05a3 20       		.byte	32
 1473 05a4 16       		.byte	22
 1474 05a5 10       		.byte	16
 1475 05a6 18       		.byte	24
 1476 05a7 10       		.byte	16
 1477 05a8 1B       		.byte	27
 1478 05a9 04       		.byte	4
 1479 05aa 1E       		.byte	30
 1480 05ab 42       		.byte	66
 1481 05ac 1F       		.byte	31
 1482 05ad 40       		.byte	64
ARM GAS  C:\Users\Susanna\AppData\Local\Temp\ccHQxsti.s 			page 27


 1483 05ae 20       		.byte	32
 1484 05af 08       		.byte	8
 1485 05b0 21       		.byte	33
 1486 05b1 09       		.byte	9
 1487 05b2 22       		.byte	34
 1488 05b3 12       		.byte	18
 1489 05b4 23       		.byte	35
 1490 05b5 44       		.byte	68
 1491 05b6 26       		.byte	38
 1492 05b7 80       		.byte	-128
 1493 05b8 27       		.byte	39
 1494 05b9 58       		.byte	88
 1495 05ba 28       		.byte	40
 1496 05bb 40       		.byte	64
 1497 05bc 29       		.byte	41
 1498 05bd 01       		.byte	1
 1499 05be 2D       		.byte	45
 1500 05bf 80       		.byte	-128
 1501 05c0 2F       		.byte	47
 1502 05c1 28       		.byte	40
 1503 05c2 31       		.byte	49
 1504 05c3 08       		.byte	8
 1505 05c4 32       		.byte	50
 1506 05c5 10       		.byte	16
 1507 05c6 34       		.byte	52
 1508 05c7 04       		.byte	4
 1509 05c8 36       		.byte	54
 1510 05c9 10       		.byte	16
 1511 05ca 37       		.byte	55
 1512 05cb 18       		.byte	24
 1513 05cc 38       		.byte	56
 1514 05cd 08       		.byte	8
 1515 05ce 39       		.byte	57
 1516 05cf 02       		.byte	2
 1517 05d0 3B       		.byte	59
 1518 05d1 80       		.byte	-128
 1519 05d2 3C       		.byte	60
 1520 05d3 02       		.byte	2
 1521 05d4 3D       		.byte	61
 1522 05d5 02       		.byte	2
 1523 05d6 3F       		.byte	63
 1524 05d7 80       		.byte	-128
 1525 05d8 40       		.byte	64
 1526 05d9 04       		.byte	4
 1527 05da 41       		.byte	65
 1528 05db 01       		.byte	1
 1529 05dc 44       		.byte	68
 1530 05dd 10       		.byte	16
 1531 05de 45       		.byte	69
 1532 05df 01       		.byte	1
 1533 05e0 47       		.byte	71
 1534 05e1 60       		.byte	96
 1535 05e2 48       		.byte	72
 1536 05e3 20       		.byte	32
 1537 05e4 4A       		.byte	74
 1538 05e5 01       		.byte	1
 1539 05e6 4D       		.byte	77
ARM GAS  C:\Users\Susanna\AppData\Local\Temp\ccHQxsti.s 			page 28


 1540 05e7 41       		.byte	65
 1541 05e8 4E       		.byte	78
 1542 05e9 01       		.byte	1
 1543 05ea 51       		.byte	81
 1544 05eb 04       		.byte	4
 1545 05ec 52       		.byte	82
 1546 05ed 10       		.byte	16
 1547 05ee 57       		.byte	87
 1548 05ef 40       		.byte	64
 1549 05f0 8D       		.byte	-115
 1550 05f1 04       		.byte	4
 1551 05f2 90       		.byte	-112
 1552 05f3 40       		.byte	64
 1553 05f4 92       		.byte	-110
 1554 05f5 10       		.byte	16
 1555 05f6 95       		.byte	-107
 1556 05f7 48       		.byte	72
 1557 05f8 96       		.byte	-106
 1558 05f9 40       		.byte	64
 1559 05fa 98       		.byte	-104
 1560 05fb 10       		.byte	16
 1561 05fc 9B       		.byte	-101
 1562 05fd 20       		.byte	32
 1563 05fe 9C       		.byte	-100
 1564 05ff 20       		.byte	32
 1565 0600 9D       		.byte	-99
 1566 0601 84       		.byte	-124
 1567 0602 9E       		.byte	-98
 1568 0603 60       		.byte	96
 1569 0604 9F       		.byte	-97
 1570 0605 0C       		.byte	12
 1571 0606 A0       		.byte	-96
 1572 0607 01       		.byte	1
 1573 0608 A3       		.byte	-93
 1574 0609 80       		.byte	-128
 1575 060a A4       		.byte	-92
 1576 060b 80       		.byte	-128
 1577 060c A6       		.byte	-90
 1578 060d 14       		.byte	20
 1579 060e AC       		.byte	-84
 1580 060f 04       		.byte	4
 1581 0610 AD       		.byte	-83
 1582 0611 04       		.byte	4
 1583 0612 AE       		.byte	-82
 1584 0613 01       		.byte	1
 1585 0614 AF       		.byte	-81
 1586 0615 01       		.byte	1
 1587 0616 B7       		.byte	-73
 1588 0617 0A       		.byte	10
 1589 0618 C0       		.byte	-64
 1590 0619 26       		.byte	38
 1591 061a C2       		.byte	-62
 1592 061b FD       		.byte	-3
 1593 061c C4       		.byte	-60
 1594 061d 25       		.byte	37
 1595 061e CA       		.byte	-54
 1596 061f 71       		.byte	113
ARM GAS  C:\Users\Susanna\AppData\Local\Temp\ccHQxsti.s 			page 29


 1597 0620 CC       		.byte	-52
 1598 0621 66       		.byte	102
 1599 0622 CE       		.byte	-50
 1600 0623 9B       		.byte	-101
 1601 0624 D0       		.byte	-48
 1602 0625 F5       		.byte	-11
 1603 0626 D2       		.byte	-46
 1604 0627 18       		.byte	24
 1605 0628 E0       		.byte	-32
 1606 0629 10       		.byte	16
 1607 062a E4       		.byte	-28
 1608 062b 10       		.byte	16
 1609 062c E8       		.byte	-24
 1610 062d 10       		.byte	16
 1611 062e EC       		.byte	-20
 1612 062f 40       		.byte	64
 1613 0630 07       		.byte	7
 1614 0631 01       		.byte	1
 1615 0632 0D       		.byte	13
 1616 0633 03       		.byte	3
 1617 0634 11       		.byte	17
 1618 0635 03       		.byte	3
 1619 0636 15       		.byte	21
 1620 0637 02       		.byte	2
 1621 0638 29       		.byte	41
 1622 0639 04       		.byte	4
 1623 063a 31       		.byte	49
 1624 063b 04       		.byte	4
 1625 063c 33       		.byte	51
 1626 063d 03       		.byte	3
 1627 063e 39       		.byte	57
 1628 063f 08       		.byte	8
 1629 0640 3F       		.byte	63
 1630 0641 05       		.byte	5
 1631 0642 40       		.byte	64
 1632 0643 03       		.byte	3
 1633 0644 45       		.byte	69
 1634 0645 40       		.byte	64
 1635 0646 49       		.byte	73
 1636 0647 FF       		.byte	-1
 1637 0648 4A       		.byte	74
 1638 0649 07       		.byte	7
 1639 064a 4B       		.byte	75
 1640 064b FF       		.byte	-1
 1641 064c 4C       		.byte	76
 1642 064d 40       		.byte	64
 1643 064e 4D       		.byte	77
 1644 064f 20       		.byte	32
 1645 0650 4E       		.byte	78
 1646 0651 F0       		.byte	-16
 1647 0652 4F       		.byte	79
 1648 0653 05       		.byte	5
 1649 0654 50       		.byte	80
 1650 0655 08       		.byte	8
 1651 0656 54       		.byte	84
 1652 0657 18       		.byte	24
 1653 0658 59       		.byte	89
ARM GAS  C:\Users\Susanna\AppData\Local\Temp\ccHQxsti.s 			page 30


 1654 0659 04       		.byte	4
 1655 065a 5A       		.byte	90
 1656 065b 04       		.byte	4
 1657 065c 5B       		.byte	91
 1658 065d 04       		.byte	4
 1659 065e 5D       		.byte	93
 1660 065f 22       		.byte	34
 1661 0660 5F       		.byte	95
 1662 0661 01       		.byte	1
 1663 0662 60       		.byte	96
 1664 0663 40       		.byte	64
 1665 0664 61       		.byte	97
 1666 0665 A8       		.byte	-88
 1667 0666 62       		.byte	98
 1668 0667 40       		.byte	64
 1669 0668 63       		.byte	99
 1670 0669 20       		.byte	32
 1671 066a 80       		.byte	-128
 1672 066b 08       		.byte	8
 1673 066c 81       		.byte	-127
 1674 066d DF       		.byte	-33
 1675 066e 84       		.byte	-124
 1676 066f 01       		.byte	1
 1677 0670 85       		.byte	-123
 1678 0671 08       		.byte	8
 1679 0672 89       		.byte	-119
 1680 0673 18       		.byte	24
 1681 0674 8A       		.byte	-118
 1682 0675 01       		.byte	1
 1683 0676 8D       		.byte	-115
 1684 0677 1C       		.byte	28
 1685 0678 8E       		.byte	-114
 1686 0679 01       		.byte	1
 1687 067a 8F       		.byte	-113
 1688 067b C1       		.byte	-63
 1689 067c 93       		.byte	-109
 1690 067d C3       		.byte	-61
 1691 067e 95       		.byte	-107
 1692 067f 1C       		.byte	28
 1693 0680 96       		.byte	-106
 1694 0681 02       		.byte	2
 1695 0682 97       		.byte	-105
 1696 0683 C2       		.byte	-62
 1697 0684 98       		.byte	-104
 1698 0685 01       		.byte	1
 1699 0686 99       		.byte	-103
 1700 0687 80       		.byte	-128
 1701 0688 9C       		.byte	-100
 1702 0689 08       		.byte	8
 1703 068a 9F       		.byte	-97
 1704 068b 04       		.byte	4
 1705 068c A1       		.byte	-95
 1706 068d 10       		.byte	16
 1707 068e A2       		.byte	-94
 1708 068f 02       		.byte	2
 1709 0690 A4       		.byte	-92
 1710 0691 04       		.byte	4
ARM GAS  C:\Users\Susanna\AppData\Local\Temp\ccHQxsti.s 			page 31


 1711 0692 A5       		.byte	-91
 1712 0693 C7       		.byte	-57
 1713 0694 A7       		.byte	-89
 1714 0695 18       		.byte	24
 1715 0696 A8       		.byte	-88
 1716 0697 08       		.byte	8
 1717 0698 A9       		.byte	-87
 1718 0699 C0       		.byte	-64
 1719 069a AD       		.byte	-83
 1720 069b 44       		.byte	68
 1721 069c AF       		.byte	-81
 1722 069d 20       		.byte	32
 1723 069e B0       		.byte	-80
 1724 069f 02       		.byte	2
 1725 06a0 B1       		.byte	-79
 1726 06a1 20       		.byte	32
 1727 06a2 B2       		.byte	-78
 1728 06a3 01       		.byte	1
 1729 06a4 B3       		.byte	-77
 1730 06a5 1F       		.byte	31
 1731 06a6 B4       		.byte	-76
 1732 06a7 04       		.byte	4
 1733 06a8 B6       		.byte	-74
 1734 06a9 08       		.byte	8
 1735 06aa B7       		.byte	-73
 1736 06ab C0       		.byte	-64
 1737 06ac B8       		.byte	-72
 1738 06ad 08       		.byte	8
 1739 06ae BB       		.byte	-69
 1740 06af 08       		.byte	8
 1741 06b0 BE       		.byte	-66
 1742 06b1 11       		.byte	17
 1743 06b2 D6       		.byte	-42
 1744 06b3 02       		.byte	2
 1745 06b4 D7       		.byte	-41
 1746 06b5 11       		.byte	17
 1747 06b6 D8       		.byte	-40
 1748 06b7 04       		.byte	4
 1749 06b8 D9       		.byte	-39
 1750 06b9 04       		.byte	4
 1751 06ba DB       		.byte	-37
 1752 06bb 04       		.byte	4
 1753 06bc DC       		.byte	-36
 1754 06bd 22       		.byte	34
 1755 06be DD       		.byte	-35
 1756 06bf 20       		.byte	32
 1757 06c0 DF       		.byte	-33
 1758 06c1 01       		.byte	1
 1759 06c2 04       		.byte	4
 1760 06c3 62       		.byte	98
 1761 06c4 07       		.byte	7
 1762 06c5 20       		.byte	32
 1763 06c6 09       		.byte	9
 1764 06c7 80       		.byte	-128
 1765 06c8 0A       		.byte	10
 1766 06c9 02       		.byte	2
 1767 06ca 0C       		.byte	12
ARM GAS  C:\Users\Susanna\AppData\Local\Temp\ccHQxsti.s 			page 32


 1768 06cb 10       		.byte	16
 1769 06cc 0E       		.byte	14
 1770 06cd 20       		.byte	32
 1771 06ce 0F       		.byte	15
 1772 06cf 02       		.byte	2
 1773 06d0 15       		.byte	21
 1774 06d1 19       		.byte	25
 1775 06d2 1D       		.byte	29
 1776 06d3 80       		.byte	-128
 1777 06d4 1E       		.byte	30
 1778 06d5 2A       		.byte	42
 1779 06d6 1F       		.byte	31
 1780 06d7 01       		.byte	1
 1781 06d8 20       		.byte	32
 1782 06d9 10       		.byte	16
 1783 06da 23       		.byte	35
 1784 06db 40       		.byte	64
 1785 06dc 24       		.byte	36
 1786 06dd 20       		.byte	32
 1787 06de 26       		.byte	38
 1788 06df 08       		.byte	8
 1789 06e0 27       		.byte	39
 1790 06e1 41       		.byte	65
 1791 06e2 2B       		.byte	43
 1792 06e3 04       		.byte	4
 1793 06e4 2C       		.byte	44
 1794 06e5 94       		.byte	-108
 1795 06e6 2D       		.byte	45
 1796 06e7 80       		.byte	-128
 1797 06e8 31       		.byte	49
 1798 06e9 08       		.byte	8
 1799 06ea 32       		.byte	50
 1800 06eb 02       		.byte	2
 1801 06ec 36       		.byte	54
 1802 06ed 09       		.byte	9
 1803 06ee 37       		.byte	55
 1804 06ef 50       		.byte	80
 1805 06f0 38       		.byte	56
 1806 06f1 08       		.byte	8
 1807 06f2 3B       		.byte	59
 1808 06f3 80       		.byte	-128
 1809 06f4 3C       		.byte	60
 1810 06f5 40       		.byte	64
 1811 06f6 3E       		.byte	62
 1812 06f7 28       		.byte	40
 1813 06f8 3F       		.byte	63
 1814 06f9 01       		.byte	1
 1815 06fa 40       		.byte	64
 1816 06fb 10       		.byte	16
 1817 06fc 49       		.byte	73
 1818 06fd 01       		.byte	1
 1819 06fe 50       		.byte	80
 1820 06ff 04       		.byte	4
 1821 0700 5B       		.byte	91
 1822 0701 01       		.byte	1
 1823 0702 5E       		.byte	94
 1824 0703 10       		.byte	16
ARM GAS  C:\Users\Susanna\AppData\Local\Temp\ccHQxsti.s 			page 33


 1825 0704 60       		.byte	96
 1826 0705 08       		.byte	8
 1827 0706 62       		.byte	98
 1828 0707 80       		.byte	-128
 1829 0708 6C       		.byte	108
 1830 0709 01       		.byte	1
 1831 070a 6D       		.byte	109
 1832 070b 10       		.byte	16
 1833 070c 6F       		.byte	111
 1834 070d 28       		.byte	40
 1835 070e 74       		.byte	116
 1836 070f 80       		.byte	-128
 1837 0710 76       		.byte	118
 1838 0711 28       		.byte	40
 1839 0712 77       		.byte	119
 1840 0713 04       		.byte	4
 1841 0714 80       		.byte	-128
 1842 0715 08       		.byte	8
 1843 0716 83       		.byte	-125
 1844 0717 01       		.byte	1
 1845 0718 86       		.byte	-122
 1846 0719 48       		.byte	72
 1847 071a 87       		.byte	-121
 1848 071b 61       		.byte	97
 1849 071c 89       		.byte	-119
 1850 071d 80       		.byte	-128
 1851 071e 8F       		.byte	-113
 1852 071f 21       		.byte	33
 1853 0720 90       		.byte	-112
 1854 0721 40       		.byte	64
 1855 0722 91       		.byte	-111
 1856 0723 09       		.byte	9
 1857 0724 92       		.byte	-110
 1858 0725 10       		.byte	16
 1859 0726 93       		.byte	-109
 1860 0727 80       		.byte	-128
 1861 0728 94       		.byte	-108
 1862 0729 08       		.byte	8
 1863 072a 96       		.byte	-106
 1864 072b 02       		.byte	2
 1865 072c 98       		.byte	-104
 1866 072d 14       		.byte	20
 1867 072e 9B       		.byte	-101
 1868 072f 30       		.byte	48
 1869 0730 9D       		.byte	-99
 1870 0731 81       		.byte	-127
 1871 0732 9E       		.byte	-98
 1872 0733 60       		.byte	96
 1873 0734 9F       		.byte	-97
 1874 0735 04       		.byte	4
 1875 0736 A1       		.byte	-95
 1876 0737 08       		.byte	8
 1877 0738 A2       		.byte	-94
 1878 0739 82       		.byte	-126
 1879 073a A3       		.byte	-93
 1880 073b 04       		.byte	4
 1881 073c A4       		.byte	-92
ARM GAS  C:\Users\Susanna\AppData\Local\Temp\ccHQxsti.s 			page 34


 1882 073d 80       		.byte	-128
 1883 073e A6       		.byte	-90
 1884 073f 04       		.byte	4
 1885 0740 A7       		.byte	-89
 1886 0741 28       		.byte	40
 1887 0742 B3       		.byte	-77
 1888 0743 80       		.byte	-128
 1889 0744 C0       		.byte	-64
 1890 0745 F0       		.byte	-16
 1891 0746 C2       		.byte	-62
 1892 0747 E0       		.byte	-32
 1893 0748 C4       		.byte	-60
 1894 0749 70       		.byte	112
 1895 074a CA       		.byte	-54
 1896 074b F4       		.byte	-12
 1897 074c CC       		.byte	-52
 1898 074d F3       		.byte	-13
 1899 074e CE       		.byte	-50
 1900 074f FA       		.byte	-6
 1901 0750 D0       		.byte	-48
 1902 0751 02       		.byte	2
 1903 0752 D6       		.byte	-42
 1904 0753 21       		.byte	33
 1905 0754 D8       		.byte	-40
 1906 0755 0C       		.byte	12
 1907 0756 E2       		.byte	-30
 1908 0757 20       		.byte	32
 1909 0758 E4       		.byte	-28
 1910 0759 02       		.byte	2
 1911 075a EA       		.byte	-22
 1912 075b 85       		.byte	-123
 1913 075c EC       		.byte	-20
 1914 075d 14       		.byte	20
 1915 075e 32       		.byte	50
 1916 075f 04       		.byte	4
 1917 0760 33       		.byte	51
 1918 0761 20       		.byte	32
 1919 0762 36       		.byte	54
 1920 0763 40       		.byte	64
 1921 0764 CC       		.byte	-52
 1922 0765 70       		.byte	112
 1923 0766 63       		.byte	99
 1924 0767 08       		.byte	8
 1925 0768 66       		.byte	102
 1926 0769 20       		.byte	32
 1927 076a 8D       		.byte	-115
 1928 076b 08       		.byte	8
 1929 076c 96       		.byte	-106
 1930 076d 08       		.byte	8
 1931 076e A6       		.byte	-90
 1932 076f 40       		.byte	64
 1933 0770 AF       		.byte	-81
 1934 0771 20       		.byte	32
 1935 0772 D8       		.byte	-40
 1936 0773 C0       		.byte	-64
 1937 0774 EE       		.byte	-18
 1938 0775 10       		.byte	16
ARM GAS  C:\Users\Susanna\AppData\Local\Temp\ccHQxsti.s 			page 35


 1939 0776 3E       		.byte	62
 1940 0777 10       		.byte	16
 1941 0778 59       		.byte	89
 1942 0779 08       		.byte	8
 1943 077a 5D       		.byte	93
 1944 077b 08       		.byte	8
 1945 077c 86       		.byte	-122
 1946 077d 40       		.byte	64
 1947 077e 96       		.byte	-106
 1948 077f 08       		.byte	8
 1949 0780 99       		.byte	-103
 1950 0781 08       		.byte	8
 1951 0782 9E       		.byte	-98
 1952 0783 20       		.byte	32
 1953 0784 A6       		.byte	-90
 1954 0785 40       		.byte	64
 1955 0786 A7       		.byte	-89
 1956 0787 04       		.byte	4
 1957 0788 CE       		.byte	-50
 1958 0789 20       		.byte	32
 1959 078a D6       		.byte	-42
 1960 078b C0       		.byte	-64
 1961 078c E6       		.byte	-26
 1962 078d 40       		.byte	64
 1963 078e 8E       		.byte	-114
 1964 078f 20       		.byte	32
 1965 0790 8F       		.byte	-113
 1966 0791 04       		.byte	4
 1967 0792 96       		.byte	-106
 1968 0793 18       		.byte	24
 1969 0794 9E       		.byte	-98
 1970 0795 20       		.byte	32
 1971 0796 A7       		.byte	-89
 1972 0797 04       		.byte	4
 1973 0798 7F       		.byte	127
 1974 0799 20       		.byte	32
 1975 079a DE       		.byte	-34
 1976 079b 01       		.byte	1
 1977 079c 00       		.byte	0
 1978 079d 20       		.byte	32
 1979 079e 02       		.byte	2
 1980 079f 40       		.byte	64
 1981 07a0 59       		.byte	89
 1982 07a1 40       		.byte	64
 1983 07a2 8A       		.byte	-118
 1984 07a3 40       		.byte	64
 1985 07a4 8F       		.byte	-113
 1986 07a5 20       		.byte	32
 1987 07a6 A7       		.byte	-89
 1988 07a7 20       		.byte	32
 1989 07a8 C0       		.byte	-64
 1990 07a9 0A       		.byte	10
 1991 07aa D4       		.byte	-44
 1992 07ab 01       		.byte	1
 1993 07ac E0       		.byte	-32
 1994 07ad 02       		.byte	2
 1995 07ae E6       		.byte	-26
ARM GAS  C:\Users\Susanna\AppData\Local\Temp\ccHQxsti.s 			page 36


 1996 07af 01       		.byte	1
 1997 07b0 45       		.byte	69
 1998 07b1 08       		.byte	8
 1999 07b2 89       		.byte	-119
 2000 07b3 40       		.byte	64
 2001 07b4 9D       		.byte	-99
 2002 07b5 40       		.byte	64
 2003 07b6 B0       		.byte	-80
 2004 07b7 10       		.byte	16
 2005 07b8 D0       		.byte	-48
 2006 07b9 01       		.byte	1
 2007 07ba E0       		.byte	-32
 2008 07bb 01       		.byte	1
 2009 07bc EE       		.byte	-18
 2010 07bd 01       		.byte	1
 2011 07be A5       		.byte	-91
 2012 07bf 08       		.byte	8
 2013 07c0 25       		.byte	37
 2014 07c1 10       		.byte	16
 2015 07c2 8F       		.byte	-113
 2016 07c3 04       		.byte	4
 2017 07c4 96       		.byte	-106
 2018 07c5 18       		.byte	24
 2019 07c6 9B       		.byte	-101
 2020 07c7 08       		.byte	8
 2021 07c8 AB       		.byte	-85
 2022 07c9 08       		.byte	8
 2023 07ca C8       		.byte	-56
 2024 07cb 20       		.byte	32
 2025 07cc EA       		.byte	-22
 2026 07cd 20       		.byte	32
 2027 07ce 12       		.byte	18
 2028 07cf 80       		.byte	-128
 2029 07d0 17       		.byte	23
 2030 07d1 04       		.byte	4
 2031 07d2 5F       		.byte	95
 2032 07d3 08       		.byte	8
 2033 07d4 63       		.byte	99
 2034 07d5 02       		.byte	2
 2035 07d6 66       		.byte	102
 2036 07d7 08       		.byte	8
 2037 07d8 74       		.byte	116
 2038 07d9 04       		.byte	4
 2039 07da 7B       		.byte	123
 2040 07db 02       		.byte	2
 2041 07dc 87       		.byte	-121
 2042 07dd 01       		.byte	1
 2043 07de 88       		.byte	-120
 2044 07df 04       		.byte	4
 2045 07e0 8E       		.byte	-114
 2046 07e1 08       		.byte	8
 2047 07e2 9B       		.byte	-101
 2048 07e3 08       		.byte	8
 2049 07e4 9F       		.byte	-97
 2050 07e5 04       		.byte	4
 2051 07e6 A3       		.byte	-93
 2052 07e7 02       		.byte	2
ARM GAS  C:\Users\Susanna\AppData\Local\Temp\ccHQxsti.s 			page 37


 2053 07e8 A6       		.byte	-90
 2054 07e9 80       		.byte	-128
 2055 07ea AA       		.byte	-86
 2056 07eb 90       		.byte	-112
 2057 07ec AB       		.byte	-85
 2058 07ed 02       		.byte	2
 2059 07ee AE       		.byte	-82
 2060 07ef 04       		.byte	4
 2061 07f0 B5       		.byte	-75
 2062 07f1 10       		.byte	16
 2063 07f2 C4       		.byte	-60
 2064 07f3 30       		.byte	48
 2065 07f4 D6       		.byte	-42
 2066 07f5 C0       		.byte	-64
 2067 07f6 D8       		.byte	-40
 2068 07f7 80       		.byte	-128
 2069 07f8 DC       		.byte	-36
 2070 07f9 80       		.byte	-128
 2071 07fa DE       		.byte	-34
 2072 07fb 20       		.byte	32
 2073 07fc E6       		.byte	-26
 2074 07fd 10       		.byte	16
 2075 07fe EA       		.byte	-22
 2076 07ff A0       		.byte	-96
 2077 0800 EC       		.byte	-20
 2078 0801 20       		.byte	32
 2079 0802 EE       		.byte	-18
 2080 0803 10       		.byte	16
 2081 0804 13       		.byte	19
 2082 0805 28       		.byte	40
 2083 0806 15       		.byte	21
 2084 0807 04       		.byte	4
 2085 0808 7B       		.byte	123
 2086 0809 80       		.byte	-128
 2087 080a 7D       		.byte	125
 2088 080b 20       		.byte	32
 2089 080c 8D       		.byte	-115
 2090 080d 10       		.byte	16
 2091 080e A5       		.byte	-91
 2092 080f 08       		.byte	8
 2093 0810 C4       		.byte	-60
 2094 0811 0E       		.byte	14
 2095 0812 DE       		.byte	-34
 2096 0813 03       		.byte	3
 2097 0814 E4       		.byte	-28
 2098 0815 08       		.byte	8
 2099 0816 11       		.byte	17
 2100 0817 01       		.byte	1
 2101 0818 74       		.byte	116
 2102 0819 04       		.byte	4
 2103 081a 84       		.byte	-124
 2104 081b 04       		.byte	4
 2105 081c 89       		.byte	-119
 2106 081d 05       		.byte	5
 2107 081e 91       		.byte	-111
 2108 081f 04       		.byte	4
 2109 0820 AB       		.byte	-85
ARM GAS  C:\Users\Susanna\AppData\Local\Temp\ccHQxsti.s 			page 38


 2110 0821 A8       		.byte	-88
 2111 0822 B5       		.byte	-75
 2112 0823 08       		.byte	8
 2113 0824 C4       		.byte	-60
 2114 0825 08       		.byte	8
 2115 0826 DE       		.byte	-34
 2116 0827 04       		.byte	4
 2117 0828 E2       		.byte	-30
 2118 0829 04       		.byte	4
 2119 082a E6       		.byte	-26
 2120 082b 01       		.byte	1
 2121 082c EC       		.byte	-20
 2122 082d 08       		.byte	8
 2123 082e 00       		.byte	0
 2124 082f B6       		.byte	-74
 2125 0830 0A       		.byte	10
 2126 0831 26       		.byte	38
 2127 0832 0C       		.byte	12
 2128 0833 96       		.byte	-106
 2129 0834 10       		.byte	16
 2130 0835 26       		.byte	38
 2131 0836 1A       		.byte	26
 2132 0837 22       		.byte	34
 2133 0838 1C       		.byte	28
 2134 0839 04       		.byte	4
 2135 083a 00       		.byte	0
 2136 083b 3F       		.byte	63
 2137 083c 03       		.byte	3
 2138 083d C0       		.byte	-64
 2139 083e 00       		.byte	0
 2140 083f 00       		.byte	0
 2141 0840 82       		.byte	-126
 2142 0841 80       		.byte	-128
 2143 0842 00       		.byte	0
 2144 0843 00       		.byte	0
 2145 0844 43       		.byte	67
 2146 0845 00       		.byte	0
 2147 0846 00       		.byte	0
 2148 0847 00       		.byte	0
 2149 0848 01       		.byte	1
 2150 0849 1A       		.byte	26
 2151 084a 00       		.byte	0
 2152 084b 00       		.byte	0
 2153 084c 04       		.byte	4
 2154 084d 01       		.byte	1
 2155 084e 00       		.byte	0
 2156 084f 78       		.byte	120
 2157 0850 0A       		.byte	10
 2158 0851 00       		.byte	0
 2159 0852 10       		.byte	16
 2160 0853 00       		.byte	0
 2161 0854 07       		.byte	7
 2162 0855 00       		.byte	0
 2163 0856 38       		.byte	56
 2164 0857 40       		.byte	64
 2165 0858 00       		.byte	0
 2166 0859 18       		.byte	24
ARM GAS  C:\Users\Susanna\AppData\Local\Temp\ccHQxsti.s 			page 39


 2167 085a 00       		.byte	0
 2168 085b 02       		.byte	2
 2169 085c 56       		.byte	86
 2170 085d 02       		.byte	2
 2171 085e 09       		.byte	9
 2172 085f 18       		.byte	24
 2173 0860 60       		.byte	96
 2174 0861 18       		.byte	24
 2175 0862 00       		.byte	0
 2176 0863 02       		.byte	2
 2177 0864 84       		.byte	-124
 2178 0865 1A       		.byte	26
 2179 0866 00       		.byte	0
 2180 0867 00       		.byte	0
 2181 0868 04       		.byte	4
 2182 0869 02       		.byte	2
 2183 086a 80       		.byte	-128
 2184 086b 00       		.byte	0
 2185 086c 80       		.byte	-128
 2186 086d 18       		.byte	24
 2187 086e 04       		.byte	4
 2188 086f 00       		.byte	0
 2189 0870 84       		.byte	-124
 2190 0871 1C       		.byte	28
 2191 0872 00       		.byte	0
 2192 0873 63       		.byte	99
 2193 0874 84       		.byte	-124
 2194 0875 33       		.byte	51
 2195 0876 00       		.byte	0
 2196 0877 04       		.byte	4
 2197 0878 7F       		.byte	127
 2198 0879 60       		.byte	96
 2199 087a 00       		.byte	0
 2200 087b 00       		.byte	0
 2201 087c 80       		.byte	-128
 2202 087d 0F       		.byte	15
 2203 087e 08       		.byte	8
 2204 087f 13       		.byte	19
 2205 0880 02       		.byte	2
 2206 0881 00       		.byte	0
 2207 0882 00       		.byte	0
 2208 0883 20       		.byte	32
 2209 0884 00       		.byte	0
 2210 0885 00       		.byte	0
 2211 0886 50       		.byte	80
 2212 0887 00       		.byte	0
 2213 0888 35       		.byte	53
 2214 0889 04       		.byte	4
 2215 088a 20       		.byte	32
 2216 088b 00       		.byte	0
 2217 088c 06       		.byte	6
 2218 088d CE       		.byte	-50
 2219 088e F0       		.byte	-16
 2220 088f DB       		.byte	-37
 2221 0890 3B       		.byte	59
 2222 0891 FF       		.byte	-1
 2223 0892 FF       		.byte	-1
ARM GAS  C:\Users\Susanna\AppData\Local\Temp\ccHQxsti.s 			page 40


 2224 0893 FF       		.byte	-1
 2225 0894 22       		.byte	34
 2226 0895 00       		.byte	0
 2227 0896 F0       		.byte	-16
 2228 0897 08       		.byte	8
 2229 0898 04       		.byte	4
 2230 0899 00       		.byte	0
 2231 089a 00       		.byte	0
 2232 089b 00       		.byte	0
 2233 089c 00       		.byte	0
 2234 089d 00       		.byte	0
 2235 089e 02       		.byte	2
 2236 089f 20       		.byte	32
 2237 08a0 04       		.byte	4
 2238 08a1 04       		.byte	4
 2239 08a2 04       		.byte	4
 2240 08a3 04       		.byte	4
 2241 08a4 11       		.byte	17
 2242 08a5 11       		.byte	17
 2243 08a6 00       		.byte	0
 2244 08a7 01       		.byte	1
 2245 08a8 00       		.byte	0
 2246 08a9 00       		.byte	0
 2247 08aa C0       		.byte	-64
 2248 08ab 00       		.byte	0
 2249 08ac 40       		.byte	64
 2250 08ad 01       		.byte	1
 2251 08ae 10       		.byte	16
 2252 08af 11       		.byte	17
 2253 08b0 C0       		.byte	-64
 2254 08b1 01       		.byte	1
 2255 08b2 00       		.byte	0
 2256 08b3 11       		.byte	17
 2257 08b4 40       		.byte	64
 2258 08b5 01       		.byte	1
 2259 08b6 40       		.byte	64
 2260 08b7 01       		.byte	1
 2261 08b8 00       		.byte	0
 2262 08b9 00       		.byte	0
 2263 08ba 00       		.byte	0
 2264 08bb 00       		.byte	0
 2265 08bc 00       		.byte	0
 2266 08bd 00       		.byte	0
 2267 08be 00       		.byte	0
 2268 08bf 00       		.byte	0
 2269 08c0 00       		.byte	0
 2270 08c1 00       		.byte	0
 2271 08c2 00       		.byte	0
 2272 08c3 00       		.byte	0
 2273 08c4 00       		.byte	0
 2274 08c5 00       		.byte	0
 2275 08c6 00       		.byte	0
 2276 08c7 00       		.byte	0
 2277 08c8 00       		.byte	0
 2278 08c9 60       		.byte	96
 2279 08ca 60       		.byte	96
 2280 08cb 00       		.byte	0
ARM GAS  C:\Users\Susanna\AppData\Local\Temp\ccHQxsti.s 			page 41


 2281 08cc 60       		.byte	96
 2282 08cd 00       		.byte	0
 2283 08ce 00       		.byte	0
 2284 08cf 00       		.byte	0
 2285 08d0 83       		.byte	-125
 2286 08d1 00       		.byte	0
 2287 08d2 50       		.byte	80
 2288 08d3 80       		.byte	-128
 2289 08d4 83       		.byte	-125
 2290 08d5 00       		.byte	0
 2291 08d6 83       		.byte	-125
 2292 08d7 00       		.byte	0
 2293 08d8 00       		.byte	0
 2294 08d9 00       		.byte	0
 2295 08da 00       		.byte	0
 2296 08db 00       		.byte	0
 2297 08dc 00       		.byte	0
 2298 08dd 0B       		.byte	11
 2299 08de 0B       		.byte	11
 2300 08df 00       		.byte	0
 2301 08e0 00       		.byte	0
 2302 08e1 00       		.byte	0
 2303 08e2 00       		.byte	0
 2304 08e3 00       		.byte	0
 2305 08e4 14       		.byte	20
 2306 08e5 00       		.byte	0
 2307 08e6 01       		.byte	1
 2308 08e7 16       		.byte	22
 2309 08e8 12       		.byte	18
 2310 08e9 00       		.byte	0
 2311 08ea 02       		.byte	2
 2312 08eb 00       		.byte	0
 2313 08ec 00       		.byte	0
 2314 08ed 00       		.byte	0
 2315 08ee 00       		.byte	0
 2316 08ef 00       		.byte	0
 2317 08f0 E0       		.byte	-32
 2318 08f1 00       		.byte	0
 2319 08f2 00       		.byte	0
 2320 08f3 E0       		.byte	-32
 2321 08f4 E0       		.byte	-32
 2322 08f5 00       		.byte	0
 2323 08f6 E0       		.byte	-32
 2324 08f7 00       		.byte	0
 2325 08f8 08       		.byte	8
 2326 08f9 00       		.byte	0
 2327 08fa 00       		.byte	0
 2328 08fb 00       		.byte	0
 2329 08fc 25       		.byte	37
 2330 08fd 00       		.byte	0
 2331 08fe 18       		.byte	24
 2332 08ff 01       		.byte	1
 2333              		.section	.cywolatch,"a",%progbits
 2334              		.align	2
 2335              		.type	cy_meta_wonvl, %object
 2336              		.size	cy_meta_wonvl, 4
 2337              	cy_meta_wonvl:
ARM GAS  C:\Users\Susanna\AppData\Local\Temp\ccHQxsti.s 			page 42


 2338 0000 BC       		.byte	-68
 2339 0001 90       		.byte	-112
 2340 0002 AC       		.byte	-84
 2341 0003 AF       		.byte	-81
 2342              		.section	.cycustnvl,"a",%progbits
 2343              		.align	2
 2344              		.type	cy_meta_custnvl, %object
 2345              		.size	cy_meta_custnvl, 4
 2346              	cy_meta_custnvl:
 2347 0000 00       		.byte	0
 2348 0001 00       		.byte	0
 2349 0002 40       		.byte	64
 2350 0003 05       		.byte	5
 2351              		.section	.cymeta,"a",%progbits
 2352              		.align	2
 2353              		.type	cy_metadata, %object
 2354              		.size	cy_metadata, 12
 2355              	cy_metadata:
 2356 0000 00       		.byte	0
 2357 0001 01       		.byte	1
 2358 0002 2E       		.byte	46
 2359 0003 16       		.byte	22
 2360 0004 10       		.byte	16
 2361 0005 69       		.byte	105
 2362 0006 00       		.byte	0
 2363 0007 01       		.byte	1
 2364 0008 00       		.byte	0
 2365 0009 00       		.byte	0
 2366 000a 00       		.byte	0
 2367 000b 00       		.byte	0
 2368              		.section	.cyflashprotect,"a",%progbits
 2369              		.align	2
 2370              		.type	cy_meta_flashprotect, %object
 2371              		.size	cy_meta_flashprotect, 256
 2372              	cy_meta_flashprotect:
 2373 0000 00000000 		.space	256
 2373      00000000 
 2373      00000000 
 2373      00000000 
 2373      00000000 
 2374              		.text
 2375              	.Letext0:
 2376              		.file 1 "c:\\program files (x86)\\cypress\\psoc creator\\4.3\\psoc creator\\import\\gnu\\arm\\5.4.
 2377              		.file 2 "c:\\program files (x86)\\cypress\\psoc creator\\4.3\\psoc creator\\import\\gnu\\arm\\5.4.
 2378              		.file 3 "Generated_Source\\PSoC5\\cymetadata.c"
 2379              		.section	.debug_info,"",%progbits
 2380              	.Ldebug_info0:
 2381 0000 35010000 		.4byte	0x135
 2382 0004 0400     		.2byte	0x4
 2383 0006 00000000 		.4byte	.Ldebug_abbrev0
 2384 000a 04       		.byte	0x4
 2385 000b 01       		.uleb128 0x1
 2386 000c 85000000 		.4byte	.LASF17
 2387 0010 0C       		.byte	0xc
 2388 0011 DF010000 		.4byte	.LASF18
 2389 0015 00000000 		.4byte	.LASF19
 2390 0019 00000000 		.4byte	.Ldebug_line0
ARM GAS  C:\Users\Susanna\AppData\Local\Temp\ccHQxsti.s 			page 43


 2391 001d 02       		.uleb128 0x2
 2392 001e 01       		.byte	0x1
 2393 001f 06       		.byte	0x6
 2394 0020 D3010000 		.4byte	.LASF0
 2395 0024 03       		.uleb128 0x3
 2396 0025 61000000 		.4byte	.LASF9
 2397 0029 01       		.byte	0x1
 2398 002a 1D       		.byte	0x1d
 2399 002b 2F000000 		.4byte	0x2f
 2400 002f 02       		.uleb128 0x2
 2401 0030 01       		.byte	0x1
 2402 0031 08       		.byte	0x8
 2403 0032 77000000 		.4byte	.LASF1
 2404 0036 02       		.uleb128 0x2
 2405 0037 02       		.byte	0x2
 2406 0038 05       		.byte	0x5
 2407 0039 C0010000 		.4byte	.LASF2
 2408 003d 02       		.uleb128 0x2
 2409 003e 02       		.byte	0x2
 2410 003f 07       		.byte	0x7
 2411 0040 25010000 		.4byte	.LASF3
 2412 0044 02       		.uleb128 0x2
 2413 0045 04       		.byte	0x4
 2414 0046 05       		.byte	0x5
 2415 0047 CA010000 		.4byte	.LASF4
 2416 004b 02       		.uleb128 0x2
 2417 004c 04       		.byte	0x4
 2418 004d 07       		.byte	0x7
 2419 004e 13010000 		.4byte	.LASF5
 2420 0052 02       		.uleb128 0x2
 2421 0053 08       		.byte	0x8
 2422 0054 05       		.byte	0x5
 2423 0055 B2010000 		.4byte	.LASF6
 2424 0059 02       		.uleb128 0x2
 2425 005a 08       		.byte	0x8
 2426 005b 07       		.byte	0x7
 2427 005c 67010000 		.4byte	.LASF7
 2428 0060 04       		.uleb128 0x4
 2429 0061 04       		.byte	0x4
 2430 0062 05       		.byte	0x5
 2431 0063 696E7400 		.ascii	"int\000"
 2432 0067 02       		.uleb128 0x2
 2433 0068 04       		.byte	0x4
 2434 0069 07       		.byte	0x7
 2435 006a 5A010000 		.4byte	.LASF8
 2436 006e 03       		.uleb128 0x3
 2437 006f 7E010000 		.4byte	.LASF10
 2438 0073 02       		.byte	0x2
 2439 0074 18       		.byte	0x18
 2440 0075 24000000 		.4byte	0x24
 2441 0079 05       		.uleb128 0x5
 2442 007a 91000000 		.4byte	0x91
 2443 007e 8A000000 		.4byte	0x8a
 2444 0082 06       		.uleb128 0x6
 2445 0083 8A000000 		.4byte	0x8a
 2446 0087 FF08     		.2byte	0x8ff
 2447 0089 00       		.byte	0
ARM GAS  C:\Users\Susanna\AppData\Local\Temp\ccHQxsti.s 			page 44


 2448 008a 02       		.uleb128 0x2
 2449 008b 04       		.byte	0x4
 2450 008c 07       		.byte	0x7
 2451 008d A9010000 		.4byte	.LASF11
 2452 0091 07       		.uleb128 0x7
 2453 0092 6E000000 		.4byte	0x6e
 2454 0096 08       		.uleb128 0x8
 2455 0097 48010000 		.4byte	.LASF12
 2456 009b 03       		.byte	0x3
 2457 009c 1F       		.byte	0x1f
 2458 009d A7000000 		.4byte	0xa7
 2459 00a1 05       		.uleb128 0x5
 2460 00a2 03       		.byte	0x3
 2461 00a3 00000000 		.4byte	cy_meta_configecc
 2462 00a7 07       		.uleb128 0x7
 2463 00a8 79000000 		.4byte	0x79
 2464 00ac 05       		.uleb128 0x5
 2465 00ad 91000000 		.4byte	0x91
 2466 00b1 BC000000 		.4byte	0xbc
 2467 00b5 09       		.uleb128 0x9
 2468 00b6 8A000000 		.4byte	0x8a
 2469 00ba 03       		.byte	0x3
 2470 00bb 00       		.byte	0
 2471 00bc 0A       		.uleb128 0xa
 2472 00bd 38010000 		.4byte	.LASF13
 2473 00c1 03       		.byte	0x3
 2474 00c2 4C01     		.2byte	0x14c
 2475 00c4 CE000000 		.4byte	0xce
 2476 00c8 05       		.uleb128 0x5
 2477 00c9 03       		.byte	0x3
 2478 00ca 00000000 		.4byte	cy_meta_custnvl
 2479 00ce 07       		.uleb128 0x7
 2480 00cf AC000000 		.4byte	0xac
 2481 00d3 0A       		.uleb128 0xa
 2482 00d4 9B010000 		.4byte	.LASF14
 2483 00d8 03       		.byte	0x3
 2484 00d9 5A01     		.2byte	0x15a
 2485 00db E5000000 		.4byte	0xe5
 2486 00df 05       		.uleb128 0x5
 2487 00e0 03       		.byte	0x3
 2488 00e1 00000000 		.4byte	cy_meta_wonvl
 2489 00e5 07       		.uleb128 0x7
 2490 00e6 AC000000 		.4byte	0xac
 2491 00ea 05       		.uleb128 0x5
 2492 00eb 91000000 		.4byte	0x91
 2493 00ef FA000000 		.4byte	0xfa
 2494 00f3 09       		.uleb128 0x9
 2495 00f4 8A000000 		.4byte	0x8a
 2496 00f8 FF       		.byte	0xff
 2497 00f9 00       		.byte	0
 2498 00fa 0A       		.uleb128 0xa
 2499 00fb 86010000 		.4byte	.LASF15
 2500 00ff 03       		.byte	0x3
 2501 0100 6801     		.2byte	0x168
 2502 0102 0C010000 		.4byte	0x10c
 2503 0106 05       		.uleb128 0x5
 2504 0107 03       		.byte	0x3
ARM GAS  C:\Users\Susanna\AppData\Local\Temp\ccHQxsti.s 			page 45


 2505 0108 00000000 		.4byte	cy_meta_flashprotect
 2506 010c 07       		.uleb128 0x7
 2507 010d EA000000 		.4byte	0xea
 2508 0111 05       		.uleb128 0x5
 2509 0112 91000000 		.4byte	0x91
 2510 0116 21010000 		.4byte	0x121
 2511 011a 09       		.uleb128 0x9
 2512 011b 8A000000 		.4byte	0x8a
 2513 011f 0B       		.byte	0xb
 2514 0120 00       		.byte	0
 2515 0121 0A       		.uleb128 0xa
 2516 0122 6B000000 		.4byte	.LASF16
 2517 0126 03       		.byte	0x3
 2518 0127 9501     		.2byte	0x195
 2519 0129 33010000 		.4byte	0x133
 2520 012d 05       		.uleb128 0x5
 2521 012e 03       		.byte	0x3
 2522 012f 00000000 		.4byte	cy_metadata
 2523 0133 07       		.uleb128 0x7
 2524 0134 11010000 		.4byte	0x111
 2525 0138 00       		.byte	0
 2526              		.section	.debug_abbrev,"",%progbits
 2527              	.Ldebug_abbrev0:
 2528 0000 01       		.uleb128 0x1
 2529 0001 11       		.uleb128 0x11
 2530 0002 01       		.byte	0x1
 2531 0003 25       		.uleb128 0x25
 2532 0004 0E       		.uleb128 0xe
 2533 0005 13       		.uleb128 0x13
 2534 0006 0B       		.uleb128 0xb
 2535 0007 03       		.uleb128 0x3
 2536 0008 0E       		.uleb128 0xe
 2537 0009 1B       		.uleb128 0x1b
 2538 000a 0E       		.uleb128 0xe
 2539 000b 10       		.uleb128 0x10
 2540 000c 17       		.uleb128 0x17
 2541 000d 00       		.byte	0
 2542 000e 00       		.byte	0
 2543 000f 02       		.uleb128 0x2
 2544 0010 24       		.uleb128 0x24
 2545 0011 00       		.byte	0
 2546 0012 0B       		.uleb128 0xb
 2547 0013 0B       		.uleb128 0xb
 2548 0014 3E       		.uleb128 0x3e
 2549 0015 0B       		.uleb128 0xb
 2550 0016 03       		.uleb128 0x3
 2551 0017 0E       		.uleb128 0xe
 2552 0018 00       		.byte	0
 2553 0019 00       		.byte	0
 2554 001a 03       		.uleb128 0x3
 2555 001b 16       		.uleb128 0x16
 2556 001c 00       		.byte	0
 2557 001d 03       		.uleb128 0x3
 2558 001e 0E       		.uleb128 0xe
 2559 001f 3A       		.uleb128 0x3a
 2560 0020 0B       		.uleb128 0xb
 2561 0021 3B       		.uleb128 0x3b
ARM GAS  C:\Users\Susanna\AppData\Local\Temp\ccHQxsti.s 			page 46


 2562 0022 0B       		.uleb128 0xb
 2563 0023 49       		.uleb128 0x49
 2564 0024 13       		.uleb128 0x13
 2565 0025 00       		.byte	0
 2566 0026 00       		.byte	0
 2567 0027 04       		.uleb128 0x4
 2568 0028 24       		.uleb128 0x24
 2569 0029 00       		.byte	0
 2570 002a 0B       		.uleb128 0xb
 2571 002b 0B       		.uleb128 0xb
 2572 002c 3E       		.uleb128 0x3e
 2573 002d 0B       		.uleb128 0xb
 2574 002e 03       		.uleb128 0x3
 2575 002f 08       		.uleb128 0x8
 2576 0030 00       		.byte	0
 2577 0031 00       		.byte	0
 2578 0032 05       		.uleb128 0x5
 2579 0033 01       		.uleb128 0x1
 2580 0034 01       		.byte	0x1
 2581 0035 49       		.uleb128 0x49
 2582 0036 13       		.uleb128 0x13
 2583 0037 01       		.uleb128 0x1
 2584 0038 13       		.uleb128 0x13
 2585 0039 00       		.byte	0
 2586 003a 00       		.byte	0
 2587 003b 06       		.uleb128 0x6
 2588 003c 21       		.uleb128 0x21
 2589 003d 00       		.byte	0
 2590 003e 49       		.uleb128 0x49
 2591 003f 13       		.uleb128 0x13
 2592 0040 2F       		.uleb128 0x2f
 2593 0041 05       		.uleb128 0x5
 2594 0042 00       		.byte	0
 2595 0043 00       		.byte	0
 2596 0044 07       		.uleb128 0x7
 2597 0045 26       		.uleb128 0x26
 2598 0046 00       		.byte	0
 2599 0047 49       		.uleb128 0x49
 2600 0048 13       		.uleb128 0x13
 2601 0049 00       		.byte	0
 2602 004a 00       		.byte	0
 2603 004b 08       		.uleb128 0x8
 2604 004c 34       		.uleb128 0x34
 2605 004d 00       		.byte	0
 2606 004e 03       		.uleb128 0x3
 2607 004f 0E       		.uleb128 0xe
 2608 0050 3A       		.uleb128 0x3a
 2609 0051 0B       		.uleb128 0xb
 2610 0052 3B       		.uleb128 0x3b
 2611 0053 0B       		.uleb128 0xb
 2612 0054 49       		.uleb128 0x49
 2613 0055 13       		.uleb128 0x13
 2614 0056 3F       		.uleb128 0x3f
 2615 0057 19       		.uleb128 0x19
 2616 0058 02       		.uleb128 0x2
 2617 0059 18       		.uleb128 0x18
 2618 005a 00       		.byte	0
ARM GAS  C:\Users\Susanna\AppData\Local\Temp\ccHQxsti.s 			page 47


 2619 005b 00       		.byte	0
 2620 005c 09       		.uleb128 0x9
 2621 005d 21       		.uleb128 0x21
 2622 005e 00       		.byte	0
 2623 005f 49       		.uleb128 0x49
 2624 0060 13       		.uleb128 0x13
 2625 0061 2F       		.uleb128 0x2f
 2626 0062 0B       		.uleb128 0xb
 2627 0063 00       		.byte	0
 2628 0064 00       		.byte	0
 2629 0065 0A       		.uleb128 0xa
 2630 0066 34       		.uleb128 0x34
 2631 0067 00       		.byte	0
 2632 0068 03       		.uleb128 0x3
 2633 0069 0E       		.uleb128 0xe
 2634 006a 3A       		.uleb128 0x3a
 2635 006b 0B       		.uleb128 0xb
 2636 006c 3B       		.uleb128 0x3b
 2637 006d 05       		.uleb128 0x5
 2638 006e 49       		.uleb128 0x49
 2639 006f 13       		.uleb128 0x13
 2640 0070 3F       		.uleb128 0x3f
 2641 0071 19       		.uleb128 0x19
 2642 0072 02       		.uleb128 0x2
 2643 0073 18       		.uleb128 0x18
 2644 0074 00       		.byte	0
 2645 0075 00       		.byte	0
 2646 0076 00       		.byte	0
 2647              		.section	.debug_aranges,"",%progbits
 2648 0000 14000000 		.4byte	0x14
 2649 0004 0200     		.2byte	0x2
 2650 0006 00000000 		.4byte	.Ldebug_info0
 2651 000a 04       		.byte	0x4
 2652 000b 00       		.byte	0
 2653 000c 0000     		.2byte	0
 2654 000e 0000     		.2byte	0
 2655 0010 00000000 		.4byte	0
 2656 0014 00000000 		.4byte	0
 2657              		.section	.debug_line,"",%progbits
 2658              	.Ldebug_line0:
 2659 0000 3D010000 		.section	.debug_str,"MS",%progbits,1
 2659      02003701 
 2659      00000201 
 2659      FB0E0D00 
 2659      01010101 
 2660              	.LASF19:
 2661 0000 433A5C55 		.ascii	"C:\\Users\\Susanna\\Desktop\\Final_Project_DiGiacom"
 2661      73657273 
 2661      5C537573 
 2661      616E6E61 
 2661      5C446573 
 2662 002f 6F5F5061 		.ascii	"o_Palmieri\\Final_Project2.cydsn\\Final_prova.cydsn"
 2662      6C6D6965 
 2662      72695C46 
 2662      696E616C 
 2662      5F50726F 
 2663 0060 00       		.ascii	"\000"
ARM GAS  C:\Users\Susanna\AppData\Local\Temp\ccHQxsti.s 			page 48


 2664              	.LASF9:
 2665 0061 5F5F7569 		.ascii	"__uint8_t\000"
 2665      6E74385F 
 2665      7400
 2666              	.LASF16:
 2667 006b 63795F6D 		.ascii	"cy_metadata\000"
 2667      65746164 
 2667      61746100 
 2668              	.LASF1:
 2669 0077 756E7369 		.ascii	"unsigned char\000"
 2669      676E6564 
 2669      20636861 
 2669      7200
 2670              	.LASF17:
 2671 0085 474E5520 		.ascii	"GNU C11 5.4.1 20160609 (release) [ARM/embedded-5-br"
 2671      43313120 
 2671      352E342E 
 2671      31203230 
 2671      31363036 
 2672 00b8 616E6368 		.ascii	"anch revision 237715] -mcpu=cortex-m3 -mthumb -g -O"
 2672      20726576 
 2672      6973696F 
 2672      6E203233 
 2672      37373135 
 2673 00eb 67202D66 		.ascii	"g -ffunction-sections -ffat-lto-objects\000"
 2673      66756E63 
 2673      74696F6E 
 2673      2D736563 
 2673      74696F6E 
 2674              	.LASF5:
 2675 0113 6C6F6E67 		.ascii	"long unsigned int\000"
 2675      20756E73 
 2675      69676E65 
 2675      6420696E 
 2675      7400
 2676              	.LASF3:
 2677 0125 73686F72 		.ascii	"short unsigned int\000"
 2677      7420756E 
 2677      7369676E 
 2677      65642069 
 2677      6E7400
 2678              	.LASF13:
 2679 0138 63795F6D 		.ascii	"cy_meta_custnvl\000"
 2679      6574615F 
 2679      63757374 
 2679      6E766C00 
 2680              	.LASF12:
 2681 0148 63795F6D 		.ascii	"cy_meta_configecc\000"
 2681      6574615F 
 2681      636F6E66 
 2681      69676563 
 2681      6300
 2682              	.LASF8:
 2683 015a 756E7369 		.ascii	"unsigned int\000"
 2683      676E6564 
 2683      20696E74 
 2683      00
ARM GAS  C:\Users\Susanna\AppData\Local\Temp\ccHQxsti.s 			page 49


 2684              	.LASF7:
 2685 0167 6C6F6E67 		.ascii	"long long unsigned int\000"
 2685      206C6F6E 
 2685      6720756E 
 2685      7369676E 
 2685      65642069 
 2686              	.LASF10:
 2687 017e 75696E74 		.ascii	"uint8_t\000"
 2687      385F7400 
 2688              	.LASF15:
 2689 0186 63795F6D 		.ascii	"cy_meta_flashprotect\000"
 2689      6574615F 
 2689      666C6173 
 2689      6870726F 
 2689      74656374 
 2690              	.LASF14:
 2691 019b 63795F6D 		.ascii	"cy_meta_wonvl\000"
 2691      6574615F 
 2691      776F6E76 
 2691      6C00
 2692              	.LASF11:
 2693 01a9 73697A65 		.ascii	"sizetype\000"
 2693      74797065 
 2693      00
 2694              	.LASF6:
 2695 01b2 6C6F6E67 		.ascii	"long long int\000"
 2695      206C6F6E 
 2695      6720696E 
 2695      7400
 2696              	.LASF2:
 2697 01c0 73686F72 		.ascii	"short int\000"
 2697      7420696E 
 2697      7400
 2698              	.LASF4:
 2699 01ca 6C6F6E67 		.ascii	"long int\000"
 2699      20696E74 
 2699      00
 2700              	.LASF0:
 2701 01d3 7369676E 		.ascii	"signed char\000"
 2701      65642063 
 2701      68617200 
 2702              	.LASF18:
 2703 01df 47656E65 		.ascii	"Generated_Source\\PSoC5\\cymetadata.c\000"
 2703      72617465 
 2703      645F536F 
 2703      75726365 
 2703      5C50536F 
 2704              		.ident	"GCC: (GNU Tools for ARM Embedded Processors) 5.4.1 20160609 (release) [ARM/embedded-5-bran
