ARM GAS  C:\Users\Susanna\AppData\Local\Temp\cc131ltY.s 			page 1


   1              		.syntax unified
   2              		.cpu cortex-m3
   3              		.fpu softvfp
   4              		.eabi_attribute 20, 1
   5              		.eabi_attribute 21, 1
   6              		.eabi_attribute 23, 3
   7              		.eabi_attribute 24, 1
   8              		.eabi_attribute 25, 1
   9              		.eabi_attribute 26, 1
  10              		.eabi_attribute 30, 1
  11              		.eabi_attribute 34, 1
  12              		.eabi_attribute 18, 4
  13              		.thumb
  14              		.syntax unified
  15              		.file	"InterruptRoutines.c"
  16              		.text
  17              	.Ltext0:
  18              		.cfi_sections	.debug_frame
  19              		.section	.text.Switch_ISR,"ax",%progbits
  20              		.align	2
  21              		.global	Switch_ISR
  22              		.thumb
  23              		.thumb_func
  24              		.type	Switch_ISR, %function
  25              	Switch_ISR:
  26              	.LFB63:
  27              		.file 1 "InterruptRoutines.c"
   1:InterruptRoutines.c **** /* ========================================
   2:InterruptRoutines.c ****  *
   3:InterruptRoutines.c ****  * ========================================
   4:InterruptRoutines.c **** */
   5:InterruptRoutines.c **** 
   6:InterruptRoutines.c **** #include "project.h"
   7:InterruptRoutines.c **** #include "InterruptRoutines.h"
   8:InterruptRoutines.c **** 
   9:InterruptRoutines.c **** //extern volatile int button_pressed;
  10:InterruptRoutines.c **** //extern volatile int click_count;
  11:InterruptRoutines.c **** 
  12:InterruptRoutines.c **** 
  13:InterruptRoutines.c **** 
  14:InterruptRoutines.c **** CY_ISR(Switch_ISR)
  15:InterruptRoutines.c **** {
  28              		.loc 1 15 0
  29              		.cfi_startproc
  30              		@ args = 0, pretend = 0, frame = 0
  31              		@ frame_needed = 0, uses_anonymous_args = 0
  32 0000 08B5     		push	{r3, lr}
  33              		.cfi_def_cfa_offset 8
  34              		.cfi_offset 3, -8
  35              		.cfi_offset 14, -4
  16:InterruptRoutines.c ****     Timer_SW_ReadStatusRegister();
  36              		.loc 1 16 0
  37 0002 FFF7FEFF 		bl	Timer_SW_ReadStatusRegister
  38              	.LVL0:
  17:InterruptRoutines.c ****     button_pressed=1;
  39              		.loc 1 17 0
  40 0006 0122     		movs	r2, #1
ARM GAS  C:\Users\Susanna\AppData\Local\Temp\cc131ltY.s 			page 2


  41 0008 034B     		ldr	r3, .L3
  42 000a 1A60     		str	r2, [r3]
  18:InterruptRoutines.c ****     click_count++;
  43              		.loc 1 18 0
  44 000c 034A     		ldr	r2, .L3+4
  45 000e 1368     		ldr	r3, [r2]
  46 0010 0133     		adds	r3, r3, #1
  47 0012 1360     		str	r3, [r2]
  48 0014 08BD     		pop	{r3, pc}
  49              	.L4:
  50 0016 00BF     		.align	2
  51              	.L3:
  52 0018 00000000 		.word	button_pressed
  53 001c 00000000 		.word	click_count
  54              		.cfi_endproc
  55              	.LFE63:
  56              		.size	Switch_ISR, .-Switch_ISR
  57              		.comm	click_count,4,4
  58              		.comm	button_pressed,4,4
  59              		.text
  60              	.Letext0:
  61              		.file 2 "c:\\program files (x86)\\cypress\\psoc creator\\4.3\\psoc creator\\import\\gnu\\arm\\5.4.
  62              		.file 3 "c:\\program files (x86)\\cypress\\psoc creator\\4.3\\psoc creator\\import\\gnu\\arm\\5.4.
  63              		.file 4 "Generated_Source\\PSoC5/core_cm3.h"
  64              		.file 5 "InterruptRoutines.h"
  65              		.file 6 "Generated_Source\\PSoC5/Timer_SW.h"
  66              		.section	.debug_info,"",%progbits
  67              	.Ldebug_info0:
  68 0000 03010000 		.4byte	0x103
  69 0004 0400     		.2byte	0x4
  70 0006 00000000 		.4byte	.Ldebug_abbrev0
  71 000a 04       		.byte	0x4
  72 000b 01       		.uleb128 0x1
  73 000c 2E000000 		.4byte	.LASF19
  74 0010 0C       		.byte	0xc
  75 0011 51010000 		.4byte	.LASF20
  76 0015 CE000000 		.4byte	.LASF21
  77 0019 00000000 		.4byte	.Ldebug_ranges0+0
  78 001d 00000000 		.4byte	0
  79 0021 00000000 		.4byte	.Ldebug_line0
  80 0025 02       		.uleb128 0x2
  81 0026 01       		.byte	0x1
  82 0027 06       		.byte	0x6
  83 0028 AD010000 		.4byte	.LASF0
  84 002c 02       		.uleb128 0x2
  85 002d 01       		.byte	0x1
  86 002e 08       		.byte	0x8
  87 002f 65010000 		.4byte	.LASF1
  88 0033 02       		.uleb128 0x2
  89 0034 02       		.byte	0x2
  90 0035 05       		.byte	0x5
  91 0036 F1010000 		.4byte	.LASF2
  92 003a 02       		.uleb128 0x2
  93 003b 02       		.byte	0x2
  94 003c 07       		.byte	0x7
  95 003d 0E000000 		.4byte	.LASF3
  96 0041 03       		.uleb128 0x3
ARM GAS  C:\Users\Susanna\AppData\Local\Temp\cc131ltY.s 			page 3


  97 0042 C5010000 		.4byte	.LASF9
  98 0046 02       		.byte	0x2
  99 0047 3F       		.byte	0x3f
 100 0048 4C000000 		.4byte	0x4c
 101 004c 02       		.uleb128 0x2
 102 004d 04       		.byte	0x4
 103 004e 05       		.byte	0x5
 104 004f 78010000 		.4byte	.LASF4
 105 0053 02       		.uleb128 0x2
 106 0054 04       		.byte	0x4
 107 0055 07       		.byte	0x7
 108 0056 BC000000 		.4byte	.LASF5
 109 005a 02       		.uleb128 0x2
 110 005b 08       		.byte	0x8
 111 005c 05       		.byte	0x5
 112 005d 00000000 		.4byte	.LASF6
 113 0061 02       		.uleb128 0x2
 114 0062 08       		.byte	0x8
 115 0063 07       		.byte	0x7
 116 0064 2F010000 		.4byte	.LASF7
 117 0068 04       		.uleb128 0x4
 118 0069 04       		.byte	0x4
 119 006a 05       		.byte	0x5
 120 006b 696E7400 		.ascii	"int\000"
 121 006f 02       		.uleb128 0x2
 122 0070 04       		.byte	0x4
 123 0071 07       		.byte	0x7
 124 0072 21000000 		.4byte	.LASF8
 125 0076 03       		.uleb128 0x3
 126 0077 FB010000 		.4byte	.LASF10
 127 007b 03       		.byte	0x3
 128 007c 2C       		.byte	0x2c
 129 007d 41000000 		.4byte	0x41
 130 0081 02       		.uleb128 0x2
 131 0082 04       		.byte	0x4
 132 0083 04       		.byte	0x4
 133 0084 EB010000 		.4byte	.LASF11
 134 0088 02       		.uleb128 0x2
 135 0089 08       		.byte	0x8
 136 008a 04       		.byte	0x4
 137 008b 90010000 		.4byte	.LASF12
 138 008f 02       		.uleb128 0x2
 139 0090 01       		.byte	0x1
 140 0091 08       		.byte	0x8
 141 0092 73010000 		.4byte	.LASF13
 142 0096 02       		.uleb128 0x2
 143 0097 08       		.byte	0x8
 144 0098 04       		.byte	0x4
 145 0099 B9010000 		.4byte	.LASF14
 146 009d 02       		.uleb128 0x2
 147 009e 04       		.byte	0x4
 148 009f 07       		.byte	0x7
 149 00a0 97010000 		.4byte	.LASF15
 150 00a4 05       		.uleb128 0x5
 151 00a5 46010000 		.4byte	.LASF22
 152 00a9 01       		.byte	0x1
 153 00aa 0E       		.byte	0xe
ARM GAS  C:\Users\Susanna\AppData\Local\Temp\cc131ltY.s 			page 4


 154 00ab 00000000 		.4byte	.LFB63
 155 00af 20000000 		.4byte	.LFE63-.LFB63
 156 00b3 01       		.uleb128 0x1
 157 00b4 9C       		.byte	0x9c
 158 00b5 C3000000 		.4byte	0xc3
 159 00b9 06       		.uleb128 0x6
 160 00ba 06000000 		.4byte	.LVL0
 161 00be FB000000 		.4byte	0xfb
 162 00c2 00       		.byte	0
 163 00c3 07       		.uleb128 0x7
 164 00c4 A0010000 		.4byte	.LASF16
 165 00c8 04       		.byte	0x4
 166 00c9 1207     		.2byte	0x712
 167 00cb CF000000 		.4byte	0xcf
 168 00cf 08       		.uleb128 0x8
 169 00d0 76000000 		.4byte	0x76
 170 00d4 09       		.uleb128 0x9
 171 00d5 81010000 		.4byte	.LASF17
 172 00d9 05       		.byte	0x5
 173 00da 0A       		.byte	0xa
 174 00db E5000000 		.4byte	0xe5
 175 00df 05       		.uleb128 0x5
 176 00e0 03       		.byte	0x3
 177 00e1 00000000 		.4byte	button_pressed
 178 00e5 08       		.uleb128 0x8
 179 00e6 68000000 		.4byte	0x68
 180 00ea 09       		.uleb128 0x9
 181 00eb 03020000 		.4byte	.LASF18
 182 00ef 05       		.byte	0x5
 183 00f0 0B       		.byte	0xb
 184 00f1 E5000000 		.4byte	0xe5
 185 00f5 05       		.uleb128 0x5
 186 00f6 03       		.byte	0x3
 187 00f7 00000000 		.4byte	click_count
 188 00fb 0A       		.uleb128 0xa
 189 00fc CF010000 		.4byte	.LASF23
 190 0100 CF010000 		.4byte	.LASF23
 191 0104 06       		.byte	0x6
 192 0105 5E       		.byte	0x5e
 193 0106 00       		.byte	0
 194              		.section	.debug_abbrev,"",%progbits
 195              	.Ldebug_abbrev0:
 196 0000 01       		.uleb128 0x1
 197 0001 11       		.uleb128 0x11
 198 0002 01       		.byte	0x1
 199 0003 25       		.uleb128 0x25
 200 0004 0E       		.uleb128 0xe
 201 0005 13       		.uleb128 0x13
 202 0006 0B       		.uleb128 0xb
 203 0007 03       		.uleb128 0x3
 204 0008 0E       		.uleb128 0xe
 205 0009 1B       		.uleb128 0x1b
 206 000a 0E       		.uleb128 0xe
 207 000b 55       		.uleb128 0x55
 208 000c 17       		.uleb128 0x17
 209 000d 11       		.uleb128 0x11
 210 000e 01       		.uleb128 0x1
ARM GAS  C:\Users\Susanna\AppData\Local\Temp\cc131ltY.s 			page 5


 211 000f 10       		.uleb128 0x10
 212 0010 17       		.uleb128 0x17
 213 0011 00       		.byte	0
 214 0012 00       		.byte	0
 215 0013 02       		.uleb128 0x2
 216 0014 24       		.uleb128 0x24
 217 0015 00       		.byte	0
 218 0016 0B       		.uleb128 0xb
 219 0017 0B       		.uleb128 0xb
 220 0018 3E       		.uleb128 0x3e
 221 0019 0B       		.uleb128 0xb
 222 001a 03       		.uleb128 0x3
 223 001b 0E       		.uleb128 0xe
 224 001c 00       		.byte	0
 225 001d 00       		.byte	0
 226 001e 03       		.uleb128 0x3
 227 001f 16       		.uleb128 0x16
 228 0020 00       		.byte	0
 229 0021 03       		.uleb128 0x3
 230 0022 0E       		.uleb128 0xe
 231 0023 3A       		.uleb128 0x3a
 232 0024 0B       		.uleb128 0xb
 233 0025 3B       		.uleb128 0x3b
 234 0026 0B       		.uleb128 0xb
 235 0027 49       		.uleb128 0x49
 236 0028 13       		.uleb128 0x13
 237 0029 00       		.byte	0
 238 002a 00       		.byte	0
 239 002b 04       		.uleb128 0x4
 240 002c 24       		.uleb128 0x24
 241 002d 00       		.byte	0
 242 002e 0B       		.uleb128 0xb
 243 002f 0B       		.uleb128 0xb
 244 0030 3E       		.uleb128 0x3e
 245 0031 0B       		.uleb128 0xb
 246 0032 03       		.uleb128 0x3
 247 0033 08       		.uleb128 0x8
 248 0034 00       		.byte	0
 249 0035 00       		.byte	0
 250 0036 05       		.uleb128 0x5
 251 0037 2E       		.uleb128 0x2e
 252 0038 01       		.byte	0x1
 253 0039 3F       		.uleb128 0x3f
 254 003a 19       		.uleb128 0x19
 255 003b 03       		.uleb128 0x3
 256 003c 0E       		.uleb128 0xe
 257 003d 3A       		.uleb128 0x3a
 258 003e 0B       		.uleb128 0xb
 259 003f 3B       		.uleb128 0x3b
 260 0040 0B       		.uleb128 0xb
 261 0041 27       		.uleb128 0x27
 262 0042 19       		.uleb128 0x19
 263 0043 11       		.uleb128 0x11
 264 0044 01       		.uleb128 0x1
 265 0045 12       		.uleb128 0x12
 266 0046 06       		.uleb128 0x6
 267 0047 40       		.uleb128 0x40
ARM GAS  C:\Users\Susanna\AppData\Local\Temp\cc131ltY.s 			page 6


 268 0048 18       		.uleb128 0x18
 269 0049 9742     		.uleb128 0x2117
 270 004b 19       		.uleb128 0x19
 271 004c 01       		.uleb128 0x1
 272 004d 13       		.uleb128 0x13
 273 004e 00       		.byte	0
 274 004f 00       		.byte	0
 275 0050 06       		.uleb128 0x6
 276 0051 898201   		.uleb128 0x4109
 277 0054 00       		.byte	0
 278 0055 11       		.uleb128 0x11
 279 0056 01       		.uleb128 0x1
 280 0057 31       		.uleb128 0x31
 281 0058 13       		.uleb128 0x13
 282 0059 00       		.byte	0
 283 005a 00       		.byte	0
 284 005b 07       		.uleb128 0x7
 285 005c 34       		.uleb128 0x34
 286 005d 00       		.byte	0
 287 005e 03       		.uleb128 0x3
 288 005f 0E       		.uleb128 0xe
 289 0060 3A       		.uleb128 0x3a
 290 0061 0B       		.uleb128 0xb
 291 0062 3B       		.uleb128 0x3b
 292 0063 05       		.uleb128 0x5
 293 0064 49       		.uleb128 0x49
 294 0065 13       		.uleb128 0x13
 295 0066 3F       		.uleb128 0x3f
 296 0067 19       		.uleb128 0x19
 297 0068 3C       		.uleb128 0x3c
 298 0069 19       		.uleb128 0x19
 299 006a 00       		.byte	0
 300 006b 00       		.byte	0
 301 006c 08       		.uleb128 0x8
 302 006d 35       		.uleb128 0x35
 303 006e 00       		.byte	0
 304 006f 49       		.uleb128 0x49
 305 0070 13       		.uleb128 0x13
 306 0071 00       		.byte	0
 307 0072 00       		.byte	0
 308 0073 09       		.uleb128 0x9
 309 0074 34       		.uleb128 0x34
 310 0075 00       		.byte	0
 311 0076 03       		.uleb128 0x3
 312 0077 0E       		.uleb128 0xe
 313 0078 3A       		.uleb128 0x3a
 314 0079 0B       		.uleb128 0xb
 315 007a 3B       		.uleb128 0x3b
 316 007b 0B       		.uleb128 0xb
 317 007c 49       		.uleb128 0x49
 318 007d 13       		.uleb128 0x13
 319 007e 3F       		.uleb128 0x3f
 320 007f 19       		.uleb128 0x19
 321 0080 02       		.uleb128 0x2
 322 0081 18       		.uleb128 0x18
 323 0082 00       		.byte	0
 324 0083 00       		.byte	0
ARM GAS  C:\Users\Susanna\AppData\Local\Temp\cc131ltY.s 			page 7


 325 0084 0A       		.uleb128 0xa
 326 0085 2E       		.uleb128 0x2e
 327 0086 00       		.byte	0
 328 0087 3F       		.uleb128 0x3f
 329 0088 19       		.uleb128 0x19
 330 0089 3C       		.uleb128 0x3c
 331 008a 19       		.uleb128 0x19
 332 008b 6E       		.uleb128 0x6e
 333 008c 0E       		.uleb128 0xe
 334 008d 03       		.uleb128 0x3
 335 008e 0E       		.uleb128 0xe
 336 008f 3A       		.uleb128 0x3a
 337 0090 0B       		.uleb128 0xb
 338 0091 3B       		.uleb128 0x3b
 339 0092 0B       		.uleb128 0xb
 340 0093 00       		.byte	0
 341 0094 00       		.byte	0
 342 0095 00       		.byte	0
 343              		.section	.debug_aranges,"",%progbits
 344 0000 1C000000 		.4byte	0x1c
 345 0004 0200     		.2byte	0x2
 346 0006 00000000 		.4byte	.Ldebug_info0
 347 000a 04       		.byte	0x4
 348 000b 00       		.byte	0
 349 000c 0000     		.2byte	0
 350 000e 0000     		.2byte	0
 351 0010 00000000 		.4byte	.LFB63
 352 0014 20000000 		.4byte	.LFE63-.LFB63
 353 0018 00000000 		.4byte	0
 354 001c 00000000 		.4byte	0
 355              		.section	.debug_ranges,"",%progbits
 356              	.Ldebug_ranges0:
 357 0000 00000000 		.4byte	.LFB63
 358 0004 20000000 		.4byte	.LFE63
 359 0008 00000000 		.4byte	0
 360 000c 00000000 		.4byte	0
 361              		.section	.debug_line,"",%progbits
 362              	.Ldebug_line0:
 363 0000 89010000 		.section	.debug_str,"MS",%progbits,1
 363      02007101 
 363      00000201 
 363      FB0E0D00 
 363      01010101 
 364              	.LASF6:
 365 0000 6C6F6E67 		.ascii	"long long int\000"
 365      206C6F6E 
 365      6720696E 
 365      7400
 366              	.LASF3:
 367 000e 73686F72 		.ascii	"short unsigned int\000"
 367      7420756E 
 367      7369676E 
 367      65642069 
 367      6E7400
 368              	.LASF8:
 369 0021 756E7369 		.ascii	"unsigned int\000"
 369      676E6564 
ARM GAS  C:\Users\Susanna\AppData\Local\Temp\cc131ltY.s 			page 8


 369      20696E74 
 369      00
 370              	.LASF19:
 371 002e 474E5520 		.ascii	"GNU C11 5.4.1 20160609 (release) [ARM/embedded-5-br"
 371      43313120 
 371      352E342E 
 371      31203230 
 371      31363036 
 372 0061 616E6368 		.ascii	"anch revision 237715] -mcpu=cortex-m3 -mthumb -g -O"
 372      20726576 
 372      6973696F 
 372      6E203233 
 372      37373135 
 373 0094 67202D66 		.ascii	"g -ffunction-sections -ffat-lto-objects\000"
 373      66756E63 
 373      74696F6E 
 373      2D736563 
 373      74696F6E 
 374              	.LASF5:
 375 00bc 6C6F6E67 		.ascii	"long unsigned int\000"
 375      20756E73 
 375      69676E65 
 375      6420696E 
 375      7400
 376              	.LASF21:
 377 00ce 433A5C55 		.ascii	"C:\\Users\\Susanna\\Desktop\\Final_Project_DiGiacom"
 377      73657273 
 377      5C537573 
 377      616E6E61 
 377      5C446573 
 378 00fd 6F5F5061 		.ascii	"o_Palmieri\\Final_Project2.cydsn\\Final_prova.cydsn"
 378      6C6D6965 
 378      72695C46 
 378      696E616C 
 378      5F50726F 
 379 012e 00       		.ascii	"\000"
 380              	.LASF7:
 381 012f 6C6F6E67 		.ascii	"long long unsigned int\000"
 381      206C6F6E 
 381      6720756E 
 381      7369676E 
 381      65642069 
 382              	.LASF22:
 383 0146 53776974 		.ascii	"Switch_ISR\000"
 383      63685F49 
 383      535200
 384              	.LASF20:
 385 0151 496E7465 		.ascii	"InterruptRoutines.c\000"
 385      72727570 
 385      74526F75 
 385      74696E65 
 385      732E6300 
 386              	.LASF1:
 387 0165 756E7369 		.ascii	"unsigned char\000"
 387      676E6564 
 387      20636861 
 387      7200
ARM GAS  C:\Users\Susanna\AppData\Local\Temp\cc131ltY.s 			page 9


 388              	.LASF13:
 389 0173 63686172 		.ascii	"char\000"
 389      00
 390              	.LASF4:
 391 0178 6C6F6E67 		.ascii	"long int\000"
 391      20696E74 
 391      00
 392              	.LASF17:
 393 0181 62757474 		.ascii	"button_pressed\000"
 393      6F6E5F70 
 393      72657373 
 393      656400
 394              	.LASF12:
 395 0190 646F7562 		.ascii	"double\000"
 395      6C6500
 396              	.LASF15:
 397 0197 73697A65 		.ascii	"sizetype\000"
 397      74797065 
 397      00
 398              	.LASF16:
 399 01a0 49544D5F 		.ascii	"ITM_RxBuffer\000"
 399      52784275 
 399      66666572 
 399      00
 400              	.LASF0:
 401 01ad 7369676E 		.ascii	"signed char\000"
 401      65642063 
 401      68617200 
 402              	.LASF14:
 403 01b9 6C6F6E67 		.ascii	"long double\000"
 403      20646F75 
 403      626C6500 
 404              	.LASF9:
 405 01c5 5F5F696E 		.ascii	"__int32_t\000"
 405      7433325F 
 405      7400
 406              	.LASF23:
 407 01cf 54696D65 		.ascii	"Timer_SW_ReadStatusRegister\000"
 407      725F5357 
 407      5F526561 
 407      64537461 
 407      74757352 
 408              	.LASF11:
 409 01eb 666C6F61 		.ascii	"float\000"
 409      7400
 410              	.LASF2:
 411 01f1 73686F72 		.ascii	"short int\000"
 411      7420696E 
 411      7400
 412              	.LASF10:
 413 01fb 696E7433 		.ascii	"int32_t\000"
 413      325F7400 
 414              	.LASF18:
 415 0203 636C6963 		.ascii	"click_count\000"
 415      6B5F636F 
 415      756E7400 
 416              		.ident	"GCC: (GNU Tools for ARM Embedded Processors) 5.4.1 20160609 (release) [ARM/embedded-5-bran
ARM GAS  C:\Users\Susanna\AppData\Local\Temp\cc131ltY.s 			page 10


