ARM GAS  C:\Users\Susanna\AppData\Local\Temp\ccI9B6uH.s 			page 1


   1              		.syntax unified
   2              		.cpu cortex-m3
   3              		.fpu softvfp
   4              		.eabi_attribute 20, 1
   5              		.eabi_attribute 21, 1
   6              		.eabi_attribute 23, 3
   7              		.eabi_attribute 24, 1
   8              		.eabi_attribute 25, 1
   9              		.eabi_attribute 26, 1
  10              		.eabi_attribute 30, 1
  11              		.eabi_attribute 34, 1
  12              		.eabi_attribute 18, 4
  13              		.thumb
  14              		.syntax unified
  15              		.file	"SettingParameter.c"
  16              		.text
  17              	.Ltext0:
  18              		.cfi_sections	.debug_frame
  19              		.section	.text.setParameter,"ax",%progbits
  20              		.align	2
  21              		.global	setParameter
  22              		.thumb
  23              		.thumb_func
  24              		.type	setParameter, %function
  25              	setParameter:
  26              	.LFB64:
  27              		.file 1 "SettingParameter.c"
   1:SettingParameter.c **** /* ========================================
   2:SettingParameter.c ****  *
   3:SettingParameter.c ****  * Copyright YOUR COMPANY, THE YEAR
   4:SettingParameter.c ****  * All Rights Reserved
   5:SettingParameter.c ****  * UNPUBLISHED, LICENSED SOFTWARE.
   6:SettingParameter.c ****  *
   7:SettingParameter.c ****  * CONFIDENTIAL AND PROPRIETARY INFORMATION
   8:SettingParameter.c ****  * WHICH IS THE PROPERTY OF your company.
   9:SettingParameter.c ****  *
  10:SettingParameter.c ****  * ========================================
  11:SettingParameter.c **** */
  12:SettingParameter.c **** #include  "SettingParameter.h"
  13:SettingParameter.c **** #include "project.h"
  14:SettingParameter.c **** #include "I2C_Interface.h"
  15:SettingParameter.c **** #include "stdio.h"
  16:SettingParameter.c **** 
  17:SettingParameter.c **** //Brief slave device address
  18:SettingParameter.c **** #define LIS3DH_DEVICE_ADDRESS 0x18
  19:SettingParameter.c **** //Brief CONTROL REGISTER 4 address
  20:SettingParameter.c **** #define LIS3DH_CTRL_REG4 0x23
  21:SettingParameter.c **** 
  22:SettingParameter.c **** /*Brief HEX value for CONTROL REGISTER 4: +- 2.0 g FSR
  23:SettingParameter.c **** CTRL_REG4[3]=1 (High resolution enabled)
  24:SettingParameter.c **** CTRL_REG4[5:4]=FS[1:0]=00 (2.0 g FSR) */
  25:SettingParameter.c **** #define LIS3DH_CTRL_REG4_2g 0x88
  26:SettingParameter.c **** 
  27:SettingParameter.c **** /*Brief HEX value for CONTROL REGISTER 4: +- 4.0 g FSR
  28:SettingParameter.c **** CTRL_REG4[3]=1 (High resolution enabled)
  29:SettingParameter.c **** CTRL_REG4[5:4]=FS[1:0]=01 (4.0 g FSR) */
  30:SettingParameter.c **** #define LIS3DH_CTRL_REG4_4g 0x98
ARM GAS  C:\Users\Susanna\AppData\Local\Temp\ccI9B6uH.s 			page 2


  31:SettingParameter.c **** 
  32:SettingParameter.c **** /*Brief HEX value for CONTROL REGISTER 4: +- 8.0 g FSR
  33:SettingParameter.c **** CTRL_REG4[3]=1 (High resolution enabled)
  34:SettingParameter.c **** CTRL_REG4[5:4]=FS[1:0]=10 (8.0 g FSR) */
  35:SettingParameter.c **** #define LIS3DH_CTRL_REG4_8g 0xA8
  36:SettingParameter.c **** 
  37:SettingParameter.c **** /*Brief HEX value for CONTROL REGISTER 4: +- 16.0 g FSR
  38:SettingParameter.c **** CTRL_REG4[3]=1 (High resolution enabled)
  39:SettingParameter.c **** CTRL_REG4[5:4]=FS[1:0]=11 (16.0 g FSR) */
  40:SettingParameter.c **** #define LIS3DH_CTRL_REG4_16g 0xB8
  41:SettingParameter.c **** 
  42:SettingParameter.c **** int32 value_digit_pot;
  43:SettingParameter.c **** int16 value_pot;
  44:SettingParameter.c **** ErrorCode error;
  45:SettingParameter.c **** uint8_t ctrl_reg4;
  46:SettingParameter.c **** char message[50];
  47:SettingParameter.c **** 
  48:SettingParameter.c **** void setParameter(void)
  49:SettingParameter.c **** {
  28              		.loc 1 49 0
  29              		.cfi_startproc
  30              		@ args = 0, pretend = 0, frame = 0
  31              		@ frame_needed = 0, uses_anonymous_args = 0
  32 0000 08B5     		push	{r3, lr}
  33              		.cfi_def_cfa_offset 8
  34              		.cfi_offset 3, -8
  35              		.cfi_offset 14, -4
  50:SettingParameter.c ****     value_digit_pot=ADC_DelSig_Read32();
  36              		.loc 1 50 0
  37 0002 FFF7FEFF 		bl	ADC_DelSig_Read32
  38              	.LVL0:
  39 0006 3F4B     		ldr	r3, .L9
  40 0008 1860     		str	r0, [r3]
  51:SettingParameter.c ****     
  52:SettingParameter.c ****     if(value_digit_pot<0) value_digit_pot=0;
  41              		.loc 1 52 0
  42 000a 0028     		cmp	r0, #0
  43 000c 01DA     		bge	.L2
  44              		.loc 1 52 0 is_stmt 0 discriminator 1
  45 000e 0022     		movs	r2, #0
  46 0010 1A60     		str	r2, [r3]
  47              	.L2:
  53:SettingParameter.c ****     if(value_digit_pot>65535) value_digit_pot=65535;
  48              		.loc 1 53 0 is_stmt 1
  49 0012 3C4B     		ldr	r3, .L9
  50 0014 1B68     		ldr	r3, [r3]
  51 0016 B3F5803F 		cmp	r3, #65536
  52 001a 03DB     		blt	.L3
  53              		.loc 1 53 0 is_stmt 0 discriminator 1
  54 001c 4FF6FF72 		movw	r2, #65535
  55 0020 384B     		ldr	r3, .L9
  56 0022 1A60     		str	r2, [r3]
  57              	.L3:
  54:SettingParameter.c ****             
  55:SettingParameter.c ****     value_pot=ADC_DelSig_CountsTo_mVolts(value_digit_pot);
  58              		.loc 1 55 0 is_stmt 1
  59 0024 374B     		ldr	r3, .L9
ARM GAS  C:\Users\Susanna\AppData\Local\Temp\ccI9B6uH.s 			page 3


  60 0026 1868     		ldr	r0, [r3]
  61 0028 FFF7FEFF 		bl	ADC_DelSig_CountsTo_mVolts
  62              	.LVL1:
  63 002c 364B     		ldr	r3, .L9+4
  64 002e 1880     		strh	r0, [r3]	@ movhi
  56:SettingParameter.c ****     
  57:SettingParameter.c ****     if((value_pot>=0) && (value_pot<1250))
  65              		.loc 1 57 0
  66 0030 80B2     		uxth	r0, r0
  67 0032 40F2E143 		movw	r3, #1249
  68 0036 9842     		cmp	r0, r3
  69 0038 13D8     		bhi	.L4
  58:SettingParameter.c ****     {
  59:SettingParameter.c ****         Parameters=0x00;
  70              		.loc 1 59 0
  71 003a 0022     		movs	r2, #0
  72 003c 334B     		ldr	r3, .L9+8
  73 003e 1A70     		strb	r2, [r3]
  60:SettingParameter.c ****         fullscale_range=2000;
  74              		.loc 1 60 0
  75 0040 4FF4FA62 		mov	r2, #2000
  76 0044 324B     		ldr	r3, .L9+12
  77 0046 1A80     		strh	r2, [r3]	@ movhi
  61:SettingParameter.c ****         sensitivity=1;
  78              		.loc 1 61 0
  79 0048 0122     		movs	r2, #1
  80 004a 324B     		ldr	r3, .L9+16
  81 004c 1A70     		strb	r2, [r3]
  62:SettingParameter.c ****         ctrl_reg4 = LIS3DH_CTRL_REG4_2g;
  82              		.loc 1 62 0
  83 004e 8822     		movs	r2, #136
  84 0050 314B     		ldr	r3, .L9+20
  85 0052 1A70     		strb	r2, [r3]
  63:SettingParameter.c ****         error = I2C_Peripheral_WriteRegister(LIS3DH_DEVICE_ADDRESS,
  86              		.loc 1 63 0
  87 0054 2321     		movs	r1, #35
  88 0056 1820     		movs	r0, #24
  89 0058 FFF7FEFF 		bl	I2C_Peripheral_WriteRegister
  90              	.LVL2:
  91 005c 2F4B     		ldr	r3, .L9+24
  92 005e 1870     		strb	r0, [r3]
  93 0060 08BD     		pop	{r3, pc}
  94              	.L4:
  64:SettingParameter.c ****                                          LIS3DH_CTRL_REG4,
  65:SettingParameter.c ****                                          ctrl_reg4);
  66:SettingParameter.c ****     }
  67:SettingParameter.c ****     else if((value_pot>=1250) && (value_pot<2500))
  95              		.loc 1 67 0
  96 0062 A0F2E243 		subw	r3, r0, #1250
  97 0066 9BB2     		uxth	r3, r3
  98 0068 40F2E142 		movw	r2, #1249
  99 006c 9342     		cmp	r3, r2
 100 006e 13D8     		bhi	.L6
  68:SettingParameter.c ****     {
  69:SettingParameter.c ****         Parameters=0x40;
 101              		.loc 1 69 0
 102 0070 4022     		movs	r2, #64
ARM GAS  C:\Users\Susanna\AppData\Local\Temp\ccI9B6uH.s 			page 4


 103 0072 264B     		ldr	r3, .L9+8
 104 0074 1A70     		strb	r2, [r3]
  70:SettingParameter.c ****         fullscale_range=4000;
 105              		.loc 1 70 0
 106 0076 4FF47A62 		mov	r2, #4000
 107 007a 254B     		ldr	r3, .L9+12
 108 007c 1A80     		strh	r2, [r3]	@ movhi
  71:SettingParameter.c ****         sensitivity=2;
 109              		.loc 1 71 0
 110 007e 0222     		movs	r2, #2
 111 0080 244B     		ldr	r3, .L9+16
 112 0082 1A70     		strb	r2, [r3]
  72:SettingParameter.c ****         ctrl_reg4 = LIS3DH_CTRL_REG4_4g;
 113              		.loc 1 72 0
 114 0084 9822     		movs	r2, #152
 115 0086 244B     		ldr	r3, .L9+20
 116 0088 1A70     		strb	r2, [r3]
  73:SettingParameter.c ****         error = I2C_Peripheral_WriteRegister(LIS3DH_DEVICE_ADDRESS,
 117              		.loc 1 73 0
 118 008a 2321     		movs	r1, #35
 119 008c 1820     		movs	r0, #24
 120 008e FFF7FEFF 		bl	I2C_Peripheral_WriteRegister
 121              	.LVL3:
 122 0092 224B     		ldr	r3, .L9+24
 123 0094 1870     		strb	r0, [r3]
 124 0096 08BD     		pop	{r3, pc}
 125              	.L6:
  74:SettingParameter.c ****                                          LIS3DH_CTRL_REG4,
  75:SettingParameter.c ****                                          ctrl_reg4);
  76:SettingParameter.c ****     }
  77:SettingParameter.c ****     else if((value_pot>=2500) && (value_pot<3750))
 126              		.loc 1 77 0
 127 0098 A0F6C413 		subw	r3, r0, #2500
 128 009c 9BB2     		uxth	r3, r3
 129 009e 40F2E142 		movw	r2, #1249
 130 00a2 9342     		cmp	r3, r2
 131 00a4 13D8     		bhi	.L7
  78:SettingParameter.c ****     {
  79:SettingParameter.c ****         Parameters=0x80;
 132              		.loc 1 79 0
 133 00a6 8022     		movs	r2, #128
 134 00a8 184B     		ldr	r3, .L9+8
 135 00aa 1A70     		strb	r2, [r3]
  80:SettingParameter.c ****         fullscale_range=8000;
 136              		.loc 1 80 0
 137 00ac 4FF4FA52 		mov	r2, #8000
 138 00b0 174B     		ldr	r3, .L9+12
 139 00b2 1A80     		strh	r2, [r3]	@ movhi
  81:SettingParameter.c ****         sensitivity=4;
 140              		.loc 1 81 0
 141 00b4 0422     		movs	r2, #4
 142 00b6 174B     		ldr	r3, .L9+16
 143 00b8 1A70     		strb	r2, [r3]
  82:SettingParameter.c ****         ctrl_reg4 = LIS3DH_CTRL_REG4_8g;
 144              		.loc 1 82 0
 145 00ba A822     		movs	r2, #168
 146 00bc 164B     		ldr	r3, .L9+20
ARM GAS  C:\Users\Susanna\AppData\Local\Temp\ccI9B6uH.s 			page 5


 147 00be 1A70     		strb	r2, [r3]
  83:SettingParameter.c ****         error = I2C_Peripheral_WriteRegister(LIS3DH_DEVICE_ADDRESS,
 148              		.loc 1 83 0
 149 00c0 2321     		movs	r1, #35
 150 00c2 1820     		movs	r0, #24
 151 00c4 FFF7FEFF 		bl	I2C_Peripheral_WriteRegister
 152              	.LVL4:
 153 00c8 144B     		ldr	r3, .L9+24
 154 00ca 1870     		strb	r0, [r3]
 155 00cc 08BD     		pop	{r3, pc}
 156              	.L7:
  84:SettingParameter.c ****                                          LIS3DH_CTRL_REG4,
  85:SettingParameter.c ****                                          ctrl_reg4);
  86:SettingParameter.c ****     }
  87:SettingParameter.c ****     else if((value_pot>=3750) && (value_pot<=5000))
 157              		.loc 1 87 0
 158 00ce A0F6A660 		subw	r0, r0, #3750
 159 00d2 80B2     		uxth	r0, r0
 160 00d4 40F2E243 		movw	r3, #1250
 161 00d8 9842     		cmp	r0, r3
 162 00da 12D8     		bhi	.L1
  88:SettingParameter.c ****     {
  89:SettingParameter.c ****         Parameters=0xC0;
 163              		.loc 1 89 0
 164 00dc C022     		movs	r2, #192
 165 00de 0B4B     		ldr	r3, .L9+8
 166 00e0 1A70     		strb	r2, [r3]
  90:SettingParameter.c ****         fullscale_range=16000;
 167              		.loc 1 90 0
 168 00e2 4FF47A52 		mov	r2, #16000
 169 00e6 0A4B     		ldr	r3, .L9+12
 170 00e8 1A80     		strh	r2, [r3]	@ movhi
  91:SettingParameter.c ****         sensitivity=12;
 171              		.loc 1 91 0
 172 00ea 0C22     		movs	r2, #12
 173 00ec 094B     		ldr	r3, .L9+16
 174 00ee 1A70     		strb	r2, [r3]
  92:SettingParameter.c ****         ctrl_reg4 = LIS3DH_CTRL_REG4_16g;
 175              		.loc 1 92 0
 176 00f0 B822     		movs	r2, #184
 177 00f2 094B     		ldr	r3, .L9+20
 178 00f4 1A70     		strb	r2, [r3]
  93:SettingParameter.c ****         error = I2C_Peripheral_WriteRegister(LIS3DH_DEVICE_ADDRESS,
 179              		.loc 1 93 0
 180 00f6 2321     		movs	r1, #35
 181 00f8 1820     		movs	r0, #24
 182 00fa FFF7FEFF 		bl	I2C_Peripheral_WriteRegister
 183              	.LVL5:
 184 00fe 074B     		ldr	r3, .L9+24
 185 0100 1870     		strb	r0, [r3]
 186              	.L1:
 187 0102 08BD     		pop	{r3, pc}
 188              	.L10:
 189              		.align	2
 190              	.L9:
 191 0104 00000000 		.word	value_digit_pot
 192 0108 00000000 		.word	value_pot
ARM GAS  C:\Users\Susanna\AppData\Local\Temp\ccI9B6uH.s 			page 6


 193 010c 00000000 		.word	Parameters
 194 0110 00000000 		.word	fullscale_range
 195 0114 00000000 		.word	sensitivity
 196 0118 00000000 		.word	ctrl_reg4
 197 011c 00000000 		.word	error
 198              		.cfi_endproc
 199              	.LFE64:
 200              		.size	setParameter, .-setParameter
 201              		.comm	message,50,4
 202              		.comm	ctrl_reg4,1,1
 203              		.comm	error,1,1
 204              		.comm	value_pot,2,2
 205              		.comm	value_digit_pot,4,4
 206              		.comm	Parameters,1,1
 207              		.comm	sensitivity,1,1
 208              		.comm	fullscale_range,2,2
 209              		.text
 210              	.Letext0:
 211              		.file 2 "c:\\program files (x86)\\cypress\\psoc creator\\4.3\\psoc creator\\import\\gnu\\arm\\5.4.
 212              		.file 3 "c:\\program files (x86)\\cypress\\psoc creator\\4.3\\psoc creator\\import\\gnu\\arm\\5.4.
 213              		.file 4 "Generated_Source\\PSoC5/cytypes.h"
 214              		.file 5 "ErrorCodes.h"
 215              		.file 6 "SettingParameter.h"
 216              		.file 7 "Generated_Source\\PSoC5/core_cm3.h"
 217              		.file 8 "Generated_Source\\PSoC5/ADC_DelSig.h"
 218              		.file 9 "I2C_Interface.h"
 219              		.section	.debug_info,"",%progbits
 220              	.Ldebug_info0:
 221 0000 73020000 		.4byte	0x273
 222 0004 0400     		.2byte	0x4
 223 0006 00000000 		.4byte	.Ldebug_abbrev0
 224 000a 04       		.byte	0x4
 225 000b 01       		.uleb128 0x1
 226 000c DB000000 		.4byte	.LASF36
 227 0010 0C       		.byte	0xc
 228 0011 A6020000 		.4byte	.LASF37
 229 0015 4E000000 		.4byte	.LASF38
 230 0019 00000000 		.4byte	.Ldebug_ranges0+0
 231 001d 00000000 		.4byte	0
 232 0021 00000000 		.4byte	.Ldebug_line0
 233 0025 02       		.uleb128 0x2
 234 0026 01       		.byte	0x1
 235 0027 06       		.byte	0x6
 236 0028 9A020000 		.4byte	.LASF0
 237 002c 03       		.uleb128 0x3
 238 002d 14000000 		.4byte	.LASF4
 239 0031 02       		.byte	0x2
 240 0032 1D       		.byte	0x1d
 241 0033 37000000 		.4byte	0x37
 242 0037 02       		.uleb128 0x2
 243 0038 01       		.byte	0x1
 244 0039 08       		.byte	0x8
 245 003a CD000000 		.4byte	.LASF1
 246 003e 02       		.uleb128 0x2
 247 003f 02       		.byte	0x2
 248 0040 05       		.byte	0x5
 249 0041 6B020000 		.4byte	.LASF2
ARM GAS  C:\Users\Susanna\AppData\Local\Temp\ccI9B6uH.s 			page 7


 250 0045 02       		.uleb128 0x2
 251 0046 02       		.byte	0x2
 252 0047 07       		.byte	0x7
 253 0048 31000000 		.4byte	.LASF3
 254 004c 03       		.uleb128 0x3
 255 004d 1E000000 		.4byte	.LASF5
 256 0051 02       		.byte	0x2
 257 0052 3F       		.byte	0x3f
 258 0053 57000000 		.4byte	0x57
 259 0057 02       		.uleb128 0x2
 260 0058 04       		.byte	0x4
 261 0059 05       		.byte	0x5
 262 005a 28000000 		.4byte	.LASF6
 263 005e 02       		.uleb128 0x2
 264 005f 04       		.byte	0x4
 265 0060 07       		.byte	0x7
 266 0061 6F010000 		.4byte	.LASF7
 267 0065 02       		.uleb128 0x2
 268 0066 08       		.byte	0x8
 269 0067 05       		.byte	0x5
 270 0068 40020000 		.4byte	.LASF8
 271 006c 02       		.uleb128 0x2
 272 006d 08       		.byte	0x8
 273 006e 07       		.byte	0x7
 274 006f DF010000 		.4byte	.LASF9
 275 0073 04       		.uleb128 0x4
 276 0074 04       		.byte	0x4
 277 0075 05       		.byte	0x5
 278 0076 696E7400 		.ascii	"int\000"
 279 007a 02       		.uleb128 0x2
 280 007b 04       		.byte	0x4
 281 007c 07       		.byte	0x7
 282 007d D2010000 		.4byte	.LASF10
 283 0081 03       		.uleb128 0x3
 284 0082 F6010000 		.4byte	.LASF11
 285 0086 03       		.byte	0x3
 286 0087 18       		.byte	0x18
 287 0088 2C000000 		.4byte	0x2c
 288 008c 03       		.uleb128 0x3
 289 008d 29020000 		.4byte	.LASF12
 290 0091 03       		.byte	0x3
 291 0092 2C       		.byte	0x2c
 292 0093 4C000000 		.4byte	0x4c
 293 0097 05       		.uleb128 0x5
 294 0098 C7000000 		.4byte	.LASF13
 295 009c 04       		.byte	0x4
 296 009d E401     		.2byte	0x1e4
 297 009f 37000000 		.4byte	0x37
 298 00a3 05       		.uleb128 0x5
 299 00a4 69010000 		.4byte	.LASF14
 300 00a8 04       		.byte	0x4
 301 00a9 E801     		.2byte	0x1e8
 302 00ab 3E000000 		.4byte	0x3e
 303 00af 05       		.uleb128 0x5
 304 00b0 81010000 		.4byte	.LASF15
 305 00b4 04       		.byte	0x4
 306 00b5 E901     		.2byte	0x1e9
ARM GAS  C:\Users\Susanna\AppData\Local\Temp\ccI9B6uH.s 			page 8


 307 00b7 57000000 		.4byte	0x57
 308 00bb 02       		.uleb128 0x2
 309 00bc 04       		.byte	0x4
 310 00bd 04       		.byte	0x4
 311 00be C1000000 		.4byte	.LASF16
 312 00c2 02       		.uleb128 0x2
 313 00c3 08       		.byte	0x8
 314 00c4 04       		.byte	0x4
 315 00c5 A4010000 		.4byte	.LASF17
 316 00c9 02       		.uleb128 0x2
 317 00ca 01       		.byte	0x1
 318 00cb 08       		.byte	0x8
 319 00cc 4E020000 		.4byte	.LASF18
 320 00d0 02       		.uleb128 0x2
 321 00d1 08       		.byte	0x8
 322 00d2 04       		.byte	0x4
 323 00d3 8E020000 		.4byte	.LASF19
 324 00d7 02       		.uleb128 0x2
 325 00d8 04       		.byte	0x4
 326 00d9 07       		.byte	0x7
 327 00da 31020000 		.4byte	.LASF20
 328 00de 06       		.uleb128 0x6
 329 00df 81000000 		.4byte	0x81
 330 00e3 07       		.uleb128 0x7
 331 00e4 01       		.byte	0x1
 332 00e5 37000000 		.4byte	0x37
 333 00e9 05       		.byte	0x5
 334 00ea 15       		.byte	0x15
 335 00eb FC000000 		.4byte	0xfc
 336 00ef 08       		.uleb128 0x8
 337 00f0 7F020000 		.4byte	.LASF21
 338 00f4 00       		.byte	0
 339 00f5 08       		.uleb128 0x8
 340 00f6 88020000 		.4byte	.LASF22
 341 00fa 01       		.byte	0x1
 342 00fb 00       		.byte	0
 343 00fc 03       		.uleb128 0x3
 344 00fd 44000000 		.4byte	.LASF23
 345 0101 05       		.byte	0x5
 346 0102 18       		.byte	0x18
 347 0103 E3000000 		.4byte	0xe3
 348 0107 09       		.uleb128 0x9
 349 0108 5E020000 		.4byte	.LASF39
 350 010c 01       		.byte	0x1
 351 010d 30       		.byte	0x30
 352 010e 00000000 		.4byte	.LFB64
 353 0112 20010000 		.4byte	.LFE64-.LFB64
 354 0116 01       		.uleb128 0x1
 355 0117 9C       		.byte	0x9c
 356 0118 A7010000 		.4byte	0x1a7
 357 011c 0A       		.uleb128 0xa
 358 011d 06000000 		.4byte	.LVL0
 359 0121 55020000 		.4byte	0x255
 360 0125 0A       		.uleb128 0xa
 361 0126 2C000000 		.4byte	.LVL1
 362 012a 60020000 		.4byte	0x260
 363 012e 0B       		.uleb128 0xb
ARM GAS  C:\Users\Susanna\AppData\Local\Temp\ccI9B6uH.s 			page 9


 364 012f 5C000000 		.4byte	.LVL2
 365 0133 6B020000 		.4byte	0x26b
 366 0137 4D010000 		.4byte	0x14d
 367 013b 0C       		.uleb128 0xc
 368 013c 01       		.uleb128 0x1
 369 013d 50       		.byte	0x50
 370 013e 01       		.uleb128 0x1
 371 013f 48       		.byte	0x48
 372 0140 0C       		.uleb128 0xc
 373 0141 01       		.uleb128 0x1
 374 0142 51       		.byte	0x51
 375 0143 02       		.uleb128 0x2
 376 0144 08       		.byte	0x8
 377 0145 23       		.byte	0x23
 378 0146 0C       		.uleb128 0xc
 379 0147 01       		.uleb128 0x1
 380 0148 52       		.byte	0x52
 381 0149 02       		.uleb128 0x2
 382 014a 09       		.byte	0x9
 383 014b 88       		.byte	0x88
 384 014c 00       		.byte	0
 385 014d 0B       		.uleb128 0xb
 386 014e 92000000 		.4byte	.LVL3
 387 0152 6B020000 		.4byte	0x26b
 388 0156 6C010000 		.4byte	0x16c
 389 015a 0C       		.uleb128 0xc
 390 015b 01       		.uleb128 0x1
 391 015c 50       		.byte	0x50
 392 015d 01       		.uleb128 0x1
 393 015e 48       		.byte	0x48
 394 015f 0C       		.uleb128 0xc
 395 0160 01       		.uleb128 0x1
 396 0161 51       		.byte	0x51
 397 0162 02       		.uleb128 0x2
 398 0163 08       		.byte	0x8
 399 0164 23       		.byte	0x23
 400 0165 0C       		.uleb128 0xc
 401 0166 01       		.uleb128 0x1
 402 0167 52       		.byte	0x52
 403 0168 02       		.uleb128 0x2
 404 0169 09       		.byte	0x9
 405 016a 98       		.byte	0x98
 406 016b 00       		.byte	0
 407 016c 0B       		.uleb128 0xb
 408 016d C8000000 		.4byte	.LVL4
 409 0171 6B020000 		.4byte	0x26b
 410 0175 8B010000 		.4byte	0x18b
 411 0179 0C       		.uleb128 0xc
 412 017a 01       		.uleb128 0x1
 413 017b 50       		.byte	0x50
 414 017c 01       		.uleb128 0x1
 415 017d 48       		.byte	0x48
 416 017e 0C       		.uleb128 0xc
 417 017f 01       		.uleb128 0x1
 418 0180 51       		.byte	0x51
 419 0181 02       		.uleb128 0x2
 420 0182 08       		.byte	0x8
ARM GAS  C:\Users\Susanna\AppData\Local\Temp\ccI9B6uH.s 			page 10


 421 0183 23       		.byte	0x23
 422 0184 0C       		.uleb128 0xc
 423 0185 01       		.uleb128 0x1
 424 0186 52       		.byte	0x52
 425 0187 02       		.uleb128 0x2
 426 0188 09       		.byte	0x9
 427 0189 A8       		.byte	0xa8
 428 018a 00       		.byte	0
 429 018b 0D       		.uleb128 0xd
 430 018c FE000000 		.4byte	.LVL5
 431 0190 6B020000 		.4byte	0x26b
 432 0194 0C       		.uleb128 0xc
 433 0195 01       		.uleb128 0x1
 434 0196 50       		.byte	0x50
 435 0197 01       		.uleb128 0x1
 436 0198 48       		.byte	0x48
 437 0199 0C       		.uleb128 0xc
 438 019a 01       		.uleb128 0x1
 439 019b 51       		.byte	0x51
 440 019c 02       		.uleb128 0x2
 441 019d 08       		.byte	0x8
 442 019e 23       		.byte	0x23
 443 019f 0C       		.uleb128 0xc
 444 01a0 01       		.uleb128 0x1
 445 01a1 52       		.byte	0x52
 446 01a2 02       		.uleb128 0x2
 447 01a3 09       		.byte	0x9
 448 01a4 B8       		.byte	0xb8
 449 01a5 00       		.byte	0
 450 01a6 00       		.byte	0
 451 01a7 0E       		.uleb128 0xe
 452 01a8 94010000 		.4byte	.LASF24
 453 01ac 06       		.byte	0x6
 454 01ad 11       		.byte	0x11
 455 01ae B8010000 		.4byte	0x1b8
 456 01b2 05       		.uleb128 0x5
 457 01b3 03       		.byte	0x3
 458 01b4 00000000 		.4byte	fullscale_range
 459 01b8 06       		.uleb128 0x6
 460 01b9 A3000000 		.4byte	0xa3
 461 01bd 0E       		.uleb128 0xe
 462 01be 08000000 		.4byte	.LASF25
 463 01c2 06       		.byte	0x6
 464 01c3 12       		.byte	0x12
 465 01c4 DE000000 		.4byte	0xde
 466 01c8 05       		.uleb128 0x5
 467 01c9 03       		.byte	0x3
 468 01ca 00000000 		.4byte	sensitivity
 469 01ce 0E       		.uleb128 0xe
 470 01cf 53020000 		.4byte	.LASF26
 471 01d3 06       		.byte	0x6
 472 01d4 13       		.byte	0x13
 473 01d5 97000000 		.4byte	0x97
 474 01d9 05       		.uleb128 0x5
 475 01da 03       		.byte	0x3
 476 01db 00000000 		.4byte	Parameters
 477 01df 0F       		.uleb128 0xf
ARM GAS  C:\Users\Susanna\AppData\Local\Temp\ccI9B6uH.s 			page 11


 478 01e0 87010000 		.4byte	.LASF27
 479 01e4 07       		.byte	0x7
 480 01e5 1207     		.2byte	0x712
 481 01e7 EB010000 		.4byte	0x1eb
 482 01eb 06       		.uleb128 0x6
 483 01ec 8C000000 		.4byte	0x8c
 484 01f0 0E       		.uleb128 0xe
 485 01f1 19020000 		.4byte	.LASF28
 486 01f5 01       		.byte	0x1
 487 01f6 2A       		.byte	0x2a
 488 01f7 AF000000 		.4byte	0xaf
 489 01fb 05       		.uleb128 0x5
 490 01fc 03       		.byte	0x3
 491 01fd 00000000 		.4byte	value_digit_pot
 492 0201 0E       		.uleb128 0xe
 493 0202 75020000 		.4byte	.LASF29
 494 0206 01       		.byte	0x1
 495 0207 2B       		.byte	0x2b
 496 0208 A3000000 		.4byte	0xa3
 497 020c 05       		.uleb128 0x5
 498 020d 03       		.byte	0x3
 499 020e 00000000 		.4byte	value_pot
 500 0212 0E       		.uleb128 0xe
 501 0213 3A020000 		.4byte	.LASF30
 502 0217 01       		.byte	0x1
 503 0218 2C       		.byte	0x2c
 504 0219 FC000000 		.4byte	0xfc
 505 021d 05       		.uleb128 0x5
 506 021e 03       		.byte	0x3
 507 021f 00000000 		.4byte	error
 508 0223 0E       		.uleb128 0xe
 509 0224 C8010000 		.4byte	.LASF31
 510 0228 01       		.byte	0x1
 511 0229 2D       		.byte	0x2d
 512 022a 81000000 		.4byte	0x81
 513 022e 05       		.uleb128 0x5
 514 022f 03       		.byte	0x3
 515 0230 00000000 		.4byte	ctrl_reg4
 516 0234 10       		.uleb128 0x10
 517 0235 C9000000 		.4byte	0xc9
 518 0239 44020000 		.4byte	0x244
 519 023d 11       		.uleb128 0x11
 520 023e D7000000 		.4byte	0xd7
 521 0242 31       		.byte	0x31
 522 0243 00       		.byte	0
 523 0244 0E       		.uleb128 0xe
 524 0245 00000000 		.4byte	.LASF32
 525 0249 01       		.byte	0x1
 526 024a 2E       		.byte	0x2e
 527 024b 34020000 		.4byte	0x234
 528 024f 05       		.uleb128 0x5
 529 0250 03       		.byte	0x3
 530 0251 00000000 		.4byte	message
 531 0255 12       		.uleb128 0x12
 532 0256 AF000000 		.4byte	.LASF33
 533 025a AF000000 		.4byte	.LASF33
 534 025e 08       		.byte	0x8
ARM GAS  C:\Users\Susanna\AppData\Local\Temp\ccI9B6uH.s 			page 12


 535 025f 56       		.byte	0x56
 536 0260 12       		.uleb128 0x12
 537 0261 FE010000 		.4byte	.LASF34
 538 0265 FE010000 		.4byte	.LASF34
 539 0269 08       		.byte	0x8
 540 026a 47       		.byte	0x47
 541 026b 12       		.uleb128 0x12
 542 026c AB010000 		.4byte	.LASF35
 543 0270 AB010000 		.4byte	.LASF35
 544 0274 09       		.byte	0x9
 545 0275 43       		.byte	0x43
 546 0276 00       		.byte	0
 547              		.section	.debug_abbrev,"",%progbits
 548              	.Ldebug_abbrev0:
 549 0000 01       		.uleb128 0x1
 550 0001 11       		.uleb128 0x11
 551 0002 01       		.byte	0x1
 552 0003 25       		.uleb128 0x25
 553 0004 0E       		.uleb128 0xe
 554 0005 13       		.uleb128 0x13
 555 0006 0B       		.uleb128 0xb
 556 0007 03       		.uleb128 0x3
 557 0008 0E       		.uleb128 0xe
 558 0009 1B       		.uleb128 0x1b
 559 000a 0E       		.uleb128 0xe
 560 000b 55       		.uleb128 0x55
 561 000c 17       		.uleb128 0x17
 562 000d 11       		.uleb128 0x11
 563 000e 01       		.uleb128 0x1
 564 000f 10       		.uleb128 0x10
 565 0010 17       		.uleb128 0x17
 566 0011 00       		.byte	0
 567 0012 00       		.byte	0
 568 0013 02       		.uleb128 0x2
 569 0014 24       		.uleb128 0x24
 570 0015 00       		.byte	0
 571 0016 0B       		.uleb128 0xb
 572 0017 0B       		.uleb128 0xb
 573 0018 3E       		.uleb128 0x3e
 574 0019 0B       		.uleb128 0xb
 575 001a 03       		.uleb128 0x3
 576 001b 0E       		.uleb128 0xe
 577 001c 00       		.byte	0
 578 001d 00       		.byte	0
 579 001e 03       		.uleb128 0x3
 580 001f 16       		.uleb128 0x16
 581 0020 00       		.byte	0
 582 0021 03       		.uleb128 0x3
 583 0022 0E       		.uleb128 0xe
 584 0023 3A       		.uleb128 0x3a
 585 0024 0B       		.uleb128 0xb
 586 0025 3B       		.uleb128 0x3b
 587 0026 0B       		.uleb128 0xb
 588 0027 49       		.uleb128 0x49
 589 0028 13       		.uleb128 0x13
 590 0029 00       		.byte	0
 591 002a 00       		.byte	0
ARM GAS  C:\Users\Susanna\AppData\Local\Temp\ccI9B6uH.s 			page 13


 592 002b 04       		.uleb128 0x4
 593 002c 24       		.uleb128 0x24
 594 002d 00       		.byte	0
 595 002e 0B       		.uleb128 0xb
 596 002f 0B       		.uleb128 0xb
 597 0030 3E       		.uleb128 0x3e
 598 0031 0B       		.uleb128 0xb
 599 0032 03       		.uleb128 0x3
 600 0033 08       		.uleb128 0x8
 601 0034 00       		.byte	0
 602 0035 00       		.byte	0
 603 0036 05       		.uleb128 0x5
 604 0037 16       		.uleb128 0x16
 605 0038 00       		.byte	0
 606 0039 03       		.uleb128 0x3
 607 003a 0E       		.uleb128 0xe
 608 003b 3A       		.uleb128 0x3a
 609 003c 0B       		.uleb128 0xb
 610 003d 3B       		.uleb128 0x3b
 611 003e 05       		.uleb128 0x5
 612 003f 49       		.uleb128 0x49
 613 0040 13       		.uleb128 0x13
 614 0041 00       		.byte	0
 615 0042 00       		.byte	0
 616 0043 06       		.uleb128 0x6
 617 0044 35       		.uleb128 0x35
 618 0045 00       		.byte	0
 619 0046 49       		.uleb128 0x49
 620 0047 13       		.uleb128 0x13
 621 0048 00       		.byte	0
 622 0049 00       		.byte	0
 623 004a 07       		.uleb128 0x7
 624 004b 04       		.uleb128 0x4
 625 004c 01       		.byte	0x1
 626 004d 0B       		.uleb128 0xb
 627 004e 0B       		.uleb128 0xb
 628 004f 49       		.uleb128 0x49
 629 0050 13       		.uleb128 0x13
 630 0051 3A       		.uleb128 0x3a
 631 0052 0B       		.uleb128 0xb
 632 0053 3B       		.uleb128 0x3b
 633 0054 0B       		.uleb128 0xb
 634 0055 01       		.uleb128 0x1
 635 0056 13       		.uleb128 0x13
 636 0057 00       		.byte	0
 637 0058 00       		.byte	0
 638 0059 08       		.uleb128 0x8
 639 005a 28       		.uleb128 0x28
 640 005b 00       		.byte	0
 641 005c 03       		.uleb128 0x3
 642 005d 0E       		.uleb128 0xe
 643 005e 1C       		.uleb128 0x1c
 644 005f 0B       		.uleb128 0xb
 645 0060 00       		.byte	0
 646 0061 00       		.byte	0
 647 0062 09       		.uleb128 0x9
 648 0063 2E       		.uleb128 0x2e
ARM GAS  C:\Users\Susanna\AppData\Local\Temp\ccI9B6uH.s 			page 14


 649 0064 01       		.byte	0x1
 650 0065 3F       		.uleb128 0x3f
 651 0066 19       		.uleb128 0x19
 652 0067 03       		.uleb128 0x3
 653 0068 0E       		.uleb128 0xe
 654 0069 3A       		.uleb128 0x3a
 655 006a 0B       		.uleb128 0xb
 656 006b 3B       		.uleb128 0x3b
 657 006c 0B       		.uleb128 0xb
 658 006d 27       		.uleb128 0x27
 659 006e 19       		.uleb128 0x19
 660 006f 11       		.uleb128 0x11
 661 0070 01       		.uleb128 0x1
 662 0071 12       		.uleb128 0x12
 663 0072 06       		.uleb128 0x6
 664 0073 40       		.uleb128 0x40
 665 0074 18       		.uleb128 0x18
 666 0075 9742     		.uleb128 0x2117
 667 0077 19       		.uleb128 0x19
 668 0078 01       		.uleb128 0x1
 669 0079 13       		.uleb128 0x13
 670 007a 00       		.byte	0
 671 007b 00       		.byte	0
 672 007c 0A       		.uleb128 0xa
 673 007d 898201   		.uleb128 0x4109
 674 0080 00       		.byte	0
 675 0081 11       		.uleb128 0x11
 676 0082 01       		.uleb128 0x1
 677 0083 31       		.uleb128 0x31
 678 0084 13       		.uleb128 0x13
 679 0085 00       		.byte	0
 680 0086 00       		.byte	0
 681 0087 0B       		.uleb128 0xb
 682 0088 898201   		.uleb128 0x4109
 683 008b 01       		.byte	0x1
 684 008c 11       		.uleb128 0x11
 685 008d 01       		.uleb128 0x1
 686 008e 31       		.uleb128 0x31
 687 008f 13       		.uleb128 0x13
 688 0090 01       		.uleb128 0x1
 689 0091 13       		.uleb128 0x13
 690 0092 00       		.byte	0
 691 0093 00       		.byte	0
 692 0094 0C       		.uleb128 0xc
 693 0095 8A8201   		.uleb128 0x410a
 694 0098 00       		.byte	0
 695 0099 02       		.uleb128 0x2
 696 009a 18       		.uleb128 0x18
 697 009b 9142     		.uleb128 0x2111
 698 009d 18       		.uleb128 0x18
 699 009e 00       		.byte	0
 700 009f 00       		.byte	0
 701 00a0 0D       		.uleb128 0xd
 702 00a1 898201   		.uleb128 0x4109
 703 00a4 01       		.byte	0x1
 704 00a5 11       		.uleb128 0x11
 705 00a6 01       		.uleb128 0x1
ARM GAS  C:\Users\Susanna\AppData\Local\Temp\ccI9B6uH.s 			page 15


 706 00a7 31       		.uleb128 0x31
 707 00a8 13       		.uleb128 0x13
 708 00a9 00       		.byte	0
 709 00aa 00       		.byte	0
 710 00ab 0E       		.uleb128 0xe
 711 00ac 34       		.uleb128 0x34
 712 00ad 00       		.byte	0
 713 00ae 03       		.uleb128 0x3
 714 00af 0E       		.uleb128 0xe
 715 00b0 3A       		.uleb128 0x3a
 716 00b1 0B       		.uleb128 0xb
 717 00b2 3B       		.uleb128 0x3b
 718 00b3 0B       		.uleb128 0xb
 719 00b4 49       		.uleb128 0x49
 720 00b5 13       		.uleb128 0x13
 721 00b6 3F       		.uleb128 0x3f
 722 00b7 19       		.uleb128 0x19
 723 00b8 02       		.uleb128 0x2
 724 00b9 18       		.uleb128 0x18
 725 00ba 00       		.byte	0
 726 00bb 00       		.byte	0
 727 00bc 0F       		.uleb128 0xf
 728 00bd 34       		.uleb128 0x34
 729 00be 00       		.byte	0
 730 00bf 03       		.uleb128 0x3
 731 00c0 0E       		.uleb128 0xe
 732 00c1 3A       		.uleb128 0x3a
 733 00c2 0B       		.uleb128 0xb
 734 00c3 3B       		.uleb128 0x3b
 735 00c4 05       		.uleb128 0x5
 736 00c5 49       		.uleb128 0x49
 737 00c6 13       		.uleb128 0x13
 738 00c7 3F       		.uleb128 0x3f
 739 00c8 19       		.uleb128 0x19
 740 00c9 3C       		.uleb128 0x3c
 741 00ca 19       		.uleb128 0x19
 742 00cb 00       		.byte	0
 743 00cc 00       		.byte	0
 744 00cd 10       		.uleb128 0x10
 745 00ce 01       		.uleb128 0x1
 746 00cf 01       		.byte	0x1
 747 00d0 49       		.uleb128 0x49
 748 00d1 13       		.uleb128 0x13
 749 00d2 01       		.uleb128 0x1
 750 00d3 13       		.uleb128 0x13
 751 00d4 00       		.byte	0
 752 00d5 00       		.byte	0
 753 00d6 11       		.uleb128 0x11
 754 00d7 21       		.uleb128 0x21
 755 00d8 00       		.byte	0
 756 00d9 49       		.uleb128 0x49
 757 00da 13       		.uleb128 0x13
 758 00db 2F       		.uleb128 0x2f
 759 00dc 0B       		.uleb128 0xb
 760 00dd 00       		.byte	0
 761 00de 00       		.byte	0
 762 00df 12       		.uleb128 0x12
ARM GAS  C:\Users\Susanna\AppData\Local\Temp\ccI9B6uH.s 			page 16


 763 00e0 2E       		.uleb128 0x2e
 764 00e1 00       		.byte	0
 765 00e2 3F       		.uleb128 0x3f
 766 00e3 19       		.uleb128 0x19
 767 00e4 3C       		.uleb128 0x3c
 768 00e5 19       		.uleb128 0x19
 769 00e6 6E       		.uleb128 0x6e
 770 00e7 0E       		.uleb128 0xe
 771 00e8 03       		.uleb128 0x3
 772 00e9 0E       		.uleb128 0xe
 773 00ea 3A       		.uleb128 0x3a
 774 00eb 0B       		.uleb128 0xb
 775 00ec 3B       		.uleb128 0x3b
 776 00ed 0B       		.uleb128 0xb
 777 00ee 00       		.byte	0
 778 00ef 00       		.byte	0
 779 00f0 00       		.byte	0
 780              		.section	.debug_aranges,"",%progbits
 781 0000 1C000000 		.4byte	0x1c
 782 0004 0200     		.2byte	0x2
 783 0006 00000000 		.4byte	.Ldebug_info0
 784 000a 04       		.byte	0x4
 785 000b 00       		.byte	0
 786 000c 0000     		.2byte	0
 787 000e 0000     		.2byte	0
 788 0010 00000000 		.4byte	.LFB64
 789 0014 20010000 		.4byte	.LFE64-.LFB64
 790 0018 00000000 		.4byte	0
 791 001c 00000000 		.4byte	0
 792              		.section	.debug_ranges,"",%progbits
 793              	.Ldebug_ranges0:
 794 0000 00000000 		.4byte	.LFB64
 795 0004 20010000 		.4byte	.LFE64
 796 0008 00000000 		.4byte	0
 797 000c 00000000 		.4byte	0
 798              		.section	.debug_line,"",%progbits
 799              	.Ldebug_line0:
 800 0000 E0010000 		.section	.debug_str,"MS",%progbits,1
 800      0200A101 
 800      00000201 
 800      FB0E0D00 
 800      01010101 
 801              	.LASF32:
 802 0000 6D657373 		.ascii	"message\000"
 802      61676500 
 803              	.LASF25:
 804 0008 73656E73 		.ascii	"sensitivity\000"
 804      69746976 
 804      69747900 
 805              	.LASF4:
 806 0014 5F5F7569 		.ascii	"__uint8_t\000"
 806      6E74385F 
 806      7400
 807              	.LASF5:
 808 001e 5F5F696E 		.ascii	"__int32_t\000"
 808      7433325F 
 808      7400
ARM GAS  C:\Users\Susanna\AppData\Local\Temp\ccI9B6uH.s 			page 17


 809              	.LASF6:
 810 0028 6C6F6E67 		.ascii	"long int\000"
 810      20696E74 
 810      00
 811              	.LASF3:
 812 0031 73686F72 		.ascii	"short unsigned int\000"
 812      7420756E 
 812      7369676E 
 812      65642069 
 812      6E7400
 813              	.LASF23:
 814 0044 4572726F 		.ascii	"ErrorCode\000"
 814      72436F64 
 814      6500
 815              	.LASF38:
 816 004e 433A5C55 		.ascii	"C:\\Users\\Susanna\\Desktop\\Final_Project_DiGiacom"
 816      73657273 
 816      5C537573 
 816      616E6E61 
 816      5C446573 
 817 007d 6F5F5061 		.ascii	"o_Palmieri\\Final_Project2.cydsn\\final_prova.cydsn"
 817      6C6D6965 
 817      72695C46 
 817      696E616C 
 817      5F50726F 
 818 00ae 00       		.ascii	"\000"
 819              	.LASF33:
 820 00af 4144435F 		.ascii	"ADC_DelSig_Read32\000"
 820      44656C53 
 820      69675F52 
 820      65616433 
 820      3200
 821              	.LASF16:
 822 00c1 666C6F61 		.ascii	"float\000"
 822      7400
 823              	.LASF13:
 824 00c7 75696E74 		.ascii	"uint8\000"
 824      3800
 825              	.LASF1:
 826 00cd 756E7369 		.ascii	"unsigned char\000"
 826      676E6564 
 826      20636861 
 826      7200
 827              	.LASF36:
 828 00db 474E5520 		.ascii	"GNU C11 5.4.1 20160609 (release) [ARM/embedded-5-br"
 828      43313120 
 828      352E342E 
 828      31203230 
 828      31363036 
 829 010e 616E6368 		.ascii	"anch revision 237715] -mcpu=cortex-m3 -mthumb -g -O"
 829      20726576 
 829      6973696F 
 829      6E203233 
 829      37373135 
 830 0141 67202D66 		.ascii	"g -ffunction-sections -ffat-lto-objects\000"
 830      66756E63 
 830      74696F6E 
ARM GAS  C:\Users\Susanna\AppData\Local\Temp\ccI9B6uH.s 			page 18


 830      2D736563 
 830      74696F6E 
 831              	.LASF14:
 832 0169 696E7431 		.ascii	"int16\000"
 832      3600
 833              	.LASF7:
 834 016f 6C6F6E67 		.ascii	"long unsigned int\000"
 834      20756E73 
 834      69676E65 
 834      6420696E 
 834      7400
 835              	.LASF15:
 836 0181 696E7433 		.ascii	"int32\000"
 836      3200
 837              	.LASF27:
 838 0187 49544D5F 		.ascii	"ITM_RxBuffer\000"
 838      52784275 
 838      66666572 
 838      00
 839              	.LASF24:
 840 0194 66756C6C 		.ascii	"fullscale_range\000"
 840      7363616C 
 840      655F7261 
 840      6E676500 
 841              	.LASF17:
 842 01a4 646F7562 		.ascii	"double\000"
 842      6C6500
 843              	.LASF35:
 844 01ab 4932435F 		.ascii	"I2C_Peripheral_WriteRegister\000"
 844      50657269 
 844      70686572 
 844      616C5F57 
 844      72697465 
 845              	.LASF31:
 846 01c8 6374726C 		.ascii	"ctrl_reg4\000"
 846      5F726567 
 846      3400
 847              	.LASF10:
 848 01d2 756E7369 		.ascii	"unsigned int\000"
 848      676E6564 
 848      20696E74 
 848      00
 849              	.LASF9:
 850 01df 6C6F6E67 		.ascii	"long long unsigned int\000"
 850      206C6F6E 
 850      6720756E 
 850      7369676E 
 850      65642069 
 851              	.LASF11:
 852 01f6 75696E74 		.ascii	"uint8_t\000"
 852      385F7400 
 853              	.LASF34:
 854 01fe 4144435F 		.ascii	"ADC_DelSig_CountsTo_mVolts\000"
 854      44656C53 
 854      69675F43 
 854      6F756E74 
 854      73546F5F 
ARM GAS  C:\Users\Susanna\AppData\Local\Temp\ccI9B6uH.s 			page 19


 855              	.LASF28:
 856 0219 76616C75 		.ascii	"value_digit_pot\000"
 856      655F6469 
 856      6769745F 
 856      706F7400 
 857              	.LASF12:
 858 0229 696E7433 		.ascii	"int32_t\000"
 858      325F7400 
 859              	.LASF20:
 860 0231 73697A65 		.ascii	"sizetype\000"
 860      74797065 
 860      00
 861              	.LASF30:
 862 023a 6572726F 		.ascii	"error\000"
 862      7200
 863              	.LASF8:
 864 0240 6C6F6E67 		.ascii	"long long int\000"
 864      206C6F6E 
 864      6720696E 
 864      7400
 865              	.LASF18:
 866 024e 63686172 		.ascii	"char\000"
 866      00
 867              	.LASF26:
 868 0253 50617261 		.ascii	"Parameters\000"
 868      6D657465 
 868      727300
 869              	.LASF39:
 870 025e 73657450 		.ascii	"setParameter\000"
 870      6172616D 
 870      65746572 
 870      00
 871              	.LASF2:
 872 026b 73686F72 		.ascii	"short int\000"
 872      7420696E 
 872      7400
 873              	.LASF29:
 874 0275 76616C75 		.ascii	"value_pot\000"
 874      655F706F 
 874      7400
 875              	.LASF21:
 876 027f 4E4F5F45 		.ascii	"NO_ERROR\000"
 876      52524F52 
 876      00
 877              	.LASF22:
 878 0288 4552524F 		.ascii	"ERROR\000"
 878      5200
 879              	.LASF19:
 880 028e 6C6F6E67 		.ascii	"long double\000"
 880      20646F75 
 880      626C6500 
 881              	.LASF0:
 882 029a 7369676E 		.ascii	"signed char\000"
 882      65642063 
 882      68617200 
 883              	.LASF37:
 884 02a6 53657474 		.ascii	"SettingParameter.c\000"
ARM GAS  C:\Users\Susanna\AppData\Local\Temp\ccI9B6uH.s 			page 20


 884      696E6750 
 884      6172616D 
 884      65746572 
 884      2E6300
 885              		.ident	"GCC: (GNU Tools for ARM Embedded Processors) 5.4.1 20160609 (release) [ARM/embedded-5-bran
