ARM GAS  C:\Users\Susanna\AppData\Local\Temp\cc3jboka.s 			page 1


   1              		.syntax unified
   2              		.cpu cortex-m3
   3              		.fpu softvfp
   4              		.eabi_attribute 20, 1
   5              		.eabi_attribute 21, 1
   6              		.eabi_attribute 23, 3
   7              		.eabi_attribute 24, 1
   8              		.eabi_attribute 25, 1
   9              		.eabi_attribute 26, 1
  10              		.eabi_attribute 30, 1
  11              		.eabi_attribute 34, 1
  12              		.eabi_attribute 18, 4
  13              		.thumb
  14              		.syntax unified
  15              		.file	"cymetadata.c"
  16              		.text
  17              	.Ltext0:
  18              		.cfi_sections	.debug_frame
  19              		.global	cy_metadata
  20              		.global	cy_meta_flashprotect
  21              		.global	cy_meta_wonvl
  22              		.global	cy_meta_custnvl
  23              		.global	cy_meta_configecc
  24              		.section	.cyconfigecc,"a",%progbits
  25              		.align	2
  26              		.type	cy_meta_configecc, %object
  27              		.size	cy_meta_configecc, 2440
  28              	cy_meta_configecc:
  29 0000 05       		.byte	5
  30 0001 52       		.byte	82
  31 0002 00       		.byte	0
  32 0003 40       		.byte	64
  33 0004 05       		.byte	5
  34 0005 64       		.byte	100
  35 0006 00       		.byte	0
  36 0007 40       		.byte	64
  37 0008 04       		.byte	4
  38 0009 65       		.byte	101
  39 000a 00       		.byte	0
  40 000b 40       		.byte	64
  41 000c 01       		.byte	1
  42 000d 01       		.byte	1
  43 000e 01       		.byte	1
  44 000f 40       		.byte	64
  45 0010 13       		.byte	19
  46 0011 02       		.byte	2
  47 0012 01       		.byte	1
  48 0013 40       		.byte	64
  49 0014 3C       		.byte	60
  50 0015 03       		.byte	3
  51 0016 01       		.byte	1
  52 0017 40       		.byte	64
  53 0018 5C       		.byte	92
  54 0019 04       		.byte	4
  55 001a 01       		.byte	1
  56 001b 40       		.byte	64
  57 001c 43       		.byte	67
ARM GAS  C:\Users\Susanna\AppData\Local\Temp\cc3jboka.s 			page 2


  58 001d 05       		.byte	5
  59 001e 01       		.byte	1
  60 001f 40       		.byte	64
  61 0020 5B       		.byte	91
  62 0021 06       		.byte	6
  63 0022 01       		.byte	1
  64 0023 40       		.byte	64
  65 0024 46       		.byte	70
  66 0025 07       		.byte	7
  67 0026 01       		.byte	1
  68 0027 40       		.byte	64
  69 0028 5A       		.byte	90
  70 0029 08       		.byte	8
  71 002a 01       		.byte	1
  72 002b 40       		.byte	64
  73 002c 3B       		.byte	59
  74 002d 09       		.byte	9
  75 002e 01       		.byte	1
  76 002f 40       		.byte	64
  77 0030 06       		.byte	6
  78 0031 0B       		.byte	11
  79 0032 01       		.byte	1
  80 0033 40       		.byte	64
  81 0034 02       		.byte	2
  82 0035 0D       		.byte	13
  83 0036 01       		.byte	1
  84 0037 40       		.byte	64
  85 0038 02       		.byte	2
  86 0039 0F       		.byte	15
  87 003a 01       		.byte	1
  88 003b 40       		.byte	64
  89 003c 0B       		.byte	11
  90 003d 15       		.byte	21
  91 003e 01       		.byte	1
  92 003f 40       		.byte	64
  93 0040 04       		.byte	4
  94 0041 16       		.byte	22
  95 0042 01       		.byte	1
  96 0043 40       		.byte	64
  97 0044 15       		.byte	21
  98 0045 17       		.byte	23
  99 0046 01       		.byte	1
 100 0047 40       		.byte	64
 101 0048 4F       		.byte	79
 102 0049 18       		.byte	24
 103 004a 01       		.byte	1
 104 004b 40       		.byte	64
 105 004c 4D       		.byte	77
 106 004d 19       		.byte	25
 107 004e 01       		.byte	1
 108 004f 40       		.byte	64
 109 0050 5C       		.byte	92
 110 0051 1A       		.byte	26
 111 0052 01       		.byte	1
 112 0053 40       		.byte	64
 113 0054 4B       		.byte	75
 114 0055 1B       		.byte	27
ARM GAS  C:\Users\Susanna\AppData\Local\Temp\cc3jboka.s 			page 3


 115 0056 01       		.byte	1
 116 0057 40       		.byte	64
 117 0058 07       		.byte	7
 118 0059 40       		.byte	64
 119 005a 01       		.byte	1
 120 005b 40       		.byte	64
 121 005c 0B       		.byte	11
 122 005d 41       		.byte	65
 123 005e 01       		.byte	1
 124 005f 40       		.byte	64
 125 0060 0A       		.byte	10
 126 0061 42       		.byte	66
 127 0062 01       		.byte	1
 128 0063 40       		.byte	64
 129 0064 05       		.byte	5
 130 0065 43       		.byte	67
 131 0066 01       		.byte	1
 132 0067 40       		.byte	64
 133 0068 04       		.byte	4
 134 0069 44       		.byte	68
 135 006a 01       		.byte	1
 136 006b 40       		.byte	64
 137 006c 06       		.byte	6
 138 006d 45       		.byte	69
 139 006e 01       		.byte	1
 140 006f 40       		.byte	64
 141 0070 07       		.byte	7
 142 0071 46       		.byte	70
 143 0072 01       		.byte	1
 144 0073 40       		.byte	64
 145 0074 04       		.byte	4
 146 0075 47       		.byte	71
 147 0076 01       		.byte	1
 148 0077 40       		.byte	64
 149 0078 07       		.byte	7
 150 0079 48       		.byte	72
 151 007a 01       		.byte	1
 152 007b 40       		.byte	64
 153 007c 1B       		.byte	27
 154 007d 49       		.byte	73
 155 007e 01       		.byte	1
 156 007f 40       		.byte	64
 157 0080 09       		.byte	9
 158 0081 4C       		.byte	76
 159 0082 01       		.byte	1
 160 0083 40       		.byte	64
 161 0084 0E       		.byte	14
 162 0085 4D       		.byte	77
 163 0086 01       		.byte	1
 164 0087 40       		.byte	64
 165 0088 06       		.byte	6
 166 0089 50       		.byte	80
 167 008a 01       		.byte	1
 168 008b 40       		.byte	64
 169 008c 03       		.byte	3
 170 008d 51       		.byte	81
 171 008e 01       		.byte	1
ARM GAS  C:\Users\Susanna\AppData\Local\Temp\cc3jboka.s 			page 4


 172 008f 40       		.byte	64
 173 0090 00       		.byte	0
 174 0091 40       		.byte	64
 175 0092 01       		.byte	1
 176 0093 20       		.byte	32
 177 0094 11       		.byte	17
 178 0095 02       		.byte	2
 179 0096 18       		.byte	24
 180 0097 C0       		.byte	-64
 181 0098 19       		.byte	25
 182 0099 80       		.byte	-128
 183 009a 83       		.byte	-125
 184 009b 0F       		.byte	15
 185 009c 86       		.byte	-122
 186 009d 0D       		.byte	13
 187 009e 87       		.byte	-121
 188 009f 0D       		.byte	13
 189 00a0 88       		.byte	-120
 190 00a1 0D       		.byte	13
 191 00a2 89       		.byte	-119
 192 00a3 72       		.byte	114
 193 00a4 88       		.byte	-120
 194 00a5 0F       		.byte	15
 195 00a6 89       		.byte	-119
 196 00a7 38       		.byte	56
 197 00a8 8A       		.byte	-118
 198 00a9 0D       		.byte	13
 199 00aa 8B       		.byte	-117
 200 00ab 0F       		.byte	15
 201 00ac E2       		.byte	-30
 202 00ad 80       		.byte	-128
 203 00ae 80       		.byte	-128
 204 00af 13       		.byte	19
 205 00b0 82       		.byte	-126
 206 00b1 2C       		.byte	44
 207 00b2 84       		.byte	-124
 208 00b3 02       		.byte	2
 209 00b4 86       		.byte	-122
 210 00b5 0D       		.byte	13
 211 00b6 94       		.byte	-108
 212 00b7 49       		.byte	73
 213 00b8 96       		.byte	-106
 214 00b9 06       		.byte	6
 215 00ba A4       		.byte	-92
 216 00bb 40       		.byte	64
 217 00bc A8       		.byte	-88
 218 00bd 65       		.byte	101
 219 00be AA       		.byte	-86
 220 00bf 1A       		.byte	26
 221 00c0 B2       		.byte	-78
 222 00c1 70       		.byte	112
 223 00c2 B4       		.byte	-76
 224 00c3 0F       		.byte	15
 225 00c4 BA       		.byte	-70
 226 00c5 28       		.byte	40
 227 00c6 D6       		.byte	-42
 228 00c7 02       		.byte	2
ARM GAS  C:\Users\Susanna\AppData\Local\Temp\cc3jboka.s 			page 5


 229 00c8 D7       		.byte	-41
 230 00c9 24       		.byte	36
 231 00ca D8       		.byte	-40
 232 00cb 04       		.byte	4
 233 00cc DB       		.byte	-37
 234 00cd 04       		.byte	4
 235 00ce DC       		.byte	-36
 236 00cf 01       		.byte	1
 237 00d0 DD       		.byte	-35
 238 00d1 10       		.byte	16
 239 00d2 DF       		.byte	-33
 240 00d3 01       		.byte	1
 241 00d4 00       		.byte	0
 242 00d5 06       		.byte	6
 243 00d6 04       		.byte	4
 244 00d7 20       		.byte	32
 245 00d8 05       		.byte	5
 246 00d9 04       		.byte	4
 247 00da 06       		.byte	6
 248 00db 02       		.byte	2
 249 00dc 07       		.byte	7
 250 00dd 40       		.byte	64
 251 00de 0A       		.byte	10
 252 00df 20       		.byte	32
 253 00e0 0F       		.byte	15
 254 00e1 18       		.byte	24
 255 00e2 11       		.byte	17
 256 00e3 08       		.byte	8
 257 00e4 13       		.byte	19
 258 00e5 10       		.byte	16
 259 00e6 15       		.byte	21
 260 00e7 40       		.byte	64
 261 00e8 17       		.byte	23
 262 00e9 19       		.byte	25
 263 00ea 18       		.byte	24
 264 00eb 24       		.byte	36
 265 00ec 1A       		.byte	26
 266 00ed 20       		.byte	32
 267 00ee 1C       		.byte	28
 268 00ef 02       		.byte	2
 269 00f0 1D       		.byte	29
 270 00f1 44       		.byte	68
 271 00f2 1E       		.byte	30
 272 00f3 08       		.byte	8
 273 00f4 1F       		.byte	31
 274 00f5 04       		.byte	4
 275 00f6 25       		.byte	37
 276 00f7 20       		.byte	32
 277 00f8 26       		.byte	38
 278 00f9 80       		.byte	-128
 279 00fa 2D       		.byte	45
 280 00fb 0A       		.byte	10
 281 00fc 2E       		.byte	46
 282 00fd 20       		.byte	32
 283 00fe 36       		.byte	54
 284 00ff 80       		.byte	-128
 285 0100 37       		.byte	55
ARM GAS  C:\Users\Susanna\AppData\Local\Temp\cc3jboka.s 			page 6


 286 0101 09       		.byte	9
 287 0102 38       		.byte	56
 288 0103 20       		.byte	32
 289 0104 3A       		.byte	58
 290 0105 20       		.byte	32
 291 0106 3D       		.byte	61
 292 0107 01       		.byte	1
 293 0108 3E       		.byte	62
 294 0109 04       		.byte	4
 295 010a 3F       		.byte	63
 296 010b 50       		.byte	80
 297 010c 41       		.byte	65
 298 010d 20       		.byte	32
 299 010e 42       		.byte	66
 300 010f 08       		.byte	8
 301 0110 44       		.byte	68
 302 0111 80       		.byte	-128
 303 0112 45       		.byte	69
 304 0113 10       		.byte	16
 305 0114 46       		.byte	70
 306 0115 20       		.byte	32
 307 0116 4A       		.byte	74
 308 0117 04       		.byte	4
 309 0118 4B       		.byte	75
 310 0119 10       		.byte	16
 311 011a 4D       		.byte	77
 312 011b C2       		.byte	-62
 313 011c 4F       		.byte	79
 314 011d 55       		.byte	85
 315 011e 55       		.byte	85
 316 011f 04       		.byte	4
 317 0120 56       		.byte	86
 318 0121 10       		.byte	16
 319 0122 57       		.byte	87
 320 0123 05       		.byte	5
 321 0124 59       		.byte	89
 322 0125 C0       		.byte	-64
 323 0126 60       		.byte	96
 324 0127 04       		.byte	4
 325 0128 66       		.byte	102
 326 0129 19       		.byte	25
 327 012a 67       		.byte	103
 328 012b 01       		.byte	1
 329 012c 69       		.byte	105
 330 012d 01       		.byte	1
 331 012e 6A       		.byte	106
 332 012f 44       		.byte	68
 333 0130 6B       		.byte	107
 334 0131 59       		.byte	89
 335 0132 72       		.byte	114
 336 0133 02       		.byte	2
 337 0134 81       		.byte	-127
 338 0135 08       		.byte	8
 339 0136 82       		.byte	-126
 340 0137 03       		.byte	3
 341 0138 C0       		.byte	-64
 342 0139 FC       		.byte	-4
ARM GAS  C:\Users\Susanna\AppData\Local\Temp\cc3jboka.s 			page 7


 343 013a C2       		.byte	-62
 344 013b 64       		.byte	100
 345 013c C4       		.byte	-60
 346 013d F6       		.byte	-10
 347 013e CA       		.byte	-54
 348 013f E0       		.byte	-32
 349 0140 CC       		.byte	-52
 350 0141 D0       		.byte	-48
 351 0142 CE       		.byte	-50
 352 0143 F0       		.byte	-16
 353 0144 D0       		.byte	-48
 354 0145 E0       		.byte	-32
 355 0146 D2       		.byte	-46
 356 0147 30       		.byte	48
 357 0148 D8       		.byte	-40
 358 0149 F4       		.byte	-12
 359 014a EA       		.byte	-22
 360 014b 01       		.byte	1
 361 014c 04       		.byte	4
 362 014d 1C       		.byte	28
 363 014e 06       		.byte	6
 364 014f 22       		.byte	34
 365 0150 07       		.byte	7
 366 0151 13       		.byte	19
 367 0152 0C       		.byte	12
 368 0153 30       		.byte	48
 369 0154 0E       		.byte	14
 370 0155 0C       		.byte	12
 371 0156 0F       		.byte	15
 372 0157 08       		.byte	8
 373 0158 10       		.byte	16
 374 0159 09       		.byte	9
 375 015a 12       		.byte	18
 376 015b 10       		.byte	16
 377 015c 14       		.byte	20
 378 015d 2C       		.byte	44
 379 015e 15       		.byte	21
 380 015f 31       		.byte	49
 381 0160 16       		.byte	22
 382 0161 11       		.byte	17
 383 0162 17       		.byte	23
 384 0163 0E       		.byte	14
 385 0164 19       		.byte	25
 386 0165 6C       		.byte	108
 387 0166 1A       		.byte	26
 388 0167 03       		.byte	3
 389 0168 1B       		.byte	27
 390 0169 03       		.byte	3
 391 016a 1F       		.byte	31
 392 016b 4C       		.byte	76
 393 016c 20       		.byte	32
 394 016d 10       		.byte	16
 395 016e 24       		.byte	36
 396 016f 14       		.byte	20
 397 0170 28       		.byte	40
 398 0171 40       		.byte	64
 399 0172 2D       		.byte	45
ARM GAS  C:\Users\Susanna\AppData\Local\Temp\cc3jboka.s 			page 8


 400 0173 31       		.byte	49
 401 0174 2F       		.byte	47
 402 0175 46       		.byte	70
 403 0176 30       		.byte	48
 404 0177 60       		.byte	96
 405 0178 31       		.byte	49
 406 0179 30       		.byte	48
 407 017a 33       		.byte	51
 408 017b 4A       		.byte	74
 409 017c 34       		.byte	52
 410 017d 1F       		.byte	31
 411 017e 35       		.byte	53
 412 017f 0F       		.byte	15
 413 0180 38       		.byte	56
 414 0181 02       		.byte	2
 415 0182 39       		.byte	57
 416 0183 02       		.byte	2
 417 0184 3B       		.byte	59
 418 0185 28       		.byte	40
 419 0186 3F       		.byte	63
 420 0187 01       		.byte	1
 421 0188 40       		.byte	64
 422 0189 04       		.byte	4
 423 018a 46       		.byte	70
 424 018b 04       		.byte	4
 425 018c 49       		.byte	73
 426 018d FF       		.byte	-1
 427 018e 4A       		.byte	74
 428 018f 07       		.byte	7
 429 0190 4B       		.byte	75
 430 0191 FF       		.byte	-1
 431 0192 4C       		.byte	76
 432 0193 40       		.byte	64
 433 0194 4D       		.byte	77
 434 0195 20       		.byte	32
 435 0196 4E       		.byte	78
 436 0197 F0       		.byte	-16
 437 0198 4F       		.byte	79
 438 0199 05       		.byte	5
 439 019a 50       		.byte	80
 440 019b 08       		.byte	8
 441 019c 58       		.byte	88
 442 019d 04       		.byte	4
 443 019e 59       		.byte	89
 444 019f 04       		.byte	4
 445 01a0 5A       		.byte	90
 446 01a1 04       		.byte	4
 447 01a2 5C       		.byte	92
 448 01a3 22       		.byte	34
 449 01a4 5D       		.byte	93
 450 01a5 02       		.byte	2
 451 01a6 5F       		.byte	95
 452 01a7 01       		.byte	1
 453 01a8 60       		.byte	96
 454 01a9 40       		.byte	64
 455 01aa 61       		.byte	97
 456 01ab A8       		.byte	-88
ARM GAS  C:\Users\Susanna\AppData\Local\Temp\cc3jboka.s 			page 9


 457 01ac 62       		.byte	98
 458 01ad 40       		.byte	64
 459 01ae 63       		.byte	99
 460 01af 20       		.byte	32
 461 01b0 80       		.byte	-128
 462 01b1 0E       		.byte	14
 463 01b2 81       		.byte	-127
 464 01b3 60       		.byte	96
 465 01b4 85       		.byte	-123
 466 01b5 84       		.byte	-124
 467 01b6 88       		.byte	-120
 468 01b7 04       		.byte	4
 469 01b8 8A       		.byte	-118
 470 01b9 79       		.byte	121
 471 01ba 8C       		.byte	-116
 472 01bb 13       		.byte	19
 473 01bc 8D       		.byte	-115
 474 01bd 07       		.byte	7
 475 01be 8E       		.byte	-114
 476 01bf 44       		.byte	68
 477 01c0 8F       		.byte	-113
 478 01c1 38       		.byte	56
 479 01c2 91       		.byte	-111
 480 01c3 01       		.byte	1
 481 01c4 95       		.byte	-107
 482 01c5 80       		.byte	-128
 483 01c6 96       		.byte	-106
 484 01c7 20       		.byte	32
 485 01c8 97       		.byte	-105
 486 01c9 04       		.byte	4
 487 01ca 98       		.byte	-104
 488 01cb 45       		.byte	69
 489 01cc 99       		.byte	-103
 490 01cd 0A       		.byte	10
 491 01ce 9A       		.byte	-102
 492 01cf 3A       		.byte	58
 493 01d0 9B       		.byte	-101
 494 01d1 10       		.byte	16
 495 01d2 9D       		.byte	-99
 496 01d3 84       		.byte	-124
 497 01d4 A1       		.byte	-95
 498 01d5 84       		.byte	-124
 499 01d6 A5       		.byte	-91
 500 01d7 56       		.byte	86
 501 01d8 A7       		.byte	-89
 502 01d9 09       		.byte	9
 503 01da A9       		.byte	-87
 504 01db 04       		.byte	4
 505 01dc AD       		.byte	-83
 506 01dd 04       		.byte	4
 507 01de AF       		.byte	-81
 508 01df 80       		.byte	-128
 509 01e0 B1       		.byte	-79
 510 01e1 7F       		.byte	127
 511 01e2 B2       		.byte	-78
 512 01e3 30       		.byte	48
 513 01e4 B3       		.byte	-77
ARM GAS  C:\Users\Susanna\AppData\Local\Temp\cc3jboka.s 			page 10


 514 01e5 02       		.byte	2
 515 01e6 B4       		.byte	-76
 516 01e7 40       		.byte	64
 517 01e8 B5       		.byte	-75
 518 01e9 80       		.byte	-128
 519 01ea B6       		.byte	-74
 520 01eb 0F       		.byte	15
 521 01ec B8       		.byte	-72
 522 01ed 80       		.byte	-128
 523 01ee B9       		.byte	-71
 524 01ef 02       		.byte	2
 525 01f0 BE       		.byte	-66
 526 01f1 10       		.byte	16
 527 01f2 BF       		.byte	-65
 528 01f3 14       		.byte	20
 529 01f4 D4       		.byte	-44
 530 01f5 09       		.byte	9
 531 01f6 D6       		.byte	-42
 532 01f7 04       		.byte	4
 533 01f8 D8       		.byte	-40
 534 01f9 04       		.byte	4
 535 01fa D9       		.byte	-39
 536 01fb 04       		.byte	4
 537 01fc DB       		.byte	-37
 538 01fd 04       		.byte	4
 539 01fe DC       		.byte	-36
 540 01ff 11       		.byte	17
 541 0200 DD       		.byte	-35
 542 0201 10       		.byte	16
 543 0202 DF       		.byte	-33
 544 0203 01       		.byte	1
 545 0204 00       		.byte	0
 546 0205 04       		.byte	4
 547 0206 01       		.byte	1
 548 0207 80       		.byte	-128
 549 0208 04       		.byte	4
 550 0209 61       		.byte	97
 551 020a 05       		.byte	5
 552 020b 40       		.byte	64
 553 020c 06       		.byte	6
 554 020d 08       		.byte	8
 555 020e 09       		.byte	9
 556 020f 08       		.byte	8
 557 0210 0A       		.byte	10
 558 0211 88       		.byte	-120
 559 0212 0C       		.byte	12
 560 0213 10       		.byte	16
 561 0214 0E       		.byte	14
 562 0215 28       		.byte	40
 563 0216 10       		.byte	16
 564 0217 A0       		.byte	-96
 565 0218 12       		.byte	18
 566 0219 08       		.byte	8
 567 021a 1A       		.byte	26
 568 021b 88       		.byte	-120
 569 021c 1C       		.byte	28
 570 021d 09       		.byte	9
ARM GAS  C:\Users\Susanna\AppData\Local\Temp\cc3jboka.s 			page 11


 571 021e 1E       		.byte	30
 572 021f 20       		.byte	32
 573 0220 20       		.byte	32
 574 0221 04       		.byte	4
 575 0222 21       		.byte	33
 576 0223 09       		.byte	9
 577 0224 22       		.byte	34
 578 0225 10       		.byte	16
 579 0226 25       		.byte	37
 580 0227 10       		.byte	16
 581 0228 26       		.byte	38
 582 0229 22       		.byte	34
 583 022a 27       		.byte	39
 584 022b 20       		.byte	32
 585 022c 29       		.byte	41
 586 022d 80       		.byte	-128
 587 022e 2E       		.byte	46
 588 022f 4A       		.byte	74
 589 0230 2F       		.byte	47
 590 0231 04       		.byte	4
 591 0232 31       		.byte	49
 592 0233 08       		.byte	8
 593 0234 32       		.byte	50
 594 0235 50       		.byte	80
 595 0236 34       		.byte	52
 596 0237 10       		.byte	16
 597 0238 36       		.byte	54
 598 0239 02       		.byte	2
 599 023a 37       		.byte	55
 600 023b 48       		.byte	72
 601 023c 38       		.byte	56
 602 023d 88       		.byte	-120
 603 023e 39       		.byte	57
 604 023f 04       		.byte	4
 605 0240 3C       		.byte	60
 606 0241 40       		.byte	64
 607 0242 3E       		.byte	62
 608 0243 04       		.byte	4
 609 0244 3F       		.byte	63
 610 0245 02       		.byte	2
 611 0246 41       		.byte	65
 612 0247 01       		.byte	1
 613 0248 44       		.byte	68
 614 0249 20       		.byte	32
 615 024a 45       		.byte	69
 616 024b 04       		.byte	4
 617 024c 50       		.byte	80
 618 024d C4       		.byte	-60
 619 024e 52       		.byte	82
 620 024f 08       		.byte	8
 621 0250 5C       		.byte	92
 622 0251 A0       		.byte	-96
 623 0252 5E       		.byte	94
 624 0253 02       		.byte	2
 625 0254 5F       		.byte	95
 626 0255 04       		.byte	4
 627 0256 65       		.byte	101
ARM GAS  C:\Users\Susanna\AppData\Local\Temp\cc3jboka.s 			page 12


 628 0257 01       		.byte	1
 629 0258 66       		.byte	102
 630 0259 80       		.byte	-128
 631 025a 81       		.byte	-127
 632 025b 01       		.byte	1
 633 025c 82       		.byte	-126
 634 025d 23       		.byte	35
 635 025e 8A       		.byte	-118
 636 025f 10       		.byte	16
 637 0260 90       		.byte	-112
 638 0261 20       		.byte	32
 639 0262 92       		.byte	-110
 640 0263 44       		.byte	68
 641 0264 93       		.byte	-109
 642 0265 0C       		.byte	12
 643 0266 99       		.byte	-103
 644 0267 40       		.byte	64
 645 0268 9A       		.byte	-102
 646 0269 02       		.byte	2
 647 026a 9B       		.byte	-101
 648 026b 48       		.byte	72
 649 026c A1       		.byte	-95
 650 026d 04       		.byte	4
 651 026e A2       		.byte	-94
 652 026f 04       		.byte	4
 653 0270 A3       		.byte	-93
 654 0271 01       		.byte	1
 655 0272 A5       		.byte	-91
 656 0273 10       		.byte	16
 657 0274 B0       		.byte	-80
 658 0275 80       		.byte	-128
 659 0276 C0       		.byte	-64
 660 0277 D5       		.byte	-43
 661 0278 C2       		.byte	-62
 662 0279 6E       		.byte	110
 663 027a C4       		.byte	-60
 664 027b 0E       		.byte	14
 665 027c CA       		.byte	-54
 666 027d F8       		.byte	-8
 667 027e CC       		.byte	-52
 668 027f FE       		.byte	-2
 669 0280 CE       		.byte	-50
 670 0281 DA       		.byte	-38
 671 0282 D0       		.byte	-48
 672 0283 01       		.byte	1
 673 0284 D6       		.byte	-42
 674 0285 F0       		.byte	-16
 675 0286 D8       		.byte	-40
 676 0287 90       		.byte	-112
 677 0288 E2       		.byte	-30
 678 0289 80       		.byte	-128
 679 028a 01       		.byte	1
 680 028b 09       		.byte	9
 681 028c 05       		.byte	5
 682 028d 09       		.byte	9
 683 028e 08       		.byte	8
 684 028f 03       		.byte	3
ARM GAS  C:\Users\Susanna\AppData\Local\Temp\cc3jboka.s 			page 13


 685 0290 13       		.byte	19
 686 0291 02       		.byte	2
 687 0292 18       		.byte	24
 688 0293 01       		.byte	1
 689 0294 19       		.byte	25
 690 0295 02       		.byte	2
 691 0296 1C       		.byte	28
 692 0297 03       		.byte	3
 693 0298 23       		.byte	35
 694 0299 05       		.byte	5
 695 029a 27       		.byte	39
 696 029b 04       		.byte	4
 697 029c 29       		.byte	41
 698 029d 02       		.byte	2
 699 029e 2E       		.byte	46
 700 029f 04       		.byte	4
 701 02a0 31       		.byte	49
 702 02a1 02       		.byte	2
 703 02a2 32       		.byte	50
 704 02a3 01       		.byte	1
 705 02a4 33       		.byte	51
 706 02a5 08       		.byte	8
 707 02a6 34       		.byte	52
 708 02a7 02       		.byte	2
 709 02a8 35       		.byte	53
 710 02a9 04       		.byte	4
 711 02aa 36       		.byte	54
 712 02ab 04       		.byte	4
 713 02ac 37       		.byte	55
 714 02ad 01       		.byte	1
 715 02ae 3F       		.byte	63
 716 02af 10       		.byte	16
 717 02b0 40       		.byte	64
 718 02b1 10       		.byte	16
 719 02b2 41       		.byte	65
 720 02b3 02       		.byte	2
 721 02b4 45       		.byte	69
 722 02b5 D0       		.byte	-48
 723 02b6 47       		.byte	71
 724 02b7 12       		.byte	18
 725 02b8 48       		.byte	72
 726 02b9 33       		.byte	51
 727 02ba 49       		.byte	73
 728 02bb FF       		.byte	-1
 729 02bc 4A       		.byte	74
 730 02bd FF       		.byte	-1
 731 02be 4B       		.byte	75
 732 02bf FF       		.byte	-1
 733 02c0 4D       		.byte	77
 734 02c1 A0       		.byte	-96
 735 02c2 4F       		.byte	79
 736 02c3 04       		.byte	4
 737 02c4 50       		.byte	80
 738 02c5 18       		.byte	24
 739 02c6 52       		.byte	82
 740 02c7 80       		.byte	-128
 741 02c8 54       		.byte	84
ARM GAS  C:\Users\Susanna\AppData\Local\Temp\cc3jboka.s 			page 14


 742 02c9 05       		.byte	5
 743 02ca 58       		.byte	88
 744 02cb 04       		.byte	4
 745 02cc 59       		.byte	89
 746 02cd 04       		.byte	4
 747 02ce 5A       		.byte	90
 748 02cf 04       		.byte	4
 749 02d0 5B       		.byte	91
 750 02d1 04       		.byte	4
 751 02d2 5C       		.byte	92
 752 02d3 44       		.byte	68
 753 02d4 5D       		.byte	93
 754 02d5 44       		.byte	68
 755 02d6 5F       		.byte	95
 756 02d7 01       		.byte	1
 757 02d8 60       		.byte	96
 758 02d9 40       		.byte	64
 759 02da 62       		.byte	98
 760 02db C0       		.byte	-64
 761 02dc 64       		.byte	100
 762 02dd 40       		.byte	64
 763 02de 65       		.byte	101
 764 02df 40       		.byte	64
 765 02e0 66       		.byte	102
 766 02e1 C0       		.byte	-64
 767 02e2 68       		.byte	104
 768 02e3 C0       		.byte	-64
 769 02e4 6A       		.byte	106
 770 02e5 C0       		.byte	-64
 771 02e6 6C       		.byte	108
 772 02e7 C0       		.byte	-64
 773 02e8 6E       		.byte	110
 774 02e9 C0       		.byte	-64
 775 02ea 84       		.byte	-124
 776 02eb 0A       		.byte	10
 777 02ec 86       		.byte	-122
 778 02ed 14       		.byte	20
 779 02ee 8C       		.byte	-116
 780 02ef 13       		.byte	19
 781 02f0 8E       		.byte	-114
 782 02f1 0C       		.byte	12
 783 02f2 92       		.byte	-110
 784 02f3 08       		.byte	8
 785 02f4 94       		.byte	-108
 786 02f5 13       		.byte	19
 787 02f6 95       		.byte	-107
 788 02f7 02       		.byte	2
 789 02f8 96       		.byte	-106
 790 02f9 04       		.byte	4
 791 02fa A6       		.byte	-90
 792 02fb 15       		.byte	21
 793 02fc A8       		.byte	-88
 794 02fd 03       		.byte	3
 795 02fe AA       		.byte	-86
 796 02ff 14       		.byte	20
 797 0300 AF       		.byte	-81
 798 0301 01       		.byte	1
ARM GAS  C:\Users\Susanna\AppData\Local\Temp\cc3jboka.s 			page 15


 799 0302 B3       		.byte	-77
 800 0303 01       		.byte	1
 801 0304 B4       		.byte	-76
 802 0305 10       		.byte	16
 803 0306 B5       		.byte	-75
 804 0307 02       		.byte	2
 805 0308 B6       		.byte	-74
 806 0309 0F       		.byte	15
 807 030a BA       		.byte	-70
 808 030b 80       		.byte	-128
 809 030c BE       		.byte	-66
 810 030d 10       		.byte	16
 811 030e BF       		.byte	-65
 812 030f 10       		.byte	16
 813 0310 C0       		.byte	-64
 814 0311 46       		.byte	70
 815 0312 C1       		.byte	-63
 816 0313 03       		.byte	3
 817 0314 C5       		.byte	-59
 818 0315 E0       		.byte	-32
 819 0316 C6       		.byte	-58
 820 0317 B0       		.byte	-80
 821 0318 C7       		.byte	-57
 822 0319 0C       		.byte	12
 823 031a C8       		.byte	-56
 824 031b 1A       		.byte	26
 825 031c C9       		.byte	-55
 826 031d FF       		.byte	-1
 827 031e CA       		.byte	-54
 828 031f FF       		.byte	-1
 829 0320 CB       		.byte	-53
 830 0321 FF       		.byte	-1
 831 0322 CE       		.byte	-50
 832 0323 F0       		.byte	-16
 833 0324 CF       		.byte	-49
 834 0325 44       		.byte	68
 835 0326 D0       		.byte	-48
 836 0327 0C       		.byte	12
 837 0328 D2       		.byte	-46
 838 0329 80       		.byte	-128
 839 032a D4       		.byte	-44
 840 032b 05       		.byte	5
 841 032c D8       		.byte	-40
 842 032d 04       		.byte	4
 843 032e D9       		.byte	-39
 844 032f 04       		.byte	4
 845 0330 DA       		.byte	-38
 846 0331 04       		.byte	4
 847 0332 DB       		.byte	-37
 848 0333 04       		.byte	4
 849 0334 DC       		.byte	-36
 850 0335 32       		.byte	50
 851 0336 DD       		.byte	-35
 852 0337 32       		.byte	50
 853 0338 DF       		.byte	-33
 854 0339 01       		.byte	1
 855 033a E6       		.byte	-26
ARM GAS  C:\Users\Susanna\AppData\Local\Temp\cc3jboka.s 			page 16


 856 033b C0       		.byte	-64
 857 033c EA       		.byte	-22
 858 033d 40       		.byte	64
 859 033e EB       		.byte	-21
 860 033f 02       		.byte	2
 861 0340 00       		.byte	0
 862 0341 04       		.byte	4
 863 0342 01       		.byte	1
 864 0343 80       		.byte	-128
 865 0344 03       		.byte	3
 866 0345 01       		.byte	1
 867 0346 05       		.byte	5
 868 0347 20       		.byte	32
 869 0348 09       		.byte	9
 870 0349 08       		.byte	8
 871 034a 0A       		.byte	10
 872 034b 80       		.byte	-128
 873 034c 0E       		.byte	14
 874 034d 06       		.byte	6
 875 034e 10       		.byte	16
 876 034f 08       		.byte	8
 877 0350 11       		.byte	17
 878 0351 04       		.byte	4
 879 0352 17       		.byte	23
 880 0353 80       		.byte	-128
 881 0354 19       		.byte	25
 882 0355 90       		.byte	-112
 883 0356 1C       		.byte	28
 884 0357 10       		.byte	16
 885 0358 1D       		.byte	29
 886 0359 80       		.byte	-128
 887 035a 1E       		.byte	30
 888 035b 04       		.byte	4
 889 035c 1F       		.byte	31
 890 035d 80       		.byte	-128
 891 035e 22       		.byte	34
 892 035f 20       		.byte	32
 893 0360 23       		.byte	35
 894 0361 10       		.byte	16
 895 0362 24       		.byte	36
 896 0363 60       		.byte	96
 897 0364 26       		.byte	38
 898 0365 80       		.byte	-128
 899 0366 27       		.byte	39
 900 0367 08       		.byte	8
 901 0368 2A       		.byte	42
 902 0369 80       		.byte	-128
 903 036a 2E       		.byte	46
 904 036b 08       		.byte	8
 905 036c 2F       		.byte	47
 906 036d 88       		.byte	-120
 907 036e 32       		.byte	50
 908 036f 04       		.byte	4
 909 0370 34       		.byte	52
 910 0371 01       		.byte	1
 911 0372 35       		.byte	53
 912 0373 20       		.byte	32
ARM GAS  C:\Users\Susanna\AppData\Local\Temp\cc3jboka.s 			page 17


 913 0374 3D       		.byte	61
 914 0375 02       		.byte	2
 915 0376 3F       		.byte	63
 916 0377 04       		.byte	4
 917 0378 41       		.byte	65
 918 0379 08       		.byte	8
 919 037a 43       		.byte	67
 920 037b 01       		.byte	1
 921 037c 45       		.byte	69
 922 037d 80       		.byte	-128
 923 037e 46       		.byte	70
 924 037f 08       		.byte	8
 925 0380 4A       		.byte	74
 926 0381 08       		.byte	8
 927 0382 4B       		.byte	75
 928 0383 02       		.byte	2
 929 0384 4F       		.byte	79
 930 0385 05       		.byte	5
 931 0386 50       		.byte	80
 932 0387 28       		.byte	40
 933 0388 55       		.byte	85
 934 0389 01       		.byte	1
 935 038a 56       		.byte	86
 936 038b 09       		.byte	9
 937 038c 58       		.byte	88
 938 038d 88       		.byte	-120
 939 038e 59       		.byte	89
 940 038f 02       		.byte	2
 941 0390 5D       		.byte	93
 942 0391 40       		.byte	64
 943 0392 5F       		.byte	95
 944 0393 09       		.byte	9
 945 0394 72       		.byte	114
 946 0395 80       		.byte	-128
 947 0396 77       		.byte	119
 948 0397 80       		.byte	-128
 949 0398 89       		.byte	-119
 950 0399 02       		.byte	2
 951 039a 8A       		.byte	-118
 952 039b 20       		.byte	32
 953 039c 8B       		.byte	-117
 954 039d 04       		.byte	4
 955 039e 8D       		.byte	-115
 956 039f 10       		.byte	16
 957 03a0 8E       		.byte	-114
 958 03a1 01       		.byte	1
 959 03a2 8F       		.byte	-113
 960 03a3 08       		.byte	8
 961 03a4 90       		.byte	-112
 962 03a5 04       		.byte	4
 963 03a6 91       		.byte	-111
 964 03a7 04       		.byte	4
 965 03a8 92       		.byte	-110
 966 03a9 88       		.byte	-120
 967 03aa 9D       		.byte	-99
 968 03ab 80       		.byte	-128
 969 03ac A1       		.byte	-95
ARM GAS  C:\Users\Susanna\AppData\Local\Temp\cc3jboka.s 			page 18


 970 03ad 08       		.byte	8
 971 03ae A2       		.byte	-94
 972 03af 08       		.byte	8
 973 03b0 A4       		.byte	-92
 974 03b1 20       		.byte	32
 975 03b2 AA       		.byte	-86
 976 03b3 80       		.byte	-128
 977 03b4 AB       		.byte	-85
 978 03b5 20       		.byte	32
 979 03b6 AC       		.byte	-84
 980 03b7 84       		.byte	-124
 981 03b8 C0       		.byte	-64
 982 03b9 45       		.byte	69
 983 03ba C2       		.byte	-62
 984 03bb CC       		.byte	-52
 985 03bc C4       		.byte	-60
 986 03bd 86       		.byte	-122
 987 03be CA       		.byte	-54
 988 03bf E8       		.byte	-24
 989 03c0 CC       		.byte	-52
 990 03c1 A2       		.byte	-94
 991 03c2 CE       		.byte	-50
 992 03c3 C0       		.byte	-64
 993 03c4 D0       		.byte	-48
 994 03c5 33       		.byte	51
 995 03c6 D2       		.byte	-46
 996 03c7 04       		.byte	4
 997 03c8 D6       		.byte	-42
 998 03c9 DB       		.byte	-37
 999 03ca E8       		.byte	-24
 1000 03cb 04       		.byte	4
 1001 03cc 06       		.byte	6
 1002 03cd 02       		.byte	2
 1003 03ce 18       		.byte	24
 1004 03cf 04       		.byte	4
 1005 03d0 1E       		.byte	30
 1006 03d1 01       		.byte	1
 1007 03d2 22       		.byte	34
 1008 03d3 02       		.byte	2
 1009 03d4 26       		.byte	38
 1010 03d5 01       		.byte	1
 1011 03d6 30       		.byte	48
 1012 03d7 02       		.byte	2
 1013 03d8 34       		.byte	52
 1014 03d9 04       		.byte	4
 1015 03da 36       		.byte	54
 1016 03db 01       		.byte	1
 1017 03dc 3E       		.byte	62
 1018 03dd 51       		.byte	81
 1019 03de 40       		.byte	64
 1020 03df 43       		.byte	67
 1021 03e0 45       		.byte	69
 1022 03e1 EC       		.byte	-20
 1023 03e2 46       		.byte	70
 1024 03e3 20       		.byte	32
 1025 03e4 48       		.byte	72
 1026 03e5 0B       		.byte	11
ARM GAS  C:\Users\Susanna\AppData\Local\Temp\cc3jboka.s 			page 19


 1027 03e6 49       		.byte	73
 1028 03e7 FF       		.byte	-1
 1029 03e8 4A       		.byte	74
 1030 03e9 FF       		.byte	-1
 1031 03ea 4B       		.byte	75
 1032 03eb FF       		.byte	-1
 1033 03ec 4F       		.byte	79
 1034 03ed 01       		.byte	1
 1035 03ee 50       		.byte	80
 1036 03ef 18       		.byte	24
 1037 03f0 52       		.byte	82
 1038 03f1 80       		.byte	-128
 1039 03f2 54       		.byte	84
 1040 03f3 01       		.byte	1
 1041 03f4 56       		.byte	86
 1042 03f5 04       		.byte	4
 1043 03f6 58       		.byte	88
 1044 03f7 04       		.byte	4
 1045 03f8 5A       		.byte	90
 1046 03f9 04       		.byte	4
 1047 03fa 5B       		.byte	91
 1048 03fb 04       		.byte	4
 1049 03fc 5D       		.byte	93
 1050 03fd 66       		.byte	102
 1051 03fe 5F       		.byte	95
 1052 03ff 01       		.byte	1
 1053 0400 60       		.byte	96
 1054 0401 40       		.byte	64
 1055 0402 62       		.byte	98
 1056 0403 40       		.byte	64
 1057 0404 64       		.byte	100
 1058 0405 40       		.byte	64
 1059 0406 65       		.byte	101
 1060 0407 40       		.byte	64
 1061 0408 66       		.byte	102
 1062 0409 80       		.byte	-128
 1063 040a 68       		.byte	104
 1064 040b 80       		.byte	-128
 1065 040c 6A       		.byte	106
 1066 040d 80       		.byte	-128
 1067 040e 6C       		.byte	108
 1068 040f 80       		.byte	-128
 1069 0410 6E       		.byte	110
 1070 0411 80       		.byte	-128
 1071 0412 86       		.byte	-122
 1072 0413 04       		.byte	4
 1073 0414 87       		.byte	-121
 1074 0415 01       		.byte	1
 1075 0416 88       		.byte	-120
 1076 0417 1C       		.byte	28
 1077 0418 8A       		.byte	-118
 1078 0419 61       		.byte	97
 1079 041a 8B       		.byte	-117
 1080 041b 01       		.byte	1
 1081 041c 8C       		.byte	-116
 1082 041d 04       		.byte	4
 1083 041e 8D       		.byte	-115
ARM GAS  C:\Users\Susanna\AppData\Local\Temp\cc3jboka.s 			page 20


 1084 041f 02       		.byte	2
 1085 0420 90       		.byte	-112
 1086 0421 7F       		.byte	127
 1087 0422 94       		.byte	-108
 1088 0423 67       		.byte	103
 1089 0424 95       		.byte	-107
 1090 0425 02       		.byte	2
 1091 0426 96       		.byte	-106
 1092 0427 18       		.byte	24
 1093 0428 9A       		.byte	-102
 1094 0429 63       		.byte	99
 1095 042a 9C       		.byte	-100
 1096 042b 10       		.byte	16
 1097 042c A1       		.byte	-95
 1098 042d 02       		.byte	2
 1099 042e A4       		.byte	-92
 1100 042f 08       		.byte	8
 1101 0430 A8       		.byte	-88
 1102 0431 18       		.byte	24
 1103 0432 A9       		.byte	-87
 1104 0433 02       		.byte	2
 1105 0434 AC       		.byte	-84
 1106 0435 3C       		.byte	60
 1107 0436 AE       		.byte	-82
 1108 0437 42       		.byte	66
 1109 0438 B0       		.byte	-80
 1110 0439 1F       		.byte	31
 1111 043a B1       		.byte	-79
 1112 043b 02       		.byte	2
 1113 043c B2       		.byte	-78
 1114 043d 38       		.byte	56
 1115 043e B4       		.byte	-76
 1116 043f 58       		.byte	88
 1117 0440 B5       		.byte	-75
 1118 0441 01       		.byte	1
 1119 0442 BA       		.byte	-70
 1120 0443 22       		.byte	34
 1121 0444 BF       		.byte	-65
 1122 0445 01       		.byte	1
 1123 0446 C0       		.byte	-64
 1124 0447 30       		.byte	48
 1125 0448 C1       		.byte	-63
 1126 0449 01       		.byte	1
 1127 044a C6       		.byte	-58
 1128 044b 12       		.byte	18
 1129 044c C7       		.byte	-57
 1130 044d 0D       		.byte	13
 1131 044e C8       		.byte	-56
 1132 044f 1C       		.byte	28
 1133 0450 C9       		.byte	-55
 1134 0451 FF       		.byte	-1
 1135 0452 CA       		.byte	-54
 1136 0453 FF       		.byte	-1
 1137 0454 CB       		.byte	-53
 1138 0455 FF       		.byte	-1
 1139 0456 CD       		.byte	-51
 1140 0457 A0       		.byte	-96
ARM GAS  C:\Users\Susanna\AppData\Local\Temp\cc3jboka.s 			page 21


 1141 0458 CF       		.byte	-49
 1142 0459 04       		.byte	4
 1143 045a D0       		.byte	-48
 1144 045b 18       		.byte	24
 1145 045c D6       		.byte	-42
 1146 045d 02       		.byte	2
 1147 045e D7       		.byte	-41
 1148 045f 13       		.byte	19
 1149 0460 D8       		.byte	-40
 1150 0461 04       		.byte	4
 1151 0462 D9       		.byte	-39
 1152 0463 04       		.byte	4
 1153 0464 DA       		.byte	-38
 1154 0465 04       		.byte	4
 1155 0466 DB       		.byte	-37
 1156 0467 04       		.byte	4
 1157 0468 DC       		.byte	-36
 1158 0469 32       		.byte	50
 1159 046a DD       		.byte	-35
 1160 046b 23       		.byte	35
 1161 046c DF       		.byte	-33
 1162 046d 01       		.byte	1
 1163 046e E0       		.byte	-32
 1164 046f 40       		.byte	64
 1165 0470 E2       		.byte	-30
 1166 0471 C0       		.byte	-64
 1167 0472 E4       		.byte	-28
 1168 0473 40       		.byte	64
 1169 0474 E5       		.byte	-27
 1170 0475 40       		.byte	64
 1171 0476 E6       		.byte	-26
 1172 0477 C0       		.byte	-64
 1173 0478 E8       		.byte	-24
 1174 0479 C0       		.byte	-64
 1175 047a EA       		.byte	-22
 1176 047b C0       		.byte	-64
 1177 047c EC       		.byte	-20
 1178 047d C0       		.byte	-64
 1179 047e EE       		.byte	-18
 1180 047f C0       		.byte	-64
 1181 0480 00       		.byte	0
 1182 0481 08       		.byte	8
 1183 0482 01       		.byte	1
 1184 0483 A0       		.byte	-96
 1185 0484 06       		.byte	6
 1186 0485 10       		.byte	16
 1187 0486 08       		.byte	8
 1188 0487 20       		.byte	32
 1189 0488 09       		.byte	9
 1190 0489 08       		.byte	8
 1191 048a 0A       		.byte	10
 1192 048b 01       		.byte	1
 1193 048c 0B       		.byte	11
 1194 048d 80       		.byte	-128
 1195 048e 0D       		.byte	13
 1196 048f 40       		.byte	64
 1197 0490 0F       		.byte	15
ARM GAS  C:\Users\Susanna\AppData\Local\Temp\cc3jboka.s 			page 22


 1198 0491 08       		.byte	8
 1199 0492 12       		.byte	18
 1200 0493 01       		.byte	1
 1201 0494 13       		.byte	19
 1202 0495 18       		.byte	24
 1203 0496 15       		.byte	21
 1204 0497 08       		.byte	8
 1205 0498 16       		.byte	22
 1206 0499 80       		.byte	-128
 1207 049a 19       		.byte	25
 1208 049b 35       		.byte	53
 1209 049c 1E       		.byte	30
 1210 049d 88       		.byte	-120
 1211 049e 1F       		.byte	31
 1212 049f 80       		.byte	-128
 1213 04a0 22       		.byte	34
 1214 04a1 11       		.byte	17
 1215 04a2 29       		.byte	41
 1216 04a3 21       		.byte	33
 1217 04a4 2A       		.byte	42
 1218 04a5 01       		.byte	1
 1219 04a6 31       		.byte	49
 1220 04a7 08       		.byte	8
 1221 04a8 38       		.byte	56
 1222 04a9 42       		.byte	66
 1223 04aa 39       		.byte	57
 1224 04ab 09       		.byte	9
 1225 04ac 3B       		.byte	59
 1226 04ad A0       		.byte	-96
 1227 04ae 41       		.byte	65
 1228 04af 44       		.byte	68
 1229 04b0 46       		.byte	70
 1230 04b1 90       		.byte	-112
 1231 04b2 4D       		.byte	77
 1232 04b3 02       		.byte	2
 1233 04b4 4F       		.byte	79
 1234 04b5 04       		.byte	4
 1235 04b6 51       		.byte	81
 1236 04b7 40       		.byte	64
 1237 04b8 53       		.byte	83
 1238 04b9 14       		.byte	20
 1239 04ba 56       		.byte	86
 1240 04bb 10       		.byte	16
 1241 04bc 5A       		.byte	90
 1242 04bd 02       		.byte	2
 1243 04be 5D       		.byte	93
 1244 04bf 02       		.byte	2
 1245 04c0 5E       		.byte	94
 1246 04c1 80       		.byte	-128
 1247 04c2 5F       		.byte	95
 1248 04c3 04       		.byte	4
 1249 04c4 64       		.byte	100
 1250 04c5 40       		.byte	64
 1251 04c6 69       		.byte	105
 1252 04c7 14       		.byte	20
 1253 04c8 6B       		.byte	107
 1254 04c9 02       		.byte	2
ARM GAS  C:\Users\Susanna\AppData\Local\Temp\cc3jboka.s 			page 23


 1255 04ca 70       		.byte	112
 1256 04cb 14       		.byte	20
 1257 04cc 72       		.byte	114
 1258 04cd 03       		.byte	3
 1259 04ce 73       		.byte	115
 1260 04cf 18       		.byte	24
 1261 04d0 76       		.byte	118
 1262 04d1 80       		.byte	-128
 1263 04d2 8B       		.byte	-117
 1264 04d3 24       		.byte	36
 1265 04d4 8D       		.byte	-115
 1266 04d5 41       		.byte	65
 1267 04d6 96       		.byte	-106
 1268 04d7 20       		.byte	32
 1269 04d8 98       		.byte	-104
 1270 04d9 04       		.byte	4
 1271 04da 9C       		.byte	-100
 1272 04db 40       		.byte	64
 1273 04dc C0       		.byte	-64
 1274 04dd 27       		.byte	39
 1275 04de C2       		.byte	-62
 1276 04df CF       		.byte	-49
 1277 04e0 C4       		.byte	-60
 1278 04e1 37       		.byte	55
 1279 04e2 CA       		.byte	-54
 1280 04e3 05       		.byte	5
 1281 04e4 CC       		.byte	-52
 1282 04e5 02       		.byte	2
 1283 04e6 CE       		.byte	-50
 1284 04e7 0E       		.byte	14
 1285 04e8 D0       		.byte	-48
 1286 04e9 CA       		.byte	-54
 1287 04ea D6       		.byte	-42
 1288 04eb D1       		.byte	-47
 1289 04ec D8       		.byte	-40
 1290 04ed 80       		.byte	-128
 1291 04ee E0       		.byte	-32
 1292 04ef 60       		.byte	96
 1293 04f0 E2       		.byte	-30
 1294 04f1 90       		.byte	-112
 1295 04f2 E4       		.byte	-28
 1296 04f3 20       		.byte	32
 1297 04f4 E8       		.byte	-24
 1298 04f5 04       		.byte	4
 1299 04f6 82       		.byte	-126
 1300 04f7 10       		.byte	16
 1301 04f8 98       		.byte	-104
 1302 04f9 04       		.byte	4
 1303 04fa 9C       		.byte	-100
 1304 04fb 40       		.byte	64
 1305 04fc B0       		.byte	-80
 1306 04fd 04       		.byte	4
 1307 04fe E4       		.byte	-28
 1308 04ff 04       		.byte	4
 1309 0500 EA       		.byte	-22
 1310 0501 20       		.byte	32
 1311 0502 9C       		.byte	-100
ARM GAS  C:\Users\Susanna\AppData\Local\Temp\cc3jboka.s 			page 24


 1312 0503 40       		.byte	64
 1313 0504 EA       		.byte	-22
 1314 0505 01       		.byte	1
 1315 0506 88       		.byte	-120
 1316 0507 40       		.byte	64
 1317 0508 E2       		.byte	-30
 1318 0509 80       		.byte	-128
 1319 050a 80       		.byte	-128
 1320 050b 10       		.byte	16
 1321 050c 8C       		.byte	-116
 1322 050d 10       		.byte	16
 1323 050e 90       		.byte	-112
 1324 050f 30       		.byte	48
 1325 0510 AD       		.byte	-83
 1326 0511 20       		.byte	32
 1327 0512 B6       		.byte	-74
 1328 0513 80       		.byte	-128
 1329 0514 E0       		.byte	-32
 1330 0515 0C       		.byte	12
 1331 0516 E2       		.byte	-30
 1332 0517 80       		.byte	-128
 1333 0518 E4       		.byte	-28
 1334 0519 01       		.byte	1
 1335 051a E6       		.byte	-26
 1336 051b 10       		.byte	16
 1337 051c EA       		.byte	-22
 1338 051d 45       		.byte	69
 1339 051e EE       		.byte	-18
 1340 051f 0A       		.byte	10
 1341 0520 B8       		.byte	-72
 1342 0521 08       		.byte	8
 1343 0522 BE       		.byte	-66
 1344 0523 04       		.byte	4
 1345 0524 D8       		.byte	-40
 1346 0525 04       		.byte	4
 1347 0526 DF       		.byte	-33
 1348 0527 01       		.byte	1
 1349 0528 19       		.byte	25
 1350 0529 08       		.byte	8
 1351 052a 80       		.byte	-128
 1352 052b 40       		.byte	64
 1353 052c 84       		.byte	-124
 1354 052d 01       		.byte	1
 1355 052e 8C       		.byte	-116
 1356 052f 08       		.byte	8
 1357 0530 8D       		.byte	-115
 1358 0531 40       		.byte	64
 1359 0532 90       		.byte	-112
 1360 0533 70       		.byte	112
 1361 0534 95       		.byte	-107
 1362 0535 40       		.byte	64
 1363 0536 9C       		.byte	-100
 1364 0537 01       		.byte	1
 1365 0538 9D       		.byte	-99
 1366 0539 28       		.byte	40
 1367 053a A0       		.byte	-96
 1368 053b 08       		.byte	8
ARM GAS  C:\Users\Susanna\AppData\Local\Temp\cc3jboka.s 			page 25


 1369 053c A2       		.byte	-94
 1370 053d 80       		.byte	-128
 1371 053e AB       		.byte	-85
 1372 053f 01       		.byte	1
 1373 0540 AC       		.byte	-84
 1374 0541 08       		.byte	8
 1375 0542 AF       		.byte	-81
 1376 0543 10       		.byte	16
 1377 0544 B0       		.byte	-80
 1378 0545 80       		.byte	-128
 1379 0546 B1       		.byte	-79
 1380 0547 08       		.byte	8
 1381 0548 B6       		.byte	-74
 1382 0549 01       		.byte	1
 1383 054a E2       		.byte	-30
 1384 054b 02       		.byte	2
 1385 054c E8       		.byte	-24
 1386 054d 08       		.byte	8
 1387 054e EC       		.byte	-20
 1388 054f 04       		.byte	4
 1389 0550 EE       		.byte	-18
 1390 0551 08       		.byte	8
 1391 0552 02       		.byte	2
 1392 0553 01       		.byte	1
 1393 0554 04       		.byte	4
 1394 0555 06       		.byte	6
 1395 0556 07       		.byte	7
 1396 0557 04       		.byte	4
 1397 0558 0F       		.byte	15
 1398 0559 04       		.byte	4
 1399 055a 1C       		.byte	28
 1400 055b 04       		.byte	4
 1401 055c 1D       		.byte	29
 1402 055d 01       		.byte	1
 1403 055e 24       		.byte	36
 1404 055f 06       		.byte	6
 1405 0560 27       		.byte	39
 1406 0561 03       		.byte	3
 1407 0562 31       		.byte	49
 1408 0563 02       		.byte	2
 1409 0564 32       		.byte	50
 1410 0565 04       		.byte	4
 1411 0566 34       		.byte	52
 1412 0567 01       		.byte	1
 1413 0568 35       		.byte	53
 1414 0569 04       		.byte	4
 1415 056a 36       		.byte	54
 1416 056b 02       		.byte	2
 1417 056c 37       		.byte	55
 1418 056d 01       		.byte	1
 1419 056e 3F       		.byte	63
 1420 056f 10       		.byte	16
 1421 0570 40       		.byte	64
 1422 0571 20       		.byte	32
 1423 0572 41       		.byte	65
 1424 0573 04       		.byte	4
 1425 0574 45       		.byte	69
ARM GAS  C:\Users\Susanna\AppData\Local\Temp\cc3jboka.s 			page 26


 1426 0575 D5       		.byte	-43
 1427 0576 46       		.byte	70
 1428 0577 42       		.byte	66
 1429 0578 47       		.byte	71
 1430 0579 01       		.byte	1
 1431 057a 48       		.byte	72
 1432 057b 3F       		.byte	63
 1433 057c 49       		.byte	73
 1434 057d FF       		.byte	-1
 1435 057e 4A       		.byte	74
 1436 057f FF       		.byte	-1
 1437 0580 4B       		.byte	75
 1438 0581 FF       		.byte	-1
 1439 0582 4D       		.byte	77
 1440 0583 A0       		.byte	-96
 1441 0584 4F       		.byte	79
 1442 0585 04       		.byte	4
 1443 0586 50       		.byte	80
 1444 0587 18       		.byte	24
 1445 0588 54       		.byte	84
 1446 0589 01       		.byte	1
 1447 058a 58       		.byte	88
 1448 058b 04       		.byte	4
 1449 058c 59       		.byte	89
 1450 058d 04       		.byte	4
 1451 058e 5A       		.byte	90
 1452 058f 04       		.byte	4
 1453 0590 5B       		.byte	91
 1454 0591 04       		.byte	4
 1455 0592 5C       		.byte	92
 1456 0593 34       		.byte	52
 1457 0594 5D       		.byte	93
 1458 0595 24       		.byte	36
 1459 0596 5F       		.byte	95
 1460 0597 01       		.byte	1
 1461 0598 60       		.byte	96
 1462 0599 40       		.byte	64
 1463 059a 62       		.byte	98
 1464 059b C0       		.byte	-64
 1465 059c 64       		.byte	100
 1466 059d 40       		.byte	64
 1467 059e 65       		.byte	101
 1468 059f 40       		.byte	64
 1469 05a0 66       		.byte	102
 1470 05a1 C0       		.byte	-64
 1471 05a2 68       		.byte	104
 1472 05a3 C0       		.byte	-64
 1473 05a4 6A       		.byte	106
 1474 05a5 C0       		.byte	-64
 1475 05a6 6C       		.byte	108
 1476 05a7 C0       		.byte	-64
 1477 05a8 6E       		.byte	110
 1478 05a9 C0       		.byte	-64
 1479 05aa 80       		.byte	-128
 1480 05ab 04       		.byte	4
 1481 05ac 81       		.byte	-127
 1482 05ad 08       		.byte	8
ARM GAS  C:\Users\Susanna\AppData\Local\Temp\cc3jboka.s 			page 27


 1483 05ae 82       		.byte	-126
 1484 05af 02       		.byte	2
 1485 05b0 85       		.byte	-123
 1486 05b1 0C       		.byte	12
 1487 05b2 89       		.byte	-119
 1488 05b3 04       		.byte	4
 1489 05b4 8D       		.byte	-115
 1490 05b5 EF       		.byte	-17
 1491 05b6 91       		.byte	-111
 1492 05b7 42       		.byte	66
 1493 05b8 95       		.byte	-107
 1494 05b9 E3       		.byte	-29
 1495 05ba 97       		.byte	-105
 1496 05bb 0C       		.byte	12
 1497 05bc 99       		.byte	-103
 1498 05bd 0F       		.byte	15
 1499 05be 9A       		.byte	-102
 1500 05bf 04       		.byte	4
 1501 05c0 9B       		.byte	-101
 1502 05c1 E0       		.byte	-32
 1503 05c2 9D       		.byte	-99
 1504 05c3 63       		.byte	99
 1505 05c4 A1       		.byte	-95
 1506 05c5 0C       		.byte	12
 1507 05c6 A3       		.byte	-93
 1508 05c7 E3       		.byte	-29
 1509 05c8 A7       		.byte	-89
 1510 05c9 63       		.byte	99
 1511 05ca A9       		.byte	-87
 1512 05cb 21       		.byte	33
 1513 05cc AA       		.byte	-86
 1514 05cd 01       		.byte	1
 1515 05ce AB       		.byte	-85
 1516 05cf 10       		.byte	16
 1517 05d0 B0       		.byte	-80
 1518 05d1 04       		.byte	4
 1519 05d2 B1       		.byte	-79
 1520 05d3 60       		.byte	96
 1521 05d4 B3       		.byte	-77
 1522 05d5 0F       		.byte	15
 1523 05d6 B4       		.byte	-76
 1524 05d7 02       		.byte	2
 1525 05d8 B5       		.byte	-75
 1526 05d9 10       		.byte	16
 1527 05da B6       		.byte	-74
 1528 05db 01       		.byte	1
 1529 05dc B7       		.byte	-73
 1530 05dd 80       		.byte	-128
 1531 05de B9       		.byte	-71
 1532 05df 80       		.byte	-128
 1533 05e0 BB       		.byte	-69
 1534 05e1 08       		.byte	8
 1535 05e2 D4       		.byte	-44
 1536 05e3 18       		.byte	24
 1537 05e4 D8       		.byte	-40
 1538 05e5 04       		.byte	4
 1539 05e6 D9       		.byte	-39
ARM GAS  C:\Users\Susanna\AppData\Local\Temp\cc3jboka.s 			page 28


 1540 05e7 04       		.byte	4
 1541 05e8 DB       		.byte	-37
 1542 05e9 04       		.byte	4
 1543 05ea DC       		.byte	-36
 1544 05eb 25       		.byte	37
 1545 05ec DD       		.byte	-35
 1546 05ed 20       		.byte	32
 1547 05ee DF       		.byte	-33
 1548 05ef 01       		.byte	1
 1549 05f0 03       		.byte	3
 1550 05f1 80       		.byte	-128
 1551 05f2 05       		.byte	5
 1552 05f3 08       		.byte	8
 1553 05f4 06       		.byte	6
 1554 05f5 80       		.byte	-128
 1555 05f6 0A       		.byte	10
 1556 05f7 08       		.byte	8
 1557 05f8 0E       		.byte	14
 1558 05f9 01       		.byte	1
 1559 05fa 10       		.byte	16
 1560 05fb 04       		.byte	4
 1561 05fc 16       		.byte	22
 1562 05fd 10       		.byte	16
 1563 05fe 1A       		.byte	26
 1564 05ff 08       		.byte	8
 1565 0600 1B       		.byte	27
 1566 0601 81       		.byte	-127
 1567 0602 1D       		.byte	29
 1568 0603 20       		.byte	32
 1569 0604 1E       		.byte	30
 1570 0605 25       		.byte	37
 1571 0606 20       		.byte	32
 1572 0607 08       		.byte	8
 1573 0608 21       		.byte	33
 1574 0609 48       		.byte	72
 1575 060a 22       		.byte	34
 1576 060b 09       		.byte	9
 1577 060c 25       		.byte	37
 1578 060d 80       		.byte	-128
 1579 060e 27       		.byte	39
 1580 060f 48       		.byte	72
 1581 0610 28       		.byte	40
 1582 0611 20       		.byte	32
 1583 0612 29       		.byte	41
 1584 0613 01       		.byte	1
 1585 0614 2A       		.byte	42
 1586 0615 20       		.byte	32
 1587 0616 2F       		.byte	47
 1588 0617 10       		.byte	16
 1589 0618 31       		.byte	49
 1590 0619 18       		.byte	24
 1591 061a 32       		.byte	50
 1592 061b 40       		.byte	64
 1593 061c 33       		.byte	51
 1594 061d 01       		.byte	1
 1595 061e 37       		.byte	55
 1596 061f 40       		.byte	64
ARM GAS  C:\Users\Susanna\AppData\Local\Temp\cc3jboka.s 			page 29


 1597 0620 38       		.byte	56
 1598 0621 68       		.byte	104
 1599 0622 3A       		.byte	58
 1600 0623 02       		.byte	2
 1601 0624 3C       		.byte	60
 1602 0625 80       		.byte	-128
 1603 0626 3E       		.byte	62
 1604 0627 0C       		.byte	12
 1605 0628 45       		.byte	69
 1606 0629 20       		.byte	32
 1607 062a 46       		.byte	70
 1608 062b 40       		.byte	64
 1609 062c 4D       		.byte	77
 1610 062d 08       		.byte	8
 1611 062e 4F       		.byte	79
 1612 062f 05       		.byte	5
 1613 0630 54       		.byte	84
 1614 0631 40       		.byte	64
 1615 0632 55       		.byte	85
 1616 0633 01       		.byte	1
 1617 0634 56       		.byte	86
 1618 0635 50       		.byte	80
 1619 0636 57       		.byte	87
 1620 0637 08       		.byte	8
 1621 0638 5A       		.byte	90
 1622 0639 02       		.byte	2
 1623 063a 5D       		.byte	93
 1624 063b 41       		.byte	65
 1625 063c 5E       		.byte	94
 1626 063d 18       		.byte	24
 1627 063e 60       		.byte	96
 1628 063f 04       		.byte	4
 1629 0640 62       		.byte	98
 1630 0641 80       		.byte	-128
 1631 0642 86       		.byte	-122
 1632 0643 04       		.byte	4
 1633 0644 8E       		.byte	-114
 1634 0645 10       		.byte	16
 1635 0646 8F       		.byte	-113
 1636 0647 20       		.byte	32
 1637 0648 90       		.byte	-112
 1638 0649 28       		.byte	40
 1639 064a 91       		.byte	-111
 1640 064b 55       		.byte	85
 1641 064c 93       		.byte	-109
 1642 064d 20       		.byte	32
 1643 064e 94       		.byte	-108
 1644 064f 40       		.byte	64
 1645 0650 98       		.byte	-104
 1646 0651 04       		.byte	4
 1647 0652 99       		.byte	-103
 1648 0653 15       		.byte	21
 1649 0654 9A       		.byte	-102
 1650 0655 02       		.byte	2
 1651 0656 9B       		.byte	-101
 1652 0657 32       		.byte	50
 1653 0658 9C       		.byte	-100
ARM GAS  C:\Users\Susanna\AppData\Local\Temp\cc3jboka.s 			page 30


 1654 0659 20       		.byte	32
 1655 065a 9D       		.byte	-99
 1656 065b 80       		.byte	-128
 1657 065c A2       		.byte	-94
 1658 065d 04       		.byte	4
 1659 065e A4       		.byte	-92
 1660 065f 04       		.byte	4
 1661 0660 A5       		.byte	-91
 1662 0661 89       		.byte	-119
 1663 0662 A8       		.byte	-88
 1664 0663 01       		.byte	1
 1665 0664 AB       		.byte	-85
 1666 0665 04       		.byte	4
 1667 0666 AD       		.byte	-83
 1668 0667 04       		.byte	4
 1669 0668 AF       		.byte	-81
 1670 0669 80       		.byte	-128
 1671 066a B1       		.byte	-79
 1672 066b 80       		.byte	-128
 1673 066c B7       		.byte	-73
 1674 066d 10       		.byte	16
 1675 066e C0       		.byte	-64
 1676 066f 38       		.byte	56
 1677 0670 C2       		.byte	-62
 1678 0671 82       		.byte	-126
 1679 0672 C4       		.byte	-60
 1680 0673 22       		.byte	34
 1681 0674 CA       		.byte	-54
 1682 0675 47       		.byte	71
 1683 0676 CC       		.byte	-52
 1684 0677 1F       		.byte	31
 1685 0678 CE       		.byte	-50
 1686 0679 5F       		.byte	95
 1687 067a D0       		.byte	-48
 1688 067b A0       		.byte	-96
 1689 067c D6       		.byte	-42
 1690 067d F1       		.byte	-15
 1691 067e D8       		.byte	-40
 1692 067f 0C       		.byte	12
 1693 0680 E2       		.byte	-30
 1694 0681 40       		.byte	64
 1695 0682 E4       		.byte	-28
 1696 0683 10       		.byte	16
 1697 0684 E8       		.byte	-24
 1698 0685 80       		.byte	-128
 1699 0686 EA       		.byte	-22
 1700 0687 20       		.byte	32
 1701 0688 EC       		.byte	-20
 1702 0689 40       		.byte	64
 1703 068a 07       		.byte	7
 1704 068b 02       		.byte	2
 1705 068c 0F       		.byte	15
 1706 068d 01       		.byte	1
 1707 068e 10       		.byte	16
 1708 068f 08       		.byte	8
 1709 0690 12       		.byte	18
 1710 0691 70       		.byte	112
ARM GAS  C:\Users\Susanna\AppData\Local\Temp\cc3jboka.s 			page 31


 1711 0692 17       		.byte	23
 1712 0693 02       		.byte	2
 1713 0694 18       		.byte	24
 1714 0695 22       		.byte	34
 1715 0696 1A       		.byte	26
 1716 0697 89       		.byte	-119
 1717 0698 20       		.byte	32
 1718 0699 04       		.byte	4
 1719 069a 23       		.byte	35
 1720 069b 01       		.byte	1
 1721 069c 24       		.byte	36
 1722 069d 3F       		.byte	63
 1723 069e 28       		.byte	40
 1724 069f 3F       		.byte	63
 1725 06a0 2C       		.byte	44
 1726 06a1 11       		.byte	17
 1727 06a2 2E       		.byte	46
 1728 06a3 8A       		.byte	-118
 1729 06a4 30       		.byte	48
 1730 06a5 38       		.byte	56
 1731 06a6 32       		.byte	50
 1732 06a7 04       		.byte	4
 1733 06a8 34       		.byte	52
 1734 06a9 03       		.byte	3
 1735 06aa 35       		.byte	53
 1736 06ab 01       		.byte	1
 1737 06ac 36       		.byte	54
 1738 06ad C0       		.byte	-64
 1739 06ae 37       		.byte	55
 1740 06af 02       		.byte	2
 1741 06b0 3B       		.byte	59
 1742 06b1 02       		.byte	2
 1743 06b2 3E       		.byte	62
 1744 06b3 40       		.byte	64
 1745 06b4 3F       		.byte	63
 1746 06b5 50       		.byte	80
 1747 06b6 40       		.byte	64
 1748 06b7 63       		.byte	99
 1749 06b8 41       		.byte	65
 1750 06b9 04       		.byte	4
 1751 06ba 42       		.byte	66
 1752 06bb 02       		.byte	2
 1753 06bc 44       		.byte	68
 1754 06bd 01       		.byte	1
 1755 06be 46       		.byte	70
 1756 06bf 0E       		.byte	14
 1757 06c0 47       		.byte	71
 1758 06c1 0C       		.byte	12
 1759 06c2 48       		.byte	72
 1760 06c3 14       		.byte	20
 1761 06c4 49       		.byte	73
 1762 06c5 FF       		.byte	-1
 1763 06c6 4A       		.byte	74
 1764 06c7 FF       		.byte	-1
 1765 06c8 4B       		.byte	75
 1766 06c9 FF       		.byte	-1
 1767 06ca 4C       		.byte	76
ARM GAS  C:\Users\Susanna\AppData\Local\Temp\cc3jboka.s 			page 32


 1768 06cb 62       		.byte	98
 1769 06cc 4D       		.byte	77
 1770 06cd A0       		.byte	-96
 1771 06ce 4E       		.byte	78
 1772 06cf F0       		.byte	-16
 1773 06d0 4F       		.byte	79
 1774 06d1 41       		.byte	65
 1775 06d2 50       		.byte	80
 1776 06d3 0C       		.byte	12
 1777 06d4 52       		.byte	82
 1778 06d5 80       		.byte	-128
 1779 06d6 54       		.byte	84
 1780 06d7 01       		.byte	1
 1781 06d8 58       		.byte	88
 1782 06d9 04       		.byte	4
 1783 06da 59       		.byte	89
 1784 06db 04       		.byte	4
 1785 06dc 5A       		.byte	90
 1786 06dd 04       		.byte	4
 1787 06de 5B       		.byte	91
 1788 06df 04       		.byte	4
 1789 06e0 5C       		.byte	92
 1790 06e1 22       		.byte	34
 1791 06e2 5D       		.byte	93
 1792 06e3 62       		.byte	98
 1793 06e4 5F       		.byte	95
 1794 06e5 01       		.byte	1
 1795 06e6 66       		.byte	102
 1796 06e7 40       		.byte	64
 1797 06e8 67       		.byte	103
 1798 06e9 02       		.byte	2
 1799 06ea 69       		.byte	105
 1800 06eb 10       		.byte	16
 1801 06ec 6A       		.byte	106
 1802 06ed 30       		.byte	48
 1803 06ee 6B       		.byte	107
 1804 06ef 10       		.byte	16
 1805 06f0 6D       		.byte	109
 1806 06f1 10       		.byte	16
 1807 06f2 6E       		.byte	110
 1808 06f3 10       		.byte	16
 1809 06f4 6F       		.byte	111
 1810 06f5 12       		.byte	18
 1811 06f6 82       		.byte	-126
 1812 06f7 04       		.byte	4
 1813 06f8 84       		.byte	-124
 1814 06f9 01       		.byte	1
 1815 06fa 8A       		.byte	-118
 1816 06fb 02       		.byte	2
 1817 06fc 92       		.byte	-110
 1818 06fd 04       		.byte	4
 1819 06fe 98       		.byte	-104
 1820 06ff 02       		.byte	2
 1821 0700 9C       		.byte	-100
 1822 0701 01       		.byte	1
 1823 0702 A4       		.byte	-92
 1824 0703 02       		.byte	2
ARM GAS  C:\Users\Susanna\AppData\Local\Temp\cc3jboka.s 			page 33


 1825 0704 A8       		.byte	-88
 1826 0705 01       		.byte	1
 1827 0706 B0       		.byte	-80
 1828 0707 04       		.byte	4
 1829 0708 B2       		.byte	-78
 1830 0709 02       		.byte	2
 1831 070a B4       		.byte	-76
 1832 070b 01       		.byte	1
 1833 070c BE       		.byte	-66
 1834 070d 01       		.byte	1
 1835 070e C0       		.byte	-64
 1836 070f 14       		.byte	20
 1837 0710 C5       		.byte	-59
 1838 0711 EC       		.byte	-20
 1839 0712 C7       		.byte	-57
 1840 0713 20       		.byte	32
 1841 0714 C8       		.byte	-56
 1842 0715 23       		.byte	35
 1843 0716 C9       		.byte	-55
 1844 0717 FF       		.byte	-1
 1845 0718 CA       		.byte	-54
 1846 0719 FF       		.byte	-1
 1847 071a CB       		.byte	-53
 1848 071b FF       		.byte	-1
 1849 071c CF       		.byte	-49
 1850 071d 01       		.byte	1
 1851 071e D0       		.byte	-48
 1852 071f 18       		.byte	24
 1853 0720 D2       		.byte	-46
 1854 0721 80       		.byte	-128
 1855 0722 D4       		.byte	-44
 1856 0723 07       		.byte	7
 1857 0724 D8       		.byte	-40
 1858 0725 04       		.byte	4
 1859 0726 DA       		.byte	-38
 1860 0727 04       		.byte	4
 1861 0728 DB       		.byte	-37
 1862 0729 04       		.byte	4
 1863 072a DC       		.byte	-36
 1864 072b 04       		.byte	4
 1865 072c DD       		.byte	-35
 1866 072d 46       		.byte	70
 1867 072e DF       		.byte	-33
 1868 072f 01       		.byte	1
 1869 0730 E0       		.byte	-32
 1870 0731 40       		.byte	64
 1871 0732 E2       		.byte	-30
 1872 0733 40       		.byte	64
 1873 0734 E4       		.byte	-28
 1874 0735 40       		.byte	64
 1875 0736 E5       		.byte	-27
 1876 0737 40       		.byte	64
 1877 0738 E6       		.byte	-26
 1878 0739 80       		.byte	-128
 1879 073a E8       		.byte	-24
 1880 073b 80       		.byte	-128
 1881 073c EA       		.byte	-22
ARM GAS  C:\Users\Susanna\AppData\Local\Temp\cc3jboka.s 			page 34


 1882 073d 80       		.byte	-128
 1883 073e EC       		.byte	-20
 1884 073f 80       		.byte	-128
 1885 0740 EE       		.byte	-18
 1886 0741 80       		.byte	-128
 1887 0742 05       		.byte	5
 1888 0743 01       		.byte	1
 1889 0744 06       		.byte	6
 1890 0745 08       		.byte	8
 1891 0746 07       		.byte	7
 1892 0747 50       		.byte	80
 1893 0748 0A       		.byte	10
 1894 0749 84       		.byte	-124
 1895 074a 0C       		.byte	12
 1896 074b 80       		.byte	-128
 1897 074c 0D       		.byte	13
 1898 074d 02       		.byte	2
 1899 074e 0F       		.byte	15
 1900 074f 04       		.byte	4
 1901 0750 10       		.byte	16
 1902 0751 02       		.byte	2
 1903 0752 11       		.byte	17
 1904 0753 14       		.byte	20
 1905 0754 13       		.byte	19
 1906 0755 02       		.byte	2
 1907 0756 16       		.byte	22
 1908 0757 10       		.byte	16
 1909 0758 17       		.byte	23
 1910 0759 20       		.byte	32
 1911 075a 18       		.byte	24
 1912 075b 01       		.byte	1
 1913 075c 1A       		.byte	26
 1914 075d 94       		.byte	-108
 1915 075e 1E       		.byte	30
 1916 075f 40       		.byte	64
 1917 0760 1F       		.byte	31
 1918 0761 24       		.byte	36
 1919 0762 20       		.byte	32
 1920 0763 44       		.byte	68
 1921 0764 22       		.byte	34
 1922 0765 80       		.byte	-128
 1923 0766 2B       		.byte	43
 1924 0767 80       		.byte	-128
 1925 0768 31       		.byte	49
 1926 0769 04       		.byte	4
 1927 076a 34       		.byte	52
 1928 076b 08       		.byte	8
 1929 076c 35       		.byte	53
 1930 076d 04       		.byte	4
 1931 076e 38       		.byte	56
 1932 076f 08       		.byte	8
 1933 0770 39       		.byte	57
 1934 0771 80       		.byte	-128
 1935 0772 40       		.byte	64
 1936 0773 69       		.byte	105
 1937 0774 42       		.byte	66
 1938 0775 10       		.byte	16
ARM GAS  C:\Users\Susanna\AppData\Local\Temp\cc3jboka.s 			page 35


 1939 0776 45       		.byte	69
 1940 0777 02       		.byte	2
 1941 0778 47       		.byte	71
 1942 0779 40       		.byte	64
 1943 077a 4A       		.byte	74
 1944 077b 08       		.byte	8
 1945 077c 4D       		.byte	77
 1946 077d 0A       		.byte	10
 1947 077e 50       		.byte	80
 1948 077f 04       		.byte	4
 1949 0780 53       		.byte	83
 1950 0781 80       		.byte	-128
 1951 0782 55       		.byte	85
 1952 0783 02       		.byte	2
 1953 0784 59       		.byte	89
 1954 0785 0A       		.byte	10
 1955 0786 5A       		.byte	90
 1956 0787 40       		.byte	64
 1957 0788 5C       		.byte	92
 1958 0789 80       		.byte	-128
 1959 078a 5E       		.byte	94
 1960 078b 20       		.byte	32
 1961 078c 5F       		.byte	95
 1962 078d 09       		.byte	9
 1963 078e 71       		.byte	113
 1964 078f 01       		.byte	1
 1965 0790 76       		.byte	118
 1966 0791 80       		.byte	-128
 1967 0792 80       		.byte	-128
 1968 0793 80       		.byte	-128
 1969 0794 88       		.byte	-120
 1970 0795 02       		.byte	2
 1971 0796 89       		.byte	-119
 1972 0797 80       		.byte	-128
 1973 0798 8A       		.byte	-118
 1974 0799 24       		.byte	36
 1975 079a 8B       		.byte	-117
 1976 079b 05       		.byte	5
 1977 079c 8C       		.byte	-116
 1978 079d 80       		.byte	-128
 1979 079e 91       		.byte	-111
 1980 079f 94       		.byte	-108
 1981 07a0 93       		.byte	-109
 1982 07a1 05       		.byte	5
 1983 07a2 94       		.byte	-108
 1984 07a3 44       		.byte	68
 1985 07a4 96       		.byte	-106
 1986 07a5 80       		.byte	-128
 1987 07a6 99       		.byte	-103
 1988 07a7 04       		.byte	4
 1989 07a8 9A       		.byte	-102
 1990 07a9 18       		.byte	24
 1991 07aa 9B       		.byte	-101
 1992 07ab 3A       		.byte	58
 1993 07ac 9C       		.byte	-100
 1994 07ad 20       		.byte	32
 1995 07ae 9D       		.byte	-99
ARM GAS  C:\Users\Susanna\AppData\Local\Temp\cc3jboka.s 			page 36


 1996 07af 80       		.byte	-128
 1997 07b0 9E       		.byte	-98
 1998 07b1 A0       		.byte	-96
 1999 07b2 9F       		.byte	-97
 2000 07b3 01       		.byte	1
 2001 07b4 A2       		.byte	-94
 2002 07b5 18       		.byte	24
 2003 07b6 A6       		.byte	-90
 2004 07b7 80       		.byte	-128
 2005 07b8 A7       		.byte	-89
 2006 07b9 20       		.byte	32
 2007 07ba AF       		.byte	-81
 2008 07bb 09       		.byte	9
 2009 07bc C0       		.byte	-64
 2010 07bd 70       		.byte	112
 2011 07be C2       		.byte	-62
 2012 07bf DA       		.byte	-38
 2013 07c0 C4       		.byte	-60
 2014 07c1 6F       		.byte	111
 2015 07c2 CA       		.byte	-54
 2016 07c3 01       		.byte	1
 2017 07c4 CC       		.byte	-52
 2018 07c5 02       		.byte	2
 2019 07c6 CE       		.byte	-50
 2020 07c7 0A       		.byte	10
 2021 07c8 D0       		.byte	-48
 2022 07c9 9F       		.byte	-97
 2023 07ca D2       		.byte	-46
 2024 07cb 04       		.byte	4
 2025 07cc D6       		.byte	-42
 2026 07cd FB       		.byte	-5
 2027 07ce E0       		.byte	-32
 2028 07cf 18       		.byte	24
 2029 07d0 E2       		.byte	-30
 2030 07d1 80       		.byte	-128
 2031 07d2 E4       		.byte	-28
 2032 07d3 01       		.byte	1
 2033 07d4 E6       		.byte	-26
 2034 07d5 10       		.byte	16
 2035 07d6 EA       		.byte	-22
 2036 07d7 05       		.byte	5
 2037 07d8 30       		.byte	48
 2038 07d9 02       		.byte	2
 2039 07da 33       		.byte	51
 2040 07db 20       		.byte	32
 2041 07dc 37       		.byte	55
 2042 07dd 14       		.byte	20
 2043 07de 39       		.byte	57
 2044 07df 10       		.byte	16
 2045 07e0 89       		.byte	-119
 2046 07e1 10       		.byte	16
 2047 07e2 CC       		.byte	-52
 2048 07e3 F0       		.byte	-16
 2049 07e4 CE       		.byte	-50
 2050 07e5 10       		.byte	16
 2051 07e6 5F       		.byte	95
 2052 07e7 01       		.byte	1
ARM GAS  C:\Users\Susanna\AppData\Local\Temp\cc3jboka.s 			page 37


 2053 07e8 60       		.byte	96
 2054 07e9 08       		.byte	8
 2055 07ea 83       		.byte	-125
 2056 07eb 10       		.byte	16
 2057 07ec 9F       		.byte	-97
 2058 07ed 10       		.byte	16
 2059 07ee A4       		.byte	-92
 2060 07ef 02       		.byte	2
 2061 07f0 A7       		.byte	-89
 2062 07f1 20       		.byte	32
 2063 07f2 AB       		.byte	-85
 2064 07f3 04       		.byte	4
 2065 07f4 D6       		.byte	-42
 2066 07f5 80       		.byte	-128
 2067 07f6 D8       		.byte	-40
 2068 07f7 40       		.byte	64
 2069 07f8 E2       		.byte	-30
 2070 07f9 20       		.byte	32
 2071 07fa EA       		.byte	-22
 2072 07fb 80       		.byte	-128
 2073 07fc 3E       		.byte	62
 2074 07fd 10       		.byte	16
 2075 07fe 80       		.byte	-128
 2076 07ff 02       		.byte	2
 2077 0800 83       		.byte	-125
 2078 0801 01       		.byte	1
 2079 0802 88       		.byte	-120
 2080 0803 08       		.byte	8
 2081 0804 97       		.byte	-105
 2082 0805 01       		.byte	1
 2083 0806 9C       		.byte	-100
 2084 0807 08       		.byte	8
 2085 0808 A4       		.byte	-92
 2086 0809 02       		.byte	2
 2087 080a A7       		.byte	-89
 2088 080b 20       		.byte	32
 2089 080c CE       		.byte	-50
 2090 080d 20       		.byte	32
 2091 080e E2       		.byte	-30
 2092 080f A0       		.byte	-96
 2093 0810 94       		.byte	-108
 2094 0811 04       		.byte	4
 2095 0812 96       		.byte	-106
 2096 0813 10       		.byte	16
 2097 0814 A7       		.byte	-89
 2098 0815 20       		.byte	32
 2099 0816 A8       		.byte	-88
 2100 0817 04       		.byte	4
 2101 0818 E8       		.byte	-24
 2102 0819 20       		.byte	32
 2103 081a 13       		.byte	19
 2104 081b 01       		.byte	1
 2105 081c 7F       		.byte	127
 2106 081d 04       		.byte	4
 2107 081e C4       		.byte	-60
 2108 081f 08       		.byte	8
 2109 0820 DE       		.byte	-34
ARM GAS  C:\Users\Susanna\AppData\Local\Temp\cc3jboka.s 			page 38


 2110 0821 01       		.byte	1
 2111 0822 00       		.byte	0
 2112 0823 28       		.byte	40
 2113 0824 53       		.byte	83
 2114 0825 01       		.byte	1
 2115 0826 97       		.byte	-105
 2116 0827 08       		.byte	8
 2117 0828 AB       		.byte	-85
 2118 0829 01       		.byte	1
 2119 082a C0       		.byte	-64
 2120 082b 0A       		.byte	10
 2121 082c D4       		.byte	-44
 2122 082d 01       		.byte	1
 2123 082e 47       		.byte	71
 2124 082f 08       		.byte	8
 2125 0830 83       		.byte	-125
 2126 0831 01       		.byte	1
 2127 0832 97       		.byte	-105
 2128 0833 0A       		.byte	10
 2129 0834 B0       		.byte	-80
 2130 0835 14       		.byte	20
 2131 0836 D0       		.byte	-48
 2132 0837 01       		.byte	1
 2133 0838 EA       		.byte	-22
 2134 0839 04       		.byte	4
 2135 083a EE       		.byte	-18
 2136 083b 01       		.byte	1
 2137 083c 8B       		.byte	-117
 2138 083d 40       		.byte	64
 2139 083e 97       		.byte	-105
 2140 083f 08       		.byte	8
 2141 0840 AB       		.byte	-85
 2142 0841 08       		.byte	8
 2143 0842 E0       		.byte	-32
 2144 0843 04       		.byte	4
 2145 0844 24       		.byte	36
 2146 0845 04       		.byte	4
 2147 0846 81       		.byte	-127
 2148 0847 08       		.byte	8
 2149 0848 94       		.byte	-108
 2150 0849 04       		.byte	4
 2151 084a 96       		.byte	-106
 2152 084b 10       		.byte	16
 2153 084c A7       		.byte	-89
 2154 084d 20       		.byte	32
 2155 084e C8       		.byte	-56
 2156 084f 20       		.byte	32
 2157 0850 E6       		.byte	-26
 2158 0851 20       		.byte	32
 2159 0852 12       		.byte	18
 2160 0853 20       		.byte	32
 2161 0854 16       		.byte	22
 2162 0855 40       		.byte	64
 2163 0856 59       		.byte	89
 2164 0857 08       		.byte	8
 2165 0858 65       		.byte	101
 2166 0859 40       		.byte	64
ARM GAS  C:\Users\Susanna\AppData\Local\Temp\cc3jboka.s 			page 39


 2167 085a 66       		.byte	102
 2168 085b 02       		.byte	2
 2169 085c 74       		.byte	116
 2170 085d 08       		.byte	8
 2171 085e 7B       		.byte	123
 2172 085f 02       		.byte	2
 2173 0860 82       		.byte	-126
 2174 0861 20       		.byte	32
 2175 0862 86       		.byte	-122
 2176 0863 40       		.byte	64
 2177 0864 89       		.byte	-119
 2178 0865 40       		.byte	64
 2179 0866 8C       		.byte	-116
 2180 0867 08       		.byte	8
 2181 0868 99       		.byte	-103
 2182 0869 08       		.byte	8
 2183 086a 9A       		.byte	-102
 2184 086b 02       		.byte	2
 2185 086c A3       		.byte	-93
 2186 086d 02       		.byte	2
 2187 086e AA       		.byte	-86
 2188 086f 10       		.byte	16
 2189 0870 AB       		.byte	-85
 2190 0871 02       		.byte	2
 2191 0872 AF       		.byte	-81
 2192 0873 20       		.byte	32
 2193 0874 B6       		.byte	-74
 2194 0875 02       		.byte	2
 2195 0876 C4       		.byte	-60
 2196 0877 30       		.byte	48
 2197 0878 D6       		.byte	-42
 2198 0879 C0       		.byte	-64
 2199 087a D8       		.byte	-40
 2200 087b 80       		.byte	-128
 2201 087c DC       		.byte	-36
 2202 087d 80       		.byte	-128
 2203 087e DE       		.byte	-34
 2204 087f 20       		.byte	32
 2205 0880 E0       		.byte	-32
 2206 0881 10       		.byte	16
 2207 0882 E4       		.byte	-28
 2208 0883 80       		.byte	-128
 2209 0884 EA       		.byte	-22
 2210 0885 A0       		.byte	-96
 2211 0886 EE       		.byte	-18
 2212 0887 10       		.byte	16
 2213 0888 13       		.byte	19
 2214 0889 28       		.byte	40
 2215 088a 17       		.byte	23
 2216 088b 04       		.byte	4
 2217 088c 7B       		.byte	123
 2218 088d 10       		.byte	16
 2219 088e 7F       		.byte	127
 2220 088f 40       		.byte	64
 2221 0890 93       		.byte	-109
 2222 0891 40       		.byte	64
 2223 0892 B3       		.byte	-77
ARM GAS  C:\Users\Susanna\AppData\Local\Temp\cc3jboka.s 			page 40


 2224 0893 04       		.byte	4
 2225 0894 C4       		.byte	-60
 2226 0895 0E       		.byte	14
 2227 0896 DE       		.byte	-34
 2228 0897 03       		.byte	3
 2229 0898 E8       		.byte	-24
 2230 0899 01       		.byte	1
 2231 089a 10       		.byte	16
 2232 089b 80       		.byte	-128
 2233 089c 73       		.byte	115
 2234 089d 40       		.byte	64
 2235 089e 83       		.byte	-125
 2236 089f 10       		.byte	16
 2237 08a0 87       		.byte	-121
 2238 08a1 40       		.byte	64
 2239 08a2 88       		.byte	-120
 2240 08a3 80       		.byte	-128
 2241 08a4 8F       		.byte	-113
 2242 08a5 04       		.byte	4
 2243 08a6 93       		.byte	-109
 2244 08a7 40       		.byte	64
 2245 08a8 97       		.byte	-105
 2246 08a9 80       		.byte	-128
 2247 08aa 9B       		.byte	-101
 2248 08ab 04       		.byte	4
 2249 08ac A7       		.byte	-89
 2250 08ad 10       		.byte	16
 2251 08ae AB       		.byte	-85
 2252 08af 28       		.byte	40
 2253 08b0 C4       		.byte	-60
 2254 08b1 08       		.byte	8
 2255 08b2 DC       		.byte	-36
 2256 08b3 01       		.byte	1
 2257 08b4 E6       		.byte	-26
 2258 08b5 09       		.byte	9
 2259 08b6 00       		.byte	0
 2260 08b7 5E       		.byte	94
 2261 08b8 08       		.byte	8
 2262 08b9 02       		.byte	2
 2263 08ba 0A       		.byte	10
 2264 08bb 1E       		.byte	30
 2265 08bc 0C       		.byte	12
 2266 08bd 4C       		.byte	76
 2267 08be 10       		.byte	16
 2268 08bf 7C       		.byte	124
 2269 08c0 1C       		.byte	28
 2270 08c1 7C       		.byte	124
 2271 08c2 00       		.byte	0
 2272 08c3 FF       		.byte	-1
 2273 08c4 01       		.byte	1
 2274 08c5 03       		.byte	3
 2275 08c6 03       		.byte	3
 2276 08c7 C0       		.byte	-64
 2277 08c8 02       		.byte	2
 2278 08c9 80       		.byte	-128
 2279 08ca 00       		.byte	0
 2280 08cb 00       		.byte	0
ARM GAS  C:\Users\Susanna\AppData\Local\Temp\cc3jboka.s 			page 41


 2281 08cc 43       		.byte	67
 2282 08cd 00       		.byte	0
 2283 08ce 00       		.byte	0
 2284 08cf 00       		.byte	0
 2285 08d0 9A       		.byte	-102
 2286 08d1 1D       		.byte	29
 2287 08d2 00       		.byte	0
 2288 08d3 00       		.byte	0
 2289 08d4 38       		.byte	56
 2290 08d5 1D       		.byte	29
 2291 08d6 C0       		.byte	-64
 2292 08d7 00       		.byte	0
 2293 08d8 FC       		.byte	-4
 2294 08d9 02       		.byte	2
 2295 08da 03       		.byte	3
 2296 08db 04       		.byte	4
 2297 08dc 9A       		.byte	-102
 2298 08dd 01       		.byte	1
 2299 08de 00       		.byte	0
 2300 08df 02       		.byte	2
 2301 08e0 00       		.byte	0
 2302 08e1 0D       		.byte	13
 2303 08e2 00       		.byte	0
 2304 08e3 10       		.byte	16
 2305 08e4 21       		.byte	33
 2306 08e5 1D       		.byte	29
 2307 08e6 D8       		.byte	-40
 2308 08e7 00       		.byte	0
 2309 08e8 02       		.byte	2
 2310 08e9 00       		.byte	0
 2311 08ea 00       		.byte	0
 2312 08eb 00       		.byte	0
 2313 08ec 00       		.byte	0
 2314 08ed 02       		.byte	2
 2315 08ee 00       		.byte	0
 2316 08ef 0D       		.byte	13
 2317 08f0 98       		.byte	-104
 2318 08f1 00       		.byte	0
 2319 08f2 02       		.byte	2
 2320 08f3 10       		.byte	16
 2321 08f4 02       		.byte	2
 2322 08f5 1D       		.byte	29
 2323 08f6 98       		.byte	-104
 2324 08f7 00       		.byte	0
 2325 08f8 98       		.byte	-104
 2326 08f9 02       		.byte	2
 2327 08fa 02       		.byte	2
 2328 08fb 08       		.byte	8
 2329 08fc 13       		.byte	19
 2330 08fd 00       		.byte	0
 2331 08fe 64       		.byte	100
 2332 08ff 00       		.byte	0
 2333 0900 00       		.byte	0
 2334 0901 00       		.byte	0
 2335 0902 E0       		.byte	-32
 2336 0903 00       		.byte	0
 2337 0904 0F       		.byte	15
ARM GAS  C:\Users\Susanna\AppData\Local\Temp\cc3jboka.s 			page 42


 2338 0905 10       		.byte	16
 2339 0906 13       		.byte	19
 2340 0907 0F       		.byte	15
 2341 0908 00       		.byte	0
 2342 0909 00       		.byte	0
 2343 090a 28       		.byte	40
 2344 090b 80       		.byte	-128
 2345 090c 00       		.byte	0
 2346 090d 00       		.byte	0
 2347 090e 00       		.byte	0
 2348 090f 10       		.byte	16
 2349 0910 63       		.byte	99
 2350 0911 05       		.byte	5
 2351 0912 20       		.byte	32
 2352 0913 00       		.byte	0
 2353 0914 04       		.byte	4
 2354 0915 DE       		.byte	-34
 2355 0916 F0       		.byte	-16
 2356 0917 BC       		.byte	-68
 2357 0918 3B       		.byte	59
 2358 0919 FF       		.byte	-1
 2359 091a FF       		.byte	-1
 2360 091b FF       		.byte	-1
 2361 091c 22       		.byte	34
 2362 091d 00       		.byte	0
 2363 091e F0       		.byte	-16
 2364 091f 08       		.byte	8
 2365 0920 04       		.byte	4
 2366 0921 00       		.byte	0
 2367 0922 00       		.byte	0
 2368 0923 00       		.byte	0
 2369 0924 40       		.byte	64
 2370 0925 00       		.byte	0
 2371 0926 04       		.byte	4
 2372 0927 00       		.byte	0
 2373 0928 04       		.byte	4
 2374 0929 04       		.byte	4
 2375 092a 04       		.byte	4
 2376 092b 04       		.byte	4
 2377 092c 11       		.byte	17
 2378 092d 11       		.byte	17
 2379 092e 00       		.byte	0
 2380 092f 01       		.byte	1
 2381 0930 00       		.byte	0
 2382 0931 00       		.byte	0
 2383 0932 C0       		.byte	-64
 2384 0933 00       		.byte	0
 2385 0934 40       		.byte	64
 2386 0935 01       		.byte	1
 2387 0936 10       		.byte	16
 2388 0937 11       		.byte	17
 2389 0938 C0       		.byte	-64
 2390 0939 01       		.byte	1
 2391 093a 00       		.byte	0
 2392 093b 11       		.byte	17
 2393 093c 40       		.byte	64
 2394 093d 01       		.byte	1
ARM GAS  C:\Users\Susanna\AppData\Local\Temp\cc3jboka.s 			page 43


 2395 093e 40       		.byte	64
 2396 093f 01       		.byte	1
 2397 0940 00       		.byte	0
 2398 0941 00       		.byte	0
 2399 0942 00       		.byte	0
 2400 0943 00       		.byte	0
 2401 0944 00       		.byte	0
 2402 0945 00       		.byte	0
 2403 0946 00       		.byte	0
 2404 0947 00       		.byte	0
 2405 0948 00       		.byte	0
 2406 0949 00       		.byte	0
 2407 094a 00       		.byte	0
 2408 094b 00       		.byte	0
 2409 094c 00       		.byte	0
 2410 094d 00       		.byte	0
 2411 094e 00       		.byte	0
 2412 094f 00       		.byte	0
 2413 0950 00       		.byte	0
 2414 0951 60       		.byte	96
 2415 0952 60       		.byte	96
 2416 0953 00       		.byte	0
 2417 0954 60       		.byte	96
 2418 0955 00       		.byte	0
 2419 0956 00       		.byte	0
 2420 0957 00       		.byte	0
 2421 0958 93       		.byte	-109
 2422 0959 00       		.byte	0
 2423 095a 50       		.byte	80
 2424 095b 80       		.byte	-128
 2425 095c 83       		.byte	-125
 2426 095d 00       		.byte	0
 2427 095e 83       		.byte	-125
 2428 095f 00       		.byte	0
 2429 0960 00       		.byte	0
 2430 0961 00       		.byte	0
 2431 0962 00       		.byte	0
 2432 0963 00       		.byte	0
 2433 0964 00       		.byte	0
 2434 0965 0B       		.byte	11
 2435 0966 0B       		.byte	11
 2436 0967 00       		.byte	0
 2437 0968 00       		.byte	0
 2438 0969 00       		.byte	0
 2439 096a 00       		.byte	0
 2440 096b 00       		.byte	0
 2441 096c 14       		.byte	20
 2442 096d 00       		.byte	0
 2443 096e 01       		.byte	1
 2444 096f 16       		.byte	22
 2445 0970 12       		.byte	18
 2446 0971 00       		.byte	0
 2447 0972 02       		.byte	2
 2448 0973 00       		.byte	0
 2449 0974 00       		.byte	0
 2450 0975 00       		.byte	0
 2451 0976 00       		.byte	0
ARM GAS  C:\Users\Susanna\AppData\Local\Temp\cc3jboka.s 			page 44


 2452 0977 00       		.byte	0
 2453 0978 E0       		.byte	-32
 2454 0979 00       		.byte	0
 2455 097a 04       		.byte	4
 2456 097b E0       		.byte	-32
 2457 097c E0       		.byte	-32
 2458 097d 00       		.byte	0
 2459 097e E0       		.byte	-32
 2460 097f 00       		.byte	0
 2461 0980 08       		.byte	8
 2462 0981 00       		.byte	0
 2463 0982 00       		.byte	0
 2464 0983 00       		.byte	0
 2465 0984 25       		.byte	37
 2466 0985 00       		.byte	0
 2467 0986 18       		.byte	24
 2468 0987 01       		.byte	1
 2469              		.section	.cywolatch,"a",%progbits
 2470              		.align	2
 2471              		.type	cy_meta_wonvl, %object
 2472              		.size	cy_meta_wonvl, 4
 2473              	cy_meta_wonvl:
 2474 0000 BC       		.byte	-68
 2475 0001 90       		.byte	-112
 2476 0002 AC       		.byte	-84
 2477 0003 AF       		.byte	-81
 2478              		.section	.cycustnvl,"a",%progbits
 2479              		.align	2
 2480              		.type	cy_meta_custnvl, %object
 2481              		.size	cy_meta_custnvl, 4
 2482              	cy_meta_custnvl:
 2483 0000 00       		.byte	0
 2484 0001 00       		.byte	0
 2485 0002 40       		.byte	64
 2486 0003 05       		.byte	5
 2487              		.section	.cymeta,"a",%progbits
 2488              		.align	2
 2489              		.type	cy_metadata, %object
 2490              		.size	cy_metadata, 12
 2491              	cy_metadata:
 2492 0000 00       		.byte	0
 2493 0001 01       		.byte	1
 2494 0002 2E       		.byte	46
 2495 0003 16       		.byte	22
 2496 0004 10       		.byte	16
 2497 0005 69       		.byte	105
 2498 0006 00       		.byte	0
 2499 0007 01       		.byte	1
 2500 0008 00       		.byte	0
 2501 0009 00       		.byte	0
 2502 000a 00       		.byte	0
 2503 000b 00       		.byte	0
 2504              		.section	.cyflashprotect,"a",%progbits
 2505              		.align	2
 2506              		.type	cy_meta_flashprotect, %object
 2507              		.size	cy_meta_flashprotect, 256
 2508              	cy_meta_flashprotect:
ARM GAS  C:\Users\Susanna\AppData\Local\Temp\cc3jboka.s 			page 45


 2509 0000 00000000 		.space	256
 2509      00000000 
 2509      00000000 
 2509      00000000 
 2509      00000000 
 2510              		.text
 2511              	.Letext0:
 2512              		.file 1 "c:\\program files (x86)\\cypress\\psoc creator\\4.3\\psoc creator\\import\\gnu\\arm\\5.4.
 2513              		.file 2 "c:\\program files (x86)\\cypress\\psoc creator\\4.3\\psoc creator\\import\\gnu\\arm\\5.4.
 2514              		.file 3 "Generated_Source\\PSoC5\\cymetadata.c"
 2515              		.section	.debug_info,"",%progbits
 2516              	.Ldebug_info0:
 2517 0000 35010000 		.4byte	0x135
 2518 0004 0400     		.2byte	0x4
 2519 0006 00000000 		.4byte	.Ldebug_abbrev0
 2520 000a 04       		.byte	0x4
 2521 000b 01       		.uleb128 0x1
 2522 000c 2C000000 		.4byte	.LASF17
 2523 0010 0C       		.byte	0xc
 2524 0011 ED010000 		.4byte	.LASF18
 2525 0015 25010000 		.4byte	.LASF19
 2526 0019 00000000 		.4byte	.Ldebug_line0
 2527 001d 02       		.uleb128 0x2
 2528 001e 01       		.byte	0x1
 2529 001f 06       		.byte	0x6
 2530 0020 E1010000 		.4byte	.LASF0
 2531 0024 03       		.uleb128 0x3
 2532 0025 00000000 		.4byte	.LASF9
 2533 0029 01       		.byte	0x1
 2534 002a 1D       		.byte	0x1d
 2535 002b 2F000000 		.4byte	0x2f
 2536 002f 02       		.uleb128 0x2
 2537 0030 01       		.byte	0x1
 2538 0031 08       		.byte	0x8
 2539 0032 1E000000 		.4byte	.LASF1
 2540 0036 02       		.uleb128 0x2
 2541 0037 02       		.byte	0x2
 2542 0038 05       		.byte	0x5
 2543 0039 CE010000 		.4byte	.LASF2
 2544 003d 02       		.uleb128 0x2
 2545 003e 02       		.byte	0x2
 2546 003f 07       		.byte	0x7
 2547 0040 CC000000 		.4byte	.LASF3
 2548 0044 02       		.uleb128 0x2
 2549 0045 04       		.byte	0x4
 2550 0046 05       		.byte	0x5
 2551 0047 D8010000 		.4byte	.LASF4
 2552 004b 02       		.uleb128 0x2
 2553 004c 04       		.byte	0x4
 2554 004d 07       		.byte	0x7
 2555 004e BA000000 		.4byte	.LASF5
 2556 0052 02       		.uleb128 0x2
 2557 0053 08       		.byte	0x8
 2558 0054 05       		.byte	0x5
 2559 0055 C0010000 		.4byte	.LASF6
 2560 0059 02       		.uleb128 0x2
 2561 005a 08       		.byte	0x8
ARM GAS  C:\Users\Susanna\AppData\Local\Temp\cc3jboka.s 			page 46


 2562 005b 07       		.byte	0x7
 2563 005c 0E010000 		.4byte	.LASF7
 2564 0060 04       		.uleb128 0x4
 2565 0061 04       		.byte	0x4
 2566 0062 05       		.byte	0x5
 2567 0063 696E7400 		.ascii	"int\000"
 2568 0067 02       		.uleb128 0x2
 2569 0068 04       		.byte	0x4
 2570 0069 07       		.byte	0x7
 2571 006a 01010000 		.4byte	.LASF8
 2572 006e 03       		.uleb128 0x3
 2573 006f 0A000000 		.4byte	.LASF10
 2574 0073 02       		.byte	0x2
 2575 0074 18       		.byte	0x18
 2576 0075 24000000 		.4byte	0x24
 2577 0079 05       		.uleb128 0x5
 2578 007a 91000000 		.4byte	0x91
 2579 007e 8A000000 		.4byte	0x8a
 2580 0082 06       		.uleb128 0x6
 2581 0083 8A000000 		.4byte	0x8a
 2582 0087 8709     		.2byte	0x987
 2583 0089 00       		.byte	0
 2584 008a 02       		.uleb128 0x2
 2585 008b 04       		.byte	0x4
 2586 008c 07       		.byte	0x7
 2587 008d B7010000 		.4byte	.LASF11
 2588 0091 07       		.uleb128 0x7
 2589 0092 6E000000 		.4byte	0x6e
 2590 0096 08       		.uleb128 0x8
 2591 0097 EF000000 		.4byte	.LASF12
 2592 009b 03       		.byte	0x3
 2593 009c 1F       		.byte	0x1f
 2594 009d A7000000 		.4byte	0xa7
 2595 00a1 05       		.uleb128 0x5
 2596 00a2 03       		.byte	0x3
 2597 00a3 00000000 		.4byte	cy_meta_configecc
 2598 00a7 07       		.uleb128 0x7
 2599 00a8 79000000 		.4byte	0x79
 2600 00ac 05       		.uleb128 0x5
 2601 00ad 91000000 		.4byte	0x91
 2602 00b1 BC000000 		.4byte	0xbc
 2603 00b5 09       		.uleb128 0x9
 2604 00b6 8A000000 		.4byte	0x8a
 2605 00ba 03       		.byte	0x3
 2606 00bb 00       		.byte	0
 2607 00bc 0A       		.uleb128 0xa
 2608 00bd DF000000 		.4byte	.LASF13
 2609 00c1 03       		.byte	0x3
 2610 00c2 5D01     		.2byte	0x15d
 2611 00c4 CE000000 		.4byte	0xce
 2612 00c8 05       		.uleb128 0x5
 2613 00c9 03       		.byte	0x3
 2614 00ca 00000000 		.4byte	cy_meta_custnvl
 2615 00ce 07       		.uleb128 0x7
 2616 00cf AC000000 		.4byte	0xac
 2617 00d3 0A       		.uleb128 0xa
 2618 00d4 A9010000 		.4byte	.LASF14
ARM GAS  C:\Users\Susanna\AppData\Local\Temp\cc3jboka.s 			page 47


 2619 00d8 03       		.byte	0x3
 2620 00d9 6B01     		.2byte	0x16b
 2621 00db E5000000 		.4byte	0xe5
 2622 00df 05       		.uleb128 0x5
 2623 00e0 03       		.byte	0x3
 2624 00e1 00000000 		.4byte	cy_meta_wonvl
 2625 00e5 07       		.uleb128 0x7
 2626 00e6 AC000000 		.4byte	0xac
 2627 00ea 05       		.uleb128 0x5
 2628 00eb 91000000 		.4byte	0x91
 2629 00ef FA000000 		.4byte	0xfa
 2630 00f3 09       		.uleb128 0x9
 2631 00f4 8A000000 		.4byte	0x8a
 2632 00f8 FF       		.byte	0xff
 2633 00f9 00       		.byte	0
 2634 00fa 0A       		.uleb128 0xa
 2635 00fb 94010000 		.4byte	.LASF15
 2636 00ff 03       		.byte	0x3
 2637 0100 7901     		.2byte	0x179
 2638 0102 0C010000 		.4byte	0x10c
 2639 0106 05       		.uleb128 0x5
 2640 0107 03       		.byte	0x3
 2641 0108 00000000 		.4byte	cy_meta_flashprotect
 2642 010c 07       		.uleb128 0x7
 2643 010d EA000000 		.4byte	0xea
 2644 0111 05       		.uleb128 0x5
 2645 0112 91000000 		.4byte	0x91
 2646 0116 21010000 		.4byte	0x121
 2647 011a 09       		.uleb128 0x9
 2648 011b 8A000000 		.4byte	0x8a
 2649 011f 0B       		.byte	0xb
 2650 0120 00       		.byte	0
 2651 0121 0A       		.uleb128 0xa
 2652 0122 12000000 		.4byte	.LASF16
 2653 0126 03       		.byte	0x3
 2654 0127 A601     		.2byte	0x1a6
 2655 0129 33010000 		.4byte	0x133
 2656 012d 05       		.uleb128 0x5
 2657 012e 03       		.byte	0x3
 2658 012f 00000000 		.4byte	cy_metadata
 2659 0133 07       		.uleb128 0x7
 2660 0134 11010000 		.4byte	0x111
 2661 0138 00       		.byte	0
 2662              		.section	.debug_abbrev,"",%progbits
 2663              	.Ldebug_abbrev0:
 2664 0000 01       		.uleb128 0x1
 2665 0001 11       		.uleb128 0x11
 2666 0002 01       		.byte	0x1
 2667 0003 25       		.uleb128 0x25
 2668 0004 0E       		.uleb128 0xe
 2669 0005 13       		.uleb128 0x13
 2670 0006 0B       		.uleb128 0xb
 2671 0007 03       		.uleb128 0x3
 2672 0008 0E       		.uleb128 0xe
 2673 0009 1B       		.uleb128 0x1b
 2674 000a 0E       		.uleb128 0xe
 2675 000b 10       		.uleb128 0x10
ARM GAS  C:\Users\Susanna\AppData\Local\Temp\cc3jboka.s 			page 48


 2676 000c 17       		.uleb128 0x17
 2677 000d 00       		.byte	0
 2678 000e 00       		.byte	0
 2679 000f 02       		.uleb128 0x2
 2680 0010 24       		.uleb128 0x24
 2681 0011 00       		.byte	0
 2682 0012 0B       		.uleb128 0xb
 2683 0013 0B       		.uleb128 0xb
 2684 0014 3E       		.uleb128 0x3e
 2685 0015 0B       		.uleb128 0xb
 2686 0016 03       		.uleb128 0x3
 2687 0017 0E       		.uleb128 0xe
 2688 0018 00       		.byte	0
 2689 0019 00       		.byte	0
 2690 001a 03       		.uleb128 0x3
 2691 001b 16       		.uleb128 0x16
 2692 001c 00       		.byte	0
 2693 001d 03       		.uleb128 0x3
 2694 001e 0E       		.uleb128 0xe
 2695 001f 3A       		.uleb128 0x3a
 2696 0020 0B       		.uleb128 0xb
 2697 0021 3B       		.uleb128 0x3b
 2698 0022 0B       		.uleb128 0xb
 2699 0023 49       		.uleb128 0x49
 2700 0024 13       		.uleb128 0x13
 2701 0025 00       		.byte	0
 2702 0026 00       		.byte	0
 2703 0027 04       		.uleb128 0x4
 2704 0028 24       		.uleb128 0x24
 2705 0029 00       		.byte	0
 2706 002a 0B       		.uleb128 0xb
 2707 002b 0B       		.uleb128 0xb
 2708 002c 3E       		.uleb128 0x3e
 2709 002d 0B       		.uleb128 0xb
 2710 002e 03       		.uleb128 0x3
 2711 002f 08       		.uleb128 0x8
 2712 0030 00       		.byte	0
 2713 0031 00       		.byte	0
 2714 0032 05       		.uleb128 0x5
 2715 0033 01       		.uleb128 0x1
 2716 0034 01       		.byte	0x1
 2717 0035 49       		.uleb128 0x49
 2718 0036 13       		.uleb128 0x13
 2719 0037 01       		.uleb128 0x1
 2720 0038 13       		.uleb128 0x13
 2721 0039 00       		.byte	0
 2722 003a 00       		.byte	0
 2723 003b 06       		.uleb128 0x6
 2724 003c 21       		.uleb128 0x21
 2725 003d 00       		.byte	0
 2726 003e 49       		.uleb128 0x49
 2727 003f 13       		.uleb128 0x13
 2728 0040 2F       		.uleb128 0x2f
 2729 0041 05       		.uleb128 0x5
 2730 0042 00       		.byte	0
 2731 0043 00       		.byte	0
 2732 0044 07       		.uleb128 0x7
ARM GAS  C:\Users\Susanna\AppData\Local\Temp\cc3jboka.s 			page 49


 2733 0045 26       		.uleb128 0x26
 2734 0046 00       		.byte	0
 2735 0047 49       		.uleb128 0x49
 2736 0048 13       		.uleb128 0x13
 2737 0049 00       		.byte	0
 2738 004a 00       		.byte	0
 2739 004b 08       		.uleb128 0x8
 2740 004c 34       		.uleb128 0x34
 2741 004d 00       		.byte	0
 2742 004e 03       		.uleb128 0x3
 2743 004f 0E       		.uleb128 0xe
 2744 0050 3A       		.uleb128 0x3a
 2745 0051 0B       		.uleb128 0xb
 2746 0052 3B       		.uleb128 0x3b
 2747 0053 0B       		.uleb128 0xb
 2748 0054 49       		.uleb128 0x49
 2749 0055 13       		.uleb128 0x13
 2750 0056 3F       		.uleb128 0x3f
 2751 0057 19       		.uleb128 0x19
 2752 0058 02       		.uleb128 0x2
 2753 0059 18       		.uleb128 0x18
 2754 005a 00       		.byte	0
 2755 005b 00       		.byte	0
 2756 005c 09       		.uleb128 0x9
 2757 005d 21       		.uleb128 0x21
 2758 005e 00       		.byte	0
 2759 005f 49       		.uleb128 0x49
 2760 0060 13       		.uleb128 0x13
 2761 0061 2F       		.uleb128 0x2f
 2762 0062 0B       		.uleb128 0xb
 2763 0063 00       		.byte	0
 2764 0064 00       		.byte	0
 2765 0065 0A       		.uleb128 0xa
 2766 0066 34       		.uleb128 0x34
 2767 0067 00       		.byte	0
 2768 0068 03       		.uleb128 0x3
 2769 0069 0E       		.uleb128 0xe
 2770 006a 3A       		.uleb128 0x3a
 2771 006b 0B       		.uleb128 0xb
 2772 006c 3B       		.uleb128 0x3b
 2773 006d 05       		.uleb128 0x5
 2774 006e 49       		.uleb128 0x49
 2775 006f 13       		.uleb128 0x13
 2776 0070 3F       		.uleb128 0x3f
 2777 0071 19       		.uleb128 0x19
 2778 0072 02       		.uleb128 0x2
 2779 0073 18       		.uleb128 0x18
 2780 0074 00       		.byte	0
 2781 0075 00       		.byte	0
 2782 0076 00       		.byte	0
 2783              		.section	.debug_aranges,"",%progbits
 2784 0000 14000000 		.4byte	0x14
 2785 0004 0200     		.2byte	0x2
 2786 0006 00000000 		.4byte	.Ldebug_info0
 2787 000a 04       		.byte	0x4
 2788 000b 00       		.byte	0
 2789 000c 0000     		.2byte	0
ARM GAS  C:\Users\Susanna\AppData\Local\Temp\cc3jboka.s 			page 50


 2790 000e 0000     		.2byte	0
 2791 0010 00000000 		.4byte	0
 2792 0014 00000000 		.4byte	0
 2793              		.section	.debug_line,"",%progbits
 2794              	.Ldebug_line0:
 2795 0000 3D010000 		.section	.debug_str,"MS",%progbits,1
 2795      02003701 
 2795      00000201 
 2795      FB0E0D00 
 2795      01010101 
 2796              	.LASF9:
 2797 0000 5F5F7569 		.ascii	"__uint8_t\000"
 2797      6E74385F 
 2797      7400
 2798              	.LASF10:
 2799 000a 75696E74 		.ascii	"uint8_t\000"
 2799      385F7400 
 2800              	.LASF16:
 2801 0012 63795F6D 		.ascii	"cy_metadata\000"
 2801      65746164 
 2801      61746100 
 2802              	.LASF1:
 2803 001e 756E7369 		.ascii	"unsigned char\000"
 2803      676E6564 
 2803      20636861 
 2803      7200
 2804              	.LASF17:
 2805 002c 474E5520 		.ascii	"GNU C11 5.4.1 20160609 (release) [ARM/embedded-5-br"
 2805      43313120 
 2805      352E342E 
 2805      31203230 
 2805      31363036 
 2806 005f 616E6368 		.ascii	"anch revision 237715] -mcpu=cortex-m3 -mthumb -g -O"
 2806      20726576 
 2806      6973696F 
 2806      6E203233 
 2806      37373135 
 2807 0092 67202D66 		.ascii	"g -ffunction-sections -ffat-lto-objects\000"
 2807      66756E63 
 2807      74696F6E 
 2807      2D736563 
 2807      74696F6E 
 2808              	.LASF5:
 2809 00ba 6C6F6E67 		.ascii	"long unsigned int\000"
 2809      20756E73 
 2809      69676E65 
 2809      6420696E 
 2809      7400
 2810              	.LASF3:
 2811 00cc 73686F72 		.ascii	"short unsigned int\000"
 2811      7420756E 
 2811      7369676E 
 2811      65642069 
 2811      6E7400
 2812              	.LASF13:
 2813 00df 63795F6D 		.ascii	"cy_meta_custnvl\000"
 2813      6574615F 
ARM GAS  C:\Users\Susanna\AppData\Local\Temp\cc3jboka.s 			page 51


 2813      63757374 
 2813      6E766C00 
 2814              	.LASF12:
 2815 00ef 63795F6D 		.ascii	"cy_meta_configecc\000"
 2815      6574615F 
 2815      636F6E66 
 2815      69676563 
 2815      6300
 2816              	.LASF8:
 2817 0101 756E7369 		.ascii	"unsigned int\000"
 2817      676E6564 
 2817      20696E74 
 2817      00
 2818              	.LASF7:
 2819 010e 6C6F6E67 		.ascii	"long long unsigned int\000"
 2819      206C6F6E 
 2819      6720756E 
 2819      7369676E 
 2819      65642069 
 2820              	.LASF19:
 2821 0125 433A5C55 		.ascii	"C:\\Users\\Susanna\\Desktop\\Final_Project_DiGiacom"
 2821      73657273 
 2821      5C537573 
 2821      616E6E61 
 2821      5C446573 
 2822 0154 6F5F5061 		.ascii	"o_Palmieri\\Final_Project_DiGiacomoPalmieri\\Final_"
 2822      6C6D6965 
 2822      72695C46 
 2822      696E616C 
 2822      5F50726F 
 2823 0185 50726F6A 		.ascii	"Project_.cydsn\000"
 2823      6563745F 
 2823      2E637964 
 2823      736E00
 2824              	.LASF15:
 2825 0194 63795F6D 		.ascii	"cy_meta_flashprotect\000"
 2825      6574615F 
 2825      666C6173 
 2825      6870726F 
 2825      74656374 
 2826              	.LASF14:
 2827 01a9 63795F6D 		.ascii	"cy_meta_wonvl\000"
 2827      6574615F 
 2827      776F6E76 
 2827      6C00
 2828              	.LASF11:
 2829 01b7 73697A65 		.ascii	"sizetype\000"
 2829      74797065 
 2829      00
 2830              	.LASF6:
 2831 01c0 6C6F6E67 		.ascii	"long long int\000"
 2831      206C6F6E 
 2831      6720696E 
 2831      7400
 2832              	.LASF2:
 2833 01ce 73686F72 		.ascii	"short int\000"
 2833      7420696E 
ARM GAS  C:\Users\Susanna\AppData\Local\Temp\cc3jboka.s 			page 52


 2833      7400
 2834              	.LASF4:
 2835 01d8 6C6F6E67 		.ascii	"long int\000"
 2835      20696E74 
 2835      00
 2836              	.LASF0:
 2837 01e1 7369676E 		.ascii	"signed char\000"
 2837      65642063 
 2837      68617200 
 2838              	.LASF18:
 2839 01ed 47656E65 		.ascii	"Generated_Source\\PSoC5\\cymetadata.c\000"
 2839      72617465 
 2839      645F536F 
 2839      75726365 
 2839      5C50536F 
 2840              		.ident	"GCC: (GNU Tools for ARM Embedded Processors) 5.4.1 20160609 (release) [ARM/embedded-5-bran
