ARM GAS  C:\Users\Susanna\AppData\Local\Temp\ccc9qiSm.s 			page 1


   1              		.syntax unified
   2              		.cpu cortex-m3
   3              		.fpu softvfp
   4              		.eabi_attribute 20, 1
   5              		.eabi_attribute 21, 1
   6              		.eabi_attribute 23, 3
   7              		.eabi_attribute 24, 1
   8              		.eabi_attribute 25, 1
   9              		.eabi_attribute 26, 1
  10              		.eabi_attribute 30, 1
  11              		.eabi_attribute 34, 1
  12              		.eabi_attribute 18, 4
  13              		.thumb
  14              		.syntax unified
  15              		.file	"SW_State.c"
  16              		.text
  17              	.Ltext0:
  18              		.cfi_sections	.debug_frame
  19              		.section	.text.Switch_State,"ax",%progbits
  20              		.align	2
  21              		.global	Switch_State
  22              		.thumb
  23              		.thumb_func
  24              		.type	Switch_State, %function
  25              	Switch_State:
  26              	.LFB63:
  27              		.file 1 "SW_State.c"
   1:SW_State.c    **** /* ========================================
   2:SW_State.c    ****  *
   3:SW_State.c    ****  * Copyright YOUR COMPANY, THE YEAR
   4:SW_State.c    ****  * All Rights Reserved
   5:SW_State.c    ****  * UNPUBLISHED, LICENSED SOFTWARE.
   6:SW_State.c    ****  *
   7:SW_State.c    ****  * CONFIDENTIAL AND PROPRIETARY INFORMATION
   8:SW_State.c    ****  * WHICH IS THE PROPERTY OF your company.
   9:SW_State.c    ****  *
  10:SW_State.c    ****  * ========================================
  11:SW_State.c    **** */
  12:SW_State.c    **** #include "project.h"
  13:SW_State.c    **** #include "SW_State.h"
  14:SW_State.c    **** 
  15:SW_State.c    **** 
  16:SW_State.c    **** int  device_state    = STOP;
  17:SW_State.c    **** int  t_dbl_click     = 18;
  18:SW_State.c    **** int  time_now        = 0;
  19:SW_State.c    **** int  time_elapsed    = 0;
  20:SW_State.c    **** 
  21:SW_State.c    **** 
  22:SW_State.c    **** int Switch_State(void)
  23:SW_State.c    **** {
  28              		.loc 1 23 0
  29              		.cfi_startproc
  30              		@ args = 0, pretend = 0, frame = 0
  31              		@ frame_needed = 0, uses_anonymous_args = 0
  32 0000 08B5     		push	{r3, lr}
  33              		.cfi_def_cfa_offset 8
  34              		.cfi_offset 3, -8
ARM GAS  C:\Users\Susanna\AppData\Local\Temp\ccc9qiSm.s 			page 2


  35              		.cfi_offset 14, -4
  24:SW_State.c    ****     /* Reset timer each time the button is pressed */
  25:SW_State.c    ****     Timer_SW_Stop();
  36              		.loc 1 25 0
  37 0002 FFF7FEFF 		bl	Timer_SW_Stop
  38              	.LVL0:
  26:SW_State.c    ****     Timer_SW_WriteCounter(20);
  39              		.loc 1 26 0
  40 0006 1420     		movs	r0, #20
  41 0008 FFF7FEFF 		bl	Timer_SW_WriteCounter
  42              	.LVL1:
  27:SW_State.c    ****     Timer_SW_Start();
  43              		.loc 1 27 0
  44 000c FFF7FEFF 		bl	Timer_SW_Start
  45              	.LVL2:
  28:SW_State.c    ****     
  29:SW_State.c    ****     /* Set the flag to 0 each time the button is pressed */
  30:SW_State.c    ****     button_pressed = 0;
  46              		.loc 1 30 0
  47 0010 0022     		movs	r2, #0
  48 0012 284B     		ldr	r3, .L9
  49 0014 1A60     		str	r2, [r3]
  31:SW_State.c    ****     
  32:SW_State.c    ****     while ((BUTTON_Read() == 0))
  50              		.loc 1 32 0
  51 0016 03E0     		b	.L2
  52              	.L3:
  33:SW_State.c    ****     {
  34:SW_State.c    ****         /* Count for how much time the button is pressed */
  35:SW_State.c    ****         time_elapsed = Timer_SW_ReadCounter();
  53              		.loc 1 35 0
  54 0018 FFF7FEFF 		bl	Timer_SW_ReadCounter
  55              	.LVL3:
  56 001c 264B     		ldr	r3, .L9+4
  57 001e 1860     		str	r0, [r3]
  58              	.L2:
  32:SW_State.c    ****     {
  59              		.loc 1 32 0
  60 0020 FFF7FEFF 		bl	BUTTON_Read
  61              	.LVL4:
  62 0024 0028     		cmp	r0, #0
  63 0026 F7D0     		beq	.L3
  36:SW_State.c    ****     }
  37:SW_State.c    ****     if ((time_elapsed < LONG_PRESS) && ((device_state == START) || (device_state == STOP)))
  64              		.loc 1 37 0
  65 0028 234B     		ldr	r3, .L9+4
  66 002a 1B68     		ldr	r3, [r3]
  67 002c 112B     		cmp	r3, #17
  68 002e 0ADC     		bgt	.L4
  69              		.loc 1 37 0 is_stmt 0 discriminator 1
  70 0030 224A     		ldr	r2, .L9+8
  71 0032 1268     		ldr	r2, [r2]
  72 0034 012A     		cmp	r2, #1
  73 0036 06D8     		bhi	.L4
  38:SW_State.c    ****     {
  39:SW_State.c    ****         click_count  = 0;
  74              		.loc 1 39 0 is_stmt 1
ARM GAS  C:\Users\Susanna\AppData\Local\Temp\ccc9qiSm.s 			page 3


  75 0038 0022     		movs	r2, #0
  76 003a 214B     		ldr	r3, .L9+12
  77 003c 1A60     		str	r2, [r3]
  40:SW_State.c    ****         device_state = CONFIGURATION_MODE;
  78              		.loc 1 40 0
  79 003e 0222     		movs	r2, #2
  80 0040 1E4B     		ldr	r3, .L9+8
  81 0042 1A60     		str	r2, [r3]
  82 0044 32E0     		b	.L5
  83              	.L4:
  41:SW_State.c    ****     } else if ((time_elapsed < LONG_PRESS) && (device_state == CONFIGURATION_MODE))
  84              		.loc 1 41 0
  85 0046 112B     		cmp	r3, #17
  86 0048 09DC     		bgt	.L6
  87              		.loc 1 41 0 is_stmt 0 discriminator 1
  88 004a 1C4B     		ldr	r3, .L9+8
  89 004c 1B68     		ldr	r3, [r3]
  90 004e 022B     		cmp	r3, #2
  91 0050 05D1     		bne	.L6
  42:SW_State.c    ****     {
  43:SW_State.c    ****         click_count  = 0;
  92              		.loc 1 43 0 is_stmt 1
  93 0052 0023     		movs	r3, #0
  94 0054 1A4A     		ldr	r2, .L9+12
  95 0056 1360     		str	r3, [r2]
  44:SW_State.c    ****         device_state = START;
  96              		.loc 1 44 0
  97 0058 184A     		ldr	r2, .L9+8
  98 005a 1360     		str	r3, [r2]
  99 005c 26E0     		b	.L5
 100              	.L6:
  45:SW_State.c    ****     }
  46:SW_State.c    ****      else if ((click_count == 2) && (Timer_SW_ReadCounter() > t_dbl_click ) && ((device_state == ST
 101              		.loc 1 46 0
 102 005e 184B     		ldr	r3, .L9+12
 103 0060 1B68     		ldr	r3, [r3]
 104 0062 022B     		cmp	r3, #2
 105 0064 0FD1     		bne	.L7
 106              		.loc 1 46 0 is_stmt 0 discriminator 1
 107 0066 FFF7FEFF 		bl	Timer_SW_ReadCounter
 108              	.LVL5:
 109 006a 144B     		ldr	r3, .L9+8
 110 006c 5B68     		ldr	r3, [r3, #4]
 111 006e 9842     		cmp	r0, r3
 112 0070 09DD     		ble	.L7
 113              		.loc 1 46 0 discriminator 2
 114 0072 124B     		ldr	r3, .L9+8
 115 0074 1B68     		ldr	r3, [r3]
 116 0076 012B     		cmp	r3, #1
 117 0078 05D1     		bne	.L7
  47:SW_State.c    ****     {
  48:SW_State.c    ****         click_count     = 0;
 118              		.loc 1 48 0 is_stmt 1
 119 007a 0023     		movs	r3, #0
 120 007c 104A     		ldr	r2, .L9+12
 121 007e 1360     		str	r3, [r2]
  49:SW_State.c    ****         device_state = START;
ARM GAS  C:\Users\Susanna\AppData\Local\Temp\ccc9qiSm.s 			page 4


 122              		.loc 1 49 0
 123 0080 0E4A     		ldr	r2, .L9+8
 124 0082 1360     		str	r3, [r2]
 125 0084 12E0     		b	.L5
 126              	.L7:
  50:SW_State.c    ****     } else if ((click_count == 2) && (Timer_SW_ReadCounter() > t_dbl_click ) && ((device_state == S
 127              		.loc 1 50 0
 128 0086 0E4B     		ldr	r3, .L9+12
 129 0088 1B68     		ldr	r3, [r3]
 130 008a 022B     		cmp	r3, #2
 131 008c 0ED1     		bne	.L5
 132              		.loc 1 50 0 is_stmt 0 discriminator 1
 133 008e FFF7FEFF 		bl	Timer_SW_ReadCounter
 134              	.LVL6:
 135 0092 0A4B     		ldr	r3, .L9+8
 136 0094 5B68     		ldr	r3, [r3, #4]
 137 0096 9842     		cmp	r0, r3
 138 0098 08DD     		ble	.L5
 139              		.loc 1 50 0 discriminator 2
 140 009a 084B     		ldr	r3, .L9+8
 141 009c 1B68     		ldr	r3, [r3]
 142 009e 2BB9     		cbnz	r3, .L5
  51:SW_State.c    ****     {
  52:SW_State.c    ****         click_count    = 0;
 143              		.loc 1 52 0 is_stmt 1
 144 00a0 0022     		movs	r2, #0
 145 00a2 074B     		ldr	r3, .L9+12
 146 00a4 1A60     		str	r2, [r3]
  53:SW_State.c    ****         device_state = STOP;
 147              		.loc 1 53 0
 148 00a6 0122     		movs	r2, #1
 149 00a8 044B     		ldr	r3, .L9+8
 150 00aa 1A60     		str	r2, [r3]
 151              	.L5:
  54:SW_State.c    ****     }
  55:SW_State.c    ****     
  56:SW_State.c    ****     return device_state;
  57:SW_State.c    **** }
 152              		.loc 1 57 0
 153 00ac 034B     		ldr	r3, .L9+8
 154 00ae 1868     		ldr	r0, [r3]
 155 00b0 08BD     		pop	{r3, pc}
 156              	.L10:
 157 00b2 00BF     		.align	2
 158              	.L9:
 159 00b4 00000000 		.word	button_pressed
 160 00b8 00000000 		.word	.LANCHOR0
 161 00bc 00000000 		.word	.LANCHOR1
 162 00c0 00000000 		.word	click_count
 163              		.cfi_endproc
 164              	.LFE63:
 165              		.size	Switch_State, .-Switch_State
 166              		.global	time_elapsed
 167              		.global	time_now
 168              		.global	t_dbl_click
 169              		.global	device_state
 170              		.comm	time_passed,2,2
ARM GAS  C:\Users\Susanna\AppData\Local\Temp\ccc9qiSm.s 			page 5


 171              		.comm	click_count,4,4
 172              		.comm	button_pressed,4,4
 173              		.data
 174              		.align	2
 175              		.set	.LANCHOR1,. + 0
 176              		.type	device_state, %object
 177              		.size	device_state, 4
 178              	device_state:
 179 0000 01000000 		.word	1
 180              		.type	t_dbl_click, %object
 181              		.size	t_dbl_click, 4
 182              	t_dbl_click:
 183 0004 12000000 		.word	18
 184              		.bss
 185              		.align	2
 186              		.set	.LANCHOR0,. + 0
 187              		.type	time_elapsed, %object
 188              		.size	time_elapsed, 4
 189              	time_elapsed:
 190 0000 00000000 		.space	4
 191              		.type	time_now, %object
 192              		.size	time_now, 4
 193              	time_now:
 194 0004 00000000 		.space	4
 195              		.text
 196              	.Letext0:
 197              		.file 2 "c:\\program files (x86)\\cypress\\psoc creator\\4.3\\psoc creator\\import\\gnu\\arm\\5.4.
 198              		.file 3 "c:\\program files (x86)\\cypress\\psoc creator\\4.3\\psoc creator\\import\\gnu\\arm\\5.4.
 199              		.file 4 "Generated_Source\\PSoC5/core_cm3.h"
 200              		.file 5 "InterruptRoutines.h"
 201              		.file 6 "Generated_Source\\PSoC5/Timer_SW.h"
 202              		.file 7 "Generated_Source\\PSoC5/BUTTON.h"
 203              		.section	.debug_info,"",%progbits
 204              	.Ldebug_info0:
 205 0000 E3010000 		.4byte	0x1e3
 206 0004 0400     		.2byte	0x4
 207 0006 00000000 		.4byte	.Ldebug_abbrev0
 208 000a 04       		.byte	0x4
 209 000b 01       		.uleb128 0x1
 210 000c 62000000 		.4byte	.LASF31
 211 0010 0C       		.byte	0xc
 212 0011 0F000000 		.4byte	.LASF32
 213 0015 7A010000 		.4byte	.LASF33
 214 0019 00000000 		.4byte	.Ldebug_ranges0+0
 215 001d 00000000 		.4byte	0
 216 0021 00000000 		.4byte	.Ldebug_line0
 217 0025 02       		.uleb128 0x2
 218 0026 01       		.byte	0x1
 219 0027 06       		.byte	0x6
 220 0028 77020000 		.4byte	.LASF0
 221 002c 02       		.uleb128 0x2
 222 002d 01       		.byte	0x1
 223 002e 08       		.byte	0x8
 224 002f 54000000 		.4byte	.LASF1
 225 0033 02       		.uleb128 0x2
 226 0034 02       		.byte	0x2
 227 0035 05       		.byte	0x5
ARM GAS  C:\Users\Susanna\AppData\Local\Temp\ccc9qiSm.s 			page 6


 228 0036 34020000 		.4byte	.LASF2
 229 003a 03       		.uleb128 0x3
 230 003b 2E010000 		.4byte	.LASF4
 231 003f 02       		.byte	0x2
 232 0040 2B       		.byte	0x2b
 233 0041 45000000 		.4byte	0x45
 234 0045 02       		.uleb128 0x2
 235 0046 02       		.byte	0x2
 236 0047 07       		.byte	0x7
 237 0048 02010000 		.4byte	.LASF3
 238 004c 03       		.uleb128 0x3
 239 004d 1A000000 		.4byte	.LASF5
 240 0051 02       		.byte	0x2
 241 0052 3F       		.byte	0x3f
 242 0053 57000000 		.4byte	0x57
 243 0057 02       		.uleb128 0x2
 244 0058 04       		.byte	0x4
 245 0059 05       		.byte	0x5
 246 005a 47020000 		.4byte	.LASF6
 247 005e 02       		.uleb128 0x2
 248 005f 04       		.byte	0x4
 249 0060 07       		.byte	0x7
 250 0061 F0000000 		.4byte	.LASF7
 251 0065 02       		.uleb128 0x2
 252 0066 08       		.byte	0x8
 253 0067 05       		.byte	0x5
 254 0068 0B020000 		.4byte	.LASF8
 255 006c 02       		.uleb128 0x2
 256 006d 08       		.byte	0x8
 257 006e 07       		.byte	0x7
 258 006f 63010000 		.4byte	.LASF9
 259 0073 04       		.uleb128 0x4
 260 0074 04       		.byte	0x4
 261 0075 05       		.byte	0x5
 262 0076 696E7400 		.ascii	"int\000"
 263 007a 02       		.uleb128 0x2
 264 007b 04       		.byte	0x4
 265 007c 07       		.byte	0x7
 266 007d 56010000 		.4byte	.LASF10
 267 0081 03       		.uleb128 0x3
 268 0082 3E020000 		.4byte	.LASF11
 269 0086 03       		.byte	0x3
 270 0087 24       		.byte	0x24
 271 0088 3A000000 		.4byte	0x3a
 272 008c 03       		.uleb128 0x3
 273 008d 46000000 		.4byte	.LASF12
 274 0091 03       		.byte	0x3
 275 0092 2C       		.byte	0x2c
 276 0093 4C000000 		.4byte	0x4c
 277 0097 02       		.uleb128 0x2
 278 0098 04       		.byte	0x4
 279 0099 04       		.byte	0x4
 280 009a 4E000000 		.4byte	.LASF13
 281 009e 02       		.uleb128 0x2
 282 009f 08       		.byte	0x8
 283 00a0 04       		.byte	0x4
 284 00a1 39010000 		.4byte	.LASF14
ARM GAS  C:\Users\Susanna\AppData\Local\Temp\ccc9qiSm.s 			page 7


 285 00a5 02       		.uleb128 0x2
 286 00a6 01       		.byte	0x1
 287 00a7 08       		.byte	0x8
 288 00a8 26020000 		.4byte	.LASF15
 289 00ac 02       		.uleb128 0x2
 290 00ad 08       		.byte	0x8
 291 00ae 04       		.byte	0x4
 292 00af 5F020000 		.4byte	.LASF16
 293 00b3 02       		.uleb128 0x2
 294 00b4 04       		.byte	0x4
 295 00b5 07       		.byte	0x7
 296 00b6 02020000 		.4byte	.LASF17
 297 00ba 05       		.uleb128 0x5
 298 00bb 81000000 		.4byte	0x81
 299 00bf 06       		.uleb128 0x6
 300 00c0 E9010000 		.4byte	.LASF34
 301 00c4 01       		.byte	0x1
 302 00c5 16       		.byte	0x16
 303 00c6 73000000 		.4byte	0x73
 304 00ca 00000000 		.4byte	.LFB63
 305 00ce C4000000 		.4byte	.LFE63-.LFB63
 306 00d2 01       		.uleb128 0x1
 307 00d3 9C       		.byte	0x9c
 308 00d4 22010000 		.4byte	0x122
 309 00d8 07       		.uleb128 0x7
 310 00d9 06000000 		.4byte	.LVL0
 311 00dd AF010000 		.4byte	0x1af
 312 00e1 08       		.uleb128 0x8
 313 00e2 0C000000 		.4byte	.LVL1
 314 00e6 BA010000 		.4byte	0x1ba
 315 00ea F4000000 		.4byte	0xf4
 316 00ee 09       		.uleb128 0x9
 317 00ef 01       		.uleb128 0x1
 318 00f0 50       		.byte	0x50
 319 00f1 01       		.uleb128 0x1
 320 00f2 44       		.byte	0x44
 321 00f3 00       		.byte	0
 322 00f4 07       		.uleb128 0x7
 323 00f5 10000000 		.4byte	.LVL2
 324 00f9 C5010000 		.4byte	0x1c5
 325 00fd 07       		.uleb128 0x7
 326 00fe 1C000000 		.4byte	.LVL3
 327 0102 D0010000 		.4byte	0x1d0
 328 0106 07       		.uleb128 0x7
 329 0107 24000000 		.4byte	.LVL4
 330 010b DB010000 		.4byte	0x1db
 331 010f 07       		.uleb128 0x7
 332 0110 6A000000 		.4byte	.LVL5
 333 0114 D0010000 		.4byte	0x1d0
 334 0118 07       		.uleb128 0x7
 335 0119 92000000 		.4byte	.LVL6
 336 011d D0010000 		.4byte	0x1d0
 337 0121 00       		.byte	0
 338 0122 0A       		.uleb128 0xa
 339 0123 21010000 		.4byte	.LASF18
 340 0127 04       		.byte	0x4
 341 0128 1207     		.2byte	0x712
ARM GAS  C:\Users\Susanna\AppData\Local\Temp\ccc9qiSm.s 			page 8


 342 012a 2E010000 		.4byte	0x12e
 343 012e 05       		.uleb128 0x5
 344 012f 8C000000 		.4byte	0x8c
 345 0133 0B       		.uleb128 0xb
 346 0134 00000000 		.4byte	.LASF19
 347 0138 05       		.byte	0x5
 348 0139 0A       		.byte	0xa
 349 013a 44010000 		.4byte	0x144
 350 013e 05       		.uleb128 0x5
 351 013f 03       		.byte	0x3
 352 0140 00000000 		.4byte	button_pressed
 353 0144 05       		.uleb128 0x5
 354 0145 73000000 		.4byte	0x73
 355 0149 0B       		.uleb128 0xb
 356 014a 15010000 		.4byte	.LASF20
 357 014e 05       		.byte	0x5
 358 014f 0B       		.byte	0xb
 359 0150 44010000 		.4byte	0x144
 360 0154 05       		.uleb128 0x5
 361 0155 03       		.byte	0x3
 362 0156 00000000 		.4byte	click_count
 363 015a 0B       		.uleb128 0xb
 364 015b 6B020000 		.4byte	.LASF21
 365 015f 05       		.byte	0x5
 366 0160 0C       		.byte	0xc
 367 0161 BA000000 		.4byte	0xba
 368 0165 05       		.uleb128 0x5
 369 0166 03       		.byte	0x3
 370 0167 00000000 		.4byte	time_passed
 371 016b 0B       		.uleb128 0xb
 372 016c 24000000 		.4byte	.LASF22
 373 0170 01       		.byte	0x1
 374 0171 10       		.byte	0x10
 375 0172 73000000 		.4byte	0x73
 376 0176 05       		.uleb128 0x5
 377 0177 03       		.byte	0x3
 378 0178 00000000 		.4byte	device_state
 379 017c 0B       		.uleb128 0xb
 380 017d F6010000 		.4byte	.LASF23
 381 0181 01       		.byte	0x1
 382 0182 11       		.byte	0x11
 383 0183 73000000 		.4byte	0x73
 384 0187 05       		.uleb128 0x5
 385 0188 03       		.byte	0x3
 386 0189 00000000 		.4byte	t_dbl_click
 387 018d 0B       		.uleb128 0xb
 388 018e 2B020000 		.4byte	.LASF24
 389 0192 01       		.byte	0x1
 390 0193 12       		.byte	0x12
 391 0194 73000000 		.4byte	0x73
 392 0198 05       		.uleb128 0x5
 393 0199 03       		.byte	0x3
 394 019a 00000000 		.4byte	time_now
 395 019e 0B       		.uleb128 0xb
 396 019f 19020000 		.4byte	.LASF25
 397 01a3 01       		.byte	0x1
 398 01a4 13       		.byte	0x13
ARM GAS  C:\Users\Susanna\AppData\Local\Temp\ccc9qiSm.s 			page 9


 399 01a5 73000000 		.4byte	0x73
 400 01a9 05       		.uleb128 0x5
 401 01aa 03       		.byte	0x3
 402 01ab 00000000 		.4byte	time_elapsed
 403 01af 0C       		.uleb128 0xc
 404 01b0 83020000 		.4byte	.LASF26
 405 01b4 83020000 		.4byte	.LASF26
 406 01b8 06       		.byte	0x6
 407 01b9 5B       		.byte	0x5b
 408 01ba 0C       		.uleb128 0xc
 409 01bb 40010000 		.4byte	.LASF27
 410 01bf 40010000 		.4byte	.LASF27
 411 01c3 06       		.byte	0x6
 412 01c4 6A       		.byte	0x6a
 413 01c5 0C       		.uleb128 0xc
 414 01c6 50020000 		.4byte	.LASF28
 415 01ca 50020000 		.4byte	.LASF28
 416 01ce 06       		.byte	0x6
 417 01cf 5A       		.byte	0x5a
 418 01d0 0C       		.uleb128 0xc
 419 01d1 31000000 		.4byte	.LASF29
 420 01d5 31000000 		.4byte	.LASF29
 421 01d9 06       		.byte	0x6
 422 01da 69       		.byte	0x69
 423 01db 0C       		.uleb128 0xc
 424 01dc 91020000 		.4byte	.LASF30
 425 01e0 91020000 		.4byte	.LASF30
 426 01e4 07       		.byte	0x7
 427 01e5 29       		.byte	0x29
 428 01e6 00       		.byte	0
 429              		.section	.debug_abbrev,"",%progbits
 430              	.Ldebug_abbrev0:
 431 0000 01       		.uleb128 0x1
 432 0001 11       		.uleb128 0x11
 433 0002 01       		.byte	0x1
 434 0003 25       		.uleb128 0x25
 435 0004 0E       		.uleb128 0xe
 436 0005 13       		.uleb128 0x13
 437 0006 0B       		.uleb128 0xb
 438 0007 03       		.uleb128 0x3
 439 0008 0E       		.uleb128 0xe
 440 0009 1B       		.uleb128 0x1b
 441 000a 0E       		.uleb128 0xe
 442 000b 55       		.uleb128 0x55
 443 000c 17       		.uleb128 0x17
 444 000d 11       		.uleb128 0x11
 445 000e 01       		.uleb128 0x1
 446 000f 10       		.uleb128 0x10
 447 0010 17       		.uleb128 0x17
 448 0011 00       		.byte	0
 449 0012 00       		.byte	0
 450 0013 02       		.uleb128 0x2
 451 0014 24       		.uleb128 0x24
 452 0015 00       		.byte	0
 453 0016 0B       		.uleb128 0xb
 454 0017 0B       		.uleb128 0xb
 455 0018 3E       		.uleb128 0x3e
ARM GAS  C:\Users\Susanna\AppData\Local\Temp\ccc9qiSm.s 			page 10


 456 0019 0B       		.uleb128 0xb
 457 001a 03       		.uleb128 0x3
 458 001b 0E       		.uleb128 0xe
 459 001c 00       		.byte	0
 460 001d 00       		.byte	0
 461 001e 03       		.uleb128 0x3
 462 001f 16       		.uleb128 0x16
 463 0020 00       		.byte	0
 464 0021 03       		.uleb128 0x3
 465 0022 0E       		.uleb128 0xe
 466 0023 3A       		.uleb128 0x3a
 467 0024 0B       		.uleb128 0xb
 468 0025 3B       		.uleb128 0x3b
 469 0026 0B       		.uleb128 0xb
 470 0027 49       		.uleb128 0x49
 471 0028 13       		.uleb128 0x13
 472 0029 00       		.byte	0
 473 002a 00       		.byte	0
 474 002b 04       		.uleb128 0x4
 475 002c 24       		.uleb128 0x24
 476 002d 00       		.byte	0
 477 002e 0B       		.uleb128 0xb
 478 002f 0B       		.uleb128 0xb
 479 0030 3E       		.uleb128 0x3e
 480 0031 0B       		.uleb128 0xb
 481 0032 03       		.uleb128 0x3
 482 0033 08       		.uleb128 0x8
 483 0034 00       		.byte	0
 484 0035 00       		.byte	0
 485 0036 05       		.uleb128 0x5
 486 0037 35       		.uleb128 0x35
 487 0038 00       		.byte	0
 488 0039 49       		.uleb128 0x49
 489 003a 13       		.uleb128 0x13
 490 003b 00       		.byte	0
 491 003c 00       		.byte	0
 492 003d 06       		.uleb128 0x6
 493 003e 2E       		.uleb128 0x2e
 494 003f 01       		.byte	0x1
 495 0040 3F       		.uleb128 0x3f
 496 0041 19       		.uleb128 0x19
 497 0042 03       		.uleb128 0x3
 498 0043 0E       		.uleb128 0xe
 499 0044 3A       		.uleb128 0x3a
 500 0045 0B       		.uleb128 0xb
 501 0046 3B       		.uleb128 0x3b
 502 0047 0B       		.uleb128 0xb
 503 0048 27       		.uleb128 0x27
 504 0049 19       		.uleb128 0x19
 505 004a 49       		.uleb128 0x49
 506 004b 13       		.uleb128 0x13
 507 004c 11       		.uleb128 0x11
 508 004d 01       		.uleb128 0x1
 509 004e 12       		.uleb128 0x12
 510 004f 06       		.uleb128 0x6
 511 0050 40       		.uleb128 0x40
 512 0051 18       		.uleb128 0x18
ARM GAS  C:\Users\Susanna\AppData\Local\Temp\ccc9qiSm.s 			page 11


 513 0052 9742     		.uleb128 0x2117
 514 0054 19       		.uleb128 0x19
 515 0055 01       		.uleb128 0x1
 516 0056 13       		.uleb128 0x13
 517 0057 00       		.byte	0
 518 0058 00       		.byte	0
 519 0059 07       		.uleb128 0x7
 520 005a 898201   		.uleb128 0x4109
 521 005d 00       		.byte	0
 522 005e 11       		.uleb128 0x11
 523 005f 01       		.uleb128 0x1
 524 0060 31       		.uleb128 0x31
 525 0061 13       		.uleb128 0x13
 526 0062 00       		.byte	0
 527 0063 00       		.byte	0
 528 0064 08       		.uleb128 0x8
 529 0065 898201   		.uleb128 0x4109
 530 0068 01       		.byte	0x1
 531 0069 11       		.uleb128 0x11
 532 006a 01       		.uleb128 0x1
 533 006b 31       		.uleb128 0x31
 534 006c 13       		.uleb128 0x13
 535 006d 01       		.uleb128 0x1
 536 006e 13       		.uleb128 0x13
 537 006f 00       		.byte	0
 538 0070 00       		.byte	0
 539 0071 09       		.uleb128 0x9
 540 0072 8A8201   		.uleb128 0x410a
 541 0075 00       		.byte	0
 542 0076 02       		.uleb128 0x2
 543 0077 18       		.uleb128 0x18
 544 0078 9142     		.uleb128 0x2111
 545 007a 18       		.uleb128 0x18
 546 007b 00       		.byte	0
 547 007c 00       		.byte	0
 548 007d 0A       		.uleb128 0xa
 549 007e 34       		.uleb128 0x34
 550 007f 00       		.byte	0
 551 0080 03       		.uleb128 0x3
 552 0081 0E       		.uleb128 0xe
 553 0082 3A       		.uleb128 0x3a
 554 0083 0B       		.uleb128 0xb
 555 0084 3B       		.uleb128 0x3b
 556 0085 05       		.uleb128 0x5
 557 0086 49       		.uleb128 0x49
 558 0087 13       		.uleb128 0x13
 559 0088 3F       		.uleb128 0x3f
 560 0089 19       		.uleb128 0x19
 561 008a 3C       		.uleb128 0x3c
 562 008b 19       		.uleb128 0x19
 563 008c 00       		.byte	0
 564 008d 00       		.byte	0
 565 008e 0B       		.uleb128 0xb
 566 008f 34       		.uleb128 0x34
 567 0090 00       		.byte	0
 568 0091 03       		.uleb128 0x3
 569 0092 0E       		.uleb128 0xe
ARM GAS  C:\Users\Susanna\AppData\Local\Temp\ccc9qiSm.s 			page 12


 570 0093 3A       		.uleb128 0x3a
 571 0094 0B       		.uleb128 0xb
 572 0095 3B       		.uleb128 0x3b
 573 0096 0B       		.uleb128 0xb
 574 0097 49       		.uleb128 0x49
 575 0098 13       		.uleb128 0x13
 576 0099 3F       		.uleb128 0x3f
 577 009a 19       		.uleb128 0x19
 578 009b 02       		.uleb128 0x2
 579 009c 18       		.uleb128 0x18
 580 009d 00       		.byte	0
 581 009e 00       		.byte	0
 582 009f 0C       		.uleb128 0xc
 583 00a0 2E       		.uleb128 0x2e
 584 00a1 00       		.byte	0
 585 00a2 3F       		.uleb128 0x3f
 586 00a3 19       		.uleb128 0x19
 587 00a4 3C       		.uleb128 0x3c
 588 00a5 19       		.uleb128 0x19
 589 00a6 6E       		.uleb128 0x6e
 590 00a7 0E       		.uleb128 0xe
 591 00a8 03       		.uleb128 0x3
 592 00a9 0E       		.uleb128 0xe
 593 00aa 3A       		.uleb128 0x3a
 594 00ab 0B       		.uleb128 0xb
 595 00ac 3B       		.uleb128 0x3b
 596 00ad 0B       		.uleb128 0xb
 597 00ae 00       		.byte	0
 598 00af 00       		.byte	0
 599 00b0 00       		.byte	0
 600              		.section	.debug_aranges,"",%progbits
 601 0000 1C000000 		.4byte	0x1c
 602 0004 0200     		.2byte	0x2
 603 0006 00000000 		.4byte	.Ldebug_info0
 604 000a 04       		.byte	0x4
 605 000b 00       		.byte	0
 606 000c 0000     		.2byte	0
 607 000e 0000     		.2byte	0
 608 0010 00000000 		.4byte	.LFB63
 609 0014 C4000000 		.4byte	.LFE63-.LFB63
 610 0018 00000000 		.4byte	0
 611 001c 00000000 		.4byte	0
 612              		.section	.debug_ranges,"",%progbits
 613              	.Ldebug_ranges0:
 614 0000 00000000 		.4byte	.LFB63
 615 0004 C4000000 		.4byte	.LFE63
 616 0008 00000000 		.4byte	0
 617 000c 00000000 		.4byte	0
 618              		.section	.debug_line,"",%progbits
 619              	.Ldebug_line0:
 620 0000 C3010000 		.section	.debug_str,"MS",%progbits,1
 620      02007401 
 620      00000201 
 620      FB0E0D00 
 620      01010101 
 621              	.LASF19:
 622 0000 62757474 		.ascii	"button_pressed\000"
ARM GAS  C:\Users\Susanna\AppData\Local\Temp\ccc9qiSm.s 			page 13


 622      6F6E5F70 
 622      72657373 
 622      656400
 623              	.LASF32:
 624 000f 53575F53 		.ascii	"SW_State.c\000"
 624      74617465 
 624      2E6300
 625              	.LASF5:
 626 001a 5F5F696E 		.ascii	"__int32_t\000"
 626      7433325F 
 626      7400
 627              	.LASF22:
 628 0024 64657669 		.ascii	"device_state\000"
 628      63655F73 
 628      74617465 
 628      00
 629              	.LASF29:
 630 0031 54696D65 		.ascii	"Timer_SW_ReadCounter\000"
 630      725F5357 
 630      5F526561 
 630      64436F75 
 630      6E746572 
 631              	.LASF12:
 632 0046 696E7433 		.ascii	"int32_t\000"
 632      325F7400 
 633              	.LASF13:
 634 004e 666C6F61 		.ascii	"float\000"
 634      7400
 635              	.LASF1:
 636 0054 756E7369 		.ascii	"unsigned char\000"
 636      676E6564 
 636      20636861 
 636      7200
 637              	.LASF31:
 638 0062 474E5520 		.ascii	"GNU C11 5.4.1 20160609 (release) [ARM/embedded-5-br"
 638      43313120 
 638      352E342E 
 638      31203230 
 638      31363036 
 639 0095 616E6368 		.ascii	"anch revision 237715] -mcpu=cortex-m3 -mthumb -g -O"
 639      20726576 
 639      6973696F 
 639      6E203233 
 639      37373135 
 640 00c8 67202D66 		.ascii	"g -ffunction-sections -ffat-lto-objects\000"
 640      66756E63 
 640      74696F6E 
 640      2D736563 
 640      74696F6E 
 641              	.LASF7:
 642 00f0 6C6F6E67 		.ascii	"long unsigned int\000"
 642      20756E73 
 642      69676E65 
 642      6420696E 
 642      7400
 643              	.LASF3:
 644 0102 73686F72 		.ascii	"short unsigned int\000"
ARM GAS  C:\Users\Susanna\AppData\Local\Temp\ccc9qiSm.s 			page 14


 644      7420756E 
 644      7369676E 
 644      65642069 
 644      6E7400
 645              	.LASF20:
 646 0115 636C6963 		.ascii	"click_count\000"
 646      6B5F636F 
 646      756E7400 
 647              	.LASF18:
 648 0121 49544D5F 		.ascii	"ITM_RxBuffer\000"
 648      52784275 
 648      66666572 
 648      00
 649              	.LASF4:
 650 012e 5F5F7569 		.ascii	"__uint16_t\000"
 650      6E743136 
 650      5F7400
 651              	.LASF14:
 652 0139 646F7562 		.ascii	"double\000"
 652      6C6500
 653              	.LASF27:
 654 0140 54696D65 		.ascii	"Timer_SW_WriteCounter\000"
 654      725F5357 
 654      5F577269 
 654      7465436F 
 654      756E7465 
 655              	.LASF10:
 656 0156 756E7369 		.ascii	"unsigned int\000"
 656      676E6564 
 656      20696E74 
 656      00
 657              	.LASF9:
 658 0163 6C6F6E67 		.ascii	"long long unsigned int\000"
 658      206C6F6E 
 658      6720756E 
 658      7369676E 
 658      65642069 
 659              	.LASF33:
 660 017a 433A5C55 		.ascii	"C:\\Users\\Susanna\\Desktop\\Final_Project_DiGiacom"
 660      73657273 
 660      5C537573 
 660      616E6E61 
 660      5C446573 
 661 01a9 6F5F5061 		.ascii	"o_Palmieri\\Final_Project_DiGiacomoPalmieri\\Final_"
 661      6C6D6965 
 661      72695C46 
 661      696E616C 
 661      5F50726F 
 662 01da 50726F6A 		.ascii	"Project_.cydsn\000"
 662      6563745F 
 662      2E637964 
 662      736E00
 663              	.LASF34:
 664 01e9 53776974 		.ascii	"Switch_State\000"
 664      63685F53 
 664      74617465 
 664      00
ARM GAS  C:\Users\Susanna\AppData\Local\Temp\ccc9qiSm.s 			page 15


 665              	.LASF23:
 666 01f6 745F6462 		.ascii	"t_dbl_click\000"
 666      6C5F636C 
 666      69636B00 
 667              	.LASF17:
 668 0202 73697A65 		.ascii	"sizetype\000"
 668      74797065 
 668      00
 669              	.LASF8:
 670 020b 6C6F6E67 		.ascii	"long long int\000"
 670      206C6F6E 
 670      6720696E 
 670      7400
 671              	.LASF25:
 672 0219 74696D65 		.ascii	"time_elapsed\000"
 672      5F656C61 
 672      70736564 
 672      00
 673              	.LASF15:
 674 0226 63686172 		.ascii	"char\000"
 674      00
 675              	.LASF24:
 676 022b 74696D65 		.ascii	"time_now\000"
 676      5F6E6F77 
 676      00
 677              	.LASF2:
 678 0234 73686F72 		.ascii	"short int\000"
 678      7420696E 
 678      7400
 679              	.LASF11:
 680 023e 75696E74 		.ascii	"uint16_t\000"
 680      31365F74 
 680      00
 681              	.LASF6:
 682 0247 6C6F6E67 		.ascii	"long int\000"
 682      20696E74 
 682      00
 683              	.LASF28:
 684 0250 54696D65 		.ascii	"Timer_SW_Start\000"
 684      725F5357 
 684      5F537461 
 684      727400
 685              	.LASF16:
 686 025f 6C6F6E67 		.ascii	"long double\000"
 686      20646F75 
 686      626C6500 
 687              	.LASF21:
 688 026b 74696D65 		.ascii	"time_passed\000"
 688      5F706173 
 688      73656400 
 689              	.LASF0:
 690 0277 7369676E 		.ascii	"signed char\000"
 690      65642063 
 690      68617200 
 691              	.LASF26:
 692 0283 54696D65 		.ascii	"Timer_SW_Stop\000"
 692      725F5357 
ARM GAS  C:\Users\Susanna\AppData\Local\Temp\ccc9qiSm.s 			page 16


 692      5F53746F 
 692      7000
 693              	.LASF30:
 694 0291 42555454 		.ascii	"BUTTON_Read\000"
 694      4F4E5F52 
 694      65616400 
 695              		.ident	"GCC: (GNU Tools for ARM Embedded Processors) 5.4.1 20160609 (release) [ARM/embedded-5-bran
