ARM GAS  C:\Users\Susanna\AppData\Local\Temp\ccKGWSs8.s 			page 1


   1              		.syntax unified
   2              		.cpu cortex-m3
   3              		.fpu softvfp
   4              		.eabi_attribute 20, 1
   5              		.eabi_attribute 21, 1
   6              		.eabi_attribute 23, 3
   7              		.eabi_attribute 24, 1
   8              		.eabi_attribute 25, 1
   9              		.eabi_attribute 26, 1
  10              		.eabi_attribute 30, 1
  11              		.eabi_attribute 34, 1
  12              		.eabi_attribute 18, 4
  13              		.thumb
  14              		.syntax unified
  15              		.file	"cymetadata.c"
  16              		.text
  17              	.Ltext0:
  18              		.cfi_sections	.debug_frame
  19              		.global	cy_metadata
  20              		.global	cy_meta_flashprotect
  21              		.global	cy_meta_wonvl
  22              		.global	cy_meta_custnvl
  23              		.global	cy_meta_configecc
  24              		.section	.cyconfigecc,"a",%progbits
  25              		.align	2
  26              		.type	cy_meta_configecc, %object
  27              		.size	cy_meta_configecc, 1964
  28              	cy_meta_configecc:
  29 0000 02       		.byte	2
  30 0001 4F       		.byte	79
  31 0002 00       		.byte	0
  32 0003 40       		.byte	64
  33 0004 03       		.byte	3
  34 0005 52       		.byte	82
  35 0006 00       		.byte	0
  36 0007 40       		.byte	64
  37 0008 01       		.byte	1
  38 0009 64       		.byte	100
  39 000a 00       		.byte	0
  40 000b 40       		.byte	64
  41 000c 05       		.byte	5
  42 000d 65       		.byte	101
  43 000e 00       		.byte	0
  44 000f 40       		.byte	64
  45 0010 03       		.byte	3
  46 0011 05       		.byte	5
  47 0012 01       		.byte	1
  48 0013 40       		.byte	64
  49 0014 05       		.byte	5
  50 0015 06       		.byte	6
  51 0016 01       		.byte	1
  52 0017 40       		.byte	64
  53 0018 35       		.byte	53
  54 0019 07       		.byte	7
  55 001a 01       		.byte	1
  56 001b 40       		.byte	64
  57 001c 01       		.byte	1
ARM GAS  C:\Users\Susanna\AppData\Local\Temp\ccKGWSs8.s 			page 2


  58 001d 09       		.byte	9
  59 001e 01       		.byte	1
  60 001f 40       		.byte	64
  61 0020 04       		.byte	4
  62 0021 0A       		.byte	10
  63 0022 01       		.byte	1
  64 0023 40       		.byte	64
  65 0024 04       		.byte	4
  66 0025 0B       		.byte	11
  67 0026 01       		.byte	1
  68 0027 40       		.byte	64
  69 0028 52       		.byte	82
  70 0029 14       		.byte	20
  71 002a 01       		.byte	1
  72 002b 40       		.byte	64
  73 002c 49       		.byte	73
  74 002d 15       		.byte	21
  75 002e 01       		.byte	1
  76 002f 40       		.byte	64
  77 0030 55       		.byte	85
  78 0031 16       		.byte	22
  79 0032 01       		.byte	1
  80 0033 40       		.byte	64
  81 0034 49       		.byte	73
  82 0035 17       		.byte	23
  83 0036 01       		.byte	1
  84 0037 40       		.byte	64
  85 0038 54       		.byte	84
  86 0039 18       		.byte	24
  87 003a 01       		.byte	1
  88 003b 40       		.byte	64
  89 003c 36       		.byte	54
  90 003d 19       		.byte	25
  91 003e 01       		.byte	1
  92 003f 40       		.byte	64
  93 0040 66       		.byte	102
  94 0041 1A       		.byte	26
  95 0042 01       		.byte	1
  96 0043 40       		.byte	64
  97 0044 4F       		.byte	79
  98 0045 1B       		.byte	27
  99 0046 01       		.byte	1
 100 0047 40       		.byte	64
 101 0048 03       		.byte	3
 102 0049 40       		.byte	64
 103 004a 01       		.byte	1
 104 004b 40       		.byte	64
 105 004c 05       		.byte	5
 106 004d 41       		.byte	65
 107 004e 01       		.byte	1
 108 004f 40       		.byte	64
 109 0050 09       		.byte	9
 110 0051 42       		.byte	66
 111 0052 01       		.byte	1
 112 0053 40       		.byte	64
 113 0054 06       		.byte	6
 114 0055 43       		.byte	67
ARM GAS  C:\Users\Susanna\AppData\Local\Temp\ccKGWSs8.s 			page 3


 115 0056 01       		.byte	1
 116 0057 40       		.byte	64
 117 0058 02       		.byte	2
 118 0059 44       		.byte	68
 119 005a 01       		.byte	1
 120 005b 40       		.byte	64
 121 005c 03       		.byte	3
 122 005d 45       		.byte	69
 123 005e 01       		.byte	1
 124 005f 40       		.byte	64
 125 0060 05       		.byte	5
 126 0061 46       		.byte	70
 127 0062 01       		.byte	1
 128 0063 40       		.byte	64
 129 0064 03       		.byte	3
 130 0065 47       		.byte	71
 131 0066 01       		.byte	1
 132 0067 40       		.byte	64
 133 0068 0C       		.byte	12
 134 0069 48       		.byte	72
 135 006a 01       		.byte	1
 136 006b 40       		.byte	64
 137 006c 1B       		.byte	27
 138 006d 49       		.byte	73
 139 006e 01       		.byte	1
 140 006f 40       		.byte	64
 141 0070 0B       		.byte	11
 142 0071 4C       		.byte	76
 143 0072 01       		.byte	1
 144 0073 40       		.byte	64
 145 0074 0F       		.byte	15
 146 0075 4D       		.byte	77
 147 0076 01       		.byte	1
 148 0077 40       		.byte	64
 149 0078 05       		.byte	5
 150 0079 50       		.byte	80
 151 007a 01       		.byte	1
 152 007b 40       		.byte	64
 153 007c 02       		.byte	2
 154 007d 51       		.byte	81
 155 007e 01       		.byte	1
 156 007f 40       		.byte	64
 157 0080 01       		.byte	1
 158 0081 30       		.byte	48
 159 0082 0A       		.byte	10
 160 0083 4B       		.byte	75
 161 0084 01       		.byte	1
 162 0085 40       		.byte	64
 163 0086 18       		.byte	24
 164 0087 C0       		.byte	-64
 165 0088 19       		.byte	25
 166 0089 40       		.byte	64
 167 008a 87       		.byte	-121
 168 008b 0F       		.byte	15
 169 008c 84       		.byte	-124
 170 008d 38       		.byte	56
 171 008e 85       		.byte	-123
ARM GAS  C:\Users\Susanna\AppData\Local\Temp\ccKGWSs8.s 			page 4


 172 008f 0D       		.byte	13
 173 0090 86       		.byte	-122
 174 0091 0F       		.byte	15
 175 0092 88       		.byte	-120
 176 0093 72       		.byte	114
 177 0094 8A       		.byte	-118
 178 0095 0F       		.byte	15
 179 0096 A0       		.byte	-96
 180 0097 01       		.byte	1
 181 0098 B0       		.byte	-80
 182 0099 01       		.byte	1
 183 009a E2       		.byte	-30
 184 009b 01       		.byte	1
 185 009c 54       		.byte	84
 186 009d 09       		.byte	9
 187 009e 56       		.byte	86
 188 009f 04       		.byte	4
 189 00a0 5B       		.byte	91
 190 00a1 04       		.byte	4
 191 00a2 5D       		.byte	93
 192 00a3 10       		.byte	16
 193 00a4 5F       		.byte	95
 194 00a5 01       		.byte	1
 195 00a6 00       		.byte	0
 196 00a7 98       		.byte	-104
 197 00a8 03       		.byte	3
 198 00a9 80       		.byte	-128
 199 00aa 08       		.byte	8
 200 00ab 01       		.byte	1
 201 00ac 0A       		.byte	10
 202 00ad 41       		.byte	65
 203 00ae 0B       		.byte	11
 204 00af 10       		.byte	16
 205 00b0 10       		.byte	16
 206 00b1 28       		.byte	40
 207 00b2 12       		.byte	18
 208 00b3 42       		.byte	66
 209 00b4 18       		.byte	24
 210 00b5 54       		.byte	84
 211 00b6 19       		.byte	25
 212 00b7 50       		.byte	80
 213 00b8 20       		.byte	32
 214 00b9 08       		.byte	8
 215 00ba 21       		.byte	33
 216 00bb 15       		.byte	21
 217 00bc 22       		.byte	34
 218 00bd 16       		.byte	22
 219 00be 23       		.byte	35
 220 00bf 10       		.byte	16
 221 00c0 28       		.byte	40
 222 00c1 01       		.byte	1
 223 00c2 2A       		.byte	42
 224 00c3 20       		.byte	32
 225 00c4 2B       		.byte	43
 226 00c5 80       		.byte	-128
 227 00c6 2C       		.byte	44
 228 00c7 08       		.byte	8
ARM GAS  C:\Users\Susanna\AppData\Local\Temp\ccKGWSs8.s 			page 5


 229 00c8 2F       		.byte	47
 230 00c9 04       		.byte	4
 231 00ca 32       		.byte	50
 232 00cb 16       		.byte	22
 233 00cc 33       		.byte	51
 234 00cd 40       		.byte	64
 235 00ce 39       		.byte	57
 236 00cf 14       		.byte	20
 237 00d0 3B       		.byte	59
 238 00d1 01       		.byte	1
 239 00d2 40       		.byte	64
 240 00d3 04       		.byte	4
 241 00d4 41       		.byte	65
 242 00d5 05       		.byte	5
 243 00d6 48       		.byte	72
 244 00d7 05       		.byte	5
 245 00d8 49       		.byte	73
 246 00d9 08       		.byte	8
 247 00da 4B       		.byte	75
 248 00db 01       		.byte	1
 249 00dc 51       		.byte	81
 250 00dd 08       		.byte	8
 251 00de 52       		.byte	82
 252 00df 50       		.byte	80
 253 00e0 5C       		.byte	92
 254 00e1 40       		.byte	64
 255 00e2 5D       		.byte	93
 256 00e3 0A       		.byte	10
 257 00e4 5F       		.byte	95
 258 00e5 20       		.byte	32
 259 00e6 61       		.byte	97
 260 00e7 80       		.byte	-128
 261 00e8 65       		.byte	101
 262 00e9 40       		.byte	64
 263 00ea 66       		.byte	102
 264 00eb 01       		.byte	1
 265 00ec 68       		.byte	104
 266 00ed 78       		.byte	120
 267 00ee 69       		.byte	105
 268 00ef 14       		.byte	20
 269 00f0 6A       		.byte	106
 270 00f1 40       		.byte	64
 271 00f2 6B       		.byte	107
 272 00f3 40       		.byte	64
 273 00f4 72       		.byte	114
 274 00f5 01       		.byte	1
 275 00f6 82       		.byte	-126
 276 00f7 01       		.byte	1
 277 00f8 86       		.byte	-122
 278 00f9 21       		.byte	33
 279 00fa A0       		.byte	-96
 280 00fb 01       		.byte	1
 281 00fc C0       		.byte	-64
 282 00fd 0F       		.byte	15
 283 00fe C2       		.byte	-62
 284 00ff 0D       		.byte	13
 285 0100 C4       		.byte	-60
ARM GAS  C:\Users\Susanna\AppData\Local\Temp\ccKGWSs8.s 			page 6


 286 0101 0F       		.byte	15
 287 0102 CA       		.byte	-54
 288 0103 0D       		.byte	13
 289 0104 CC       		.byte	-52
 290 0105 0F       		.byte	15
 291 0106 CE       		.byte	-50
 292 0107 07       		.byte	7
 293 0108 D0       		.byte	-48
 294 0109 07       		.byte	7
 295 010a D2       		.byte	-46
 296 010b 0C       		.byte	12
 297 010c D6       		.byte	-42
 298 010d F0       		.byte	-16
 299 010e D8       		.byte	-40
 300 010f 98       		.byte	-104
 301 0110 B4       		.byte	-76
 302 0111 40       		.byte	64
 303 0112 B9       		.byte	-71
 304 0113 0A       		.byte	10
 305 0114 BF       		.byte	-65
 306 0115 05       		.byte	5
 307 0116 D9       		.byte	-39
 308 0117 04       		.byte	4
 309 0118 DF       		.byte	-33
 310 0119 01       		.byte	1
 311 011a 24       		.byte	36
 312 011b 80       		.byte	-128
 313 011c 27       		.byte	39
 314 011d 20       		.byte	32
 315 011e 83       		.byte	-125
 316 011f 20       		.byte	32
 317 0120 EA       		.byte	-22
 318 0121 80       		.byte	-128
 319 0122 05       		.byte	5
 320 0123 04       		.byte	4
 321 0124 07       		.byte	7
 322 0125 39       		.byte	57
 323 0126 09       		.byte	9
 324 0127 13       		.byte	19
 325 0128 0B       		.byte	11
 326 0129 04       		.byte	4
 327 012a 0C       		.byte	12
 328 012b 01       		.byte	1
 329 012c 11       		.byte	17
 330 012d 05       		.byte	5
 331 012e 13       		.byte	19
 332 012f 3A       		.byte	58
 333 0130 14       		.byte	20
 334 0131 01       		.byte	1
 335 0132 17       		.byte	23
 336 0133 20       		.byte	32
 337 0134 1D       		.byte	29
 338 0135 0E       		.byte	14
 339 0136 1E       		.byte	30
 340 0137 01       		.byte	1
 341 0138 22       		.byte	34
 342 0139 02       		.byte	2
ARM GAS  C:\Users\Susanna\AppData\Local\Temp\ccKGWSs8.s 			page 7


 343 013a 23       		.byte	35
 344 013b 40       		.byte	64
 345 013c 26       		.byte	38
 346 013d 01       		.byte	1
 347 013e 27       		.byte	39
 348 013f 40       		.byte	64
 349 0140 2E       		.byte	46
 350 0141 02       		.byte	2
 351 0142 33       		.byte	51
 352 0143 30       		.byte	48
 353 0144 34       		.byte	52
 354 0145 01       		.byte	1
 355 0146 35       		.byte	53
 356 0147 40       		.byte	64
 357 0148 36       		.byte	54
 358 0149 02       		.byte	2
 359 014a 37       		.byte	55
 360 014b 0F       		.byte	15
 361 014c 38       		.byte	56
 362 014d 20       		.byte	32
 363 014e 39       		.byte	57
 364 014f 80       		.byte	-128
 365 0150 3A       		.byte	58
 366 0151 02       		.byte	2
 367 0152 3E       		.byte	62
 368 0153 40       		.byte	64
 369 0154 3F       		.byte	63
 370 0155 10       		.byte	16
 371 0156 54       		.byte	84
 372 0157 18       		.byte	24
 373 0158 58       		.byte	88
 374 0159 04       		.byte	4
 375 015a 59       		.byte	89
 376 015b 04       		.byte	4
 377 015c 5B       		.byte	91
 378 015d 04       		.byte	4
 379 015e 5C       		.byte	92
 380 015f 12       		.byte	18
 381 0160 5D       		.byte	93
 382 0161 20       		.byte	32
 383 0162 5F       		.byte	95
 384 0163 01       		.byte	1
 385 0164 81       		.byte	-127
 386 0165 0A       		.byte	10
 387 0166 84       		.byte	-124
 388 0167 01       		.byte	1
 389 0168 85       		.byte	-123
 390 0169 04       		.byte	4
 391 016a 88       		.byte	-120
 392 016b 03       		.byte	3
 393 016c 93       		.byte	-109
 394 016d 01       		.byte	1
 395 016e 96       		.byte	-106
 396 016f 04       		.byte	4
 397 0170 97       		.byte	-105
 398 0171 04       		.byte	4
 399 0172 9C       		.byte	-100
ARM GAS  C:\Users\Susanna\AppData\Local\Temp\ccKGWSs8.s 			page 8


 400 0173 03       		.byte	3
 401 0174 9D       		.byte	-99
 402 0175 08       		.byte	8
 403 0176 A6       		.byte	-90
 404 0177 04       		.byte	4
 405 0178 A9       		.byte	-87
 406 0179 0A       		.byte	10
 407 017a AD       		.byte	-83
 408 017b 04       		.byte	4
 409 017c B0       		.byte	-80
 410 017d 01       		.byte	1
 411 017e B1       		.byte	-79
 412 017f 08       		.byte	8
 413 0180 B2       		.byte	-78
 414 0181 02       		.byte	2
 415 0182 B3       		.byte	-77
 416 0183 04       		.byte	4
 417 0184 B4       		.byte	-76
 418 0185 04       		.byte	4
 419 0186 B5       		.byte	-75
 420 0187 01       		.byte	1
 421 0188 B7       		.byte	-73
 422 0189 02       		.byte	2
 423 018a BE       		.byte	-66
 424 018b 10       		.byte	16
 425 018c C0       		.byte	-64
 426 018d 30       		.byte	48
 427 018e C1       		.byte	-63
 428 018f 06       		.byte	6
 429 0190 C5       		.byte	-59
 430 0191 D0       		.byte	-48
 431 0192 C6       		.byte	-58
 432 0193 20       		.byte	32
 433 0194 C7       		.byte	-57
 434 0195 10       		.byte	16
 435 0196 C8       		.byte	-56
 436 0197 3A       		.byte	58
 437 0198 C9       		.byte	-55
 438 0199 FF       		.byte	-1
 439 019a CA       		.byte	-54
 440 019b FF       		.byte	-1
 441 019c CB       		.byte	-53
 442 019d FF       		.byte	-1
 443 019e CD       		.byte	-51
 444 019f A0       		.byte	-96
 445 01a0 CF       		.byte	-49
 446 01a1 04       		.byte	4
 447 01a2 D0       		.byte	-48
 448 01a3 18       		.byte	24
 449 01a4 D4       		.byte	-44
 450 01a5 05       		.byte	5
 451 01a6 D8       		.byte	-40
 452 01a7 04       		.byte	4
 453 01a8 D9       		.byte	-39
 454 01a9 04       		.byte	4
 455 01aa DA       		.byte	-38
 456 01ab 04       		.byte	4
ARM GAS  C:\Users\Susanna\AppData\Local\Temp\ccKGWSs8.s 			page 9


 457 01ac DB       		.byte	-37
 458 01ad 04       		.byte	4
 459 01ae DC       		.byte	-36
 460 01af 44       		.byte	68
 461 01b0 DD       		.byte	-35
 462 01b1 44       		.byte	68
 463 01b2 DF       		.byte	-33
 464 01b3 01       		.byte	1
 465 01b4 E0       		.byte	-32
 466 01b5 40       		.byte	64
 467 01b6 E2       		.byte	-30
 468 01b7 C0       		.byte	-64
 469 01b8 E4       		.byte	-28
 470 01b9 40       		.byte	64
 471 01ba E5       		.byte	-27
 472 01bb 40       		.byte	64
 473 01bc E6       		.byte	-26
 474 01bd C0       		.byte	-64
 475 01be E8       		.byte	-24
 476 01bf C0       		.byte	-64
 477 01c0 EA       		.byte	-22
 478 01c1 C0       		.byte	-64
 479 01c2 EC       		.byte	-20
 480 01c3 C0       		.byte	-64
 481 01c4 EE       		.byte	-18
 482 01c5 C0       		.byte	-64
 483 01c6 03       		.byte	3
 484 01c7 02       		.byte	2
 485 01c8 05       		.byte	5
 486 01c9 04       		.byte	4
 487 01ca 06       		.byte	6
 488 01cb 08       		.byte	8
 489 01cc 0A       		.byte	10
 490 01cd 12       		.byte	18
 491 01ce 0F       		.byte	15
 492 01cf 22       		.byte	34
 493 01d0 10       		.byte	16
 494 01d1 40       		.byte	64
 495 01d2 11       		.byte	17
 496 01d3 08       		.byte	8
 497 01d4 12       		.byte	18
 498 01d5 01       		.byte	1
 499 01d6 17       		.byte	23
 500 01d7 08       		.byte	8
 501 01d8 19       		.byte	25
 502 01d9 40       		.byte	64
 503 01da 1B       		.byte	27
 504 01db 22       		.byte	34
 505 01dc 1D       		.byte	29
 506 01dd 04       		.byte	4
 507 01de 1E       		.byte	30
 508 01df 48       		.byte	72
 509 01e0 20       		.byte	32
 510 01e1 04       		.byte	4
 511 01e2 21       		.byte	33
 512 01e3 88       		.byte	-120
 513 01e4 26       		.byte	38
ARM GAS  C:\Users\Susanna\AppData\Local\Temp\ccKGWSs8.s 			page 10


 514 01e5 80       		.byte	-128
 515 01e6 27       		.byte	39
 516 01e7 A8       		.byte	-88
 517 01e8 2B       		.byte	43
 518 01e9 A0       		.byte	-96
 519 01ea 2C       		.byte	44
 520 01eb 02       		.byte	2
 521 01ec 2F       		.byte	47
 522 01ed 08       		.byte	8
 523 01ee 31       		.byte	49
 524 01ef 88       		.byte	-120
 525 01f0 32       		.byte	50
 526 01f1 02       		.byte	2
 527 01f2 35       		.byte	53
 528 01f3 01       		.byte	1
 529 01f4 36       		.byte	54
 530 01f5 80       		.byte	-128
 531 01f6 37       		.byte	55
 532 01f7 08       		.byte	8
 533 01f8 39       		.byte	57
 534 01f9 28       		.byte	40
 535 01fa 3D       		.byte	61
 536 01fb 02       		.byte	2
 537 01fc 3E       		.byte	62
 538 01fd 08       		.byte	8
 539 01fe 47       		.byte	71
 540 01ff 08       		.byte	8
 541 0200 4F       		.byte	79
 542 0201 21       		.byte	33
 543 0202 54       		.byte	84
 544 0203 02       		.byte	2
 545 0204 56       		.byte	86
 546 0205 08       		.byte	8
 547 0206 57       		.byte	87
 548 0207 11       		.byte	17
 549 0208 5B       		.byte	91
 550 0209 02       		.byte	2
 551 020a 5E       		.byte	94
 552 020b 48       		.byte	72
 553 020c 5F       		.byte	95
 554 020d 01       		.byte	1
 555 020e 60       		.byte	96
 556 020f 04       		.byte	4
 557 0210 61       		.byte	97
 558 0211 40       		.byte	64
 559 0212 87       		.byte	-121
 560 0213 A0       		.byte	-96
 561 0214 88       		.byte	-120
 562 0215 40       		.byte	64
 563 0216 89       		.byte	-119
 564 0217 08       		.byte	8
 565 0218 8E       		.byte	-114
 566 0219 10       		.byte	16
 567 021a 91       		.byte	-111
 568 021b 28       		.byte	40
 569 021c 92       		.byte	-110
 570 021d 02       		.byte	2
ARM GAS  C:\Users\Susanna\AppData\Local\Temp\ccKGWSs8.s 			page 11


 571 021e 99       		.byte	-103
 572 021f 01       		.byte	1
 573 0220 9A       		.byte	-102
 574 0221 01       		.byte	1
 575 0222 9B       		.byte	-101
 576 0223 02       		.byte	2
 577 0224 9F       		.byte	-97
 578 0225 80       		.byte	-128
 579 0226 A1       		.byte	-95
 580 0227 05       		.byte	5
 581 0228 A2       		.byte	-94
 582 0229 02       		.byte	2
 583 022a A3       		.byte	-93
 584 022b 08       		.byte	8
 585 022c A7       		.byte	-89
 586 022d 02       		.byte	2
 587 022e A9       		.byte	-87
 588 022f 04       		.byte	4
 589 0230 AF       		.byte	-81
 590 0231 02       		.byte	2
 591 0232 B0       		.byte	-80
 592 0233 08       		.byte	8
 593 0234 B3       		.byte	-77
 594 0235 01       		.byte	1
 595 0236 B7       		.byte	-73
 596 0237 02       		.byte	2
 597 0238 C0       		.byte	-64
 598 0239 61       		.byte	97
 599 023a C2       		.byte	-62
 600 023b A5       		.byte	-91
 601 023c C4       		.byte	-60
 602 023d 2D       		.byte	45
 603 023e CA       		.byte	-54
 604 023f 33       		.byte	51
 605 0240 CC       		.byte	-52
 606 0241 DB       		.byte	-37
 607 0242 CE       		.byte	-50
 608 0243 C6       		.byte	-58
 609 0244 D0       		.byte	-48
 610 0245 40       		.byte	64
 611 0246 D2       		.byte	-46
 612 0247 20       		.byte	32
 613 0248 D6       		.byte	-42
 614 0249 D1       		.byte	-47
 615 024a D8       		.byte	-40
 616 024b 0C       		.byte	12
 617 024c E0       		.byte	-32
 618 024d 08       		.byte	8
 619 024e E4       		.byte	-28
 620 024f 01       		.byte	1
 621 0250 E6       		.byte	-26
 622 0251 28       		.byte	40
 623 0252 EA       		.byte	-22
 624 0253 06       		.byte	6
 625 0254 EC       		.byte	-20
 626 0255 10       		.byte	16
 627 0256 EE       		.byte	-18
ARM GAS  C:\Users\Susanna\AppData\Local\Temp\ccKGWSs8.s 			page 12


 628 0257 02       		.byte	2
 629 0258 00       		.byte	0
 630 0259 07       		.byte	7
 631 025a 06       		.byte	6
 632 025b 09       		.byte	9
 633 025c 08       		.byte	8
 634 025d 07       		.byte	7
 635 025e 10       		.byte	16
 636 025f 04       		.byte	4
 637 0260 1B       		.byte	27
 638 0261 01       		.byte	1
 639 0262 27       		.byte	39
 640 0263 01       		.byte	1
 641 0264 28       		.byte	40
 642 0265 08       		.byte	8
 643 0266 2C       		.byte	44
 644 0267 08       		.byte	8
 645 0268 30       		.byte	48
 646 0269 02       		.byte	2
 647 026a 32       		.byte	50
 648 026b 04       		.byte	4
 649 026c 34       		.byte	52
 650 026d 08       		.byte	8
 651 026e 35       		.byte	53
 652 026f 01       		.byte	1
 653 0270 36       		.byte	54
 654 0271 01       		.byte	1
 655 0272 3F       		.byte	63
 656 0273 10       		.byte	16
 657 0274 40       		.byte	64
 658 0275 40       		.byte	64
 659 0276 41       		.byte	65
 660 0277 02       		.byte	2
 661 0278 45       		.byte	69
 662 0279 D5       		.byte	-43
 663 027a 46       		.byte	70
 664 027b 24       		.byte	36
 665 027c 47       		.byte	71
 666 027d 01       		.byte	1
 667 027e 48       		.byte	72
 668 027f 3F       		.byte	63
 669 0280 49       		.byte	73
 670 0281 FF       		.byte	-1
 671 0282 4A       		.byte	74
 672 0283 FF       		.byte	-1
 673 0284 4B       		.byte	75
 674 0285 FF       		.byte	-1
 675 0286 4D       		.byte	77
 676 0287 A0       		.byte	-96
 677 0288 4F       		.byte	79
 678 0289 04       		.byte	4
 679 028a 50       		.byte	80
 680 028b 18       		.byte	24
 681 028c 52       		.byte	82
 682 028d 80       		.byte	-128
 683 028e 54       		.byte	84
 684 028f 07       		.byte	7
ARM GAS  C:\Users\Susanna\AppData\Local\Temp\ccKGWSs8.s 			page 13


 685 0290 58       		.byte	88
 686 0291 04       		.byte	4
 687 0292 59       		.byte	89
 688 0293 04       		.byte	4
 689 0294 5A       		.byte	90
 690 0295 04       		.byte	4
 691 0296 5B       		.byte	91
 692 0297 04       		.byte	4
 693 0298 5C       		.byte	92
 694 0299 04       		.byte	4
 695 029a 5D       		.byte	93
 696 029b 44       		.byte	68
 697 029c 5F       		.byte	95
 698 029d 01       		.byte	1
 699 029e 60       		.byte	96
 700 029f 40       		.byte	64
 701 02a0 62       		.byte	98
 702 02a1 C0       		.byte	-64
 703 02a2 64       		.byte	100
 704 02a3 40       		.byte	64
 705 02a4 65       		.byte	101
 706 02a5 40       		.byte	64
 707 02a6 66       		.byte	102
 708 02a7 C0       		.byte	-64
 709 02a8 68       		.byte	104
 710 02a9 C0       		.byte	-64
 711 02aa 6A       		.byte	106
 712 02ab C0       		.byte	-64
 713 02ac 6C       		.byte	108
 714 02ad C0       		.byte	-64
 715 02ae 6E       		.byte	110
 716 02af C0       		.byte	-64
 717 02b0 80       		.byte	-128
 718 02b1 10       		.byte	16
 719 02b2 82       		.byte	-126
 720 02b3 68       		.byte	104
 721 02b4 84       		.byte	-124
 722 02b5 08       		.byte	8
 723 02b6 85       		.byte	-123
 724 02b7 09       		.byte	9
 725 02b8 86       		.byte	-122
 726 02b9 13       		.byte	19
 727 02ba 87       		.byte	-121
 728 02bb 06       		.byte	6
 729 02bc 88       		.byte	-120
 730 02bd EC       		.byte	-20
 731 02be 89       		.byte	-119
 732 02bf 03       		.byte	3
 733 02c0 8B       		.byte	-117
 734 02c1 0C       		.byte	12
 735 02c2 8C       		.byte	-116
 736 02c3 EC       		.byte	-20
 737 02c4 90       		.byte	-112
 738 02c5 6C       		.byte	108
 739 02c6 91       		.byte	-111
 740 02c7 05       		.byte	5
 741 02c8 92       		.byte	-110
ARM GAS  C:\Users\Susanna\AppData\Local\Temp\ccKGWSs8.s 			page 14


 742 02c9 80       		.byte	-128
 743 02ca 93       		.byte	-109
 744 02cb 0A       		.byte	10
 745 02cc 96       		.byte	-106
 746 02cd 80       		.byte	-128
 747 02ce 98       		.byte	-104
 748 02cf E8       		.byte	-24
 749 02d0 9A       		.byte	-102
 750 02d1 04       		.byte	4
 751 02d2 9C       		.byte	-100
 752 02d3 EC       		.byte	-20
 753 02d4 9D       		.byte	-99
 754 02d5 02       		.byte	2
 755 02d6 9F       		.byte	-97
 756 02d7 0D       		.byte	13
 757 02d8 A0       		.byte	-96
 758 02d9 01       		.byte	1
 759 02da A2       		.byte	-94
 760 02db 06       		.byte	6
 761 02dc A8       		.byte	-88
 762 02dd 17       		.byte	23
 763 02de AA       		.byte	-86
 764 02df 40       		.byte	64
 765 02e0 AC       		.byte	-84
 766 02e1 11       		.byte	17
 767 02e2 AE       		.byte	-82
 768 02e3 26       		.byte	38
 769 02e4 B0       		.byte	-80
 770 02e5 78       		.byte	120
 771 02e6 B4       		.byte	-76
 772 02e7 80       		.byte	-128
 773 02e8 B6       		.byte	-74
 774 02e9 07       		.byte	7
 775 02ea B7       		.byte	-73
 776 02eb 0F       		.byte	15
 777 02ec BA       		.byte	-70
 778 02ed 82       		.byte	-126
 779 02ee BB       		.byte	-69
 780 02ef 80       		.byte	-128
 781 02f0 BE       		.byte	-66
 782 02f1 10       		.byte	16
 783 02f2 D4       		.byte	-44
 784 02f3 40       		.byte	64
 785 02f4 D6       		.byte	-42
 786 02f5 04       		.byte	4
 787 02f6 D8       		.byte	-40
 788 02f7 04       		.byte	4
 789 02f8 D9       		.byte	-39
 790 02f9 04       		.byte	4
 791 02fa DB       		.byte	-37
 792 02fb 04       		.byte	4
 793 02fc DC       		.byte	-36
 794 02fd 11       		.byte	17
 795 02fe DD       		.byte	-35
 796 02ff 10       		.byte	16
 797 0300 DF       		.byte	-33
 798 0301 01       		.byte	1
ARM GAS  C:\Users\Susanna\AppData\Local\Temp\ccKGWSs8.s 			page 15


 799 0302 00       		.byte	0
 800 0303 A8       		.byte	-88
 801 0304 01       		.byte	1
 802 0305 02       		.byte	2
 803 0306 04       		.byte	4
 804 0307 20       		.byte	32
 805 0308 06       		.byte	6
 806 0309 40       		.byte	64
 807 030a 07       		.byte	7
 808 030b 20       		.byte	32
 809 030c 08       		.byte	8
 810 030d 08       		.byte	8
 811 030e 09       		.byte	9
 812 030f 08       		.byte	8
 813 0310 0A       		.byte	10
 814 0311 41       		.byte	65
 815 0312 0B       		.byte	11
 816 0313 08       		.byte	8
 817 0314 0E       		.byte	14
 818 0315 80       		.byte	-128
 819 0316 10       		.byte	16
 820 0317 40       		.byte	64
 821 0318 12       		.byte	18
 822 0319 02       		.byte	2
 823 031a 13       		.byte	19
 824 031b 10       		.byte	16
 825 031c 16       		.byte	22
 826 031d 0A       		.byte	10
 827 031e 19       		.byte	25
 828 031f 02       		.byte	2
 829 0320 1B       		.byte	27
 830 0321 90       		.byte	-112
 831 0322 1C       		.byte	28
 832 0323 02       		.byte	2
 833 0324 1E       		.byte	30
 834 0325 A0       		.byte	-96
 835 0326 1F       		.byte	31
 836 0327 10       		.byte	16
 837 0328 21       		.byte	33
 838 0329 80       		.byte	-128
 839 032a 24       		.byte	36
 840 032b 04       		.byte	4
 841 032c 28       		.byte	40
 842 032d 40       		.byte	64
 843 032e 2B       		.byte	43
 844 032f 80       		.byte	-128
 845 0330 2F       		.byte	47
 846 0331 20       		.byte	32
 847 0332 31       		.byte	49
 848 0333 80       		.byte	-128
 849 0334 32       		.byte	50
 850 0335 02       		.byte	2
 851 0336 37       		.byte	55
 852 0337 20       		.byte	32
 853 0338 39       		.byte	57
 854 0339 28       		.byte	40
 855 033a 45       		.byte	69
ARM GAS  C:\Users\Susanna\AppData\Local\Temp\ccKGWSs8.s 			page 16


 856 033b 12       		.byte	18
 857 033c 4C       		.byte	76
 858 033d 10       		.byte	16
 859 033e 4F       		.byte	79
 860 033f 01       		.byte	1
 861 0340 55       		.byte	85
 862 0341 11       		.byte	17
 863 0342 56       		.byte	86
 864 0343 4A       		.byte	74
 865 0344 57       		.byte	87
 866 0345 28       		.byte	40
 867 0346 5C       		.byte	92
 868 0347 04       		.byte	4
 869 0348 5E       		.byte	94
 870 0349 20       		.byte	32
 871 034a 5F       		.byte	95
 872 034b 81       		.byte	-127
 873 034c 60       		.byte	96
 874 034d 80       		.byte	-128
 875 034e 62       		.byte	98
 876 034f 10       		.byte	16
 877 0350 63       		.byte	99
 878 0351 22       		.byte	34
 879 0352 75       		.byte	117
 880 0353 01       		.byte	1
 881 0354 86       		.byte	-122
 882 0355 01       		.byte	1
 883 0356 88       		.byte	-120
 884 0357 01       		.byte	1
 885 0358 8B       		.byte	-117
 886 0359 10       		.byte	16
 887 035a 8D       		.byte	-115
 888 035b 02       		.byte	2
 889 035c 8E       		.byte	-114
 890 035d 01       		.byte	1
 891 035e 8F       		.byte	-113
 892 035f 20       		.byte	32
 893 0360 91       		.byte	-111
 894 0361 28       		.byte	40
 895 0362 92       		.byte	-110
 896 0363 41       		.byte	65
 897 0364 93       		.byte	-109
 898 0365 18       		.byte	24
 899 0366 9A       		.byte	-102
 900 0367 10       		.byte	16
 901 0368 9C       		.byte	-100
 902 0369 80       		.byte	-128
 903 036a A0       		.byte	-96
 904 036b 54       		.byte	84
 905 036c A1       		.byte	-95
 906 036d 08       		.byte	8
 907 036e A2       		.byte	-94
 908 036f 02       		.byte	2
 909 0370 A5       		.byte	-91
 910 0371 80       		.byte	-128
 911 0372 A7       		.byte	-89
 912 0373 80       		.byte	-128
ARM GAS  C:\Users\Susanna\AppData\Local\Temp\ccKGWSs8.s 			page 17


 913 0374 A8       		.byte	-88
 914 0375 10       		.byte	16
 915 0376 A9       		.byte	-87
 916 0377 12       		.byte	18
 917 0378 B4       		.byte	-76
 918 0379 80       		.byte	-128
 919 037a B7       		.byte	-73
 920 037b 21       		.byte	33
 921 037c C0       		.byte	-64
 922 037d 7F       		.byte	127
 923 037e C2       		.byte	-62
 924 037f 1F       		.byte	31
 925 0380 C4       		.byte	-60
 926 0381 CB       		.byte	-53
 927 0382 CA       		.byte	-54
 928 0383 40       		.byte	64
 929 0384 CC       		.byte	-52
 930 0385 29       		.byte	41
 931 0386 CE       		.byte	-50
 932 0387 06       		.byte	6
 933 0388 D0       		.byte	-48
 934 0389 A0       		.byte	-96
 935 038a D6       		.byte	-42
 936 038b F0       		.byte	-16
 937 038c D8       		.byte	-40
 938 038d 0F       		.byte	15
 939 038e E2       		.byte	-30
 940 038f A0       		.byte	-96
 941 0390 E6       		.byte	-26
 942 0391 03       		.byte	3
 943 0392 EA       		.byte	-22
 944 0393 12       		.byte	18
 945 0394 01       		.byte	1
 946 0395 10       		.byte	16
 947 0396 02       		.byte	2
 948 0397 23       		.byte	35
 949 0398 04       		.byte	4
 950 0399 03       		.byte	3
 951 039a 05       		.byte	5
 952 039b C0       		.byte	-64
 953 039c 08       		.byte	8
 954 039d 33       		.byte	51
 955 039e 09       		.byte	9
 956 039f 18       		.byte	24
 957 03a0 0A       		.byte	10
 958 03a1 0C       		.byte	12
 959 03a2 0D       		.byte	13
 960 03a3 FF       		.byte	-1
 961 03a4 10       		.byte	16
 962 03a5 3F       		.byte	63
 963 03a6 11       		.byte	17
 964 03a7 3C       		.byte	60
 965 03a8 13       		.byte	19
 966 03a9 C2       		.byte	-62
 967 03aa 14       		.byte	20
 968 03ab 02       		.byte	2
 969 03ac 15       		.byte	21
ARM GAS  C:\Users\Susanna\AppData\Local\Temp\ccKGWSs8.s 			page 18


 970 03ad 08       		.byte	8
 971 03ae 18       		.byte	24
 972 03af 1F       		.byte	31
 973 03b0 19       		.byte	25
 974 03b1 1C       		.byte	28
 975 03b2 1A       		.byte	26
 976 03b3 20       		.byte	32
 977 03b4 1B       		.byte	27
 978 03b5 E1       		.byte	-31
 979 03b6 1C       		.byte	28
 980 03b7 08       		.byte	8
 981 03b8 1F       		.byte	31
 982 03b9 04       		.byte	4
 983 03ba 20       		.byte	32
 984 03bb 1C       		.byte	28
 985 03bc 21       		.byte	33
 986 03bd 44       		.byte	68
 987 03be 22       		.byte	34
 988 03bf 23       		.byte	35
 989 03c0 24       		.byte	36
 990 03c1 04       		.byte	4
 991 03c2 25       		.byte	37
 992 03c3 E7       		.byte	-25
 993 03c4 27       		.byte	39
 994 03c5 18       		.byte	24
 995 03c6 28       		.byte	40
 996 03c7 0C       		.byte	12
 997 03c8 29       		.byte	41
 998 03c9 80       		.byte	-128
 999 03ca 2C       		.byte	44
 1000 03cb 01       		.byte	1
 1001 03cc 2E       		.byte	46
 1002 03cd 40       		.byte	64
 1003 03ce 2F       		.byte	47
 1004 03cf E3       		.byte	-29
 1005 03d0 30       		.byte	48
 1006 03d1 40       		.byte	64
 1007 03d2 32       		.byte	50
 1008 03d3 0F       		.byte	15
 1009 03d4 33       		.byte	51
 1010 03d5 38       		.byte	56
 1011 03d6 34       		.byte	52
 1012 03d7 2C       		.byte	44
 1013 03d8 35       		.byte	53
 1014 03d9 C0       		.byte	-64
 1015 03da 36       		.byte	54
 1016 03db 10       		.byte	16
 1017 03dc 37       		.byte	55
 1018 03dd 1F       		.byte	31
 1019 03de 3A       		.byte	58
 1020 03df 28       		.byte	40
 1021 03e0 3B       		.byte	59
 1022 03e1 80       		.byte	-128
 1023 03e2 3E       		.byte	62
 1024 03e3 40       		.byte	64
 1025 03e4 56       		.byte	86
 1026 03e5 02       		.byte	2
ARM GAS  C:\Users\Susanna\AppData\Local\Temp\ccKGWSs8.s 			page 19


 1027 03e6 57       		.byte	87
 1028 03e7 13       		.byte	19
 1029 03e8 58       		.byte	88
 1030 03e9 04       		.byte	4
 1031 03ea 59       		.byte	89
 1032 03eb 04       		.byte	4
 1033 03ec 5B       		.byte	91
 1034 03ed 04       		.byte	4
 1035 03ee 5C       		.byte	92
 1036 03ef 22       		.byte	34
 1037 03f0 5D       		.byte	93
 1038 03f1 20       		.byte	32
 1039 03f2 5F       		.byte	95
 1040 03f3 01       		.byte	1
 1041 03f4 82       		.byte	-126
 1042 03f5 1C       		.byte	28
 1043 03f6 8C       		.byte	-116
 1044 03f7 1C       		.byte	28
 1045 03f8 8E       		.byte	-114
 1046 03f9 03       		.byte	3
 1047 03fa 93       		.byte	-109
 1048 03fb 01       		.byte	1
 1049 03fc 98       		.byte	-104
 1050 03fd 01       		.byte	1
 1051 03fe 9A       		.byte	-102
 1052 03ff 0E       		.byte	14
 1053 0400 9C       		.byte	-100
 1054 0401 01       		.byte	1
 1055 0402 9E       		.byte	-98
 1056 0403 16       		.byte	22
 1057 0404 A6       		.byte	-90
 1058 0405 08       		.byte	8
 1059 0406 AA       		.byte	-86
 1060 0407 03       		.byte	3
 1061 0408 B0       		.byte	-80
 1062 0409 0F       		.byte	15
 1063 040a B1       		.byte	-79
 1064 040b 01       		.byte	1
 1065 040c B4       		.byte	-76
 1066 040d 1A       		.byte	26
 1067 040e BA       		.byte	-70
 1068 040f 22       		.byte	34
 1069 0410 C0       		.byte	-64
 1070 0411 03       		.byte	3
 1071 0412 C6       		.byte	-58
 1072 0413 40       		.byte	64
 1073 0414 C9       		.byte	-55
 1074 0415 FF       		.byte	-1
 1075 0416 CA       		.byte	-54
 1076 0417 07       		.byte	7
 1077 0418 CB       		.byte	-53
 1078 0419 FF       		.byte	-1
 1079 041a CC       		.byte	-52
 1080 041b 40       		.byte	64
 1081 041c CD       		.byte	-51
 1082 041d 20       		.byte	32
 1083 041e CE       		.byte	-50
ARM GAS  C:\Users\Susanna\AppData\Local\Temp\ccKGWSs8.s 			page 20


 1084 041f F0       		.byte	-16
 1085 0420 CF       		.byte	-49
 1086 0421 05       		.byte	5
 1087 0422 D0       		.byte	-48
 1088 0423 08       		.byte	8
 1089 0424 D2       		.byte	-46
 1090 0425 80       		.byte	-128
 1091 0426 D8       		.byte	-40
 1092 0427 04       		.byte	4
 1093 0428 D9       		.byte	-39
 1094 0429 04       		.byte	4
 1095 042a DA       		.byte	-38
 1096 042b 04       		.byte	4
 1097 042c DB       		.byte	-37
 1098 042d 04       		.byte	4
 1099 042e DC       		.byte	-36
 1100 042f 42       		.byte	66
 1101 0430 DD       		.byte	-35
 1102 0431 42       		.byte	66
 1103 0432 DF       		.byte	-33
 1104 0433 01       		.byte	1
 1105 0434 E0       		.byte	-32
 1106 0435 40       		.byte	64
 1107 0436 E1       		.byte	-31
 1108 0437 A8       		.byte	-88
 1109 0438 E2       		.byte	-30
 1110 0439 40       		.byte	64
 1111 043a E3       		.byte	-29
 1112 043b 20       		.byte	32
 1113 043c 00       		.byte	0
 1114 043d 40       		.byte	64
 1115 043e 01       		.byte	1
 1116 043f 02       		.byte	2
 1117 0440 04       		.byte	4
 1118 0441 14       		.byte	20
 1119 0442 06       		.byte	6
 1120 0443 8C       		.byte	-116
 1121 0444 0A       		.byte	10
 1122 0445 06       		.byte	6
 1123 0446 0C       		.byte	12
 1124 0447 80       		.byte	-128
 1125 0448 0D       		.byte	13
 1126 0449 20       		.byte	32
 1127 044a 0E       		.byte	14
 1128 044b 10       		.byte	16
 1129 044c 0F       		.byte	15
 1130 044d 80       		.byte	-128
 1131 044e 10       		.byte	16
 1132 044f 08       		.byte	8
 1133 0450 12       		.byte	18
 1134 0451 10       		.byte	16
 1135 0452 15       		.byte	21
 1136 0453 40       		.byte	64
 1137 0454 17       		.byte	23
 1138 0455 2A       		.byte	42
 1139 0456 18       		.byte	24
 1140 0457 48       		.byte	72
ARM GAS  C:\Users\Susanna\AppData\Local\Temp\ccKGWSs8.s 			page 21


 1141 0458 1A       		.byte	26
 1142 0459 04       		.byte	4
 1143 045a 1C       		.byte	28
 1144 045b 10       		.byte	16
 1145 045c 1D       		.byte	29
 1146 045d 30       		.byte	48
 1147 045e 1E       		.byte	30
 1148 045f 81       		.byte	-127
 1149 0460 22       		.byte	34
 1150 0461 02       		.byte	2
 1151 0462 25       		.byte	37
 1152 0463 04       		.byte	4
 1153 0464 26       		.byte	38
 1154 0465 28       		.byte	40
 1155 0466 27       		.byte	39
 1156 0467 02       		.byte	2
 1157 0468 2E       		.byte	46
 1158 0469 D8       		.byte	-40
 1159 046a 2F       		.byte	47
 1160 046b 80       		.byte	-128
 1161 046c 31       		.byte	49
 1162 046d 01       		.byte	1
 1163 046e 35       		.byte	53
 1164 046f 10       		.byte	16
 1165 0470 36       		.byte	54
 1166 0471 40       		.byte	64
 1167 0472 37       		.byte	55
 1168 0473 0A       		.byte	10
 1169 0474 3C       		.byte	60
 1170 0475 0C       		.byte	12
 1171 0476 3E       		.byte	62
 1172 0477 22       		.byte	34
 1173 0478 3F       		.byte	63
 1174 0479 80       		.byte	-128
 1175 047a 41       		.byte	65
 1176 047b 08       		.byte	8
 1177 047c 50       		.byte	80
 1178 047d 08       		.byte	8
 1179 047e 52       		.byte	82
 1180 047f 10       		.byte	16
 1181 0480 5E       		.byte	94
 1182 0481 01       		.byte	1
 1183 0482 6D       		.byte	109
 1184 0483 10       		.byte	16
 1185 0484 6E       		.byte	110
 1186 0485 08       		.byte	8
 1187 0486 6F       		.byte	111
 1188 0487 01       		.byte	1
 1189 0488 71       		.byte	113
 1190 0489 01       		.byte	1
 1191 048a 74       		.byte	116
 1192 048b 80       		.byte	-128
 1193 048c 76       		.byte	118
 1194 048d 22       		.byte	34
 1195 048e 77       		.byte	119
 1196 048f 28       		.byte	40
 1197 0490 87       		.byte	-121
ARM GAS  C:\Users\Susanna\AppData\Local\Temp\ccKGWSs8.s 			page 22


 1198 0491 02       		.byte	2
 1199 0492 8E       		.byte	-114
 1200 0493 0A       		.byte	10
 1201 0494 C0       		.byte	-64
 1202 0495 79       		.byte	121
 1203 0496 C2       		.byte	-62
 1204 0497 F3       		.byte	-13
 1205 0498 C4       		.byte	-60
 1206 0499 F6       		.byte	-10
 1207 049a CA       		.byte	-54
 1208 049b F0       		.byte	-16
 1209 049c CC       		.byte	-52
 1210 049d F1       		.byte	-15
 1211 049e CE       		.byte	-50
 1212 049f F0       		.byte	-16
 1213 04a0 D0       		.byte	-48
 1214 04a1 02       		.byte	2
 1215 04a2 D6       		.byte	-42
 1216 04a3 80       		.byte	-128
 1217 04a4 E6       		.byte	-26
 1218 04a5 51       		.byte	81
 1219 04a6 EA       		.byte	-22
 1220 04a7 02       		.byte	2
 1221 04a8 00       		.byte	0
 1222 04a9 24       		.byte	36
 1223 04aa 02       		.byte	2
 1224 04ab 40       		.byte	64
 1225 04ac 04       		.byte	4
 1226 04ad 40       		.byte	64
 1227 04ae 05       		.byte	5
 1228 04af 73       		.byte	115
 1229 04b0 07       		.byte	7
 1230 04b1 04       		.byte	4
 1231 04b2 0C       		.byte	12
 1232 04b3 70       		.byte	112
 1233 04b4 0D       		.byte	13
 1234 04b5 2A       		.byte	42
 1235 04b6 0E       		.byte	14
 1236 04b7 09       		.byte	9
 1237 04b8 0F       		.byte	15
 1238 04b9 44       		.byte	68
 1239 04ba 11       		.byte	17
 1240 04bb 73       		.byte	115
 1241 04bc 13       		.byte	19
 1242 04bd 0C       		.byte	12
 1243 04be 14       		.byte	20
 1244 04bf 80       		.byte	-128
 1245 04c0 17       		.byte	23
 1246 04c1 55       		.byte	85
 1247 04c2 19       		.byte	25
 1248 04c3 03       		.byte	3
 1249 04c4 1A       		.byte	26
 1250 04c5 0C       		.byte	12
 1251 04c6 1B       		.byte	27
 1252 04c7 44       		.byte	68
 1253 04c8 1C       		.byte	28
 1254 04c9 41       		.byte	65
ARM GAS  C:\Users\Susanna\AppData\Local\Temp\ccKGWSs8.s 			page 23


 1255 04ca 1E       		.byte	30
 1256 04cb 30       		.byte	48
 1257 04cc 20       		.byte	32
 1258 04cd 50       		.byte	80
 1259 04ce 23       		.byte	35
 1260 04cf 08       		.byte	8
 1261 04d0 24       		.byte	36
 1262 04d1 31       		.byte	49
 1263 04d2 26       		.byte	38
 1264 04d3 44       		.byte	68
 1265 04d4 28       		.byte	40
 1266 04d5 02       		.byte	2
 1267 04d6 30       		.byte	48
 1268 04d7 03       		.byte	3
 1269 04d8 31       		.byte	49
 1270 04d9 0F       		.byte	15
 1271 04da 32       		.byte	50
 1272 04db 80       		.byte	-128
 1273 04dc 33       		.byte	51
 1274 04dd 30       		.byte	48
 1275 04de 34       		.byte	52
 1276 04df 7C       		.byte	124
 1277 04e0 37       		.byte	55
 1278 04e1 40       		.byte	64
 1279 04e2 38       		.byte	56
 1280 04e3 02       		.byte	2
 1281 04e4 39       		.byte	57
 1282 04e5 08       		.byte	8
 1283 04e6 3B       		.byte	59
 1284 04e7 02       		.byte	2
 1285 04e8 3E       		.byte	62
 1286 04e9 04       		.byte	4
 1287 04ea 3F       		.byte	63
 1288 04eb 44       		.byte	68
 1289 04ec 40       		.byte	64
 1290 04ed 46       		.byte	70
 1291 04ee 41       		.byte	65
 1292 04ef 02       		.byte	2
 1293 04f0 45       		.byte	69
 1294 04f1 0C       		.byte	12
 1295 04f2 46       		.byte	70
 1296 04f3 EB       		.byte	-21
 1297 04f4 48       		.byte	72
 1298 04f5 0D       		.byte	13
 1299 04f6 49       		.byte	73
 1300 04f7 FF       		.byte	-1
 1301 04f8 4A       		.byte	74
 1302 04f9 FF       		.byte	-1
 1303 04fa 4B       		.byte	75
 1304 04fb FF       		.byte	-1
 1305 04fc 4E       		.byte	78
 1306 04fd F0       		.byte	-16
 1307 04fe 4F       		.byte	79
 1308 04ff 44       		.byte	68
 1309 0500 50       		.byte	80
 1310 0501 0C       		.byte	12
 1311 0502 54       		.byte	84
ARM GAS  C:\Users\Susanna\AppData\Local\Temp\ccKGWSs8.s 			page 24


 1312 0503 01       		.byte	1
 1313 0504 58       		.byte	88
 1314 0505 04       		.byte	4
 1315 0506 59       		.byte	89
 1316 0507 04       		.byte	4
 1317 0508 5A       		.byte	90
 1318 0509 04       		.byte	4
 1319 050a 5B       		.byte	91
 1320 050b 04       		.byte	4
 1321 050c 5C       		.byte	92
 1322 050d 22       		.byte	34
 1323 050e 5D       		.byte	93
 1324 050f 22       		.byte	34
 1325 0510 5F       		.byte	95
 1326 0511 01       		.byte	1
 1327 0512 66       		.byte	102
 1328 0513 C0       		.byte	-64
 1329 0514 6A       		.byte	106
 1330 0515 40       		.byte	64
 1331 0516 6B       		.byte	107
 1332 0517 02       		.byte	2
 1333 0518 85       		.byte	-123
 1334 0519 01       		.byte	1
 1335 051a 88       		.byte	-120
 1336 051b 01       		.byte	1
 1337 051c 8A       		.byte	-118
 1338 051d 0E       		.byte	14
 1339 051e 94       		.byte	-108
 1340 051f 84       		.byte	-124
 1341 0520 96       		.byte	-106
 1342 0521 51       		.byte	81
 1343 0522 98       		.byte	-104
 1344 0523 E7       		.byte	-25
 1345 0524 A0       		.byte	-96
 1346 0525 20       		.byte	32
 1347 0526 A8       		.byte	-88
 1348 0527 E7       		.byte	-25
 1349 0528 AC       		.byte	-84
 1350 0529 42       		.byte	66
 1351 052a AE       		.byte	-82
 1352 052b 91       		.byte	-111
 1353 052c B0       		.byte	-80
 1354 052d 20       		.byte	32
 1355 052e B1       		.byte	-79
 1356 052f 01       		.byte	1
 1357 0530 B2       		.byte	-78
 1358 0531 C0       		.byte	-64
 1359 0532 B4       		.byte	-76
 1360 0533 07       		.byte	7
 1361 0534 B6       		.byte	-74
 1362 0535 18       		.byte	24
 1363 0536 BE       		.byte	-66
 1364 0537 40       		.byte	64
 1365 0538 BF       		.byte	-65
 1366 0539 01       		.byte	1
 1367 053a C0       		.byte	-64
 1368 053b 24       		.byte	36
ARM GAS  C:\Users\Susanna\AppData\Local\Temp\ccKGWSs8.s 			page 25


 1369 053c C1       		.byte	-63
 1370 053d 05       		.byte	5
 1371 053e C2       		.byte	-62
 1372 053f 03       		.byte	3
 1373 0540 C4       		.byte	-60
 1374 0541 01       		.byte	1
 1375 0542 C6       		.byte	-58
 1376 0543 E0       		.byte	-32
 1377 0544 C7       		.byte	-57
 1378 0545 C0       		.byte	-64
 1379 0546 C8       		.byte	-56
 1380 0547 28       		.byte	40
 1381 0548 C9       		.byte	-55
 1382 0549 FF       		.byte	-1
 1383 054a CA       		.byte	-54
 1384 054b FF       		.byte	-1
 1385 054c CB       		.byte	-53
 1386 054d FF       		.byte	-1
 1387 054e CC       		.byte	-52
 1388 054f 62       		.byte	98
 1389 0550 CD       		.byte	-51
 1390 0551 A0       		.byte	-96
 1391 0552 CE       		.byte	-50
 1392 0553 F0       		.byte	-16
 1393 0554 CF       		.byte	-49
 1394 0555 41       		.byte	65
 1395 0556 D0       		.byte	-48
 1396 0557 0C       		.byte	12
 1397 0558 D8       		.byte	-40
 1398 0559 04       		.byte	4
 1399 055a D9       		.byte	-39
 1400 055b 04       		.byte	4
 1401 055c DA       		.byte	-38
 1402 055d 04       		.byte	4
 1403 055e DC       		.byte	-36
 1404 055f 02       		.byte	2
 1405 0560 DD       		.byte	-35
 1406 0561 02       		.byte	2
 1407 0562 DF       		.byte	-33
 1408 0563 01       		.byte	1
 1409 0564 E6       		.byte	-26
 1410 0565 40       		.byte	64
 1411 0566 E7       		.byte	-25
 1412 0567 02       		.byte	2
 1413 0568 E9       		.byte	-23
 1414 0569 10       		.byte	16
 1415 056a EA       		.byte	-22
 1416 056b 30       		.byte	48
 1417 056c EB       		.byte	-21
 1418 056d 10       		.byte	16
 1419 056e ED       		.byte	-19
 1420 056f 10       		.byte	16
 1421 0570 EE       		.byte	-18
 1422 0571 10       		.byte	16
 1423 0572 EF       		.byte	-17
 1424 0573 12       		.byte	18
 1425 0574 00       		.byte	0
ARM GAS  C:\Users\Susanna\AppData\Local\Temp\ccKGWSs8.s 			page 26


 1426 0575 40       		.byte	64
 1427 0576 01       		.byte	1
 1428 0577 02       		.byte	2
 1429 0578 02       		.byte	2
 1430 0579 10       		.byte	16
 1431 057a 05       		.byte	5
 1432 057b 10       		.byte	16
 1433 057c 0A       		.byte	10
 1434 057d 06       		.byte	6
 1435 057e 0B       		.byte	11
 1436 057f 20       		.byte	32
 1437 0580 0E       		.byte	14
 1438 0581 18       		.byte	24
 1439 0582 10       		.byte	16
 1440 0583 08       		.byte	8
 1441 0584 11       		.byte	17
 1442 0585 04       		.byte	4
 1443 0586 12       		.byte	18
 1444 0587 40       		.byte	64
 1445 0588 15       		.byte	21
 1446 0589 50       		.byte	80
 1447 058a 17       		.byte	23
 1448 058b 01       		.byte	1
 1449 058c 19       		.byte	25
 1450 058d 06       		.byte	6
 1451 058e 1A       		.byte	26
 1452 058f 04       		.byte	4
 1453 0590 1C       		.byte	28
 1454 0591 08       		.byte	8
 1455 0592 1D       		.byte	29
 1456 0593 92       		.byte	-110
 1457 0594 1E       		.byte	30
 1458 0595 50       		.byte	80
 1459 0596 21       		.byte	33
 1460 0597 09       		.byte	9
 1461 0598 22       		.byte	34
 1462 0599 41       		.byte	65
 1463 059a 25       		.byte	37
 1464 059b 01       		.byte	1
 1465 059c 29       		.byte	41
 1466 059d 02       		.byte	2
 1467 059e 30       		.byte	48
 1468 059f 38       		.byte	56
 1469 05a0 32       		.byte	50
 1470 05a1 01       		.byte	1
 1471 05a2 38       		.byte	56
 1472 05a3 48       		.byte	72
 1473 05a4 39       		.byte	57
 1474 05a5 04       		.byte	4
 1475 05a6 3A       		.byte	58
 1476 05a7 08       		.byte	8
 1477 05a8 3E       		.byte	62
 1478 05a9 04       		.byte	4
 1479 05aa 41       		.byte	65
 1480 05ab 01       		.byte	1
 1481 05ac 42       		.byte	66
 1482 05ad 08       		.byte	8
ARM GAS  C:\Users\Susanna\AppData\Local\Temp\ccKGWSs8.s 			page 27


 1483 05ae 45       		.byte	69
 1484 05af 86       		.byte	-122
 1485 05b0 46       		.byte	70
 1486 05b1 04       		.byte	4
 1487 05b2 48       		.byte	72
 1488 05b3 28       		.byte	40
 1489 05b4 4F       		.byte	79
 1490 05b5 80       		.byte	-128
 1491 05b6 52       		.byte	82
 1492 05b7 40       		.byte	64
 1493 05b8 53       		.byte	83
 1494 05b9 10       		.byte	16
 1495 05ba 56       		.byte	86
 1496 05bb 02       		.byte	2
 1497 05bc 57       		.byte	87
 1498 05bd 20       		.byte	32
 1499 05be 58       		.byte	88
 1500 05bf 10       		.byte	16
 1501 05c0 59       		.byte	89
 1502 05c1 04       		.byte	4
 1503 05c2 5A       		.byte	90
 1504 05c3 80       		.byte	-128
 1505 05c4 5B       		.byte	91
 1506 05c5 02       		.byte	2
 1507 05c6 87       		.byte	-121
 1508 05c7 20       		.byte	32
 1509 05c8 8A       		.byte	-118
 1510 05c9 02       		.byte	2
 1511 05ca 8B       		.byte	-117
 1512 05cb 12       		.byte	18
 1513 05cc 8D       		.byte	-115
 1514 05cd 41       		.byte	65
 1515 05ce 8E       		.byte	-114
 1516 05cf 04       		.byte	4
 1517 05d0 8F       		.byte	-113
 1518 05d1 80       		.byte	-128
 1519 05d2 90       		.byte	-112
 1520 05d3 48       		.byte	72
 1521 05d4 91       		.byte	-111
 1522 05d5 10       		.byte	16
 1523 05d6 95       		.byte	-107
 1524 05d7 40       		.byte	64
 1525 05d8 96       		.byte	-106
 1526 05d9 52       		.byte	82
 1527 05da 9A       		.byte	-102
 1528 05db 14       		.byte	20
 1529 05dc 9B       		.byte	-101
 1530 05dd 01       		.byte	1
 1531 05de 9D       		.byte	-99
 1532 05df 02       		.byte	2
 1533 05e0 A0       		.byte	-96
 1534 05e1 08       		.byte	8
 1535 05e2 A1       		.byte	-95
 1536 05e3 04       		.byte	4
 1537 05e4 A2       		.byte	-94
 1538 05e5 04       		.byte	4
 1539 05e6 A3       		.byte	-93
ARM GAS  C:\Users\Susanna\AppData\Local\Temp\ccKGWSs8.s 			page 28


 1540 05e7 40       		.byte	64
 1541 05e8 A4       		.byte	-92
 1542 05e9 04       		.byte	4
 1543 05ea A5       		.byte	-91
 1544 05eb 08       		.byte	8
 1545 05ec A7       		.byte	-89
 1546 05ed 80       		.byte	-128
 1547 05ee A9       		.byte	-87
 1548 05ef 20       		.byte	32
 1549 05f0 AE       		.byte	-82
 1550 05f1 20       		.byte	32
 1551 05f2 B7       		.byte	-73
 1552 05f3 40       		.byte	64
 1553 05f4 C0       		.byte	-64
 1554 05f5 4D       		.byte	77
 1555 05f6 C2       		.byte	-62
 1556 05f7 67       		.byte	103
 1557 05f8 C4       		.byte	-60
 1558 05f9 DE       		.byte	-34
 1559 05fa CA       		.byte	-54
 1560 05fb 01       		.byte	1
 1561 05fc CC       		.byte	-52
 1562 05fd 07       		.byte	7
 1563 05fe CE       		.byte	-50
 1564 05ff 4A       		.byte	74
 1565 0600 D0       		.byte	-48
 1566 0601 F5       		.byte	-11
 1567 0602 D2       		.byte	-46
 1568 0603 14       		.byte	20
 1569 0604 D6       		.byte	-42
 1570 0605 0F       		.byte	15
 1571 0606 E0       		.byte	-32
 1572 0607 08       		.byte	8
 1573 0608 E2       		.byte	-30
 1574 0609 80       		.byte	-128
 1575 060a E4       		.byte	-28
 1576 060b 01       		.byte	1
 1577 060c E6       		.byte	-26
 1578 060d 10       		.byte	16
 1579 060e EA       		.byte	-22
 1580 060f 02       		.byte	2
 1581 0610 EC       		.byte	-20
 1582 0611 50       		.byte	80
 1583 0612 33       		.byte	51
 1584 0613 40       		.byte	64
 1585 0614 37       		.byte	55
 1586 0615 10       		.byte	16
 1587 0616 CC       		.byte	-52
 1588 0617 30       		.byte	48
 1589 0618 5A       		.byte	90
 1590 0619 04       		.byte	4
 1591 061a 63       		.byte	99
 1592 061b 20       		.byte	32
 1593 061c 9F       		.byte	-97
 1594 061d 50       		.byte	80
 1595 061e D6       		.byte	-42
 1596 061f 40       		.byte	64
ARM GAS  C:\Users\Susanna\AppData\Local\Temp\ccKGWSs8.s 			page 29


 1597 0620 D8       		.byte	-40
 1598 0621 40       		.byte	64
 1599 0622 3C       		.byte	60
 1600 0623 80       		.byte	-128
 1601 0624 63       		.byte	99
 1602 0625 01       		.byte	1
 1603 0626 83       		.byte	-125
 1604 0627 01       		.byte	1
 1605 0628 96       		.byte	-106
 1606 0629 04       		.byte	4
 1607 062a 9F       		.byte	-97
 1608 062b 50       		.byte	80
 1609 062c A7       		.byte	-89
 1610 062d 10       		.byte	16
 1611 062e CE       		.byte	-50
 1612 062f 20       		.byte	32
 1613 0630 D6       		.byte	-42
 1614 0631 40       		.byte	64
 1615 0632 E2       		.byte	-30
 1616 0633 80       		.byte	-128
 1617 0634 83       		.byte	-125
 1618 0635 10       		.byte	16
 1619 0636 96       		.byte	-106
 1620 0637 04       		.byte	4
 1621 0638 9F       		.byte	-97
 1622 0639 50       		.byte	80
 1623 063a A4       		.byte	-92
 1624 063b 40       		.byte	64
 1625 063c A7       		.byte	-89
 1626 063d 10       		.byte	16
 1627 063e E2       		.byte	-30
 1628 063f 20       		.byte	32
 1629 0640 7C       		.byte	124
 1630 0641 01       		.byte	1
 1631 0642 DE       		.byte	-34
 1632 0643 01       		.byte	1
 1633 0644 00       		.byte	0
 1634 0645 02       		.byte	2
 1635 0646 94       		.byte	-108
 1636 0647 01       		.byte	1
 1637 0648 C0       		.byte	-64
 1638 0649 08       		.byte	8
 1639 064a 45       		.byte	69
 1640 064b 08       		.byte	8
 1641 064c 94       		.byte	-108
 1642 064d 01       		.byte	1
 1643 064e B0       		.byte	-80
 1644 064f 01       		.byte	1
 1645 0650 D0       		.byte	-48
 1646 0651 01       		.byte	1
 1647 0652 EA       		.byte	-22
 1648 0653 01       		.byte	1
 1649 0654 A5       		.byte	-91
 1650 0655 08       		.byte	8
 1651 0656 B4       		.byte	-76
 1652 0657 01       		.byte	1
 1653 0658 EC       		.byte	-20
ARM GAS  C:\Users\Susanna\AppData\Local\Temp\ccKGWSs8.s 			page 30


 1654 0659 08       		.byte	8
 1655 065a 25       		.byte	37
 1656 065b 10       		.byte	16
 1657 065c 80       		.byte	-128
 1658 065d 04       		.byte	4
 1659 065e 88       		.byte	-120
 1660 065f 02       		.byte	2
 1661 0660 89       		.byte	-119
 1662 0661 02       		.byte	2
 1663 0662 96       		.byte	-106
 1664 0663 04       		.byte	4
 1665 0664 AB       		.byte	-85
 1666 0665 10       		.byte	16
 1667 0666 AC       		.byte	-84
 1668 0667 40       		.byte	64
 1669 0668 B7       		.byte	-73
 1670 0669 40       		.byte	64
 1671 066a C8       		.byte	-56
 1672 066b 20       		.byte	32
 1673 066c E6       		.byte	-26
 1674 066d 80       		.byte	-128
 1675 066e EA       		.byte	-22
 1676 066f 40       		.byte	64
 1677 0670 EE       		.byte	-18
 1678 0671 80       		.byte	-128
 1679 0672 12       		.byte	18
 1680 0673 20       		.byte	32
 1681 0674 16       		.byte	22
 1682 0675 40       		.byte	64
 1683 0676 58       		.byte	88
 1684 0677 02       		.byte	2
 1685 0678 64       		.byte	100
 1686 0679 01       		.byte	1
 1687 067a 65       		.byte	101
 1688 067b 02       		.byte	2
 1689 067c 70       		.byte	112
 1690 067d 04       		.byte	4
 1691 067e 7E       		.byte	126
 1692 067f 02       		.byte	2
 1693 0680 82       		.byte	-126
 1694 0681 20       		.byte	32
 1695 0682 84       		.byte	-124
 1696 0683 01       		.byte	1
 1697 0684 86       		.byte	-122
 1698 0685 40       		.byte	64
 1699 0686 8A       		.byte	-118
 1700 0687 04       		.byte	4
 1701 0688 90       		.byte	-112
 1702 0689 08       		.byte	8
 1703 068a 96       		.byte	-106
 1704 068b 04       		.byte	4
 1705 068c 98       		.byte	-104
 1706 068d 02       		.byte	2
 1707 068e 99       		.byte	-103
 1708 068f 02       		.byte	2
 1709 0690 A2       		.byte	-94
 1710 0691 02       		.byte	2
ARM GAS  C:\Users\Susanna\AppData\Local\Temp\ccKGWSs8.s 			page 31


 1711 0692 AE       		.byte	-82
 1712 0693 02       		.byte	2
 1713 0694 B5       		.byte	-75
 1714 0695 10       		.byte	16
 1715 0696 C4       		.byte	-60
 1716 0697 30       		.byte	48
 1717 0698 D6       		.byte	-42
 1718 0699 C0       		.byte	-64
 1719 069a D8       		.byte	-40
 1720 069b 80       		.byte	-128
 1721 069c DC       		.byte	-36
 1722 069d 80       		.byte	-128
 1723 069e DE       		.byte	-34
 1724 069f 20       		.byte	32
 1725 06a0 E0       		.byte	-32
 1726 06a1 10       		.byte	16
 1727 06a2 E2       		.byte	-30
 1728 06a3 40       		.byte	64
 1729 06a4 E4       		.byte	-28
 1730 06a5 80       		.byte	-128
 1731 06a6 EA       		.byte	-22
 1732 06a7 40       		.byte	64
 1733 06a8 12       		.byte	18
 1734 06a9 20       		.byte	32
 1735 06aa 13       		.byte	19
 1736 06ab 80       		.byte	-128
 1737 06ac 17       		.byte	23
 1738 06ad 01       		.byte	1
 1739 06ae 7B       		.byte	123
 1740 06af 10       		.byte	16
 1741 06b0 7F       		.byte	127
 1742 06b1 40       		.byte	64
 1743 06b2 82       		.byte	-126
 1744 06b3 20       		.byte	32
 1745 06b4 9F       		.byte	-97
 1746 06b5 80       		.byte	-128
 1747 06b6 A5       		.byte	-91
 1748 06b7 08       		.byte	8
 1749 06b8 AF       		.byte	-81
 1750 06b9 80       		.byte	-128
 1751 06ba C4       		.byte	-60
 1752 06bb 0E       		.byte	14
 1753 06bc DE       		.byte	-34
 1754 06bd 03       		.byte	3
 1755 06be 12       		.byte	18
 1756 06bf 80       		.byte	-128
 1757 06c0 75       		.byte	117
 1758 06c1 04       		.byte	4
 1759 06c2 83       		.byte	-125
 1760 06c3 10       		.byte	16
 1761 06c4 87       		.byte	-121
 1762 06c5 40       		.byte	64
 1763 06c6 8D       		.byte	-115
 1764 06c7 04       		.byte	4
 1765 06c8 8E       		.byte	-114
 1766 06c9 80       		.byte	-128
 1767 06ca 97       		.byte	-105
ARM GAS  C:\Users\Susanna\AppData\Local\Temp\ccKGWSs8.s 			page 32


 1768 06cb 80       		.byte	-128
 1769 06cc A7       		.byte	-89
 1770 06cd 10       		.byte	16
 1771 06ce AF       		.byte	-81
 1772 06cf 01       		.byte	1
 1773 06d0 B5       		.byte	-75
 1774 06d1 08       		.byte	8
 1775 06d2 C4       		.byte	-60
 1776 06d3 08       		.byte	8
 1777 06d4 DE       		.byte	-34
 1778 06d5 04       		.byte	4
 1779 06d6 E0       		.byte	-32
 1780 06d7 08       		.byte	8
 1781 06d8 E2       		.byte	-30
 1782 06d9 02       		.byte	2
 1783 06da EC       		.byte	-20
 1784 06db 08       		.byte	8
 1785 06dc 00       		.byte	0
 1786 06dd 02       		.byte	2
 1787 06de 0A       		.byte	10
 1788 06df 02       		.byte	2
 1789 06e0 10       		.byte	16
 1790 06e1 16       		.byte	22
 1791 06e2 1A       		.byte	26
 1792 06e3 16       		.byte	22
 1793 06e4 1C       		.byte	28
 1794 06e5 14       		.byte	20
 1795 06e6 00       		.byte	0
 1796 06e7 0F       		.byte	15
 1797 06e8 03       		.byte	3
 1798 06e9 C0       		.byte	-64
 1799 06ea 00       		.byte	0
 1800 06eb 00       		.byte	0
 1801 06ec 82       		.byte	-126
 1802 06ed 80       		.byte	-128
 1803 06ee 00       		.byte	0
 1804 06ef 00       		.byte	0
 1805 06f0 43       		.byte	67
 1806 06f1 00       		.byte	0
 1807 06f2 00       		.byte	0
 1808 06f3 00       		.byte	0
 1809 06f4 04       		.byte	4
 1810 06f5 82       		.byte	-126
 1811 06f6 00       		.byte	0
 1812 06f7 00       		.byte	0
 1813 06f8 07       		.byte	7
 1814 06f9 18       		.byte	24
 1815 06fa 38       		.byte	56
 1816 06fb 02       		.byte	2
 1817 06fc 01       		.byte	1
 1818 06fd 02       		.byte	2
 1819 06fe 00       		.byte	0
 1820 06ff 18       		.byte	24
 1821 0700 84       		.byte	-124
 1822 0701 00       		.byte	0
 1823 0702 00       		.byte	0
 1824 0703 00       		.byte	0
ARM GAS  C:\Users\Susanna\AppData\Local\Temp\ccKGWSs8.s 			page 33


 1825 0704 04       		.byte	4
 1826 0705 C1       		.byte	-63
 1827 0706 80       		.byte	-128
 1828 0707 38       		.byte	56
 1829 0708 56       		.byte	86
 1830 0709 9C       		.byte	-100
 1831 070a 09       		.byte	9
 1832 070b 03       		.byte	3
 1833 070c 00       		.byte	0
 1834 070d 33       		.byte	51
 1835 070e 00       		.byte	0
 1836 070f 44       		.byte	68
 1837 0710 84       		.byte	-124
 1838 0711 1A       		.byte	26
 1839 0712 00       		.byte	0
 1840 0713 00       		.byte	0
 1841 0714 60       		.byte	96
 1842 0715 18       		.byte	24
 1843 0716 00       		.byte	0
 1844 0717 00       		.byte	0
 1845 0718 84       		.byte	-124
 1846 0719 00       		.byte	0
 1847 071a 00       		.byte	0
 1848 071b 00       		.byte	0
 1849 071c 80       		.byte	-128
 1850 071d 1A       		.byte	26
 1851 071e 04       		.byte	4
 1852 071f 00       		.byte	0
 1853 0720 0A       		.byte	10
 1854 0721 18       		.byte	24
 1855 0722 10       		.byte	16
 1856 0723 02       		.byte	2
 1857 0724 08       		.byte	8
 1858 0725 0F       		.byte	15
 1859 0726 7F       		.byte	127
 1860 0727 E0       		.byte	-32
 1861 0728 80       		.byte	-128
 1862 0729 13       		.byte	19
 1863 072a 02       		.byte	2
 1864 072b 00       		.byte	0
 1865 072c 08       		.byte	8
 1866 072d 00       		.byte	0
 1867 072e 00       		.byte	0
 1868 072f 0A       		.byte	10
 1869 0730 00       		.byte	0
 1870 0731 00       		.byte	0
 1871 0732 51       		.byte	81
 1872 0733 00       		.byte	0
 1873 0734 43       		.byte	67
 1874 0735 06       		.byte	6
 1875 0736 20       		.byte	32
 1876 0737 00       		.byte	0
 1877 0738 05       		.byte	5
 1878 0739 CE       		.byte	-50
 1879 073a FB       		.byte	-5
 1880 073b 0D       		.byte	13
 1881 073c 1F       		.byte	31
ARM GAS  C:\Users\Susanna\AppData\Local\Temp\ccKGWSs8.s 			page 34


 1882 073d FF       		.byte	-1
 1883 073e FF       		.byte	-1
 1884 073f FF       		.byte	-1
 1885 0740 22       		.byte	34
 1886 0741 00       		.byte	0
 1887 0742 F0       		.byte	-16
 1888 0743 08       		.byte	8
 1889 0744 04       		.byte	4
 1890 0745 00       		.byte	0
 1891 0746 00       		.byte	0
 1892 0747 00       		.byte	0
 1893 0748 00       		.byte	0
 1894 0749 00       		.byte	0
 1895 074a 02       		.byte	2
 1896 074b 20       		.byte	32
 1897 074c 04       		.byte	4
 1898 074d 04       		.byte	4
 1899 074e 04       		.byte	4
 1900 074f 04       		.byte	4
 1901 0750 11       		.byte	17
 1902 0751 11       		.byte	17
 1903 0752 00       		.byte	0
 1904 0753 01       		.byte	1
 1905 0754 00       		.byte	0
 1906 0755 00       		.byte	0
 1907 0756 C0       		.byte	-64
 1908 0757 00       		.byte	0
 1909 0758 40       		.byte	64
 1910 0759 01       		.byte	1
 1911 075a 10       		.byte	16
 1912 075b 11       		.byte	17
 1913 075c C0       		.byte	-64
 1914 075d 01       		.byte	1
 1915 075e 00       		.byte	0
 1916 075f 11       		.byte	17
 1917 0760 40       		.byte	64
 1918 0761 01       		.byte	1
 1919 0762 40       		.byte	64
 1920 0763 01       		.byte	1
 1921 0764 00       		.byte	0
 1922 0765 00       		.byte	0
 1923 0766 00       		.byte	0
 1924 0767 00       		.byte	0
 1925 0768 00       		.byte	0
 1926 0769 00       		.byte	0
 1927 076a 00       		.byte	0
 1928 076b 00       		.byte	0
 1929 076c 00       		.byte	0
 1930 076d 00       		.byte	0
 1931 076e 00       		.byte	0
 1932 076f 00       		.byte	0
 1933 0770 00       		.byte	0
 1934 0771 00       		.byte	0
 1935 0772 00       		.byte	0
 1936 0773 00       		.byte	0
 1937 0774 00       		.byte	0
 1938 0775 60       		.byte	96
ARM GAS  C:\Users\Susanna\AppData\Local\Temp\ccKGWSs8.s 			page 35


 1939 0776 60       		.byte	96
 1940 0777 00       		.byte	0
 1941 0778 60       		.byte	96
 1942 0779 00       		.byte	0
 1943 077a 00       		.byte	0
 1944 077b 00       		.byte	0
 1945 077c 83       		.byte	-125
 1946 077d 00       		.byte	0
 1947 077e 50       		.byte	80
 1948 077f 80       		.byte	-128
 1949 0780 83       		.byte	-125
 1950 0781 00       		.byte	0
 1951 0782 83       		.byte	-125
 1952 0783 00       		.byte	0
 1953 0784 00       		.byte	0
 1954 0785 00       		.byte	0
 1955 0786 00       		.byte	0
 1956 0787 00       		.byte	0
 1957 0788 00       		.byte	0
 1958 0789 0B       		.byte	11
 1959 078a 0B       		.byte	11
 1960 078b 00       		.byte	0
 1961 078c 00       		.byte	0
 1962 078d 00       		.byte	0
 1963 078e 00       		.byte	0
 1964 078f 00       		.byte	0
 1965 0790 10       		.byte	16
 1966 0791 00       		.byte	0
 1967 0792 01       		.byte	1
 1968 0793 10       		.byte	16
 1969 0794 10       		.byte	16
 1970 0795 00       		.byte	0
 1971 0796 00       		.byte	0
 1972 0797 00       		.byte	0
 1973 0798 00       		.byte	0
 1974 0799 00       		.byte	0
 1975 079a 00       		.byte	0
 1976 079b 00       		.byte	0
 1977 079c E0       		.byte	-32
 1978 079d 00       		.byte	0
 1979 079e 00       		.byte	0
 1980 079f E0       		.byte	-32
 1981 07a0 E0       		.byte	-32
 1982 07a1 00       		.byte	0
 1983 07a2 E0       		.byte	-32
 1984 07a3 00       		.byte	0
 1985 07a4 08       		.byte	8
 1986 07a5 00       		.byte	0
 1987 07a6 00       		.byte	0
 1988 07a7 00       		.byte	0
 1989 07a8 25       		.byte	37
 1990 07a9 00       		.byte	0
 1991 07aa 18       		.byte	24
 1992 07ab 01       		.byte	1
 1993              		.section	.cywolatch,"a",%progbits
 1994              		.align	2
 1995              		.type	cy_meta_wonvl, %object
ARM GAS  C:\Users\Susanna\AppData\Local\Temp\ccKGWSs8.s 			page 36


 1996              		.size	cy_meta_wonvl, 4
 1997              	cy_meta_wonvl:
 1998 0000 BC       		.byte	-68
 1999 0001 90       		.byte	-112
 2000 0002 AC       		.byte	-84
 2001 0003 AF       		.byte	-81
 2002              		.section	.cycustnvl,"a",%progbits
 2003              		.align	2
 2004              		.type	cy_meta_custnvl, %object
 2005              		.size	cy_meta_custnvl, 4
 2006              	cy_meta_custnvl:
 2007 0000 00       		.byte	0
 2008 0001 00       		.byte	0
 2009 0002 40       		.byte	64
 2010 0003 05       		.byte	5
 2011              		.section	.cymeta,"a",%progbits
 2012              		.align	2
 2013              		.type	cy_metadata, %object
 2014              		.size	cy_metadata, 12
 2015              	cy_metadata:
 2016 0000 00       		.byte	0
 2017 0001 01       		.byte	1
 2018 0002 2E       		.byte	46
 2019 0003 16       		.byte	22
 2020 0004 10       		.byte	16
 2021 0005 69       		.byte	105
 2022 0006 00       		.byte	0
 2023 0007 01       		.byte	1
 2024 0008 00       		.byte	0
 2025 0009 00       		.byte	0
 2026 000a 00       		.byte	0
 2027 000b 00       		.byte	0
 2028              		.section	.cyflashprotect,"a",%progbits
 2029              		.align	2
 2030              		.type	cy_meta_flashprotect, %object
 2031              		.size	cy_meta_flashprotect, 256
 2032              	cy_meta_flashprotect:
 2033 0000 00000000 		.space	256
 2033      00000000 
 2033      00000000 
 2033      00000000 
 2033      00000000 
 2034              		.text
 2035              	.Letext0:
 2036              		.file 1 "c:\\program files (x86)\\cypress\\psoc creator\\4.3\\psoc creator\\import\\gnu\\arm\\5.4.
 2037              		.file 2 "c:\\program files (x86)\\cypress\\psoc creator\\4.3\\psoc creator\\import\\gnu\\arm\\5.4.
 2038              		.file 3 "Generated_Source\\PSoC5\\cymetadata.c"
 2039              		.section	.debug_info,"",%progbits
 2040              	.Ldebug_info0:
 2041 0000 35010000 		.4byte	0x135
 2042 0004 0400     		.2byte	0x4
 2043 0006 00000000 		.4byte	.Ldebug_abbrev0
 2044 000a 04       		.byte	0x4
 2045 000b 01       		.uleb128 0x1
 2046 000c 24000000 		.4byte	.LASF17
 2047 0010 0C       		.byte	0xc
 2048 0011 D9010000 		.4byte	.LASF18
ARM GAS  C:\Users\Susanna\AppData\Local\Temp\ccKGWSs8.s 			page 37


 2049 0015 D7000000 		.4byte	.LASF19
 2050 0019 00000000 		.4byte	.Ldebug_line0
 2051 001d 02       		.uleb128 0x2
 2052 001e 01       		.byte	0x1
 2053 001f 06       		.byte	0x6
 2054 0020 CD010000 		.4byte	.LASF0
 2055 0024 03       		.uleb128 0x3
 2056 0025 00000000 		.4byte	.LASF9
 2057 0029 01       		.byte	0x1
 2058 002a 1D       		.byte	0x1d
 2059 002b 2F000000 		.4byte	0x2f
 2060 002f 02       		.uleb128 0x2
 2061 0030 01       		.byte	0x1
 2062 0031 08       		.byte	0x8
 2063 0032 16000000 		.4byte	.LASF1
 2064 0036 02       		.uleb128 0x2
 2065 0037 02       		.byte	0x2
 2066 0038 05       		.byte	0x5
 2067 0039 BA010000 		.4byte	.LASF2
 2068 003d 02       		.uleb128 0x2
 2069 003e 02       		.byte	0x2
 2070 003f 07       		.byte	0x7
 2071 0040 C4000000 		.4byte	.LASF3
 2072 0044 02       		.uleb128 0x2
 2073 0045 04       		.byte	0x4
 2074 0046 05       		.byte	0x5
 2075 0047 C4010000 		.4byte	.LASF4
 2076 004b 02       		.uleb128 0x2
 2077 004c 04       		.byte	0x4
 2078 004d 07       		.byte	0x7
 2079 004e B2000000 		.4byte	.LASF5
 2080 0052 02       		.uleb128 0x2
 2081 0053 08       		.byte	0x8
 2082 0054 05       		.byte	0x5
 2083 0055 AC010000 		.4byte	.LASF6
 2084 0059 02       		.uleb128 0x2
 2085 005a 08       		.byte	0x8
 2086 005b 07       		.byte	0x7
 2087 005c 61010000 		.4byte	.LASF7
 2088 0060 04       		.uleb128 0x4
 2089 0061 04       		.byte	0x4
 2090 0062 05       		.byte	0x5
 2091 0063 696E7400 		.ascii	"int\000"
 2092 0067 02       		.uleb128 0x2
 2093 0068 04       		.byte	0x4
 2094 0069 07       		.byte	0x7
 2095 006a 54010000 		.4byte	.LASF8
 2096 006e 03       		.uleb128 0x3
 2097 006f 78010000 		.4byte	.LASF10
 2098 0073 02       		.byte	0x2
 2099 0074 18       		.byte	0x18
 2100 0075 24000000 		.4byte	0x24
 2101 0079 05       		.uleb128 0x5
 2102 007a 91000000 		.4byte	0x91
 2103 007e 8A000000 		.4byte	0x8a
 2104 0082 06       		.uleb128 0x6
 2105 0083 8A000000 		.4byte	0x8a
ARM GAS  C:\Users\Susanna\AppData\Local\Temp\ccKGWSs8.s 			page 38


 2106 0087 AB07     		.2byte	0x7ab
 2107 0089 00       		.byte	0
 2108 008a 02       		.uleb128 0x2
 2109 008b 04       		.byte	0x4
 2110 008c 07       		.byte	0x7
 2111 008d A3010000 		.4byte	.LASF11
 2112 0091 07       		.uleb128 0x7
 2113 0092 6E000000 		.4byte	0x6e
 2114 0096 08       		.uleb128 0x8
 2115 0097 42010000 		.4byte	.LASF12
 2116 009b 03       		.byte	0x3
 2117 009c 1F       		.byte	0x1f
 2118 009d A7000000 		.4byte	0xa7
 2119 00a1 05       		.uleb128 0x5
 2120 00a2 03       		.byte	0x3
 2121 00a3 00000000 		.4byte	cy_meta_configecc
 2122 00a7 07       		.uleb128 0x7
 2123 00a8 79000000 		.4byte	0x79
 2124 00ac 05       		.uleb128 0x5
 2125 00ad 91000000 		.4byte	0x91
 2126 00b1 BC000000 		.4byte	0xbc
 2127 00b5 09       		.uleb128 0x9
 2128 00b6 8A000000 		.4byte	0x8a
 2129 00ba 03       		.byte	0x3
 2130 00bb 00       		.byte	0
 2131 00bc 0A       		.uleb128 0xa
 2132 00bd 32010000 		.4byte	.LASF13
 2133 00c1 03       		.byte	0x3
 2134 00c2 2201     		.2byte	0x122
 2135 00c4 CE000000 		.4byte	0xce
 2136 00c8 05       		.uleb128 0x5
 2137 00c9 03       		.byte	0x3
 2138 00ca 00000000 		.4byte	cy_meta_custnvl
 2139 00ce 07       		.uleb128 0x7
 2140 00cf AC000000 		.4byte	0xac
 2141 00d3 0A       		.uleb128 0xa
 2142 00d4 95010000 		.4byte	.LASF14
 2143 00d8 03       		.byte	0x3
 2144 00d9 3001     		.2byte	0x130
 2145 00db E5000000 		.4byte	0xe5
 2146 00df 05       		.uleb128 0x5
 2147 00e0 03       		.byte	0x3
 2148 00e1 00000000 		.4byte	cy_meta_wonvl
 2149 00e5 07       		.uleb128 0x7
 2150 00e6 AC000000 		.4byte	0xac
 2151 00ea 05       		.uleb128 0x5
 2152 00eb 91000000 		.4byte	0x91
 2153 00ef FA000000 		.4byte	0xfa
 2154 00f3 09       		.uleb128 0x9
 2155 00f4 8A000000 		.4byte	0x8a
 2156 00f8 FF       		.byte	0xff
 2157 00f9 00       		.byte	0
 2158 00fa 0A       		.uleb128 0xa
 2159 00fb 80010000 		.4byte	.LASF15
 2160 00ff 03       		.byte	0x3
 2161 0100 3E01     		.2byte	0x13e
 2162 0102 0C010000 		.4byte	0x10c
ARM GAS  C:\Users\Susanna\AppData\Local\Temp\ccKGWSs8.s 			page 39


 2163 0106 05       		.uleb128 0x5
 2164 0107 03       		.byte	0x3
 2165 0108 00000000 		.4byte	cy_meta_flashprotect
 2166 010c 07       		.uleb128 0x7
 2167 010d EA000000 		.4byte	0xea
 2168 0111 05       		.uleb128 0x5
 2169 0112 91000000 		.4byte	0x91
 2170 0116 21010000 		.4byte	0x121
 2171 011a 09       		.uleb128 0x9
 2172 011b 8A000000 		.4byte	0x8a
 2173 011f 0B       		.byte	0xb
 2174 0120 00       		.byte	0
 2175 0121 0A       		.uleb128 0xa
 2176 0122 0A000000 		.4byte	.LASF16
 2177 0126 03       		.byte	0x3
 2178 0127 6B01     		.2byte	0x16b
 2179 0129 33010000 		.4byte	0x133
 2180 012d 05       		.uleb128 0x5
 2181 012e 03       		.byte	0x3
 2182 012f 00000000 		.4byte	cy_metadata
 2183 0133 07       		.uleb128 0x7
 2184 0134 11010000 		.4byte	0x111
 2185 0138 00       		.byte	0
 2186              		.section	.debug_abbrev,"",%progbits
 2187              	.Ldebug_abbrev0:
 2188 0000 01       		.uleb128 0x1
 2189 0001 11       		.uleb128 0x11
 2190 0002 01       		.byte	0x1
 2191 0003 25       		.uleb128 0x25
 2192 0004 0E       		.uleb128 0xe
 2193 0005 13       		.uleb128 0x13
 2194 0006 0B       		.uleb128 0xb
 2195 0007 03       		.uleb128 0x3
 2196 0008 0E       		.uleb128 0xe
 2197 0009 1B       		.uleb128 0x1b
 2198 000a 0E       		.uleb128 0xe
 2199 000b 10       		.uleb128 0x10
 2200 000c 17       		.uleb128 0x17
 2201 000d 00       		.byte	0
 2202 000e 00       		.byte	0
 2203 000f 02       		.uleb128 0x2
 2204 0010 24       		.uleb128 0x24
 2205 0011 00       		.byte	0
 2206 0012 0B       		.uleb128 0xb
 2207 0013 0B       		.uleb128 0xb
 2208 0014 3E       		.uleb128 0x3e
 2209 0015 0B       		.uleb128 0xb
 2210 0016 03       		.uleb128 0x3
 2211 0017 0E       		.uleb128 0xe
 2212 0018 00       		.byte	0
 2213 0019 00       		.byte	0
 2214 001a 03       		.uleb128 0x3
 2215 001b 16       		.uleb128 0x16
 2216 001c 00       		.byte	0
 2217 001d 03       		.uleb128 0x3
 2218 001e 0E       		.uleb128 0xe
 2219 001f 3A       		.uleb128 0x3a
ARM GAS  C:\Users\Susanna\AppData\Local\Temp\ccKGWSs8.s 			page 40


 2220 0020 0B       		.uleb128 0xb
 2221 0021 3B       		.uleb128 0x3b
 2222 0022 0B       		.uleb128 0xb
 2223 0023 49       		.uleb128 0x49
 2224 0024 13       		.uleb128 0x13
 2225 0025 00       		.byte	0
 2226 0026 00       		.byte	0
 2227 0027 04       		.uleb128 0x4
 2228 0028 24       		.uleb128 0x24
 2229 0029 00       		.byte	0
 2230 002a 0B       		.uleb128 0xb
 2231 002b 0B       		.uleb128 0xb
 2232 002c 3E       		.uleb128 0x3e
 2233 002d 0B       		.uleb128 0xb
 2234 002e 03       		.uleb128 0x3
 2235 002f 08       		.uleb128 0x8
 2236 0030 00       		.byte	0
 2237 0031 00       		.byte	0
 2238 0032 05       		.uleb128 0x5
 2239 0033 01       		.uleb128 0x1
 2240 0034 01       		.byte	0x1
 2241 0035 49       		.uleb128 0x49
 2242 0036 13       		.uleb128 0x13
 2243 0037 01       		.uleb128 0x1
 2244 0038 13       		.uleb128 0x13
 2245 0039 00       		.byte	0
 2246 003a 00       		.byte	0
 2247 003b 06       		.uleb128 0x6
 2248 003c 21       		.uleb128 0x21
 2249 003d 00       		.byte	0
 2250 003e 49       		.uleb128 0x49
 2251 003f 13       		.uleb128 0x13
 2252 0040 2F       		.uleb128 0x2f
 2253 0041 05       		.uleb128 0x5
 2254 0042 00       		.byte	0
 2255 0043 00       		.byte	0
 2256 0044 07       		.uleb128 0x7
 2257 0045 26       		.uleb128 0x26
 2258 0046 00       		.byte	0
 2259 0047 49       		.uleb128 0x49
 2260 0048 13       		.uleb128 0x13
 2261 0049 00       		.byte	0
 2262 004a 00       		.byte	0
 2263 004b 08       		.uleb128 0x8
 2264 004c 34       		.uleb128 0x34
 2265 004d 00       		.byte	0
 2266 004e 03       		.uleb128 0x3
 2267 004f 0E       		.uleb128 0xe
 2268 0050 3A       		.uleb128 0x3a
 2269 0051 0B       		.uleb128 0xb
 2270 0052 3B       		.uleb128 0x3b
 2271 0053 0B       		.uleb128 0xb
 2272 0054 49       		.uleb128 0x49
 2273 0055 13       		.uleb128 0x13
 2274 0056 3F       		.uleb128 0x3f
 2275 0057 19       		.uleb128 0x19
 2276 0058 02       		.uleb128 0x2
ARM GAS  C:\Users\Susanna\AppData\Local\Temp\ccKGWSs8.s 			page 41


 2277 0059 18       		.uleb128 0x18
 2278 005a 00       		.byte	0
 2279 005b 00       		.byte	0
 2280 005c 09       		.uleb128 0x9
 2281 005d 21       		.uleb128 0x21
 2282 005e 00       		.byte	0
 2283 005f 49       		.uleb128 0x49
 2284 0060 13       		.uleb128 0x13
 2285 0061 2F       		.uleb128 0x2f
 2286 0062 0B       		.uleb128 0xb
 2287 0063 00       		.byte	0
 2288 0064 00       		.byte	0
 2289 0065 0A       		.uleb128 0xa
 2290 0066 34       		.uleb128 0x34
 2291 0067 00       		.byte	0
 2292 0068 03       		.uleb128 0x3
 2293 0069 0E       		.uleb128 0xe
 2294 006a 3A       		.uleb128 0x3a
 2295 006b 0B       		.uleb128 0xb
 2296 006c 3B       		.uleb128 0x3b
 2297 006d 05       		.uleb128 0x5
 2298 006e 49       		.uleb128 0x49
 2299 006f 13       		.uleb128 0x13
 2300 0070 3F       		.uleb128 0x3f
 2301 0071 19       		.uleb128 0x19
 2302 0072 02       		.uleb128 0x2
 2303 0073 18       		.uleb128 0x18
 2304 0074 00       		.byte	0
 2305 0075 00       		.byte	0
 2306 0076 00       		.byte	0
 2307              		.section	.debug_aranges,"",%progbits
 2308 0000 14000000 		.4byte	0x14
 2309 0004 0200     		.2byte	0x2
 2310 0006 00000000 		.4byte	.Ldebug_info0
 2311 000a 04       		.byte	0x4
 2312 000b 00       		.byte	0
 2313 000c 0000     		.2byte	0
 2314 000e 0000     		.2byte	0
 2315 0010 00000000 		.4byte	0
 2316 0014 00000000 		.4byte	0
 2317              		.section	.debug_line,"",%progbits
 2318              	.Ldebug_line0:
 2319 0000 3D010000 		.section	.debug_str,"MS",%progbits,1
 2319      02003701 
 2319      00000201 
 2319      FB0E0D00 
 2319      01010101 
 2320              	.LASF9:
 2321 0000 5F5F7569 		.ascii	"__uint8_t\000"
 2321      6E74385F 
 2321      7400
 2322              	.LASF16:
 2323 000a 63795F6D 		.ascii	"cy_metadata\000"
 2323      65746164 
 2323      61746100 
 2324              	.LASF1:
 2325 0016 756E7369 		.ascii	"unsigned char\000"
ARM GAS  C:\Users\Susanna\AppData\Local\Temp\ccKGWSs8.s 			page 42


 2325      676E6564 
 2325      20636861 
 2325      7200
 2326              	.LASF17:
 2327 0024 474E5520 		.ascii	"GNU C11 5.4.1 20160609 (release) [ARM/embedded-5-br"
 2327      43313120 
 2327      352E342E 
 2327      31203230 
 2327      31363036 
 2328 0057 616E6368 		.ascii	"anch revision 237715] -mcpu=cortex-m3 -mthumb -g -O"
 2328      20726576 
 2328      6973696F 
 2328      6E203233 
 2328      37373135 
 2329 008a 67202D66 		.ascii	"g -ffunction-sections -ffat-lto-objects\000"
 2329      66756E63 
 2329      74696F6E 
 2329      2D736563 
 2329      74696F6E 
 2330              	.LASF5:
 2331 00b2 6C6F6E67 		.ascii	"long unsigned int\000"
 2331      20756E73 
 2331      69676E65 
 2331      6420696E 
 2331      7400
 2332              	.LASF3:
 2333 00c4 73686F72 		.ascii	"short unsigned int\000"
 2333      7420756E 
 2333      7369676E 
 2333      65642069 
 2333      6E7400
 2334              	.LASF19:
 2335 00d7 433A5C55 		.ascii	"C:\\Users\\Susanna\\Desktop\\Final_Project_DiGiacom"
 2335      73657273 
 2335      5C537573 
 2335      616E6E61 
 2335      5C446573 
 2336 0106 6F5F5061 		.ascii	"o_Palmieri\\Final_Project2.cydsn\\Final.cydsn\000"
 2336      6C6D6965 
 2336      72695C46 
 2336      696E616C 
 2336      5F50726F 
 2337              	.LASF13:
 2338 0132 63795F6D 		.ascii	"cy_meta_custnvl\000"
 2338      6574615F 
 2338      63757374 
 2338      6E766C00 
 2339              	.LASF12:
 2340 0142 63795F6D 		.ascii	"cy_meta_configecc\000"
 2340      6574615F 
 2340      636F6E66 
 2340      69676563 
 2340      6300
 2341              	.LASF8:
 2342 0154 756E7369 		.ascii	"unsigned int\000"
 2342      676E6564 
 2342      20696E74 
ARM GAS  C:\Users\Susanna\AppData\Local\Temp\ccKGWSs8.s 			page 43


 2342      00
 2343              	.LASF7:
 2344 0161 6C6F6E67 		.ascii	"long long unsigned int\000"
 2344      206C6F6E 
 2344      6720756E 
 2344      7369676E 
 2344      65642069 
 2345              	.LASF10:
 2346 0178 75696E74 		.ascii	"uint8_t\000"
 2346      385F7400 
 2347              	.LASF15:
 2348 0180 63795F6D 		.ascii	"cy_meta_flashprotect\000"
 2348      6574615F 
 2348      666C6173 
 2348      6870726F 
 2348      74656374 
 2349              	.LASF14:
 2350 0195 63795F6D 		.ascii	"cy_meta_wonvl\000"
 2350      6574615F 
 2350      776F6E76 
 2350      6C00
 2351              	.LASF11:
 2352 01a3 73697A65 		.ascii	"sizetype\000"
 2352      74797065 
 2352      00
 2353              	.LASF6:
 2354 01ac 6C6F6E67 		.ascii	"long long int\000"
 2354      206C6F6E 
 2354      6720696E 
 2354      7400
 2355              	.LASF2:
 2356 01ba 73686F72 		.ascii	"short int\000"
 2356      7420696E 
 2356      7400
 2357              	.LASF4:
 2358 01c4 6C6F6E67 		.ascii	"long int\000"
 2358      20696E74 
 2358      00
 2359              	.LASF0:
 2360 01cd 7369676E 		.ascii	"signed char\000"
 2360      65642063 
 2360      68617200 
 2361              	.LASF18:
 2362 01d9 47656E65 		.ascii	"Generated_Source\\PSoC5\\cymetadata.c\000"
 2362      72617465 
 2362      645F536F 
 2362      75726365 
 2362      5C50536F 
 2363              		.ident	"GCC: (GNU Tools for ARM Embedded Processors) 5.4.1 20160609 (release) [ARM/embedded-5-bran
