ARM GAS  C:\Users\Susanna\AppData\Local\Temp\ccCQUsgK.s 			page 1


   1              		.syntax unified
   2              		.cpu cortex-m3
   3              		.fpu softvfp
   4              		.eabi_attribute 20, 1
   5              		.eabi_attribute 21, 1
   6              		.eabi_attribute 23, 3
   7              		.eabi_attribute 24, 1
   8              		.eabi_attribute 25, 1
   9              		.eabi_attribute 26, 1
  10              		.eabi_attribute 30, 1
  11              		.eabi_attribute 34, 1
  12              		.eabi_attribute 18, 4
  13              		.thumb
  14              		.syntax unified
  15              		.file	"RGBLedDriver.c"
  16              		.text
  17              	.Ltext0:
  18              		.cfi_sections	.debug_frame
  19              		.section	.text.RGBLed_Start,"ax",%progbits
  20              		.align	2
  21              		.global	RGBLed_Start
  22              		.thumb
  23              		.thumb_func
  24              		.type	RGBLed_Start, %function
  25              	RGBLed_Start:
  26              	.LFB63:
  27              		.file 1 "RGBLedDriver.c"
   1:RGBLedDriver.c **** /* ========================================
   2:RGBLedDriver.c ****  *
   3:RGBLedDriver.c ****  * Copyright YOUR COMPANY, THE YEAR
   4:RGBLedDriver.c ****  * All Rights Reserved
   5:RGBLedDriver.c ****  * UNPUBLISHED, LICENSED SOFTWARE.
   6:RGBLedDriver.c ****  *
   7:RGBLedDriver.c ****  * CONFIDENTIAL AND PROPRIETARY INFORMATION
   8:RGBLedDriver.c ****  * WHICH IS THE PROPERTY OF your company.
   9:RGBLedDriver.c ****  *
  10:RGBLedDriver.c ****  * ========================================
  11:RGBLedDriver.c **** */
  12:RGBLedDriver.c **** #include  "RGBLedDriver.h"
  13:RGBLedDriver.c **** #include "project.h"
  14:RGBLedDriver.c **** 
  15:RGBLedDriver.c **** #define G 1000
  16:RGBLedDriver.c **** #define CONFIDENCE_INTERVAL 20
  17:RGBLedDriver.c **** #define LEVELS 4
  18:RGBLedDriver.c **** #define X 0
  19:RGBLedDriver.c **** #define Y 1
  20:RGBLedDriver.c **** #define Z 2
  21:RGBLedDriver.c **** 
  22:RGBLedDriver.c **** uint16_t step;
  23:RGBLedDriver.c **** uint8_t direction;
  24:RGBLedDriver.c **** 
  25:RGBLedDriver.c **** void RGBLed_Start(void)
  26:RGBLedDriver.c **** {
  28              		.loc 1 26 0
  29              		.cfi_startproc
  30              		@ args = 0, pretend = 0, frame = 0
  31              		@ frame_needed = 0, uses_anonymous_args = 0
ARM GAS  C:\Users\Susanna\AppData\Local\Temp\ccCQUsgK.s 			page 2


  32 0000 08B5     		push	{r3, lr}
  33              		.cfi_def_cfa_offset 8
  34              		.cfi_offset 3, -8
  35              		.cfi_offset 14, -4
  27:RGBLedDriver.c ****     PWM_RG_Start();
  36              		.loc 1 27 0
  37 0002 FFF7FEFF 		bl	PWM_RG_Start
  38              	.LVL0:
  28:RGBLedDriver.c ****     PWM_B_Start();
  39              		.loc 1 28 0
  40 0006 FFF7FEFF 		bl	PWM_B_Start
  41              	.LVL1:
  42 000a 08BD     		pop	{r3, pc}
  43              		.cfi_endproc
  44              	.LFE63:
  45              		.size	RGBLed_Start, .-RGBLed_Start
  46              		.section	.text.RGBLed_Stop,"ax",%progbits
  47              		.align	2
  48              		.global	RGBLed_Stop
  49              		.thumb
  50              		.thumb_func
  51              		.type	RGBLed_Stop, %function
  52              	RGBLed_Stop:
  53              	.LFB64:
  29:RGBLedDriver.c **** }
  30:RGBLedDriver.c **** 
  31:RGBLedDriver.c **** void RGBLed_Stop(void)
  32:RGBLedDriver.c **** {
  54              		.loc 1 32 0
  55              		.cfi_startproc
  56              		@ args = 0, pretend = 0, frame = 0
  57              		@ frame_needed = 0, uses_anonymous_args = 0
  58 0000 08B5     		push	{r3, lr}
  59              		.cfi_def_cfa_offset 8
  60              		.cfi_offset 3, -8
  61              		.cfi_offset 14, -4
  33:RGBLedDriver.c ****     PWM_RG_Stop();
  62              		.loc 1 33 0
  63 0002 FFF7FEFF 		bl	PWM_RG_Stop
  64              	.LVL2:
  34:RGBLedDriver.c ****     PWM_B_Stop();
  65              		.loc 1 34 0
  66 0006 FFF7FEFF 		bl	PWM_B_Stop
  67              	.LVL3:
  68 000a 08BD     		pop	{r3, pc}
  69              		.cfi_endproc
  70              	.LFE64:
  71              		.size	RGBLed_Stop, .-RGBLed_Stop
  72              		.section	.text.set_PWM,"ax",%progbits
  73              		.align	2
  74              		.global	set_PWM
  75              		.thumb
  76              		.thumb_func
  77              		.type	set_PWM, %function
  78              	set_PWM:
  79              	.LFB65:
  35:RGBLedDriver.c **** }
ARM GAS  C:\Users\Susanna\AppData\Local\Temp\ccCQUsgK.s 			page 3


  36:RGBLedDriver.c **** 
  37:RGBLedDriver.c **** 
  38:RGBLedDriver.c **** 
  39:RGBLedDriver.c **** void set_PWM(int16_t X_Out,int16_t Y_Out,int16_t Z_Out)
  40:RGBLedDriver.c **** {
  80              		.loc 1 40 0
  81              		.cfi_startproc
  82              		@ args = 0, pretend = 0, frame = 0
  83              		@ frame_needed = 0, uses_anonymous_args = 0
  84              	.LVL4:
  85 0000 F8B5     		push	{r3, r4, r5, r6, r7, lr}
  86              		.cfi_def_cfa_offset 24
  87              		.cfi_offset 3, -24
  88              		.cfi_offset 4, -20
  89              		.cfi_offset 5, -16
  90              		.cfi_offset 6, -12
  91              		.cfi_offset 7, -8
  92              		.cfi_offset 14, -4
  93 0002 0546     		mov	r5, r0
  94 0004 0E46     		mov	r6, r1
  95 0006 1746     		mov	r7, r2
  41:RGBLedDriver.c ****     step=(4000-(G+CONFIDENCE_INTERVAL))/LEVELS; //cambia in base al FS -> METTI FS COME INPUT
  96              		.loc 1 41 0
  97 0008 40F2E922 		movw	r2, #745
  98              	.LVL5:
  99 000c 9D4B     		ldr	r3, .L23
 100 000e 1A80     		strh	r2, [r3]	@ movhi
  42:RGBLedDriver.c ****     
  43:RGBLedDriver.c ****     if((X_Out>=G-CONFIDENCE_INTERVAL) && (X_Out<=G+CONFIDENCE_INTERVAL))
 101              		.loc 1 43 0
 102 0010 A0F57574 		sub	r4, r0, #980
 103 0014 A4B2     		uxth	r4, r4
 104 0016 282C     		cmp	r4, #40
 105 0018 03D8     		bhi	.L6
  44:RGBLedDriver.c ****     {
  45:RGBLedDriver.c ****         direction=X;   
 106              		.loc 1 45 0
 107 001a 0022     		movs	r2, #0
 108 001c 9A4B     		ldr	r3, .L23+4
 109 001e 1A70     		strb	r2, [r3]
 110 0020 10E0     		b	.L7
 111              	.L6:
  46:RGBLedDriver.c ****     }
  47:RGBLedDriver.c ****     
  48:RGBLedDriver.c ****     else if((Y_Out>=G-CONFIDENCE_INTERVAL) && (Y_Out<=G+CONFIDENCE_INTERVAL))
 112              		.loc 1 48 0
 113 0022 A1F57573 		sub	r3, r1, #980
 114 0026 9BB2     		uxth	r3, r3
 115 0028 282B     		cmp	r3, #40
 116 002a 03D8     		bhi	.L8
  49:RGBLedDriver.c ****     {
  50:RGBLedDriver.c ****         direction=Y;
 117              		.loc 1 50 0
 118 002c 0122     		movs	r2, #1
 119 002e 964B     		ldr	r3, .L23+4
 120 0030 1A70     		strb	r2, [r3]
 121 0032 07E0     		b	.L7
ARM GAS  C:\Users\Susanna\AppData\Local\Temp\ccCQUsgK.s 			page 4


 122              	.L8:
  51:RGBLedDriver.c ****     }
  52:RGBLedDriver.c ****     
  53:RGBLedDriver.c ****     else if((Z_Out>=G-CONFIDENCE_INTERVAL) && (Z_Out<=G+CONFIDENCE_INTERVAL))
 123              		.loc 1 53 0
 124 0034 A7F57573 		sub	r3, r7, #980
 125 0038 9BB2     		uxth	r3, r3
 126 003a 282B     		cmp	r3, #40
 127 003c 02D8     		bhi	.L7
  54:RGBLedDriver.c ****     {
  55:RGBLedDriver.c ****         direction=Z;            
 128              		.loc 1 55 0
 129 003e 0222     		movs	r2, #2
 130 0040 914B     		ldr	r3, .L23+4
 131 0042 1A70     		strb	r2, [r3]
 132              	.L7:
  56:RGBLedDriver.c ****     }
  57:RGBLedDriver.c ****    
  58:RGBLedDriver.c ****     switch(direction)
 133              		.loc 1 58 0
 134 0044 904B     		ldr	r3, .L23+4
 135 0046 1B78     		ldrb	r3, [r3]	@ zero_extendqisi2
 136 0048 012B     		cmp	r3, #1
 137 004a 61D0     		beq	.L10
 138 004c 1BB1     		cbz	r3, .L11
 139 004e 022B     		cmp	r3, #2
 140 0050 00F0BC80 		beq	.L12
 141 0054 F8BD     		pop	{r3, r4, r5, r6, r7, pc}
 142              	.L11:
  59:RGBLedDriver.c ****     {
  60:RGBLedDriver.c ****         case X:
  61:RGBLedDriver.c ****         RGBLed_Stop();
 143              		.loc 1 61 0
 144 0056 FFF7FEFF 		bl	RGBLed_Stop
 145              	.LVL6:
  62:RGBLedDriver.c ****         PWM_RG_WritePeriod(255);
 146              		.loc 1 62 0
 147 005a FF20     		movs	r0, #255
 148 005c FFF7FEFF 		bl	PWM_RG_WritePeriod
 149              	.LVL7:
  63:RGBLedDriver.c ****         PWM_RG_WriteCompare2(0);
 150              		.loc 1 63 0
 151 0060 0020     		movs	r0, #0
 152 0062 FFF7FEFF 		bl	PWM_RG_WriteCompare2
 153              	.LVL8:
  64:RGBLedDriver.c ****         PWM_B_WritePeriod(255);
 154              		.loc 1 64 0
 155 0066 FF20     		movs	r0, #255
 156 0068 FFF7FEFF 		bl	PWM_B_WritePeriod
 157              	.LVL9:
  65:RGBLedDriver.c ****         PWM_B_WriteCompare(0);
 158              		.loc 1 65 0
 159 006c 0020     		movs	r0, #0
 160 006e FFF7FEFF 		bl	PWM_B_WriteCompare
 161              	.LVL10:
  66:RGBLedDriver.c ****         RGBLed_Start();
 162              		.loc 1 66 0
ARM GAS  C:\Users\Susanna\AppData\Local\Temp\ccCQUsgK.s 			page 5


 163 0072 FFF7FEFF 		bl	RGBLed_Start
 164              	.LVL11:
  67:RGBLedDriver.c ****         if ((X_Out>=G-CONFIDENCE_INTERVAL) && (X_Out<=G+CONFIDENCE_INTERVAL))
 165              		.loc 1 67 0
 166 0076 282C     		cmp	r4, #40
 167 0078 0AD8     		bhi	.L13
  68:RGBLedDriver.c ****         {
  69:RGBLedDriver.c ****           RGBLed_Stop();
 168              		.loc 1 69 0
 169 007a FFF7FEFF 		bl	RGBLed_Stop
 170              	.LVL12:
  70:RGBLedDriver.c ****           PWM_RG_WritePeriod(255);
 171              		.loc 1 70 0
 172 007e FF20     		movs	r0, #255
 173 0080 FFF7FEFF 		bl	PWM_RG_WritePeriod
 174              	.LVL13:
  71:RGBLedDriver.c ****           PWM_RG_WriteCompare1(255);
 175              		.loc 1 71 0
 176 0084 FF20     		movs	r0, #255
 177 0086 FFF7FEFF 		bl	PWM_RG_WriteCompare1
 178              	.LVL14:
  72:RGBLedDriver.c ****           RGBLed_Start();
 179              		.loc 1 72 0
 180 008a FFF7FEFF 		bl	RGBLed_Start
 181              	.LVL15:
 182 008e F8BD     		pop	{r3, r4, r5, r6, r7, pc}
 183              	.L13:
  73:RGBLedDriver.c ****         }
  74:RGBLedDriver.c ****         
  75:RGBLedDriver.c ****         else if((X_Out>G+CONFIDENCE_INTERVAL) && (X_Out<=G+CONFIDENCE_INTERVAL+step))
 184              		.loc 1 75 0
 185 0090 B5F57F7F 		cmp	r5, #1020
 186 0094 10DD     		ble	.L14
 187              		.loc 1 75 0 is_stmt 0 discriminator 1
 188 0096 7B4B     		ldr	r3, .L23
 189 0098 1B88     		ldrh	r3, [r3]
 190 009a 03F57F73 		add	r3, r3, #1020
 191 009e 9D42     		cmp	r5, r3
 192 00a0 0ADC     		bgt	.L14
  76:RGBLedDriver.c ****         {
  77:RGBLedDriver.c ****           RGBLed_Stop();
 193              		.loc 1 77 0 is_stmt 1
 194 00a2 FFF7FEFF 		bl	RGBLed_Stop
 195              	.LVL16:
  78:RGBLedDriver.c ****           PWM_RG_WritePeriod(65);
 196              		.loc 1 78 0
 197 00a6 4120     		movs	r0, #65
 198 00a8 FFF7FEFF 		bl	PWM_RG_WritePeriod
 199              	.LVL17:
  79:RGBLedDriver.c ****           PWM_RG_WriteCompare1(32);  
 200              		.loc 1 79 0
 201 00ac 2020     		movs	r0, #32
 202 00ae FFF7FEFF 		bl	PWM_RG_WriteCompare1
 203              	.LVL18:
  80:RGBLedDriver.c ****           RGBLed_Start();
 204              		.loc 1 80 0
 205 00b2 FFF7FEFF 		bl	RGBLed_Start
ARM GAS  C:\Users\Susanna\AppData\Local\Temp\ccCQUsgK.s 			page 6


 206              	.LVL19:
 207 00b6 F8BD     		pop	{r3, r4, r5, r6, r7, pc}
 208              	.L14:
  81:RGBLedDriver.c ****         }   
  82:RGBLedDriver.c ****         else if ((X_Out>G+CONFIDENCE_INTERVAL+step) && (X_Out<=G+CONFIDENCE_INTERVAL+2*step))
 209              		.loc 1 82 0
 210 00b8 724B     		ldr	r3, .L23
 211 00ba 1B88     		ldrh	r3, [r3]
 212 00bc 03F57F72 		add	r2, r3, #1020
 213 00c0 9542     		cmp	r5, r2
 214 00c2 0FDD     		ble	.L15
 215              		.loc 1 82 0 is_stmt 0 discriminator 1
 216 00c4 03F5FF72 		add	r2, r3, #510
 217 00c8 B5EB420F 		cmp	r5, r2, lsl #1
 218 00cc 0ADC     		bgt	.L15
  83:RGBLedDriver.c ****         {
  84:RGBLedDriver.c ****           RGBLed_Stop();
 219              		.loc 1 84 0 is_stmt 1
 220 00ce FFF7FEFF 		bl	RGBLed_Stop
 221              	.LVL20:
  85:RGBLedDriver.c ****           PWM_RG_WritePeriod(32);
 222              		.loc 1 85 0
 223 00d2 2020     		movs	r0, #32
 224 00d4 FFF7FEFF 		bl	PWM_RG_WritePeriod
 225              	.LVL21:
  86:RGBLedDriver.c ****           PWM_RG_WriteCompare1(16);  
 226              		.loc 1 86 0
 227 00d8 1020     		movs	r0, #16
 228 00da FFF7FEFF 		bl	PWM_RG_WriteCompare1
 229              	.LVL22:
  87:RGBLedDriver.c ****           RGBLed_Start();
 230              		.loc 1 87 0
 231 00de FFF7FEFF 		bl	RGBLed_Start
 232              	.LVL23:
 233 00e2 F8BD     		pop	{r3, r4, r5, r6, r7, pc}
 234              	.L15:
  88:RGBLedDriver.c ****         }  
  89:RGBLedDriver.c ****         else if ((X_Out>G+CONFIDENCE_INTERVAL+2*step) && (X_Out<=G+CONFIDENCE_INTERVAL+4*step))
 235              		.loc 1 89 0
 236 00e4 03F5FF72 		add	r2, r3, #510
 237 00e8 B5EB420F 		cmp	r5, r2, lsl #1
 238 00ec 40F3C880 		ble	.L5
 239              		.loc 1 89 0 is_stmt 0 discriminator 1
 240 00f0 FF33     		adds	r3, r3, #255
 241 00f2 B5EB830F 		cmp	r5, r3, lsl #2
 242 00f6 00F3C380 		bgt	.L5
  90:RGBLedDriver.c ****         {
  91:RGBLedDriver.c ****           RGBLed_Stop();
 243              		.loc 1 91 0 is_stmt 1
 244 00fa FFF7FEFF 		bl	RGBLed_Stop
 245              	.LVL24:
  92:RGBLedDriver.c ****           PWM_RG_WritePeriod(16);
 246              		.loc 1 92 0
 247 00fe 1020     		movs	r0, #16
 248 0100 FFF7FEFF 		bl	PWM_RG_WritePeriod
 249              	.LVL25:
  93:RGBLedDriver.c ****           PWM_RG_WriteCompare1(8);
ARM GAS  C:\Users\Susanna\AppData\Local\Temp\ccCQUsgK.s 			page 7


 250              		.loc 1 93 0
 251 0104 0820     		movs	r0, #8
 252 0106 FFF7FEFF 		bl	PWM_RG_WriteCompare1
 253              	.LVL26:
  94:RGBLedDriver.c ****           RGBLed_Start();
 254              		.loc 1 94 0
 255 010a FFF7FEFF 		bl	RGBLed_Start
 256              	.LVL27:
 257 010e F8BD     		pop	{r3, r4, r5, r6, r7, pc}
 258              	.LVL28:
 259              	.L10:
  95:RGBLedDriver.c ****         }  
  96:RGBLedDriver.c ****         break;
  97:RGBLedDriver.c ****         
  98:RGBLedDriver.c ****         case Y:
  99:RGBLedDriver.c ****         RGBLed_Stop();
 260              		.loc 1 99 0
 261 0110 FFF7FEFF 		bl	RGBLed_Stop
 262              	.LVL29:
 100:RGBLedDriver.c ****         PWM_RG_WritePeriod(255);
 263              		.loc 1 100 0
 264 0114 FF20     		movs	r0, #255
 265 0116 FFF7FEFF 		bl	PWM_RG_WritePeriod
 266              	.LVL30:
 101:RGBLedDriver.c ****         PWM_RG_WriteCompare1(0);
 267              		.loc 1 101 0
 268 011a 0020     		movs	r0, #0
 269 011c FFF7FEFF 		bl	PWM_RG_WriteCompare1
 270              	.LVL31:
 102:RGBLedDriver.c ****         PWM_B_WritePeriod(255);
 271              		.loc 1 102 0
 272 0120 FF20     		movs	r0, #255
 273 0122 FFF7FEFF 		bl	PWM_B_WritePeriod
 274              	.LVL32:
 103:RGBLedDriver.c ****         PWM_B_WriteCompare(0);
 275              		.loc 1 103 0
 276 0126 0020     		movs	r0, #0
 277 0128 FFF7FEFF 		bl	PWM_B_WriteCompare
 278              	.LVL33:
 104:RGBLedDriver.c ****         RGBLed_Start();
 279              		.loc 1 104 0
 280 012c FFF7FEFF 		bl	RGBLed_Start
 281              	.LVL34:
 105:RGBLedDriver.c ****         if ((Y_Out>=G-CONFIDENCE_INTERVAL) && (Y_Out<=G+CONFIDENCE_INTERVAL))
 282              		.loc 1 105 0
 283 0130 A6F57573 		sub	r3, r6, #980
 284 0134 9BB2     		uxth	r3, r3
 285 0136 282B     		cmp	r3, #40
 286 0138 0AD8     		bhi	.L16
 106:RGBLedDriver.c ****         {
 107:RGBLedDriver.c ****           RGBLed_Stop();
 287              		.loc 1 107 0
 288 013a FFF7FEFF 		bl	RGBLed_Stop
 289              	.LVL35:
 108:RGBLedDriver.c ****           PWM_RG_WritePeriod(255);
 290              		.loc 1 108 0
 291 013e FF20     		movs	r0, #255
ARM GAS  C:\Users\Susanna\AppData\Local\Temp\ccCQUsgK.s 			page 8


 292 0140 FFF7FEFF 		bl	PWM_RG_WritePeriod
 293              	.LVL36:
 109:RGBLedDriver.c ****           PWM_RG_WriteCompare2(255);
 294              		.loc 1 109 0
 295 0144 FF20     		movs	r0, #255
 296 0146 FFF7FEFF 		bl	PWM_RG_WriteCompare2
 297              	.LVL37:
 110:RGBLedDriver.c ****           RGBLed_Start();
 298              		.loc 1 110 0
 299 014a FFF7FEFF 		bl	RGBLed_Start
 300              	.LVL38:
 301 014e F8BD     		pop	{r3, r4, r5, r6, r7, pc}
 302              	.L16:
 111:RGBLedDriver.c ****         }
 112:RGBLedDriver.c ****         else if((Y_Out>G+CONFIDENCE_INTERVAL) && (Y_Out<=G+CONFIDENCE_INTERVAL+step))
 303              		.loc 1 112 0
 304 0150 B6F57F7F 		cmp	r6, #1020
 305 0154 10DD     		ble	.L17
 306              		.loc 1 112 0 is_stmt 0 discriminator 1
 307 0156 4B4B     		ldr	r3, .L23
 308 0158 1B88     		ldrh	r3, [r3]
 309 015a 03F57F73 		add	r3, r3, #1020
 310 015e 9E42     		cmp	r6, r3
 311 0160 0ADC     		bgt	.L17
 113:RGBLedDriver.c ****         {
 114:RGBLedDriver.c ****           RGBLed_Stop();
 312              		.loc 1 114 0 is_stmt 1
 313 0162 FFF7FEFF 		bl	RGBLed_Stop
 314              	.LVL39:
 115:RGBLedDriver.c ****           PWM_RG_WritePeriod(65);
 315              		.loc 1 115 0
 316 0166 4120     		movs	r0, #65
 317 0168 FFF7FEFF 		bl	PWM_RG_WritePeriod
 318              	.LVL40:
 116:RGBLedDriver.c ****           PWM_RG_WriteCompare2(32);  
 319              		.loc 1 116 0
 320 016c 2020     		movs	r0, #32
 321 016e FFF7FEFF 		bl	PWM_RG_WriteCompare2
 322              	.LVL41:
 117:RGBLedDriver.c ****           RGBLed_Start();
 323              		.loc 1 117 0
 324 0172 FFF7FEFF 		bl	RGBLed_Start
 325              	.LVL42:
 326 0176 F8BD     		pop	{r3, r4, r5, r6, r7, pc}
 327              	.L17:
 118:RGBLedDriver.c ****         }   
 119:RGBLedDriver.c ****         else if ((Y_Out>G+CONFIDENCE_INTERVAL+step) && (Y_Out<=G+CONFIDENCE_INTERVAL+2*step))
 328              		.loc 1 119 0
 329 0178 424B     		ldr	r3, .L23
 330 017a 1B88     		ldrh	r3, [r3]
 331 017c 03F57F72 		add	r2, r3, #1020
 332 0180 9642     		cmp	r6, r2
 333 0182 0FDD     		ble	.L18
 334              		.loc 1 119 0 is_stmt 0 discriminator 1
 335 0184 03F5FF72 		add	r2, r3, #510
 336 0188 B6EB420F 		cmp	r6, r2, lsl #1
 337 018c 0ADC     		bgt	.L18
ARM GAS  C:\Users\Susanna\AppData\Local\Temp\ccCQUsgK.s 			page 9


 120:RGBLedDriver.c ****         {
 121:RGBLedDriver.c ****           RGBLed_Stop();
 338              		.loc 1 121 0 is_stmt 1
 339 018e FFF7FEFF 		bl	RGBLed_Stop
 340              	.LVL43:
 122:RGBLedDriver.c ****           PWM_RG_WritePeriod(32);
 341              		.loc 1 122 0
 342 0192 2020     		movs	r0, #32
 343 0194 FFF7FEFF 		bl	PWM_RG_WritePeriod
 344              	.LVL44:
 123:RGBLedDriver.c ****           PWM_RG_WriteCompare2(16);  
 345              		.loc 1 123 0
 346 0198 1020     		movs	r0, #16
 347 019a FFF7FEFF 		bl	PWM_RG_WriteCompare2
 348              	.LVL45:
 124:RGBLedDriver.c ****           RGBLed_Start();
 349              		.loc 1 124 0
 350 019e FFF7FEFF 		bl	RGBLed_Start
 351              	.LVL46:
 352 01a2 F8BD     		pop	{r3, r4, r5, r6, r7, pc}
 353              	.L18:
 125:RGBLedDriver.c ****         }  
 126:RGBLedDriver.c ****         else if ((Y_Out>G+CONFIDENCE_INTERVAL+2*step) && (Y_Out<=G+CONFIDENCE_INTERVAL+4*step))
 354              		.loc 1 126 0
 355 01a4 03F5FF72 		add	r2, r3, #510
 356 01a8 B6EB420F 		cmp	r6, r2, lsl #1
 357 01ac 68DD     		ble	.L5
 358              		.loc 1 126 0 is_stmt 0 discriminator 1
 359 01ae FF33     		adds	r3, r3, #255
 360 01b0 B6EB830F 		cmp	r6, r3, lsl #2
 361 01b4 64DC     		bgt	.L5
 127:RGBLedDriver.c ****         {
 128:RGBLedDriver.c ****           RGBLed_Stop();
 362              		.loc 1 128 0 is_stmt 1
 363 01b6 FFF7FEFF 		bl	RGBLed_Stop
 364              	.LVL47:
 129:RGBLedDriver.c ****           PWM_RG_WritePeriod(16);
 365              		.loc 1 129 0
 366 01ba 1020     		movs	r0, #16
 367 01bc FFF7FEFF 		bl	PWM_RG_WritePeriod
 368              	.LVL48:
 130:RGBLedDriver.c ****           PWM_RG_WriteCompare2(8); 
 369              		.loc 1 130 0
 370 01c0 0820     		movs	r0, #8
 371 01c2 FFF7FEFF 		bl	PWM_RG_WriteCompare2
 372              	.LVL49:
 131:RGBLedDriver.c ****           RGBLed_Start();
 373              		.loc 1 131 0
 374 01c6 FFF7FEFF 		bl	RGBLed_Start
 375              	.LVL50:
 376 01ca F8BD     		pop	{r3, r4, r5, r6, r7, pc}
 377              	.LVL51:
 378              	.L12:
 132:RGBLedDriver.c ****         }  
 133:RGBLedDriver.c ****         break;
 134:RGBLedDriver.c ****         
 135:RGBLedDriver.c ****         case Z:
ARM GAS  C:\Users\Susanna\AppData\Local\Temp\ccCQUsgK.s 			page 10


 136:RGBLedDriver.c ****         RGBLed_Stop();
 379              		.loc 1 136 0
 380 01cc FFF7FEFF 		bl	RGBLed_Stop
 381              	.LVL52:
 137:RGBLedDriver.c ****         PWM_RG_WritePeriod(255);
 382              		.loc 1 137 0
 383 01d0 FF20     		movs	r0, #255
 384 01d2 FFF7FEFF 		bl	PWM_RG_WritePeriod
 385              	.LVL53:
 138:RGBLedDriver.c ****         PWM_RG_WriteCompare1(0);
 386              		.loc 1 138 0
 387 01d6 0020     		movs	r0, #0
 388 01d8 FFF7FEFF 		bl	PWM_RG_WriteCompare1
 389              	.LVL54:
 139:RGBLedDriver.c ****         PWM_RG_WriteCompare2(0);
 390              		.loc 1 139 0
 391 01dc 0020     		movs	r0, #0
 392 01de FFF7FEFF 		bl	PWM_RG_WriteCompare2
 393              	.LVL55:
 140:RGBLedDriver.c ****         RGBLed_Start();
 394              		.loc 1 140 0
 395 01e2 FFF7FEFF 		bl	RGBLed_Start
 396              	.LVL56:
 141:RGBLedDriver.c ****         if ((Z_Out>=G-CONFIDENCE_INTERVAL) && (Z_Out<=G+CONFIDENCE_INTERVAL))
 397              		.loc 1 141 0
 398 01e6 A7F57573 		sub	r3, r7, #980
 399 01ea 9BB2     		uxth	r3, r3
 400 01ec 282B     		cmp	r3, #40
 401 01ee 0AD8     		bhi	.L19
 142:RGBLedDriver.c ****         {
 143:RGBLedDriver.c ****           RGBLed_Stop();
 402              		.loc 1 143 0
 403 01f0 FFF7FEFF 		bl	RGBLed_Stop
 404              	.LVL57:
 144:RGBLedDriver.c ****           PWM_B_WritePeriod(255);
 405              		.loc 1 144 0
 406 01f4 FF20     		movs	r0, #255
 407 01f6 FFF7FEFF 		bl	PWM_B_WritePeriod
 408              	.LVL58:
 145:RGBLedDriver.c ****           PWM_B_WriteCompare(255);
 409              		.loc 1 145 0
 410 01fa FF20     		movs	r0, #255
 411 01fc FFF7FEFF 		bl	PWM_B_WriteCompare
 412              	.LVL59:
 146:RGBLedDriver.c ****           RGBLed_Start();
 413              		.loc 1 146 0
 414 0200 FFF7FEFF 		bl	RGBLed_Start
 415              	.LVL60:
 416 0204 F8BD     		pop	{r3, r4, r5, r6, r7, pc}
 417              	.L19:
 147:RGBLedDriver.c ****         }
 148:RGBLedDriver.c ****         else if((Z_Out>G+CONFIDENCE_INTERVAL) && (Z_Out<=G+CONFIDENCE_INTERVAL+step))
 418              		.loc 1 148 0
 419 0206 B7F57F7F 		cmp	r7, #1020
 420 020a 10DD     		ble	.L20
 421              		.loc 1 148 0 is_stmt 0 discriminator 1
 422 020c 1D4B     		ldr	r3, .L23
ARM GAS  C:\Users\Susanna\AppData\Local\Temp\ccCQUsgK.s 			page 11


 423 020e 1B88     		ldrh	r3, [r3]
 424 0210 03F57F73 		add	r3, r3, #1020
 425 0214 9F42     		cmp	r7, r3
 426 0216 0ADC     		bgt	.L20
 149:RGBLedDriver.c ****         {
 150:RGBLedDriver.c ****           RGBLed_Stop();
 427              		.loc 1 150 0 is_stmt 1
 428 0218 FFF7FEFF 		bl	RGBLed_Stop
 429              	.LVL61:
 151:RGBLedDriver.c ****           PWM_B_WritePeriod(65);
 430              		.loc 1 151 0
 431 021c 4120     		movs	r0, #65
 432 021e FFF7FEFF 		bl	PWM_B_WritePeriod
 433              	.LVL62:
 152:RGBLedDriver.c ****           PWM_B_WriteCompare(32); 
 434              		.loc 1 152 0
 435 0222 2020     		movs	r0, #32
 436 0224 FFF7FEFF 		bl	PWM_B_WriteCompare
 437              	.LVL63:
 153:RGBLedDriver.c ****           RGBLed_Start();
 438              		.loc 1 153 0
 439 0228 FFF7FEFF 		bl	RGBLed_Start
 440              	.LVL64:
 441 022c F8BD     		pop	{r3, r4, r5, r6, r7, pc}
 442              	.L20:
 154:RGBLedDriver.c ****         }   
 155:RGBLedDriver.c ****         else if ((Z_Out>G+CONFIDENCE_INTERVAL+step) && (Z_Out<=G+CONFIDENCE_INTERVAL+2*step))
 443              		.loc 1 155 0
 444 022e 154B     		ldr	r3, .L23
 445 0230 1B88     		ldrh	r3, [r3]
 446 0232 03F57F72 		add	r2, r3, #1020
 447 0236 9742     		cmp	r7, r2
 448 0238 0FDD     		ble	.L21
 449              		.loc 1 155 0 is_stmt 0 discriminator 1
 450 023a 03F5FF72 		add	r2, r3, #510
 451 023e B7EB420F 		cmp	r7, r2, lsl #1
 452 0242 0ADC     		bgt	.L21
 156:RGBLedDriver.c ****         {
 157:RGBLedDriver.c ****           RGBLed_Stop();
 453              		.loc 1 157 0 is_stmt 1
 454 0244 FFF7FEFF 		bl	RGBLed_Stop
 455              	.LVL65:
 158:RGBLedDriver.c ****           PWM_B_WritePeriod(32);
 456              		.loc 1 158 0
 457 0248 2020     		movs	r0, #32
 458 024a FFF7FEFF 		bl	PWM_B_WritePeriod
 459              	.LVL66:
 159:RGBLedDriver.c ****           PWM_B_WriteCompare(16);
 460              		.loc 1 159 0
 461 024e 1020     		movs	r0, #16
 462 0250 FFF7FEFF 		bl	PWM_B_WriteCompare
 463              	.LVL67:
 160:RGBLedDriver.c ****           RGBLed_Start();
 464              		.loc 1 160 0
 465 0254 FFF7FEFF 		bl	RGBLed_Start
 466              	.LVL68:
 467 0258 F8BD     		pop	{r3, r4, r5, r6, r7, pc}
ARM GAS  C:\Users\Susanna\AppData\Local\Temp\ccCQUsgK.s 			page 12


 468              	.L21:
 161:RGBLedDriver.c ****         }  
 162:RGBLedDriver.c ****         else if ((Z_Out>G+CONFIDENCE_INTERVAL+2*step) && (Z_Out<=G+CONFIDENCE_INTERVAL+4*step))
 469              		.loc 1 162 0
 470 025a 03F5FF72 		add	r2, r3, #510
 471 025e B7EB420F 		cmp	r7, r2, lsl #1
 472 0262 0DDD     		ble	.L5
 473              		.loc 1 162 0 is_stmt 0 discriminator 1
 474 0264 FF33     		adds	r3, r3, #255
 475 0266 B7EB830F 		cmp	r7, r3, lsl #2
 476 026a 09DC     		bgt	.L5
 163:RGBLedDriver.c ****         {
 164:RGBLedDriver.c ****           RGBLed_Stop();
 477              		.loc 1 164 0 is_stmt 1
 478 026c FFF7FEFF 		bl	RGBLed_Stop
 479              	.LVL69:
 165:RGBLedDriver.c ****           PWM_B_WritePeriod(16);
 480              		.loc 1 165 0
 481 0270 1020     		movs	r0, #16
 482 0272 FFF7FEFF 		bl	PWM_B_WritePeriod
 483              	.LVL70:
 166:RGBLedDriver.c ****           PWM_B_WriteCompare(8);  
 484              		.loc 1 166 0
 485 0276 0820     		movs	r0, #8
 486 0278 FFF7FEFF 		bl	PWM_B_WriteCompare
 487              	.LVL71:
 167:RGBLedDriver.c ****           RGBLed_Start();
 488              		.loc 1 167 0
 489 027c FFF7FEFF 		bl	RGBLed_Start
 490              	.LVL72:
 491              	.L5:
 492 0280 F8BD     		pop	{r3, r4, r5, r6, r7, pc}
 493              	.L24:
 494 0282 00BF     		.align	2
 495              	.L23:
 496 0284 00000000 		.word	step
 497 0288 00000000 		.word	direction
 498              		.cfi_endproc
 499              	.LFE65:
 500              		.size	set_PWM, .-set_PWM
 501              		.comm	direction,1,1
 502              		.comm	step,2,2
 503              		.text
 504              	.Letext0:
 505              		.file 2 "c:\\program files (x86)\\cypress\\psoc creator\\4.3\\psoc creator\\import\\gnu\\arm\\5.4.
 506              		.file 3 "c:\\program files (x86)\\cypress\\psoc creator\\4.3\\psoc creator\\import\\gnu\\arm\\5.4.
 507              		.file 4 "Generated_Source\\PSoC5/core_cm3.h"
 508              		.file 5 "Generated_Source\\PSoC5/PWM_RG.h"
 509              		.file 6 "Generated_Source\\PSoC5/PWM_B.h"
 510              		.section	.debug_info,"",%progbits
 511              	.Ldebug_info0:
 512 0000 C7050000 		.4byte	0x5c7
 513 0004 0400     		.2byte	0x4
 514 0006 00000000 		.4byte	.Ldebug_abbrev0
 515 000a 04       		.byte	0x4
 516 000b 01       		.uleb128 0x1
 517 000c 8A000000 		.4byte	.LASF40
ARM GAS  C:\Users\Susanna\AppData\Local\Temp\ccCQUsgK.s 			page 13


 518 0010 0C       		.byte	0xc
 519 0011 4C020000 		.4byte	.LASF41
 520 0015 56010000 		.4byte	.LASF42
 521 0019 00000000 		.4byte	.Ldebug_ranges0+0
 522 001d 00000000 		.4byte	0
 523 0021 00000000 		.4byte	.Ldebug_line0
 524 0025 02       		.uleb128 0x2
 525 0026 01       		.byte	0x1
 526 0027 06       		.byte	0x6
 527 0028 70000000 		.4byte	.LASF0
 528 002c 03       		.uleb128 0x3
 529 002d 00000000 		.4byte	.LASF2
 530 0031 02       		.byte	0x2
 531 0032 1D       		.byte	0x1d
 532 0033 37000000 		.4byte	0x37
 533 0037 02       		.uleb128 0x2
 534 0038 01       		.byte	0x1
 535 0039 08       		.byte	0x8
 536 003a 7C000000 		.4byte	.LASF1
 537 003e 03       		.uleb128 0x3
 538 003f 10000000 		.4byte	.LASF3
 539 0043 02       		.byte	0x2
 540 0044 29       		.byte	0x29
 541 0045 49000000 		.4byte	0x49
 542 0049 02       		.uleb128 0x2
 543 004a 02       		.byte	0x2
 544 004b 05       		.byte	0x5
 545 004c 92020000 		.4byte	.LASF4
 546 0050 03       		.uleb128 0x3
 547 0051 BE010000 		.4byte	.LASF5
 548 0055 02       		.byte	0x2
 549 0056 2B       		.byte	0x2b
 550 0057 5B000000 		.4byte	0x5b
 551 005b 02       		.uleb128 0x2
 552 005c 02       		.byte	0x2
 553 005d 07       		.byte	0x7
 554 005e 43010000 		.4byte	.LASF6
 555 0062 03       		.uleb128 0x3
 556 0063 2C000000 		.4byte	.LASF7
 557 0067 02       		.byte	0x2
 558 0068 3F       		.byte	0x3f
 559 0069 6D000000 		.4byte	0x6d
 560 006d 02       		.uleb128 0x2
 561 006e 04       		.byte	0x4
 562 006f 05       		.byte	0x5
 563 0070 B1020000 		.4byte	.LASF8
 564 0074 02       		.uleb128 0x2
 565 0075 04       		.byte	0x4
 566 0076 07       		.byte	0x7
 567 0077 24010000 		.4byte	.LASF9
 568 007b 02       		.uleb128 0x2
 569 007c 08       		.byte	0x8
 570 007d 05       		.byte	0x5
 571 007e 6C020000 		.4byte	.LASF10
 572 0082 02       		.uleb128 0x2
 573 0083 08       		.byte	0x8
 574 0084 07       		.byte	0x7
ARM GAS  C:\Users\Susanna\AppData\Local\Temp\ccCQUsgK.s 			page 14


 575 0085 19020000 		.4byte	.LASF11
 576 0089 04       		.uleb128 0x4
 577 008a 04       		.byte	0x4
 578 008b 05       		.byte	0x5
 579 008c 696E7400 		.ascii	"int\000"
 580 0090 02       		.uleb128 0x2
 581 0091 04       		.byte	0x4
 582 0092 07       		.byte	0x7
 583 0093 0C020000 		.4byte	.LASF12
 584 0097 03       		.uleb128 0x3
 585 0098 30020000 		.4byte	.LASF13
 586 009c 03       		.byte	0x3
 587 009d 18       		.byte	0x18
 588 009e 2C000000 		.4byte	0x2c
 589 00a2 03       		.uleb128 0x3
 590 00a3 44020000 		.4byte	.LASF14
 591 00a7 03       		.byte	0x3
 592 00a8 20       		.byte	0x20
 593 00a9 3E000000 		.4byte	0x3e
 594 00ad 03       		.uleb128 0x3
 595 00ae 9C020000 		.4byte	.LASF15
 596 00b2 03       		.byte	0x3
 597 00b3 24       		.byte	0x24
 598 00b4 50000000 		.4byte	0x50
 599 00b8 03       		.uleb128 0x3
 600 00b9 5B020000 		.4byte	.LASF16
 601 00bd 03       		.byte	0x3
 602 00be 2C       		.byte	0x2c
 603 00bf 62000000 		.4byte	0x62
 604 00c3 02       		.uleb128 0x2
 605 00c4 04       		.byte	0x4
 606 00c5 04       		.byte	0x4
 607 00c6 6A000000 		.4byte	.LASF17
 608 00ca 02       		.uleb128 0x2
 609 00cb 08       		.byte	0x8
 610 00cc 04       		.byte	0x4
 611 00cd 3B000000 		.4byte	.LASF18
 612 00d1 02       		.uleb128 0x2
 613 00d2 01       		.byte	0x1
 614 00d3 08       		.byte	0x8
 615 00d4 7A020000 		.4byte	.LASF19
 616 00d8 02       		.uleb128 0x2
 617 00d9 08       		.byte	0x8
 618 00da 04       		.byte	0x4
 619 00db BA020000 		.4byte	.LASF20
 620 00df 02       		.uleb128 0x2
 621 00e0 04       		.byte	0x4
 622 00e1 07       		.byte	0x7
 623 00e2 63020000 		.4byte	.LASF21
 624 00e6 05       		.uleb128 0x5
 625 00e7 52000000 		.4byte	.LASF22
 626 00eb 01       		.byte	0x1
 627 00ec 19       		.byte	0x19
 628 00ed 00000000 		.4byte	.LFB63
 629 00f1 0C000000 		.4byte	.LFE63-.LFB63
 630 00f5 01       		.uleb128 0x1
 631 00f6 9C       		.byte	0x9c
ARM GAS  C:\Users\Susanna\AppData\Local\Temp\ccCQUsgK.s 			page 15


 632 00f7 0E010000 		.4byte	0x10e
 633 00fb 06       		.uleb128 0x6
 634 00fc 06000000 		.4byte	.LVL0
 635 0100 67050000 		.4byte	0x567
 636 0104 06       		.uleb128 0x6
 637 0105 0A000000 		.4byte	.LVL1
 638 0109 72050000 		.4byte	0x572
 639 010d 00       		.byte	0
 640 010e 05       		.uleb128 0x5
 641 010f 18010000 		.4byte	.LASF23
 642 0113 01       		.byte	0x1
 643 0114 1F       		.byte	0x1f
 644 0115 00000000 		.4byte	.LFB64
 645 0119 0C000000 		.4byte	.LFE64-.LFB64
 646 011d 01       		.uleb128 0x1
 647 011e 9C       		.byte	0x9c
 648 011f 36010000 		.4byte	0x136
 649 0123 06       		.uleb128 0x6
 650 0124 06000000 		.4byte	.LVL2
 651 0128 7D050000 		.4byte	0x57d
 652 012c 06       		.uleb128 0x6
 653 012d 0A000000 		.4byte	.LVL3
 654 0131 88050000 		.4byte	0x588
 655 0135 00       		.byte	0
 656 0136 05       		.uleb128 0x5
 657 0137 C6020000 		.4byte	.LASF24
 658 013b 01       		.byte	0x1
 659 013c 27       		.byte	0x27
 660 013d 00000000 		.4byte	.LFB65
 661 0141 8C020000 		.4byte	.LFE65-.LFB65
 662 0145 01       		.uleb128 0x1
 663 0146 9C       		.byte	0x9c
 664 0147 34050000 		.4byte	0x534
 665 014b 07       		.uleb128 0x7
 666 014c 06020000 		.4byte	.LASF25
 667 0150 01       		.byte	0x1
 668 0151 27       		.byte	0x27
 669 0152 A2000000 		.4byte	0xa2
 670 0156 00000000 		.4byte	.LLST0
 671 015a 07       		.uleb128 0x7
 672 015b 4C000000 		.4byte	.LASF26
 673 015f 01       		.byte	0x1
 674 0160 27       		.byte	0x27
 675 0161 A2000000 		.4byte	0xa2
 676 0165 53000000 		.4byte	.LLST1
 677 0169 07       		.uleb128 0x7
 678 016a 0A000000 		.4byte	.LASF27
 679 016e 01       		.byte	0x1
 680 016f 27       		.byte	0x27
 681 0170 A2000000 		.4byte	0xa2
 682 0174 A6000000 		.4byte	.LLST2
 683 0178 06       		.uleb128 0x6
 684 0179 5A000000 		.4byte	.LVL6
 685 017d 0E010000 		.4byte	0x10e
 686 0181 08       		.uleb128 0x8
 687 0182 60000000 		.4byte	.LVL7
 688 0186 93050000 		.4byte	0x593
ARM GAS  C:\Users\Susanna\AppData\Local\Temp\ccCQUsgK.s 			page 16


 689 018a 95010000 		.4byte	0x195
 690 018e 09       		.uleb128 0x9
 691 018f 01       		.uleb128 0x1
 692 0190 50       		.byte	0x50
 693 0191 02       		.uleb128 0x2
 694 0192 09       		.byte	0x9
 695 0193 FF       		.byte	0xff
 696 0194 00       		.byte	0
 697 0195 08       		.uleb128 0x8
 698 0196 66000000 		.4byte	.LVL8
 699 019a 9E050000 		.4byte	0x59e
 700 019e A8010000 		.4byte	0x1a8
 701 01a2 09       		.uleb128 0x9
 702 01a3 01       		.uleb128 0x1
 703 01a4 50       		.byte	0x50
 704 01a5 01       		.uleb128 0x1
 705 01a6 30       		.byte	0x30
 706 01a7 00       		.byte	0
 707 01a8 08       		.uleb128 0x8
 708 01a9 6C000000 		.4byte	.LVL9
 709 01ad A9050000 		.4byte	0x5a9
 710 01b1 BC010000 		.4byte	0x1bc
 711 01b5 09       		.uleb128 0x9
 712 01b6 01       		.uleb128 0x1
 713 01b7 50       		.byte	0x50
 714 01b8 02       		.uleb128 0x2
 715 01b9 09       		.byte	0x9
 716 01ba FF       		.byte	0xff
 717 01bb 00       		.byte	0
 718 01bc 08       		.uleb128 0x8
 719 01bd 72000000 		.4byte	.LVL10
 720 01c1 B4050000 		.4byte	0x5b4
 721 01c5 CF010000 		.4byte	0x1cf
 722 01c9 09       		.uleb128 0x9
 723 01ca 01       		.uleb128 0x1
 724 01cb 50       		.byte	0x50
 725 01cc 01       		.uleb128 0x1
 726 01cd 30       		.byte	0x30
 727 01ce 00       		.byte	0
 728 01cf 06       		.uleb128 0x6
 729 01d0 76000000 		.4byte	.LVL11
 730 01d4 E6000000 		.4byte	0xe6
 731 01d8 06       		.uleb128 0x6
 732 01d9 7E000000 		.4byte	.LVL12
 733 01dd 0E010000 		.4byte	0x10e
 734 01e1 08       		.uleb128 0x8
 735 01e2 84000000 		.4byte	.LVL13
 736 01e6 93050000 		.4byte	0x593
 737 01ea F5010000 		.4byte	0x1f5
 738 01ee 09       		.uleb128 0x9
 739 01ef 01       		.uleb128 0x1
 740 01f0 50       		.byte	0x50
 741 01f1 02       		.uleb128 0x2
 742 01f2 09       		.byte	0x9
 743 01f3 FF       		.byte	0xff
 744 01f4 00       		.byte	0
 745 01f5 08       		.uleb128 0x8
ARM GAS  C:\Users\Susanna\AppData\Local\Temp\ccCQUsgK.s 			page 17


 746 01f6 8A000000 		.4byte	.LVL14
 747 01fa BF050000 		.4byte	0x5bf
 748 01fe 09020000 		.4byte	0x209
 749 0202 09       		.uleb128 0x9
 750 0203 01       		.uleb128 0x1
 751 0204 50       		.byte	0x50
 752 0205 02       		.uleb128 0x2
 753 0206 09       		.byte	0x9
 754 0207 FF       		.byte	0xff
 755 0208 00       		.byte	0
 756 0209 06       		.uleb128 0x6
 757 020a 8E000000 		.4byte	.LVL15
 758 020e E6000000 		.4byte	0xe6
 759 0212 06       		.uleb128 0x6
 760 0213 A6000000 		.4byte	.LVL16
 761 0217 0E010000 		.4byte	0x10e
 762 021b 08       		.uleb128 0x8
 763 021c AC000000 		.4byte	.LVL17
 764 0220 93050000 		.4byte	0x593
 765 0224 2F020000 		.4byte	0x22f
 766 0228 09       		.uleb128 0x9
 767 0229 01       		.uleb128 0x1
 768 022a 50       		.byte	0x50
 769 022b 02       		.uleb128 0x2
 770 022c 08       		.byte	0x8
 771 022d 41       		.byte	0x41
 772 022e 00       		.byte	0
 773 022f 08       		.uleb128 0x8
 774 0230 B2000000 		.4byte	.LVL18
 775 0234 BF050000 		.4byte	0x5bf
 776 0238 43020000 		.4byte	0x243
 777 023c 09       		.uleb128 0x9
 778 023d 01       		.uleb128 0x1
 779 023e 50       		.byte	0x50
 780 023f 02       		.uleb128 0x2
 781 0240 08       		.byte	0x8
 782 0241 20       		.byte	0x20
 783 0242 00       		.byte	0
 784 0243 06       		.uleb128 0x6
 785 0244 B6000000 		.4byte	.LVL19
 786 0248 E6000000 		.4byte	0xe6
 787 024c 06       		.uleb128 0x6
 788 024d D2000000 		.4byte	.LVL20
 789 0251 0E010000 		.4byte	0x10e
 790 0255 08       		.uleb128 0x8
 791 0256 D8000000 		.4byte	.LVL21
 792 025a 93050000 		.4byte	0x593
 793 025e 69020000 		.4byte	0x269
 794 0262 09       		.uleb128 0x9
 795 0263 01       		.uleb128 0x1
 796 0264 50       		.byte	0x50
 797 0265 02       		.uleb128 0x2
 798 0266 08       		.byte	0x8
 799 0267 20       		.byte	0x20
 800 0268 00       		.byte	0
 801 0269 08       		.uleb128 0x8
 802 026a DE000000 		.4byte	.LVL22
ARM GAS  C:\Users\Susanna\AppData\Local\Temp\ccCQUsgK.s 			page 18


 803 026e BF050000 		.4byte	0x5bf
 804 0272 7C020000 		.4byte	0x27c
 805 0276 09       		.uleb128 0x9
 806 0277 01       		.uleb128 0x1
 807 0278 50       		.byte	0x50
 808 0279 01       		.uleb128 0x1
 809 027a 40       		.byte	0x40
 810 027b 00       		.byte	0
 811 027c 06       		.uleb128 0x6
 812 027d E2000000 		.4byte	.LVL23
 813 0281 E6000000 		.4byte	0xe6
 814 0285 06       		.uleb128 0x6
 815 0286 FE000000 		.4byte	.LVL24
 816 028a 0E010000 		.4byte	0x10e
 817 028e 08       		.uleb128 0x8
 818 028f 04010000 		.4byte	.LVL25
 819 0293 93050000 		.4byte	0x593
 820 0297 A1020000 		.4byte	0x2a1
 821 029b 09       		.uleb128 0x9
 822 029c 01       		.uleb128 0x1
 823 029d 50       		.byte	0x50
 824 029e 01       		.uleb128 0x1
 825 029f 40       		.byte	0x40
 826 02a0 00       		.byte	0
 827 02a1 08       		.uleb128 0x8
 828 02a2 0A010000 		.4byte	.LVL26
 829 02a6 BF050000 		.4byte	0x5bf
 830 02aa B4020000 		.4byte	0x2b4
 831 02ae 09       		.uleb128 0x9
 832 02af 01       		.uleb128 0x1
 833 02b0 50       		.byte	0x50
 834 02b1 01       		.uleb128 0x1
 835 02b2 38       		.byte	0x38
 836 02b3 00       		.byte	0
 837 02b4 06       		.uleb128 0x6
 838 02b5 0E010000 		.4byte	.LVL27
 839 02b9 E6000000 		.4byte	0xe6
 840 02bd 06       		.uleb128 0x6
 841 02be 14010000 		.4byte	.LVL29
 842 02c2 0E010000 		.4byte	0x10e
 843 02c6 08       		.uleb128 0x8
 844 02c7 1A010000 		.4byte	.LVL30
 845 02cb 93050000 		.4byte	0x593
 846 02cf DA020000 		.4byte	0x2da
 847 02d3 09       		.uleb128 0x9
 848 02d4 01       		.uleb128 0x1
 849 02d5 50       		.byte	0x50
 850 02d6 02       		.uleb128 0x2
 851 02d7 09       		.byte	0x9
 852 02d8 FF       		.byte	0xff
 853 02d9 00       		.byte	0
 854 02da 08       		.uleb128 0x8
 855 02db 20010000 		.4byte	.LVL31
 856 02df BF050000 		.4byte	0x5bf
 857 02e3 ED020000 		.4byte	0x2ed
 858 02e7 09       		.uleb128 0x9
 859 02e8 01       		.uleb128 0x1
ARM GAS  C:\Users\Susanna\AppData\Local\Temp\ccCQUsgK.s 			page 19


 860 02e9 50       		.byte	0x50
 861 02ea 01       		.uleb128 0x1
 862 02eb 30       		.byte	0x30
 863 02ec 00       		.byte	0
 864 02ed 08       		.uleb128 0x8
 865 02ee 26010000 		.4byte	.LVL32
 866 02f2 A9050000 		.4byte	0x5a9
 867 02f6 01030000 		.4byte	0x301
 868 02fa 09       		.uleb128 0x9
 869 02fb 01       		.uleb128 0x1
 870 02fc 50       		.byte	0x50
 871 02fd 02       		.uleb128 0x2
 872 02fe 09       		.byte	0x9
 873 02ff FF       		.byte	0xff
 874 0300 00       		.byte	0
 875 0301 08       		.uleb128 0x8
 876 0302 2C010000 		.4byte	.LVL33
 877 0306 B4050000 		.4byte	0x5b4
 878 030a 14030000 		.4byte	0x314
 879 030e 09       		.uleb128 0x9
 880 030f 01       		.uleb128 0x1
 881 0310 50       		.byte	0x50
 882 0311 01       		.uleb128 0x1
 883 0312 30       		.byte	0x30
 884 0313 00       		.byte	0
 885 0314 06       		.uleb128 0x6
 886 0315 30010000 		.4byte	.LVL34
 887 0319 E6000000 		.4byte	0xe6
 888 031d 06       		.uleb128 0x6
 889 031e 3E010000 		.4byte	.LVL35
 890 0322 0E010000 		.4byte	0x10e
 891 0326 08       		.uleb128 0x8
 892 0327 44010000 		.4byte	.LVL36
 893 032b 93050000 		.4byte	0x593
 894 032f 3A030000 		.4byte	0x33a
 895 0333 09       		.uleb128 0x9
 896 0334 01       		.uleb128 0x1
 897 0335 50       		.byte	0x50
 898 0336 02       		.uleb128 0x2
 899 0337 09       		.byte	0x9
 900 0338 FF       		.byte	0xff
 901 0339 00       		.byte	0
 902 033a 08       		.uleb128 0x8
 903 033b 4A010000 		.4byte	.LVL37
 904 033f 9E050000 		.4byte	0x59e
 905 0343 4E030000 		.4byte	0x34e
 906 0347 09       		.uleb128 0x9
 907 0348 01       		.uleb128 0x1
 908 0349 50       		.byte	0x50
 909 034a 02       		.uleb128 0x2
 910 034b 09       		.byte	0x9
 911 034c FF       		.byte	0xff
 912 034d 00       		.byte	0
 913 034e 06       		.uleb128 0x6
 914 034f 4E010000 		.4byte	.LVL38
 915 0353 E6000000 		.4byte	0xe6
 916 0357 06       		.uleb128 0x6
ARM GAS  C:\Users\Susanna\AppData\Local\Temp\ccCQUsgK.s 			page 20


 917 0358 66010000 		.4byte	.LVL39
 918 035c 0E010000 		.4byte	0x10e
 919 0360 08       		.uleb128 0x8
 920 0361 6C010000 		.4byte	.LVL40
 921 0365 93050000 		.4byte	0x593
 922 0369 74030000 		.4byte	0x374
 923 036d 09       		.uleb128 0x9
 924 036e 01       		.uleb128 0x1
 925 036f 50       		.byte	0x50
 926 0370 02       		.uleb128 0x2
 927 0371 08       		.byte	0x8
 928 0372 41       		.byte	0x41
 929 0373 00       		.byte	0
 930 0374 08       		.uleb128 0x8
 931 0375 72010000 		.4byte	.LVL41
 932 0379 9E050000 		.4byte	0x59e
 933 037d 88030000 		.4byte	0x388
 934 0381 09       		.uleb128 0x9
 935 0382 01       		.uleb128 0x1
 936 0383 50       		.byte	0x50
 937 0384 02       		.uleb128 0x2
 938 0385 08       		.byte	0x8
 939 0386 20       		.byte	0x20
 940 0387 00       		.byte	0
 941 0388 06       		.uleb128 0x6
 942 0389 76010000 		.4byte	.LVL42
 943 038d E6000000 		.4byte	0xe6
 944 0391 06       		.uleb128 0x6
 945 0392 92010000 		.4byte	.LVL43
 946 0396 0E010000 		.4byte	0x10e
 947 039a 08       		.uleb128 0x8
 948 039b 98010000 		.4byte	.LVL44
 949 039f 93050000 		.4byte	0x593
 950 03a3 AE030000 		.4byte	0x3ae
 951 03a7 09       		.uleb128 0x9
 952 03a8 01       		.uleb128 0x1
 953 03a9 50       		.byte	0x50
 954 03aa 02       		.uleb128 0x2
 955 03ab 08       		.byte	0x8
 956 03ac 20       		.byte	0x20
 957 03ad 00       		.byte	0
 958 03ae 08       		.uleb128 0x8
 959 03af 9E010000 		.4byte	.LVL45
 960 03b3 9E050000 		.4byte	0x59e
 961 03b7 C1030000 		.4byte	0x3c1
 962 03bb 09       		.uleb128 0x9
 963 03bc 01       		.uleb128 0x1
 964 03bd 50       		.byte	0x50
 965 03be 01       		.uleb128 0x1
 966 03bf 40       		.byte	0x40
 967 03c0 00       		.byte	0
 968 03c1 06       		.uleb128 0x6
 969 03c2 A2010000 		.4byte	.LVL46
 970 03c6 E6000000 		.4byte	0xe6
 971 03ca 06       		.uleb128 0x6
 972 03cb BA010000 		.4byte	.LVL47
 973 03cf 0E010000 		.4byte	0x10e
ARM GAS  C:\Users\Susanna\AppData\Local\Temp\ccCQUsgK.s 			page 21


 974 03d3 08       		.uleb128 0x8
 975 03d4 C0010000 		.4byte	.LVL48
 976 03d8 93050000 		.4byte	0x593
 977 03dc E6030000 		.4byte	0x3e6
 978 03e0 09       		.uleb128 0x9
 979 03e1 01       		.uleb128 0x1
 980 03e2 50       		.byte	0x50
 981 03e3 01       		.uleb128 0x1
 982 03e4 40       		.byte	0x40
 983 03e5 00       		.byte	0
 984 03e6 08       		.uleb128 0x8
 985 03e7 C6010000 		.4byte	.LVL49
 986 03eb 9E050000 		.4byte	0x59e
 987 03ef F9030000 		.4byte	0x3f9
 988 03f3 09       		.uleb128 0x9
 989 03f4 01       		.uleb128 0x1
 990 03f5 50       		.byte	0x50
 991 03f6 01       		.uleb128 0x1
 992 03f7 38       		.byte	0x38
 993 03f8 00       		.byte	0
 994 03f9 06       		.uleb128 0x6
 995 03fa CA010000 		.4byte	.LVL50
 996 03fe E6000000 		.4byte	0xe6
 997 0402 06       		.uleb128 0x6
 998 0403 D0010000 		.4byte	.LVL52
 999 0407 0E010000 		.4byte	0x10e
 1000 040b 08       		.uleb128 0x8
 1001 040c D6010000 		.4byte	.LVL53
 1002 0410 93050000 		.4byte	0x593
 1003 0414 1F040000 		.4byte	0x41f
 1004 0418 09       		.uleb128 0x9
 1005 0419 01       		.uleb128 0x1
 1006 041a 50       		.byte	0x50
 1007 041b 02       		.uleb128 0x2
 1008 041c 09       		.byte	0x9
 1009 041d FF       		.byte	0xff
 1010 041e 00       		.byte	0
 1011 041f 08       		.uleb128 0x8
 1012 0420 DC010000 		.4byte	.LVL54
 1013 0424 BF050000 		.4byte	0x5bf
 1014 0428 32040000 		.4byte	0x432
 1015 042c 09       		.uleb128 0x9
 1016 042d 01       		.uleb128 0x1
 1017 042e 50       		.byte	0x50
 1018 042f 01       		.uleb128 0x1
 1019 0430 30       		.byte	0x30
 1020 0431 00       		.byte	0
 1021 0432 08       		.uleb128 0x8
 1022 0433 E2010000 		.4byte	.LVL55
 1023 0437 9E050000 		.4byte	0x59e
 1024 043b 45040000 		.4byte	0x445
 1025 043f 09       		.uleb128 0x9
 1026 0440 01       		.uleb128 0x1
 1027 0441 50       		.byte	0x50
 1028 0442 01       		.uleb128 0x1
 1029 0443 30       		.byte	0x30
 1030 0444 00       		.byte	0
ARM GAS  C:\Users\Susanna\AppData\Local\Temp\ccCQUsgK.s 			page 22


 1031 0445 06       		.uleb128 0x6
 1032 0446 E6010000 		.4byte	.LVL56
 1033 044a E6000000 		.4byte	0xe6
 1034 044e 06       		.uleb128 0x6
 1035 044f F4010000 		.4byte	.LVL57
 1036 0453 0E010000 		.4byte	0x10e
 1037 0457 08       		.uleb128 0x8
 1038 0458 FA010000 		.4byte	.LVL58
 1039 045c A9050000 		.4byte	0x5a9
 1040 0460 6B040000 		.4byte	0x46b
 1041 0464 09       		.uleb128 0x9
 1042 0465 01       		.uleb128 0x1
 1043 0466 50       		.byte	0x50
 1044 0467 02       		.uleb128 0x2
 1045 0468 09       		.byte	0x9
 1046 0469 FF       		.byte	0xff
 1047 046a 00       		.byte	0
 1048 046b 08       		.uleb128 0x8
 1049 046c 00020000 		.4byte	.LVL59
 1050 0470 B4050000 		.4byte	0x5b4
 1051 0474 7F040000 		.4byte	0x47f
 1052 0478 09       		.uleb128 0x9
 1053 0479 01       		.uleb128 0x1
 1054 047a 50       		.byte	0x50
 1055 047b 02       		.uleb128 0x2
 1056 047c 09       		.byte	0x9
 1057 047d FF       		.byte	0xff
 1058 047e 00       		.byte	0
 1059 047f 06       		.uleb128 0x6
 1060 0480 04020000 		.4byte	.LVL60
 1061 0484 E6000000 		.4byte	0xe6
 1062 0488 06       		.uleb128 0x6
 1063 0489 1C020000 		.4byte	.LVL61
 1064 048d 0E010000 		.4byte	0x10e
 1065 0491 08       		.uleb128 0x8
 1066 0492 22020000 		.4byte	.LVL62
 1067 0496 A9050000 		.4byte	0x5a9
 1068 049a A5040000 		.4byte	0x4a5
 1069 049e 09       		.uleb128 0x9
 1070 049f 01       		.uleb128 0x1
 1071 04a0 50       		.byte	0x50
 1072 04a1 02       		.uleb128 0x2
 1073 04a2 08       		.byte	0x8
 1074 04a3 41       		.byte	0x41
 1075 04a4 00       		.byte	0
 1076 04a5 08       		.uleb128 0x8
 1077 04a6 28020000 		.4byte	.LVL63
 1078 04aa B4050000 		.4byte	0x5b4
 1079 04ae B9040000 		.4byte	0x4b9
 1080 04b2 09       		.uleb128 0x9
 1081 04b3 01       		.uleb128 0x1
 1082 04b4 50       		.byte	0x50
 1083 04b5 02       		.uleb128 0x2
 1084 04b6 08       		.byte	0x8
 1085 04b7 20       		.byte	0x20
 1086 04b8 00       		.byte	0
 1087 04b9 06       		.uleb128 0x6
ARM GAS  C:\Users\Susanna\AppData\Local\Temp\ccCQUsgK.s 			page 23


 1088 04ba 2C020000 		.4byte	.LVL64
 1089 04be E6000000 		.4byte	0xe6
 1090 04c2 06       		.uleb128 0x6
 1091 04c3 48020000 		.4byte	.LVL65
 1092 04c7 0E010000 		.4byte	0x10e
 1093 04cb 08       		.uleb128 0x8
 1094 04cc 4E020000 		.4byte	.LVL66
 1095 04d0 A9050000 		.4byte	0x5a9
 1096 04d4 DF040000 		.4byte	0x4df
 1097 04d8 09       		.uleb128 0x9
 1098 04d9 01       		.uleb128 0x1
 1099 04da 50       		.byte	0x50
 1100 04db 02       		.uleb128 0x2
 1101 04dc 08       		.byte	0x8
 1102 04dd 20       		.byte	0x20
 1103 04de 00       		.byte	0
 1104 04df 08       		.uleb128 0x8
 1105 04e0 54020000 		.4byte	.LVL67
 1106 04e4 B4050000 		.4byte	0x5b4
 1107 04e8 F2040000 		.4byte	0x4f2
 1108 04ec 09       		.uleb128 0x9
 1109 04ed 01       		.uleb128 0x1
 1110 04ee 50       		.byte	0x50
 1111 04ef 01       		.uleb128 0x1
 1112 04f0 40       		.byte	0x40
 1113 04f1 00       		.byte	0
 1114 04f2 06       		.uleb128 0x6
 1115 04f3 58020000 		.4byte	.LVL68
 1116 04f7 E6000000 		.4byte	0xe6
 1117 04fb 06       		.uleb128 0x6
 1118 04fc 70020000 		.4byte	.LVL69
 1119 0500 0E010000 		.4byte	0x10e
 1120 0504 08       		.uleb128 0x8
 1121 0505 76020000 		.4byte	.LVL70
 1122 0509 A9050000 		.4byte	0x5a9
 1123 050d 17050000 		.4byte	0x517
 1124 0511 09       		.uleb128 0x9
 1125 0512 01       		.uleb128 0x1
 1126 0513 50       		.byte	0x50
 1127 0514 01       		.uleb128 0x1
 1128 0515 40       		.byte	0x40
 1129 0516 00       		.byte	0
 1130 0517 08       		.uleb128 0x8
 1131 0518 7C020000 		.4byte	.LVL71
 1132 051c B4050000 		.4byte	0x5b4
 1133 0520 2A050000 		.4byte	0x52a
 1134 0524 09       		.uleb128 0x9
 1135 0525 01       		.uleb128 0x1
 1136 0526 50       		.byte	0x50
 1137 0527 01       		.uleb128 0x1
 1138 0528 38       		.byte	0x38
 1139 0529 00       		.byte	0
 1140 052a 06       		.uleb128 0x6
 1141 052b 80020000 		.4byte	.LVL72
 1142 052f E6000000 		.4byte	0xe6
 1143 0533 00       		.byte	0
 1144 0534 0A       		.uleb128 0xa
ARM GAS  C:\Users\Susanna\AppData\Local\Temp\ccCQUsgK.s 			page 24


 1145 0535 B1010000 		.4byte	.LASF28
 1146 0539 04       		.byte	0x4
 1147 053a 1207     		.2byte	0x712
 1148 053c 40050000 		.4byte	0x540
 1149 0540 0B       		.uleb128 0xb
 1150 0541 B8000000 		.4byte	0xb8
 1151 0545 0C       		.uleb128 0xc
 1152 0546 36000000 		.4byte	.LASF29
 1153 054a 01       		.byte	0x1
 1154 054b 16       		.byte	0x16
 1155 054c AD000000 		.4byte	0xad
 1156 0550 05       		.uleb128 0x5
 1157 0551 03       		.byte	0x3
 1158 0552 00000000 		.4byte	step
 1159 0556 0C       		.uleb128 0xc
 1160 0557 42000000 		.4byte	.LASF30
 1161 055b 01       		.byte	0x1
 1162 055c 17       		.byte	0x17
 1163 055d 97000000 		.4byte	0x97
 1164 0561 05       		.uleb128 0x5
 1165 0562 03       		.byte	0x3
 1166 0563 00000000 		.4byte	direction
 1167 0567 0D       		.uleb128 0xd
 1168 0568 36010000 		.4byte	.LASF31
 1169 056c 36010000 		.4byte	.LASF31
 1170 0570 05       		.byte	0x5
 1171 0571 92       		.byte	0x92
 1172 0572 0D       		.uleb128 0xd
 1173 0573 A5020000 		.4byte	.LASF32
 1174 0577 A5020000 		.4byte	.LASF32
 1175 057b 06       		.byte	0x6
 1176 057c 92       		.byte	0x92
 1177 057d 0D       		.uleb128 0xd
 1178 057e 38020000 		.4byte	.LASF33
 1179 0582 38020000 		.4byte	.LASF33
 1180 0586 05       		.byte	0x5
 1181 0587 93       		.byte	0x93
 1182 0588 0D       		.uleb128 0xd
 1183 0589 5F000000 		.4byte	.LASF34
 1184 058d 5F000000 		.4byte	.LASF34
 1185 0591 06       		.byte	0x6
 1186 0592 93       		.byte	0x93
 1187 0593 0D       		.uleb128 0xd
 1188 0594 F3010000 		.4byte	.LASF35
 1189 0598 F3010000 		.4byte	.LASF35
 1190 059c 05       		.byte	0x5
 1191 059d BE       		.byte	0xbe
 1192 059e 0D       		.uleb128 0xd
 1193 059f DE010000 		.4byte	.LASF36
 1194 05a3 DE010000 		.4byte	.LASF36
 1195 05a7 05       		.byte	0x5
 1196 05a8 CA       		.byte	0xca
 1197 05a9 0D       		.uleb128 0xd
 1198 05aa 1A000000 		.4byte	.LASF37
 1199 05ae 1A000000 		.4byte	.LASF37
 1200 05b2 06       		.byte	0x6
 1201 05b3 BE       		.byte	0xbe
ARM GAS  C:\Users\Susanna\AppData\Local\Temp\ccCQUsgK.s 			page 25


 1202 05b4 0D       		.uleb128 0xd
 1203 05b5 7F020000 		.4byte	.LASF38
 1204 05b9 7F020000 		.4byte	.LASF38
 1205 05bd 06       		.byte	0x6
 1206 05be C3       		.byte	0xc3
 1207 05bf 0D       		.uleb128 0xd
 1208 05c0 C9010000 		.4byte	.LASF39
 1209 05c4 C9010000 		.4byte	.LASF39
 1210 05c8 05       		.byte	0x5
 1211 05c9 C7       		.byte	0xc7
 1212 05ca 00       		.byte	0
 1213              		.section	.debug_abbrev,"",%progbits
 1214              	.Ldebug_abbrev0:
 1215 0000 01       		.uleb128 0x1
 1216 0001 11       		.uleb128 0x11
 1217 0002 01       		.byte	0x1
 1218 0003 25       		.uleb128 0x25
 1219 0004 0E       		.uleb128 0xe
 1220 0005 13       		.uleb128 0x13
 1221 0006 0B       		.uleb128 0xb
 1222 0007 03       		.uleb128 0x3
 1223 0008 0E       		.uleb128 0xe
 1224 0009 1B       		.uleb128 0x1b
 1225 000a 0E       		.uleb128 0xe
 1226 000b 55       		.uleb128 0x55
 1227 000c 17       		.uleb128 0x17
 1228 000d 11       		.uleb128 0x11
 1229 000e 01       		.uleb128 0x1
 1230 000f 10       		.uleb128 0x10
 1231 0010 17       		.uleb128 0x17
 1232 0011 00       		.byte	0
 1233 0012 00       		.byte	0
 1234 0013 02       		.uleb128 0x2
 1235 0014 24       		.uleb128 0x24
 1236 0015 00       		.byte	0
 1237 0016 0B       		.uleb128 0xb
 1238 0017 0B       		.uleb128 0xb
 1239 0018 3E       		.uleb128 0x3e
 1240 0019 0B       		.uleb128 0xb
 1241 001a 03       		.uleb128 0x3
 1242 001b 0E       		.uleb128 0xe
 1243 001c 00       		.byte	0
 1244 001d 00       		.byte	0
 1245 001e 03       		.uleb128 0x3
 1246 001f 16       		.uleb128 0x16
 1247 0020 00       		.byte	0
 1248 0021 03       		.uleb128 0x3
 1249 0022 0E       		.uleb128 0xe
 1250 0023 3A       		.uleb128 0x3a
 1251 0024 0B       		.uleb128 0xb
 1252 0025 3B       		.uleb128 0x3b
 1253 0026 0B       		.uleb128 0xb
 1254 0027 49       		.uleb128 0x49
 1255 0028 13       		.uleb128 0x13
 1256 0029 00       		.byte	0
 1257 002a 00       		.byte	0
 1258 002b 04       		.uleb128 0x4
ARM GAS  C:\Users\Susanna\AppData\Local\Temp\ccCQUsgK.s 			page 26


 1259 002c 24       		.uleb128 0x24
 1260 002d 00       		.byte	0
 1261 002e 0B       		.uleb128 0xb
 1262 002f 0B       		.uleb128 0xb
 1263 0030 3E       		.uleb128 0x3e
 1264 0031 0B       		.uleb128 0xb
 1265 0032 03       		.uleb128 0x3
 1266 0033 08       		.uleb128 0x8
 1267 0034 00       		.byte	0
 1268 0035 00       		.byte	0
 1269 0036 05       		.uleb128 0x5
 1270 0037 2E       		.uleb128 0x2e
 1271 0038 01       		.byte	0x1
 1272 0039 3F       		.uleb128 0x3f
 1273 003a 19       		.uleb128 0x19
 1274 003b 03       		.uleb128 0x3
 1275 003c 0E       		.uleb128 0xe
 1276 003d 3A       		.uleb128 0x3a
 1277 003e 0B       		.uleb128 0xb
 1278 003f 3B       		.uleb128 0x3b
 1279 0040 0B       		.uleb128 0xb
 1280 0041 27       		.uleb128 0x27
 1281 0042 19       		.uleb128 0x19
 1282 0043 11       		.uleb128 0x11
 1283 0044 01       		.uleb128 0x1
 1284 0045 12       		.uleb128 0x12
 1285 0046 06       		.uleb128 0x6
 1286 0047 40       		.uleb128 0x40
 1287 0048 18       		.uleb128 0x18
 1288 0049 9742     		.uleb128 0x2117
 1289 004b 19       		.uleb128 0x19
 1290 004c 01       		.uleb128 0x1
 1291 004d 13       		.uleb128 0x13
 1292 004e 00       		.byte	0
 1293 004f 00       		.byte	0
 1294 0050 06       		.uleb128 0x6
 1295 0051 898201   		.uleb128 0x4109
 1296 0054 00       		.byte	0
 1297 0055 11       		.uleb128 0x11
 1298 0056 01       		.uleb128 0x1
 1299 0057 31       		.uleb128 0x31
 1300 0058 13       		.uleb128 0x13
 1301 0059 00       		.byte	0
 1302 005a 00       		.byte	0
 1303 005b 07       		.uleb128 0x7
 1304 005c 05       		.uleb128 0x5
 1305 005d 00       		.byte	0
 1306 005e 03       		.uleb128 0x3
 1307 005f 0E       		.uleb128 0xe
 1308 0060 3A       		.uleb128 0x3a
 1309 0061 0B       		.uleb128 0xb
 1310 0062 3B       		.uleb128 0x3b
 1311 0063 0B       		.uleb128 0xb
 1312 0064 49       		.uleb128 0x49
 1313 0065 13       		.uleb128 0x13
 1314 0066 02       		.uleb128 0x2
 1315 0067 17       		.uleb128 0x17
ARM GAS  C:\Users\Susanna\AppData\Local\Temp\ccCQUsgK.s 			page 27


 1316 0068 00       		.byte	0
 1317 0069 00       		.byte	0
 1318 006a 08       		.uleb128 0x8
 1319 006b 898201   		.uleb128 0x4109
 1320 006e 01       		.byte	0x1
 1321 006f 11       		.uleb128 0x11
 1322 0070 01       		.uleb128 0x1
 1323 0071 31       		.uleb128 0x31
 1324 0072 13       		.uleb128 0x13
 1325 0073 01       		.uleb128 0x1
 1326 0074 13       		.uleb128 0x13
 1327 0075 00       		.byte	0
 1328 0076 00       		.byte	0
 1329 0077 09       		.uleb128 0x9
 1330 0078 8A8201   		.uleb128 0x410a
 1331 007b 00       		.byte	0
 1332 007c 02       		.uleb128 0x2
 1333 007d 18       		.uleb128 0x18
 1334 007e 9142     		.uleb128 0x2111
 1335 0080 18       		.uleb128 0x18
 1336 0081 00       		.byte	0
 1337 0082 00       		.byte	0
 1338 0083 0A       		.uleb128 0xa
 1339 0084 34       		.uleb128 0x34
 1340 0085 00       		.byte	0
 1341 0086 03       		.uleb128 0x3
 1342 0087 0E       		.uleb128 0xe
 1343 0088 3A       		.uleb128 0x3a
 1344 0089 0B       		.uleb128 0xb
 1345 008a 3B       		.uleb128 0x3b
 1346 008b 05       		.uleb128 0x5
 1347 008c 49       		.uleb128 0x49
 1348 008d 13       		.uleb128 0x13
 1349 008e 3F       		.uleb128 0x3f
 1350 008f 19       		.uleb128 0x19
 1351 0090 3C       		.uleb128 0x3c
 1352 0091 19       		.uleb128 0x19
 1353 0092 00       		.byte	0
 1354 0093 00       		.byte	0
 1355 0094 0B       		.uleb128 0xb
 1356 0095 35       		.uleb128 0x35
 1357 0096 00       		.byte	0
 1358 0097 49       		.uleb128 0x49
 1359 0098 13       		.uleb128 0x13
 1360 0099 00       		.byte	0
 1361 009a 00       		.byte	0
 1362 009b 0C       		.uleb128 0xc
 1363 009c 34       		.uleb128 0x34
 1364 009d 00       		.byte	0
 1365 009e 03       		.uleb128 0x3
 1366 009f 0E       		.uleb128 0xe
 1367 00a0 3A       		.uleb128 0x3a
 1368 00a1 0B       		.uleb128 0xb
 1369 00a2 3B       		.uleb128 0x3b
 1370 00a3 0B       		.uleb128 0xb
 1371 00a4 49       		.uleb128 0x49
 1372 00a5 13       		.uleb128 0x13
ARM GAS  C:\Users\Susanna\AppData\Local\Temp\ccCQUsgK.s 			page 28


 1373 00a6 3F       		.uleb128 0x3f
 1374 00a7 19       		.uleb128 0x19
 1375 00a8 02       		.uleb128 0x2
 1376 00a9 18       		.uleb128 0x18
 1377 00aa 00       		.byte	0
 1378 00ab 00       		.byte	0
 1379 00ac 0D       		.uleb128 0xd
 1380 00ad 2E       		.uleb128 0x2e
 1381 00ae 00       		.byte	0
 1382 00af 3F       		.uleb128 0x3f
 1383 00b0 19       		.uleb128 0x19
 1384 00b1 3C       		.uleb128 0x3c
 1385 00b2 19       		.uleb128 0x19
 1386 00b3 6E       		.uleb128 0x6e
 1387 00b4 0E       		.uleb128 0xe
 1388 00b5 03       		.uleb128 0x3
 1389 00b6 0E       		.uleb128 0xe
 1390 00b7 3A       		.uleb128 0x3a
 1391 00b8 0B       		.uleb128 0xb
 1392 00b9 3B       		.uleb128 0x3b
 1393 00ba 0B       		.uleb128 0xb
 1394 00bb 00       		.byte	0
 1395 00bc 00       		.byte	0
 1396 00bd 00       		.byte	0
 1397              		.section	.debug_loc,"",%progbits
 1398              	.Ldebug_loc0:
 1399              	.LLST0:
 1400 0000 00000000 		.4byte	.LVL4
 1401 0004 59000000 		.4byte	.LVL6-1
 1402 0008 0100     		.2byte	0x1
 1403 000a 50       		.byte	0x50
 1404 000b 59000000 		.4byte	.LVL6-1
 1405 000f 10010000 		.4byte	.LVL28
 1406 0013 0400     		.2byte	0x4
 1407 0015 F3       		.byte	0xf3
 1408 0016 01       		.uleb128 0x1
 1409 0017 50       		.byte	0x50
 1410 0018 9F       		.byte	0x9f
 1411 0019 10010000 		.4byte	.LVL28
 1412 001d 13010000 		.4byte	.LVL29-1
 1413 0021 0100     		.2byte	0x1
 1414 0023 50       		.byte	0x50
 1415 0024 13010000 		.4byte	.LVL29-1
 1416 0028 CC010000 		.4byte	.LVL51
 1417 002c 0400     		.2byte	0x4
 1418 002e F3       		.byte	0xf3
 1419 002f 01       		.uleb128 0x1
 1420 0030 50       		.byte	0x50
 1421 0031 9F       		.byte	0x9f
 1422 0032 CC010000 		.4byte	.LVL51
 1423 0036 CF010000 		.4byte	.LVL52-1
 1424 003a 0100     		.2byte	0x1
 1425 003c 50       		.byte	0x50
 1426 003d CF010000 		.4byte	.LVL52-1
 1427 0041 8C020000 		.4byte	.LFE65
 1428 0045 0400     		.2byte	0x4
 1429 0047 F3       		.byte	0xf3
ARM GAS  C:\Users\Susanna\AppData\Local\Temp\ccCQUsgK.s 			page 29


 1430 0048 01       		.uleb128 0x1
 1431 0049 50       		.byte	0x50
 1432 004a 9F       		.byte	0x9f
 1433 004b 00000000 		.4byte	0
 1434 004f 00000000 		.4byte	0
 1435              	.LLST1:
 1436 0053 00000000 		.4byte	.LVL4
 1437 0057 59000000 		.4byte	.LVL6-1
 1438 005b 0100     		.2byte	0x1
 1439 005d 51       		.byte	0x51
 1440 005e 59000000 		.4byte	.LVL6-1
 1441 0062 10010000 		.4byte	.LVL28
 1442 0066 0400     		.2byte	0x4
 1443 0068 F3       		.byte	0xf3
 1444 0069 01       		.uleb128 0x1
 1445 006a 51       		.byte	0x51
 1446 006b 9F       		.byte	0x9f
 1447 006c 10010000 		.4byte	.LVL28
 1448 0070 13010000 		.4byte	.LVL29-1
 1449 0074 0100     		.2byte	0x1
 1450 0076 51       		.byte	0x51
 1451 0077 13010000 		.4byte	.LVL29-1
 1452 007b CC010000 		.4byte	.LVL51
 1453 007f 0400     		.2byte	0x4
 1454 0081 F3       		.byte	0xf3
 1455 0082 01       		.uleb128 0x1
 1456 0083 51       		.byte	0x51
 1457 0084 9F       		.byte	0x9f
 1458 0085 CC010000 		.4byte	.LVL51
 1459 0089 CF010000 		.4byte	.LVL52-1
 1460 008d 0100     		.2byte	0x1
 1461 008f 51       		.byte	0x51
 1462 0090 CF010000 		.4byte	.LVL52-1
 1463 0094 8C020000 		.4byte	.LFE65
 1464 0098 0400     		.2byte	0x4
 1465 009a F3       		.byte	0xf3
 1466 009b 01       		.uleb128 0x1
 1467 009c 51       		.byte	0x51
 1468 009d 9F       		.byte	0x9f
 1469 009e 00000000 		.4byte	0
 1470 00a2 00000000 		.4byte	0
 1471              	.LLST2:
 1472 00a6 00000000 		.4byte	.LVL4
 1473 00aa 0C000000 		.4byte	.LVL5
 1474 00ae 0100     		.2byte	0x1
 1475 00b0 52       		.byte	0x52
 1476 00b1 0C000000 		.4byte	.LVL5
 1477 00b5 8C020000 		.4byte	.LFE65
 1478 00b9 0400     		.2byte	0x4
 1479 00bb F3       		.byte	0xf3
 1480 00bc 01       		.uleb128 0x1
 1481 00bd 52       		.byte	0x52
 1482 00be 9F       		.byte	0x9f
 1483 00bf 00000000 		.4byte	0
 1484 00c3 00000000 		.4byte	0
 1485              		.section	.debug_aranges,"",%progbits
 1486 0000 2C000000 		.4byte	0x2c
ARM GAS  C:\Users\Susanna\AppData\Local\Temp\ccCQUsgK.s 			page 30


 1487 0004 0200     		.2byte	0x2
 1488 0006 00000000 		.4byte	.Ldebug_info0
 1489 000a 04       		.byte	0x4
 1490 000b 00       		.byte	0
 1491 000c 0000     		.2byte	0
 1492 000e 0000     		.2byte	0
 1493 0010 00000000 		.4byte	.LFB63
 1494 0014 0C000000 		.4byte	.LFE63-.LFB63
 1495 0018 00000000 		.4byte	.LFB64
 1496 001c 0C000000 		.4byte	.LFE64-.LFB64
 1497 0020 00000000 		.4byte	.LFB65
 1498 0024 8C020000 		.4byte	.LFE65-.LFB65
 1499 0028 00000000 		.4byte	0
 1500 002c 00000000 		.4byte	0
 1501              		.section	.debug_ranges,"",%progbits
 1502              	.Ldebug_ranges0:
 1503 0000 00000000 		.4byte	.LFB63
 1504 0004 0C000000 		.4byte	.LFE63
 1505 0008 00000000 		.4byte	.LFB64
 1506 000c 0C000000 		.4byte	.LFE64
 1507 0010 00000000 		.4byte	.LFB65
 1508 0014 8C020000 		.4byte	.LFE65
 1509 0018 00000000 		.4byte	0
 1510 001c 00000000 		.4byte	0
 1511              		.section	.debug_line,"",%progbits
 1512              	.Ldebug_line0:
 1513 0000 29020000 		.section	.debug_str,"MS",%progbits,1
 1513      02005E01 
 1513      00000201 
 1513      FB0E0D00 
 1513      01010101 
 1514              	.LASF2:
 1515 0000 5F5F7569 		.ascii	"__uint8_t\000"
 1515      6E74385F 
 1515      7400
 1516              	.LASF27:
 1517 000a 5A5F4F75 		.ascii	"Z_Out\000"
 1517      7400
 1518              	.LASF3:
 1519 0010 5F5F696E 		.ascii	"__int16_t\000"
 1519      7431365F 
 1519      7400
 1520              	.LASF37:
 1521 001a 50574D5F 		.ascii	"PWM_B_WritePeriod\000"
 1521      425F5772 
 1521      69746550 
 1521      6572696F 
 1521      6400
 1522              	.LASF7:
 1523 002c 5F5F696E 		.ascii	"__int32_t\000"
 1523      7433325F 
 1523      7400
 1524              	.LASF29:
 1525 0036 73746570 		.ascii	"step\000"
 1525      00
 1526              	.LASF18:
 1527 003b 646F7562 		.ascii	"double\000"
ARM GAS  C:\Users\Susanna\AppData\Local\Temp\ccCQUsgK.s 			page 31


 1527      6C6500
 1528              	.LASF30:
 1529 0042 64697265 		.ascii	"direction\000"
 1529      6374696F 
 1529      6E00
 1530              	.LASF26:
 1531 004c 595F4F75 		.ascii	"Y_Out\000"
 1531      7400
 1532              	.LASF22:
 1533 0052 5247424C 		.ascii	"RGBLed_Start\000"
 1533      65645F53 
 1533      74617274 
 1533      00
 1534              	.LASF34:
 1535 005f 50574D5F 		.ascii	"PWM_B_Stop\000"
 1535      425F5374 
 1535      6F7000
 1536              	.LASF17:
 1537 006a 666C6F61 		.ascii	"float\000"
 1537      7400
 1538              	.LASF0:
 1539 0070 7369676E 		.ascii	"signed char\000"
 1539      65642063 
 1539      68617200 
 1540              	.LASF1:
 1541 007c 756E7369 		.ascii	"unsigned char\000"
 1541      676E6564 
 1541      20636861 
 1541      7200
 1542              	.LASF40:
 1543 008a 474E5520 		.ascii	"GNU C11 5.4.1 20160609 (release) [ARM/embedded-5-br"
 1543      43313120 
 1543      352E342E 
 1543      31203230 
 1543      31363036 
 1544 00bd 616E6368 		.ascii	"anch revision 237715] -mcpu=cortex-m3 -mthumb -g -O"
 1544      20726576 
 1544      6973696F 
 1544      6E203233 
 1544      37373135 
 1545 00f0 67202D66 		.ascii	"g -ffunction-sections -ffat-lto-objects\000"
 1545      66756E63 
 1545      74696F6E 
 1545      2D736563 
 1545      74696F6E 
 1546              	.LASF23:
 1547 0118 5247424C 		.ascii	"RGBLed_Stop\000"
 1547      65645F53 
 1547      746F7000 
 1548              	.LASF9:
 1549 0124 6C6F6E67 		.ascii	"long unsigned int\000"
 1549      20756E73 
 1549      69676E65 
 1549      6420696E 
 1549      7400
 1550              	.LASF31:
 1551 0136 50574D5F 		.ascii	"PWM_RG_Start\000"
ARM GAS  C:\Users\Susanna\AppData\Local\Temp\ccCQUsgK.s 			page 32


 1551      52475F53 
 1551      74617274 
 1551      00
 1552              	.LASF6:
 1553 0143 73686F72 		.ascii	"short unsigned int\000"
 1553      7420756E 
 1553      7369676E 
 1553      65642069 
 1553      6E7400
 1554              	.LASF42:
 1555 0156 433A5C55 		.ascii	"C:\\Users\\Susanna\\Desktop\\Final_Project_DiGiacom"
 1555      73657273 
 1555      5C537573 
 1555      616E6E61 
 1555      5C446573 
 1556 0185 6F5F5061 		.ascii	"o_Palmieri\\Final_Project2.cydsn\\Final.cydsn\000"
 1556      6C6D6965 
 1556      72695C46 
 1556      696E616C 
 1556      5F50726F 
 1557              	.LASF28:
 1558 01b1 49544D5F 		.ascii	"ITM_RxBuffer\000"
 1558      52784275 
 1558      66666572 
 1558      00
 1559              	.LASF5:
 1560 01be 5F5F7569 		.ascii	"__uint16_t\000"
 1560      6E743136 
 1560      5F7400
 1561              	.LASF39:
 1562 01c9 50574D5F 		.ascii	"PWM_RG_WriteCompare1\000"
 1562      52475F57 
 1562      72697465 
 1562      436F6D70 
 1562      61726531 
 1563              	.LASF36:
 1564 01de 50574D5F 		.ascii	"PWM_RG_WriteCompare2\000"
 1564      52475F57 
 1564      72697465 
 1564      436F6D70 
 1564      61726532 
 1565              	.LASF35:
 1566 01f3 50574D5F 		.ascii	"PWM_RG_WritePeriod\000"
 1566      52475F57 
 1566      72697465 
 1566      50657269 
 1566      6F6400
 1567              	.LASF25:
 1568 0206 585F4F75 		.ascii	"X_Out\000"
 1568      7400
 1569              	.LASF12:
 1570 020c 756E7369 		.ascii	"unsigned int\000"
 1570      676E6564 
 1570      20696E74 
 1570      00
 1571              	.LASF11:
 1572 0219 6C6F6E67 		.ascii	"long long unsigned int\000"
ARM GAS  C:\Users\Susanna\AppData\Local\Temp\ccCQUsgK.s 			page 33


 1572      206C6F6E 
 1572      6720756E 
 1572      7369676E 
 1572      65642069 
 1573              	.LASF13:
 1574 0230 75696E74 		.ascii	"uint8_t\000"
 1574      385F7400 
 1575              	.LASF33:
 1576 0238 50574D5F 		.ascii	"PWM_RG_Stop\000"
 1576      52475F53 
 1576      746F7000 
 1577              	.LASF14:
 1578 0244 696E7431 		.ascii	"int16_t\000"
 1578      365F7400 
 1579              	.LASF41:
 1580 024c 5247424C 		.ascii	"RGBLedDriver.c\000"
 1580      65644472 
 1580      69766572 
 1580      2E6300
 1581              	.LASF16:
 1582 025b 696E7433 		.ascii	"int32_t\000"
 1582      325F7400 
 1583              	.LASF21:
 1584 0263 73697A65 		.ascii	"sizetype\000"
 1584      74797065 
 1584      00
 1585              	.LASF10:
 1586 026c 6C6F6E67 		.ascii	"long long int\000"
 1586      206C6F6E 
 1586      6720696E 
 1586      7400
 1587              	.LASF19:
 1588 027a 63686172 		.ascii	"char\000"
 1588      00
 1589              	.LASF38:
 1590 027f 50574D5F 		.ascii	"PWM_B_WriteCompare\000"
 1590      425F5772 
 1590      69746543 
 1590      6F6D7061 
 1590      726500
 1591              	.LASF4:
 1592 0292 73686F72 		.ascii	"short int\000"
 1592      7420696E 
 1592      7400
 1593              	.LASF15:
 1594 029c 75696E74 		.ascii	"uint16_t\000"
 1594      31365F74 
 1594      00
 1595              	.LASF32:
 1596 02a5 50574D5F 		.ascii	"PWM_B_Start\000"
 1596      425F5374 
 1596      61727400 
 1597              	.LASF8:
 1598 02b1 6C6F6E67 		.ascii	"long int\000"
 1598      20696E74 
 1598      00
 1599              	.LASF20:
ARM GAS  C:\Users\Susanna\AppData\Local\Temp\ccCQUsgK.s 			page 34


 1600 02ba 6C6F6E67 		.ascii	"long double\000"
 1600      20646F75 
 1600      626C6500 
 1601              	.LASF24:
 1602 02c6 7365745F 		.ascii	"set_PWM\000"
 1602      50574D00 
 1603              		.ident	"GCC: (GNU Tools for ARM Embedded Processors) 5.4.1 20160609 (release) [ARM/embedded-5-bran
